PRT1
65
167
4 0 7 (0 448 -510 ) (0 448 514 ) (0 510 514 ) (0 510 -510 ) 
4 0 2 (0 448 514 ) (0 448 224 ) (128 448 224 ) (128 448 514 ) 
4 0 1 (128 448 -510 ) (512 448 -510 ) (512 448 514 ) (128 448 514 ) 
4 1 4 (512 128 514 ) (128 128 514 ) (128 128 -510 ) (512 128 -510 ) 
4 1 2 (128 448 514 ) (128 448 224 ) (128 128 224 ) (128 128 514 ) 
4 2 8 (0 128 224 ) (0 128 514 ) (0 448 514 ) (0 448 224 ) 
4 2 5 (64 128 514 ) (0 128 514 ) (0 128 224 ) (64 128 224 ) 
4 2 4 (128 128 224 ) (128 128 514 ) (64 128 514 ) (64 128 224 ) 
4 2 3 (112 432 224 ) (112 144 224 ) (0 144 224 ) (0 432 224 ) 
4 3 9 (0 144 224 ) (0 432 224 ) (0 432 192 ) (0 144 192 ) 
4 4 47 (512 0 514 ) (64 0 514 ) (64 0 -510 ) (512 0 -510 ) 
4 4 5 (64 0 160 ) (64 0 514 ) (64 128 514 ) (64 128 160 ) 
4 4 6 (64 128 -510 ) (64 0 -510 ) (64 0 0 ) (64 128 0 ) 
4 5 48 (64 0 514 ) (0 0 514 ) (0 0 160 ) (64 0 160 ) 
4 5 10 (0 0 160 ) (0 0 514 ) (0 128 514 ) (0 128 160 ) 
4 6 49 (0 0 0 ) (0 0 -510 ) (64 0 -510 ) (64 0 0 ) 
4 6 12 (0 0 -510 ) (0 0 0 ) (0 128 0 ) (0 128 -510 ) 
4 7 43 (-192 510 -510 ) (-192 448 -510 ) (-192 448 64 ) (-192 510 64 ) 
4 7 15 (-192 448 64 ) (-192 448 144 ) (-192 510 144 ) (-192 510 64 ) 
4 7 13 (-192 448 144 ) (-192 448 514 ) (-192 510 514 ) (-192 510 144 ) 
4 7 8 (-192 448 514 ) (-192 448 224 ) (0 448 224 ) (0 448 514 ) 
4 8 40 (-192 128 224 ) (-192 128 514 ) (-192 144 514 ) (-192 144 224 ) 
4 8 13 (-192 144 514 ) (-192 448 514 ) (-192 448 224 ) (-192 144 224 ) 
4 8 10 (-64 128 224 ) (0 128 224 ) (0 128 514 ) (-64 128 514 ) 
4 8 11 (-192 128 514 ) (-192 128 224 ) (-64 128 224 ) (-64 128 514 ) 
4 8 9 (-176 144 224 ) (-176 432 224 ) (0 432 224 ) (0 144 224 ) 
4 10 56 (0 0 160 ) (0 0 514 ) (-64 0 514 ) (-64 0 160 ) 
4 10 11 (-64 0 160 ) (-64 0 514 ) (-64 128 514 ) (-64 128 160 ) 
4 11 58 (-64 0 514 ) (-192 0 514 ) (-192 0 0 ) (-64 0 0 ) 
4 11 44 (-192 0 0 ) (-192 0 64 ) (-192 128 64 ) (-192 128 0 ) 
4 11 41 (-192 0 64 ) (-192 0 514 ) (-192 128 514 ) (-192 128 64 ) 
4 11 12 (-64 0 0 ) (-192 0 0 ) (-192 128 0 ) (-64 128 0 ) 
4 12 57 (0 0 -510 ) (0 0 0 ) (-64 0 0 ) (-64 0 -510 ) 
4 12 58 (-64 0 0 ) (-192 0 0 ) (-192 0 -510 ) (-64 0 -510 ) 
4 12 44 (-192 0 -510 ) (-192 0 0 ) (-192 128 0 ) (-192 128 -510 ) 
4 13 40 (-192 144 224 ) (-192 144 514 ) (-288 144 514 ) (-288 144 224 ) 
4 13 31 (-288 218 514 ) (-288 222 514 ) (-288 222 172 ) (-288 218 174.666656 ) 
4 13 30 (-288 222 514 ) (-288 256 514 ) (-288 256 149.333328 ) (-288 222 172 ) 
4 13 32 (-288 144 224 ) (-288 144 514 ) (-288 218 514 ) (-288 218 174.666656 ) 
5 13 28 (-288 256 514 ) (-288 272 514 ) (-288 272 144 ) (-288 264 144 ) (-288 256 149.333328 ) 
4 13 26 (-288 272 514 ) (-288 432 514 ) (-288 432 144 ) (-288 272 144 ) 
4 13 25 (-288 432 514 ) (-288 448 514 ) (-288 448 144 ) (-288 432 144 ) 
4 13 24 (-288 448 514 ) (-288 510 514 ) (-288 510 144 ) (-288 448 144 ) 
4 13 22 (-288 264 144 ) (-288 288 144 ) (-192 288 144 ) (-192 264 144 ) 
4 13 19 (-272 400 144 ) (-240 400 144 ) (-240 368 144 ) (-272 368 144 ) 
4 13 20 (-240 368 144 ) (-240 288 144 ) (-272 288 144 ) (-272 368 144 ) 
4 13 18 (-240 400 144 ) (-192 400 144 ) (-192 288 144 ) (-240 288 144 ) 
4 13 21 (-288 288 144 ) (-288 400 144 ) (-272 400 144 ) (-272 288 144 ) 
4 13 16 (-288 432 144 ) (-288 448 144 ) (-192 448 144 ) (-192 432 144 ) 
4 13 15 (-288 448 144 ) (-288 510 144 ) (-192 510 144 ) (-192 448 144 ) 
4 13 17 (-288 400 144 ) (-288 432 144 ) (-192 432 144 ) (-192 400 144 ) 
4 13 14 (-192 144 224 ) (-288 144 224 ) (-288 192 192 ) (-192 192 192 ) 
4 14 40 (-192 144 192 ) (-192 144 224 ) (-288 144 224 ) (-288 144 192 ) 
3 14 32 (-288 144 192 ) (-288 144 224 ) (-288 192 192 ) 
4 15 43 (-192 510 64 ) (-192 448 64 ) (-288 448 64 ) (-288 510 64 ) 
4 15 24 (-288 510 64 ) (-288 448 64 ) (-288 448 144 ) (-288 510 144 ) 
4 15 16 (-192 448 144 ) (-288 448 144 ) (-288 448 96 ) (-192 448 96 ) 
4 16 25 (-288 432 96 ) (-288 432 144 ) (-288 448 144 ) (-288 448 96 ) 
4 16 17 (-192 432 144 ) (-288 432 144 ) (-288 432 96 ) (-192 432 96 ) 
4 17 26 (-288 432 64 ) (-288 400 64 ) (-288 400 144 ) (-288 432 144 ) 
4 17 19 (-240 400 144 ) (-272 400 144 ) (-272 400 128 ) (-240 400 128 ) 
4 17 18 (-192 400 144 ) (-240 400 144 ) (-240 400 64 ) (-192 400 64 ) 
4 17 21 (-272 400 144 ) (-288 400 144 ) (-288 400 64 ) (-272 400 64 ) 
4 18 22 (-192 288 144 ) (-240 288 144 ) (-240 288 128 ) (-192 288 128 ) 
4 18 19 (-240 400 144 ) (-240 400 128 ) (-240 368 128 ) (-240 368 144 ) 
4 18 20 (-240 368 64 ) (-240 288 64 ) (-240 288 144 ) (-240 368 144 ) 
4 19 20 (-272 368 144 ) (-272 368 128 ) (-240 368 128 ) (-240 368 144 ) 
4 19 21 (-272 400 144 ) (-272 400 128 ) (-272 368 128 ) (-272 368 144 ) 
4 20 22 (-240 288 144 ) (-272 288 144 ) (-272 288 128 ) (-240 288 128 ) 
4 20 21 (-272 368 64 ) (-272 288 64 ) (-272 288 144 ) (-272 368 144 ) 
4 21 26 (-288 400 64 ) (-288 288 64 ) (-288 288 144 ) (-288 400 144 ) 
4 21 22 (-272 288 144 ) (-288 288 144 ) (-288 288 128 ) (-272 288 128 ) 
3 22 28 (-288 264 144 ) (-288 272 144 ) (-288 272 138.666672 ) 
4 22 26 (-288 272 144 ) (-288 288 144 ) (-288 288 128 ) (-288 272 138.666672 ) 
4 23 35 (-288 208 64 ) (-288 160 64 ) (-288 160 78 ) (-288 208 78 ) 
4 23 32 (-288 160 78 ) (-288 160 144 ) (-288 208 144 ) (-288 208 78 ) 
4 24 43 (-288 510 64 ) (-288 448 64 ) (-448 448 64 ) (-448 510 64 ) 
4 24 39 (-448 510 64 ) (-448 448 64 ) (-448 448 514 ) (-448 510 514 ) 
4 24 25 (-448 448 514 ) (-448 448 96 ) (-288 448 96 ) (-288 448 514 ) 
4 25 39 (-448 432 96 ) (-448 432 514 ) (-448 448 514 ) (-448 448 96 ) 
4 25 27 (-448 432 514 ) (-448 432 96 ) (-432 432 96 ) (-432 432 514 ) 
4 25 26 (-432 432 96 ) (-288 432 96 ) (-288 432 514 ) (-432 432 514 ) 
4 26 29 (-368 272 96 ) (-368 272 514 ) (-432 272 514 ) (-432 272 96 ) 
4 26 28 (-368 272 64 ) (-288 272 64 ) (-288 272 514 ) (-368 272 514 ) 
4 26 27 (-432 432 514 ) (-432 432 96 ) (-432 272 96 ) (-432 272 514 ) 
4 27 39 (-448 272 96 ) (-448 272 514 ) (-448 432 514 ) (-448 432 96 ) 
4 27 29 (-448 272 514 ) (-448 272 96 ) (-432 272 96 ) (-432 272 514 ) 
4 28 34 (-292 256 64 ) (-288 256 64 ) (-288 256 78 ) (-292 256 78 ) 
4 28 36 (-368 256 64 ) (-292 256 64 ) (-292 256 78 ) (-368 256 78 ) 
4 28 30 (-288 256 78 ) (-288 256 514 ) (-290 256 514 ) (-290 256 78 ) 
4 28 33 (-290 256 514 ) (-368 256 514 ) (-368 256 78 ) (-290 256 78 ) 
4 28 29 (-368 272 514 ) (-368 272 96 ) (-368 256 96 ) (-368 256 514 ) 
4 29 39 (-448 256 96 ) (-448 256 514 ) (-448 272 514 ) (-448 272 96 ) 
4 29 37 (-384 256 96 ) (-368 256 96 ) (-368 256 514 ) (-384 256 514 ) 
4 29 38 (-448 256 514 ) (-448 256 96 ) (-384 256 96 ) (-384 256 514 ) 
4 30 34 (-290 256 78 ) (-288 256 78 ) (-288 224 78 ) (-290 224 78 ) 
4 30 31 (-290 222 514 ) (-290 222 108 ) (-288 222 108 ) (-288 222 514 ) 
4 30 33 (-290 256 514 ) (-290 256 78 ) (-290 222 78 ) (-290 222 514 ) 
4 31 33 (-290 218 108 ) (-290 218 514 ) (-290 222 514 ) (-290 222 108 ) 
4 31 32 (-290 218 514 ) (-290 218 108 ) (-288 218 108 ) (-288 218 514 ) 
4 32 40 (-288 144 96 ) (-288 144 514 ) (-290 144 514 ) (-290 144 96 ) 
4 32 35 (-288 216 78 ) (-288 144 78 ) (-290 144 78 ) (-290 216 78 ) 
4 32 33 (-290 218 78 ) (-290 144 78 ) (-290 144 514 ) (-290 218 514 ) 
4 33 40 (-290 144 514 ) (-368 144 514 ) (-368 144 96 ) (-290 144 96 ) 
4 33 37 (-368 256 514 ) (-368 256 96 ) (-368 144 96 ) (-368 144 514 ) 
4 33 34 (-292 256 78 ) (-290 256 78 ) (-290 224 78 ) (-292 224 78 ) 
4 33 35 (-290 216 78 ) (-290 144 78 ) (-292 144 78 ) (-292 216 78 ) 
4 33 36 (-368 144 78 ) (-368 256 78 ) (-292 256 78 ) (-292 144 78 ) 
4 34 36 (-292 224 78 ) (-292 256 78 ) (-292 256 64 ) (-292 224 64 ) 
4 35 36 (-292 144 64 ) (-292 144 78 ) (-292 216 78 ) (-292 216 64 ) 
4 37 40 (-368 144 96 ) (-368 144 514 ) (-384 144 514 ) (-384 144 96 ) 
4 37 38 (-384 256 514 ) (-384 256 96 ) (-384 144 96 ) (-384 144 514 ) 
4 38 45 (-384 144 64 ) (-448 144 64 ) (-448 256 64 ) (-384 256 64 ) 
4 38 42 (-448 144 64 ) (-384 144 64 ) (-384 144 514 ) (-448 144 514 ) 
4 38 39 (-448 256 64 ) (-448 144 64 ) (-448 144 514 ) (-448 256 514 ) 
4 39 46 (-448 448 64 ) (-448 144 64 ) (-512 144 64 ) (-512 448 64 ) 
4 39 43 (-448 510 64 ) (-448 448 64 ) (-512 448 64 ) (-512 510 64 ) 
4 39 42 (-512 144 64 ) (-448 144 64 ) (-448 144 514 ) (-512 144 514 ) 
4 40 42 (-384 128 514 ) (-384 144 514 ) (-384 144 96 ) (-384 128 96 ) 
4 40 41 (-384 128 514 ) (-384 128 96 ) (-192 128 96 ) (-192 128 514 ) 
4 41 58 (-192 0 64 ) (-192 0 514 ) (-384 0 514 ) (-384 0 64 ) 
4 41 44 (-192 128 64 ) (-192 0 64 ) (-384 0 64 ) (-384 128 64 ) 
4 41 42 (-384 0 514 ) (-384 128 514 ) (-384 128 64 ) (-384 0 64 ) 
4 42 58 (-384 0 514 ) (-512 0 514 ) (-512 0 64 ) (-384 0 64 ) 
4 42 46 (-512 144 64 ) (-448 144 64 ) (-448 0 64 ) (-512 0 64 ) 
4 42 45 (-448 144 64 ) (-384 144 64 ) (-384 0 64 ) (-448 0 64 ) 
4 43 46 (-512 448 -510 ) (-448 448 -510 ) (-448 448 64 ) (-512 448 64 ) 
4 44 58 (-192 0 -510 ) (-192 0 64 ) (-384 0 64 ) (-384 0 -510 ) 
4 44 45 (-384 128 -510 ) (-384 0 -510 ) (-384 0 64 ) (-384 128 64 ) 
4 45 58 (-384 0 64 ) (-448 0 64 ) (-448 0 -510 ) (-384 0 -510 ) 
4 45 46 (-448 256 -510 ) (-448 0 -510 ) (-448 0 64 ) (-448 256 64 ) 
4 46 58 (-448 0 64 ) (-512 0 64 ) (-512 0 -510 ) (-448 0 -510 ) 
4 47 54 (128 -128 -510 ) (512 -128 -510 ) (512 -128 192 ) (128 -128 192 ) 
4 47 52 (112 -128 514 ) (64 -128 514 ) (64 -128 224 ) (112 -128 224 ) 
4 47 51 (128 -128 514 ) (112 -128 514 ) (112 -128 224 ) (128 -128 224 ) 
4 47 50 (512 -128 192 ) (512 -128 514 ) (128 -128 514 ) (128 -128 192 ) 
4 47 48 (64 -128 160 ) (64 -128 514 ) (64 0 514 ) (64 0 160 ) 
4 47 49 (64 0 -510 ) (64 -128 -510 ) (64 -128 0 ) (64 0 0 ) 
4 48 56 (0 0 514 ) (0 0 160 ) (0 -128 160 ) (0 -128 514 ) 
4 48 52 (64 -128 224 ) (64 -128 514 ) (0 -128 514 ) (0 -128 224 ) 
4 49 57 (0 0 0 ) (0 0 -510 ) (0 -128 -510 ) (0 -128 0 ) 
4 50 55 (512 -384 514 ) (128 -384 514 ) (128 -384 192 ) (512 -384 192 ) 
4 50 54 (512 -384 192 ) (128 -384 192 ) (128 -128 192 ) (512 -128 192 ) 
4 50 51 (128 -384 224 ) (128 -384 514 ) (128 -128 514 ) (128 -128 224 ) 
4 51 55 (128 -384 514 ) (112 -384 514 ) (112 -384 224 ) (128 -384 224 ) 
4 51 52 (112 -384 224 ) (112 -384 514 ) (112 -128 514 ) (112 -128 224 ) 
4 52 59 (0 -384 224 ) (0 -384 514 ) (0 -128 514 ) (0 -128 224 ) 
4 52 55 (112 -384 514 ) (0 -384 514 ) (0 -384 224 ) (112 -384 224 ) 
4 52 53 (112 -144 224 ) (112 -368 224 ) (0 -368 224 ) (0 -144 224 ) 
4 53 60 (0 -368 224 ) (0 -144 224 ) (0 -144 192 ) (0 -368 192 ) 
4 54 55 (128 -384 -510 ) (512 -384 -510 ) (512 -384 192 ) (128 -384 192 ) 
4 55 64 (0 -384 -510 ) (0 -514 -510 ) (0 -514 514 ) (0 -384 514 ) 
4 56 59 (0 -128 224 ) (0 -128 514 ) (-64 -128 514 ) (-64 -128 224 ) 
4 56 58 (-64 -128 160 ) (-64 -128 514 ) (-64 0 514 ) (-64 0 160 ) 
4 57 58 (-64 0 -510 ) (-64 -128 -510 ) (-64 -128 0 ) (-64 0 0 ) 
4 58 63 (-512 -128 -510 ) (-128 -128 -510 ) (-128 -128 192 ) (-512 -128 192 ) 
4 58 62 (-128 -128 514 ) (-512 -128 514 ) (-512 -128 192 ) (-128 -128 192 ) 
4 58 61 (-112 -128 514 ) (-128 -128 514 ) (-128 -128 224 ) (-112 -128 224 ) 
4 58 59 (-64 -128 224 ) (-64 -128 514 ) (-112 -128 514 ) (-112 -128 224 ) 
4 59 64 (0 -384 224 ) (0 -384 514 ) (-112 -384 514 ) (-112 -384 224 ) 
4 59 61 (-112 -384 224 ) (-112 -384 514 ) (-112 -128 514 ) (-112 -128 224 ) 
4 59 60 (-112 -368 224 ) (-112 -144 224 ) (0 -144 224 ) (0 -368 224 ) 
4 61 64 (-112 -384 514 ) (-128 -384 514 ) (-128 -384 224 ) (-112 -384 224 ) 
4 61 62 (-128 -384 224 ) (-128 -384 514 ) (-128 -128 514 ) (-128 -128 224 ) 
4 62 64 (-128 -384 514 ) (-512 -384 514 ) (-512 -384 192 ) (-128 -384 192 ) 
4 62 63 (-128 -384 192 ) (-512 -384 192 ) (-512 -128 192 ) (-128 -128 192 ) 
4 63 64 (-512 -384 -510 ) (-128 -384 -510 ) (-128 -384 192 ) (-512 -384 192 ) 
