PRT1
47
119
4 0 26 (0 128 -256 ) (0 128 -128 ) (0 256 -128 ) (0 256 -256 ) 
4 0 24 (0 128 -128 ) (0 128 0 ) (0 256 0 ) (0 256 -128 ) 
4 0 20 (0 128 0 ) (0 128 16 ) (0 256 16 ) (0 256 0 ) 
4 0 7 (0 128 16 ) (0 128 256 ) (0 256 256 ) (0 256 16 ) 
4 0 6 (0 128 -128 ) (0 128 -256 ) (256 128 -256 ) (256 128 -128 ) 
4 0 5 (128 128 -128 ) (256 128 -128 ) (256 128 0 ) (128 128 0 ) 
4 0 3 (112 128 256 ) (0 128 256 ) (0 128 40 ) (112 128 40 ) 
4 0 2 (128 128 256 ) (112 128 256 ) (112 128 40 ) (128 128 40 ) 
4 0 1 (256 128 256 ) (128 128 256 ) (128 128 0 ) (256 128 0 ) 
4 1 27 (256 0 256 ) (128 0 256 ) (128 0 0 ) (256 0 0 ) 
4 1 5 (128 128 0 ) (256 128 0 ) (256 0 0 ) (128 0 0 ) 
4 1 2 (128 128 256 ) (128 128 40 ) (128 0 40 ) (128 0 256 ) 
4 2 28 (112 0 256 ) (112 0 40 ) (128 0 40 ) (128 0 256 ) 
4 2 4 (112 112 40 ) (112 0 40 ) (112 0 256 ) (112 112 256 ) 
4 2 3 (112 128 256 ) (112 128 40 ) (112 112 40 ) (112 112 256 ) 
4 3 8 (0 128 256 ) (0 128 40 ) (0 112 40 ) (0 112 256 ) 
4 3 4 (112 112 40 ) (112 112 256 ) (0 112 256 ) (0 112 40 ) 
4 4 29 (0 0 256 ) (0 0 0 ) (112 0 0 ) (112 0 256 ) 
4 4 21 (0 0 0 ) (0 0 16 ) (0 112 16 ) (0 112 0 ) 
4 4 9 (0 0 16 ) (0 0 256 ) (0 112 256 ) (0 112 16 ) 
4 5 32 (256 0 0 ) (128 0 0 ) (128 0 -128 ) (256 0 -128 ) 
4 5 6 (256 0 -128 ) (128 0 -128 ) (128 128 -128 ) (256 128 -128 ) 
4 6 34 (256 0 -128 ) (0 0 -128 ) (0 0 -256 ) (256 0 -256 ) 
4 6 26 (0 0 -256 ) (0 0 -128 ) (0 128 -128 ) (0 128 -256 ) 
4 7 20 (-16 128 16 ) (-16 256 16 ) (0 256 16 ) (0 128 16 ) 
4 7 11 (-16 256 16 ) (-16 128 16 ) (-16 128 112 ) (-16 256 112 ) 
4 7 10 (-16 128 112 ) (-16 128 256 ) (-16 256 256 ) (-16 256 112 ) 
4 7 8 (-16 128 256 ) (-16 128 40 ) (0 128 40 ) (0 128 256 ) 
4 8 12 (-16 112 72.727272 ) (-16 112 112 ) (-16 128 112 ) (-16 128 64 ) 
4 8 10 (-16 112 112 ) (-16 112 256 ) (-16 128 256 ) (-16 128 112 ) 
4 8 9 (-16 112 256 ) (-16 112 40 ) (0 112 40 ) (0 112 256 ) 
4 9 35 (0 0 16 ) (0 0 256 ) (-16 0 256 ) (-16 0 16 ) 
4 9 21 (0 0 16 ) (-16 0 16 ) (-16 112 16 ) (0 112 16 ) 
3 9 12 (-16 40 112 ) (-16 112 112 ) (-16 112 72.727272 ) 
4 9 10 (-16 0 112 ) (-16 0 256 ) (-16 112 256 ) (-16 112 112 ) 
4 10 42 (-128 0 256 ) (-256 0 256 ) (-256 0 112 ) (-128 0 112 ) 
4 10 41 (-112 0 256 ) (-128 0 256 ) (-128 0 112 ) (-112 0 112 ) 
4 10 36 (-16 0 112 ) (-16 0 256 ) (-112 0 256 ) (-112 0 112 ) 
4 10 18 (-96 128 112 ) (-96 40 112 ) (-128 40 112 ) (-128 128 112 ) 
4 10 17 (-128 256 112 ) (-96 256 112 ) (-96 128 112 ) (-128 128 112 ) 
4 10 13 (-96 256 112 ) (-48 256 112 ) (-48 40 112 ) (-96 40 112 ) 
4 10 12 (-16 128 112 ) (-16 40 112 ) (-48 40 112 ) (-48 128 112 ) 
4 10 11 (-48 256 112 ) (-16 256 112 ) (-16 128 112 ) (-48 128 112 ) 
4 10 19 (-256 0 112 ) (-256 256 112 ) (-128 256 112 ) (-128 0 112 ) 
4 11 22 (-48 128 16 ) (-48 256 16 ) (-16 256 16 ) (-16 128 16 ) 
4 11 14 (-48 256 96 ) (-48 256 16 ) (-48 128 16 ) (-48 128 96 ) 
4 11 13 (-48 256 112 ) (-48 256 96 ) (-48 128 96 ) (-48 128 112 ) 
4 11 12 (-48 128 112 ) (-48 128 64 ) (-16 128 64 ) (-16 128 112 ) 
3 12 15 (-48 128 96 ) (-48 128 64 ) (-48 69.333328 96 ) 
4 12 13 (-48 40 112 ) (-48 128 112 ) (-48 128 96 ) (-48 69.333328 96 ) 
4 13 18 (-96 128 96 ) (-96 69.333328 96 ) (-96 40 112 ) (-96 128 112 ) 
4 13 17 (-96 256 112 ) (-96 256 96 ) (-96 128 96 ) (-96 128 112 ) 
4 13 15 (-96 69.333328 96 ) (-96 128 96 ) (-48 128 96 ) (-48 69.333328 96 ) 
4 13 14 (-96 128 96 ) (-96 256 96 ) (-48 256 96 ) (-48 128 96 ) 
4 14 22 (-96 128 16 ) (-96 256 16 ) (-48 256 16 ) (-48 128 16 ) 
4 14 17 (-96 256 96 ) (-96 256 16 ) (-96 128 16 ) (-96 128 96 ) 
4 14 15 (-48 128 64 ) (-48 128 96 ) (-96 128 96 ) (-96 128 64 ) 
3 15 18 (-96 69.333344 96 ) (-96 128 96 ) (-96 128 64 ) 
4 16 36 (-96 0 16 ) (-48 0 16 ) (-48 0 96 ) (-96 0 96 ) 
4 17 22 (-128 128 16 ) (-128 256 16 ) (-96 256 16 ) (-96 128 16 ) 
4 17 18 (-128 128 112 ) (-128 128 64 ) (-96 128 64 ) (-96 128 112 ) 
4 17 19 (-128 256 112 ) (-128 256 16 ) (-128 128 16 ) (-128 128 112 ) 
3 18 19 (-128 40 112 ) (-128 128 112 ) (-128 128 64 ) 
4 19 42 (-256 0 16 ) (-128 0 16 ) (-128 0 112 ) (-256 0 112 ) 
4 19 23 (-128 0 16 ) (-256 0 16 ) (-256 128 16 ) (-128 128 16 ) 
4 19 22 (-256 128 16 ) (-256 256 16 ) (-128 256 16 ) (-128 128 16 ) 
4 20 24 (0 256 0 ) (0 128 0 ) (-16 128 0 ) (-16 256 0 ) 
4 20 22 (-16 256 0 ) (-16 128 0 ) (-16 128 16 ) (-16 256 16 ) 
4 21 38 (0 0 0 ) (0 0 8 ) (-16 0 8 ) (-16 0 0 ) 
4 21 35 (0 0 8 ) (0 0 16 ) (-16 0 16 ) (-16 0 8 ) 
4 22 24 (-16 256 0 ) (-16 128 0 ) (-256 128 0 ) (-256 256 0 ) 
4 22 23 (-256 128 16 ) (-256 128 0 ) (-128 128 0 ) (-128 128 16 ) 
4 23 42 (-128 0 16 ) (-256 0 16 ) (-256 0 0 ) (-128 0 0 ) 
4 23 25 (-128 0 0 ) (-256 0 0 ) (-256 128 0 ) (-128 128 0 ) 
4 24 26 (-256 128 -128 ) (-256 256 -128 ) (0 256 -128 ) (0 128 -128 ) 
4 24 25 (-256 128 0 ) (-256 128 -128 ) (-128 128 -128 ) (-128 128 0 ) 
4 25 44 (-128 0 0 ) (-256 0 0 ) (-256 0 -128 ) (-128 0 -128 ) 
4 25 26 (-128 0 -128 ) (-256 0 -128 ) (-256 128 -128 ) (-128 128 -128 ) 
4 26 46 (0 0 -256 ) (0 0 -128 ) (-256 0 -128 ) (-256 0 -256 ) 
4 27 33 (128 -256 0 ) (128 -192 0 ) (256 -192 0 ) (256 -256 0 ) 
4 27 32 (128 -192 0 ) (128 0 0 ) (256 0 0 ) (256 -192 0 ) 
4 27 31 (128 -192 0 ) (128 -256 0 ) (128 -256 40 ) (128 -192 40 ) 
4 27 30 (128 -256 40 ) (128 -256 256 ) (128 -176 256 ) (128 -176 40 ) 
4 27 28 (128 -176 40 ) (128 -176 256 ) (128 0 256 ) (128 0 40 ) 
4 28 30 (128 -176 40 ) (128 -176 256 ) (112 -176 256 ) (112 -176 40 ) 
4 28 29 (112 -176 40 ) (112 -176 256 ) (112 0 256 ) (112 0 40 ) 
4 29 38 (0 0 8 ) (0 0 0 ) (0 -176 0 ) (0 -176 8 ) 
4 29 35 (0 0 256 ) (0 0 8 ) (0 -176 8 ) (0 -176 256 ) 
4 29 30 (0 -176 256 ) (0 -176 40 ) (112 -176 40 ) (112 -176 256 ) 
4 30 43 (0 -256 40 ) (0 -256 256 ) (0 -192 256 ) (0 -192 40 ) 
4 30 40 (0 -192 256 ) (0 -176 256 ) (0 -176 40 ) (0 -192 40 ) 
4 30 31 (128 -256 40 ) (0 -256 40 ) (0 -192 40 ) (128 -192 40 ) 
4 31 43 (0 -192 0 ) (0 -256 0 ) (0 -256 40 ) (0 -192 40 ) 
4 31 33 (0 -256 0 ) (0 -192 0 ) (128 -192 0 ) (128 -256 0 ) 
4 32 34 (128 0 -128 ) (256 0 -128 ) (256 -192 -128 ) (128 -192 -128 ) 
4 32 33 (128 -192 -128 ) (256 -192 -128 ) (256 -192 0 ) (128 -192 0 ) 
4 33 45 (0 -192 -128 ) (0 -256 -128 ) (0 -256 0 ) (0 -192 0 ) 
4 33 34 (0 -256 -128 ) (0 -192 -128 ) (256 -192 -128 ) (256 -256 -128 ) 
4 34 46 (0 0 -128 ) (0 0 -256 ) (0 -256 -256 ) (0 -256 -128 ) 
4 35 40 (0 -176 40 ) (0 -176 256 ) (-16 -176 256 ) (-16 -176 40 ) 
4 35 38 (0 -176 8 ) (-16 -176 8 ) (-16 0 8 ) (0 0 8 ) 
4 35 36 (-16 -16 16 ) (-16 -16 256 ) (-16 0 256 ) (-16 0 16 ) 
4 35 37 (-16 -16 8 ) (-16 -176 8 ) (-16 -176 256 ) (-16 -16 256 ) 
4 36 41 (-112 -16 256 ) (-112 0 256 ) (-112 0 40 ) (-112 -16 40 ) 
4 36 37 (-16 -16 16 ) (-16 -16 256 ) (-112 -16 256 ) (-112 -16 16 ) 
4 37 41 (-112 -176 40 ) (-112 -176 256 ) (-112 -16 256 ) (-112 -16 40 ) 
4 37 40 (-112 -176 256 ) (-112 -176 40 ) (-16 -176 40 ) (-16 -176 256 ) 
4 37 39 (-16 -176 8 ) (-112 -176 8 ) (-112 -32 8 ) (-16 -32 8 ) 
4 38 39 (-16 -32 0 ) (-16 -176 0 ) (-16 -176 8 ) (-16 -32 8 ) 
4 40 43 (0 -192 40 ) (0 -192 256 ) (-112 -192 256 ) (-112 -192 40 ) 
4 40 41 (-112 -192 40 ) (-112 -192 256 ) (-112 -176 256 ) (-112 -176 40 ) 
4 41 43 (-112 -192 40 ) (-112 -192 256 ) (-128 -192 256 ) (-128 -192 40 ) 
4 41 42 (-128 0 256 ) (-128 0 40 ) (-128 -192 40 ) (-128 -192 256 ) 
4 42 44 (-256 0 0 ) (-128 0 0 ) (-128 -192 0 ) (-256 -192 0 ) 
4 42 43 (-256 -192 0 ) (-128 -192 0 ) (-128 -192 256 ) (-256 -192 256 ) 
4 43 45 (-256 -256 0 ) (-256 -192 0 ) (0 -192 0 ) (0 -256 0 ) 
4 44 46 (-256 -192 -128 ) (-256 0 -128 ) (-128 0 -128 ) (-128 -192 -128 ) 
4 44 45 (-256 -192 0 ) (-256 -192 -128 ) (-128 -192 -128 ) (-128 -192 0 ) 
4 45 46 (-256 -256 -128 ) (-256 -192 -128 ) (0 -192 -128 ) (0 -256 -128 ) 
