PRT1
121
303
4 0 64 (3072 0 -256 ) (3072 0 1024 ) (2048 0 1024 ) (2048 0 -256 ) 
4 0 28 (2048 0 -256 ) (2048 0 -64 ) (2048 160 -64 ) (2048 160 -256 ) 
4 0 27 (2048 0 -64 ) (2048 0 0 ) (2048 160 0 ) (2048 160 -64 ) 
4 0 26 (2048 0 0 ) (2048 0 32 ) (2048 160 32 ) (2048 160 0 ) 
4 0 24 (2048 0 32 ) (2048 0 64 ) (2048 160 64 ) (2048 160 32 ) 
4 0 23 (2048 0 64 ) (2048 0 80 ) (2048 160 80 ) (2048 160 64 ) 
4 0 21 (2048 0 80 ) (2048 0 128 ) (2048 160 128 ) (2048 160 80 ) 
4 0 20 (2048 0 128 ) (2048 0 144 ) (2048 160 144 ) (2048 160 128 ) 
4 0 18 (2048 0 144 ) (2048 0 256 ) (2048 64 256 ) (2048 64 144 ) 
4 0 15 (2048 64 256 ) (2048 96 256 ) (2048 96 144 ) (2048 64 144 ) 
4 0 13 (2048 96 256 ) (2048 160 256 ) (2048 160 144 ) (2048 96 144 ) 
4 0 10 (2048 192 -256 ) (2048 160 -256 ) (2048 160 0 ) (2048 192 0 ) 
4 0 9 (2048 256 0 ) (2048 256 -256 ) (2048 192 -256 ) (2048 192 0 ) 
4 0 6 (2048 160 256 ) (2048 192 256 ) (2048 192 0 ) (2048 160 0 ) 
4 0 5 (2048 192 256 ) (2048 256 256 ) (2048 256 0 ) (2048 192 0 ) 
4 0 2 (2048 0 256 ) (2048 0 1024 ) (2048 192 1024 ) (2048 192 256 ) 
4 0 1 (2048 192 1024 ) (2048 256 1024 ) (2048 256 256 ) (2048 192 256 ) 
4 1 32 (1024 192 1024 ) (1024 256 1024 ) (1024 256 256 ) (1024 192 256 ) 
4 1 5 (2048 256 256 ) (2048 192 256 ) (1024 192 256 ) (1024 256 256 ) 
4 1 3 (1376 192 288 ) (1376 192 1024 ) (1184 192 1024 ) (1184 192 288 ) 
4 1 2 (1376 192 256 ) (2048 192 256 ) (2048 192 1024 ) (1376 192 1024 ) 
4 1 4 (1024 192 256 ) (1184 192 256 ) (1184 192 1024 ) (1024 192 1024 ) 
4 2 65 (2048 0 256 ) (2048 0 1024 ) (1376 0 1024 ) (1376 0 256 ) 
4 2 18 (2048 64 256 ) (2048 0 256 ) (1376 0 256 ) (1376 64 256 ) 
4 2 15 (2048 96 256 ) (2048 64 256 ) (1376 64 256 ) (1376 96 256 ) 
4 2 13 (2048 160 256 ) (2048 96 256 ) (1376 96 256 ) (1376 160 256 ) 
4 2 6 (2048 192 256 ) (2048 160 256 ) (1376 160 256 ) (1376 192 256 ) 
4 2 3 (1376 192 1024 ) (1376 192 288 ) (1376 0 288 ) (1376 0 1024 ) 
4 3 66 (1376 0 1024 ) (1184 0 1024 ) (1184 0 288 ) (1376 0 288 ) 
4 3 4 (1184 192 1024 ) (1184 192 288 ) (1184 0 288 ) (1184 0 1024 ) 
4 4 67 (1184 0 1024 ) (1024 0 1024 ) (1024 0 256 ) (1184 0 256 ) 
4 4 32 (1024 0 256 ) (1024 0 1024 ) (1024 192 1024 ) (1024 192 256 ) 
4 4 19 (1184 0 256 ) (1024 0 256 ) (1024 64 256 ) (1184 64 256 ) 
4 4 17 (1024 64 256 ) (1024 96 256 ) (1184 96 256 ) (1184 64 256 ) 
4 4 14 (1024 96 256 ) (1024 160 256 ) (1184 160 256 ) (1184 96 256 ) 
4 4 8 (1024 160 256 ) (1024 192 256 ) (1184 192 256 ) (1184 160 256 ) 
4 5 35 (1024 192 256 ) (1024 256 256 ) (1024 256 0 ) (1024 192 0 ) 
4 5 9 (1024 192 0 ) (1024 256 0 ) (2048 256 0 ) (2048 192 0 ) 
4 5 8 (1024 192 0 ) (1184 192 0 ) (1184 192 256 ) (1024 192 256 ) 
4 5 7 (1216 192 0 ) (1312 192 0 ) (1312 192 256 ) (1216 192 256 ) 
4 5 6 (1376 192 0 ) (2048 192 0 ) (2048 192 256 ) (1376 192 256 ) 
4 6 26 (1376 160 32 ) (1376 160 0 ) (2048 160 0 ) (2048 160 32 ) 
4 6 24 (1376 160 64 ) (1376 160 32 ) (2048 160 32 ) (2048 160 64 ) 
4 6 23 (1376 160 80 ) (1376 160 64 ) (2048 160 64 ) (2048 160 80 ) 
4 6 21 (1376 160 128 ) (1376 160 80 ) (2048 160 80 ) (2048 160 128 ) 
4 6 20 (1376 160 144 ) (1376 160 128 ) (2048 160 128 ) (2048 160 144 ) 
4 6 13 (2048 160 256 ) (1376 160 256 ) (1376 160 144 ) (2048 160 144 ) 
4 6 10 (2048 160 0 ) (1376 160 0 ) (1376 192 0 ) (2048 192 0 ) 
4 8 41 (1024 160 0 ) (1024 160 256 ) (1024 168 256 ) (1024 168 0 ) 
4 8 36 (1024 168 256 ) (1024 192 256 ) (1024 192 0 ) (1024 168 0 ) 
4 8 29 (1024 160 144 ) (1024 160 0 ) (1184 160 0 ) (1184 160 144 ) 
4 8 14 (1184 160 256 ) (1024 160 256 ) (1024 160 144 ) (1184 160 144 ) 
4 8 12 (1184 160 0 ) (1024 160 0 ) (1024 192 0 ) (1184 192 0 ) 
4 9 45 (1024 192 0 ) (1024 256 0 ) (1024 256 -256 ) (1024 192 -256 ) 
4 9 11 (1184 192 -256 ) (1376 192 -256 ) (1376 192 -64 ) (1184 192 -64 ) 
4 9 10 (1376 192 -256 ) (2048 192 -256 ) (2048 192 0 ) (1376 192 0 ) 
4 9 12 (1024 192 -256 ) (1184 192 -256 ) (1184 192 0 ) (1024 192 0 ) 
4 10 28 (1376 160 -256 ) (2048 160 -256 ) (2048 160 -64 ) (1376 160 -64 ) 
4 10 27 (2048 160 -64 ) (2048 160 0 ) (1376 160 0 ) (1376 160 -64 ) 
4 10 11 (1376 192 -64 ) (1376 192 -256 ) (1376 160 -256 ) (1376 160 -64 ) 
4 11 30 (1184 160 -256 ) (1336 160 -256 ) (1336 160 -64 ) (1184 160 -64 ) 
4 11 28 (1336 160 -256 ) (1376 160 -256 ) (1376 160 -64 ) (1336 160 -64 ) 
4 11 12 (1184 192 -64 ) (1184 192 -256 ) (1184 160 -256 ) (1184 160 -64 ) 
4 12 46 (1024 160 -256 ) (1024 160 0 ) (1024 192 0 ) (1024 192 -256 ) 
4 12 31 (1024 160 0 ) (1024 160 -256 ) (1184 160 -256 ) (1184 160 0 ) 
4 13 20 (1352 160 144 ) (2048 160 144 ) (2048 96 144 ) (1352 96 144 ) 
3 13 16 (1352 96 144 ) (1360 96 144 ) (1360 96 152 ) 
4 13 15 (1360 96 144 ) (2048 96 144 ) (2048 96 256 ) (1360 96 256 ) 
4 14 41 (1024 96 256 ) (1024 160 256 ) (1024 160 144 ) (1024 96 144 ) 
4 14 29 (1024 160 144 ) (1312 160 144 ) (1312 96 144 ) (1024 96 144 ) 
4 14 17 (1024 96 144 ) (1312 96 144 ) (1312 96 256 ) (1024 96 256 ) 
4 15 20 (2048 96 144 ) (2048 64 144 ) (1360 64 144 ) (1360 96 144 ) 
4 15 18 (1360 64 144 ) (2048 64 144 ) (2048 64 256 ) (1360 64 256 ) 
4 15 16 (1360 96 152 ) (1360 96 144 ) (1360 64 144 ) (1360 64 152 ) 
4 16 20 (1360 64 144 ) (1352 64 144 ) (1352 96 144 ) (1360 96 144 ) 
3 16 18 (1352 64 144 ) (1360 64 144 ) (1360 64 152 ) 
4 17 41 (1024 64 256 ) (1024 96 256 ) (1024 96 144 ) (1024 64 144 ) 
4 17 29 (1312 64 144 ) (1024 64 144 ) (1024 96 144 ) (1312 96 144 ) 
4 17 19 (1024 64 144 ) (1312 64 144 ) (1312 64 256 ) (1024 64 256 ) 
4 18 70 (1352 0 256 ) (1336 0 256 ) (1336 0 144 ) (1352 0 144 ) 
4 18 69 (2048 0 144 ) (2048 0 256 ) (1352 0 256 ) (1352 0 144 ) 
4 18 20 (2048 64 144 ) (2048 0 144 ) (1352 0 144 ) (1352 64 144 ) 
4 19 85 (1312 0 256 ) (1024 0 256 ) (1024 0 144 ) (1312 0 144 ) 
4 19 41 (1024 0 144 ) (1024 0 256 ) (1024 64 256 ) (1024 64 144 ) 
4 19 29 (1312 0 144 ) (1024 0 144 ) (1024 64 144 ) (1312 64 144 ) 
4 20 69 (2048 0 128 ) (2048 0 144 ) (1352 0 144 ) (1352 0 128 ) 
4 20 21 (1352 160 128 ) (2048 160 128 ) (2048 0 128 ) (1352 0 128 ) 
4 21 71 (2048 0 80 ) (2048 0 128 ) (1352 0 128 ) (1352 0 80 ) 
4 21 23 (2048 0 80 ) (1352 0 80 ) (1352 160 80 ) (2048 160 80 ) 
4 21 22 (1352 152 80 ) (1352 0 80 ) (1352 0 128 ) (1352 152 128 ) 
4 22 72 (1352 0 128 ) (1336 0 128 ) (1336 0 80 ) (1352 0 80 ) 
4 23 73 (2048 0 64 ) (2048 0 80 ) (1352 0 80 ) (1352 0 64 ) 
4 23 25 (1352 160 64 ) (1368 160 64 ) (1368 0 64 ) (1352 0 64 ) 
4 23 24 (1368 160 64 ) (2048 160 64 ) (2048 0 64 ) (1368 0 64 ) 
4 24 74 (2048 0 32 ) (2048 0 64 ) (1368 0 64 ) (1368 0 32 ) 
4 24 26 (1372 160 32 ) (2048 160 32 ) (2048 0 32 ) (1372 0 32 ) 
4 24 25 (1368 0 48 ) (1368 0 64 ) (1368 160 64 ) (1368 160 48 ) 
3 25 75 (1368 0 64 ) (1336 0 64 ) (1368 0 48 ) 
4 26 76 (2048 0 0 ) (2048 0 32 ) (1372 0 32 ) (1372 0 0 ) 
4 26 27 (2048 0 0 ) (1376 0 0 ) (1376 160 0 ) (2048 160 0 ) 
4 27 77 (2048 0 -64 ) (2048 0 0 ) (1376 0 0 ) (1376 0 -64 ) 
4 27 28 (1376 160 -64 ) (2048 160 -64 ) (2048 0 -64 ) (1376 0 -64 ) 
4 28 78 (1376 0 -64 ) (1336 0 -64 ) (1336 0 -256 ) (1376 0 -256 ) 
4 28 77 (2048 0 -256 ) (2048 0 -64 ) (1376 0 -64 ) (1376 0 -256 ) 
4 28 30 (1336 160 -64 ) (1336 160 -256 ) (1336 0 -256 ) (1336 0 -64 ) 
4 29 85 (1312 0 144 ) (1024 0 144 ) (1024 0 0 ) (1312 0 0 ) 
4 29 41 (1024 0 0 ) (1024 0 144 ) (1024 160 144 ) (1024 160 0 ) 
4 29 31 (1024 160 0 ) (1184 160 0 ) (1184 0 0 ) (1024 0 0 ) 
4 30 86 (1336 0 -256 ) (1336 0 -64 ) (1184 0 -64 ) (1184 0 -256 ) 
4 30 31 (1184 160 -256 ) (1184 0 -256 ) (1184 0 -64 ) (1184 160 -64 ) 
4 31 87 (1184 0 0 ) (1024 0 0 ) (1024 0 -256 ) (1184 0 -256 ) 
4 31 46 (1024 0 -256 ) (1024 0 0 ) (1024 160 0 ) (1024 160 -256 ) 
4 32 89 (1024 0 256 ) (1024 0 1024 ) (64 0 1024 ) (64 0 256 ) 
4 32 41 (1024 0 256 ) (64 0 256 ) (64 168 256 ) (1024 168 256 ) 
4 32 36 (64 168 256 ) (64 192 256 ) (1024 192 256 ) (1024 168 256 ) 
4 32 35 (64 192 256 ) (64 256 256 ) (1024 256 256 ) (1024 192 256 ) 
4 32 34 (64 0 288 ) (64 0 1024 ) (64 192 1024 ) (64 192 288 ) 
4 32 33 (64 256 1024 ) (64 256 256 ) (64 192 256 ) (64 192 1024 ) 
4 33 48 (0 192 1024 ) (0 256 1024 ) (0 256 256 ) (0 192 256 ) 
4 33 37 (0 192 256 ) (0 256 256 ) (40 256 256 ) (40 192 256 ) 
4 33 35 (40 256 256 ) (64 256 256 ) (64 192 256 ) (40 192 256 ) 
4 33 34 (64 192 288 ) (64 192 1024 ) (0 192 1024 ) (0 192 288 ) 
4 34 90 (64 0 1024 ) (0 0 1024 ) (0 0 288 ) (64 0 288 ) 
4 34 49 (0 0 288 ) (0 0 1024 ) (0 192 1024 ) (0 192 288 ) 
4 35 45 (1024 256 0 ) (1024 192 0 ) (40 192 0 ) (40 256 0 ) 
4 35 37 (40 256 0 ) (40 192 0 ) (40 192 256 ) (40 256 256 ) 
4 35 36 (64 192 0 ) (1024 192 0 ) (1024 192 256 ) (64 192 256 ) 
4 36 46 (1024 192 0 ) (1024 168 0 ) (64 168 0 ) (64 192 0 ) 
4 36 41 (64 168 0 ) (1024 168 0 ) (1024 168 256 ) (64 168 256 ) 
4 37 51 (0 188 256 ) (0 256 256 ) (0 256 0 ) (0 188 0 ) 
4 37 45 (40 256 0 ) (40 192 0 ) (0 192 0 ) (0 256 0 ) 
4 37 39 (40 188 128 ) (40 188 160 ) (0 188 160 ) (0 188 128 ) 
4 37 40 (40 188 32 ) (40 188 64 ) (0 188 64 ) (0 188 32 ) 
4 37 38 (40 188 224 ) (40 188 256 ) (0 188 256 ) (0 188 224 ) 
4 38 52 (0 184 256 ) (0 188 256 ) (0 188 224 ) (0 184 224 ) 
4 39 53 (0 188 160 ) (0 188 128 ) (0 184 128 ) (0 184 160 ) 
4 40 54 (0 188 64 ) (0 188 32 ) (0 184 32 ) (0 184 64 ) 
4 41 92 (1024 0 0 ) (1024 0 256 ) (60 0 256 ) (60 0 0 ) 
4 41 46 (1024 168 0 ) (1024 0 0 ) (64 0 0 ) (64 168 0 ) 
4 41 43 (60 168 160 ) (60 168 128 ) (60 0 128 ) (60 0 160 ) 
4 41 44 (60 168 64 ) (60 168 32 ) (60 0 32 ) (60 0 64 ) 
4 41 42 (60 168 256 ) (60 168 224 ) (60 0 224 ) (60 0 256 ) 
4 42 93 (60 0 256 ) (56 0 256 ) (56 0 224 ) (60 0 224 ) 
4 43 94 (56 0 160 ) (56 0 128 ) (60 0 128 ) (60 0 160 ) 
4 44 95 (56 0 64 ) (56 0 32 ) (60 0 32 ) (60 0 64 ) 
4 45 61 (0 192 0 ) (0 256 0 ) (0 256 -256 ) (0 192 -256 ) 
4 45 47 (0 192 -256 ) (64 192 -256 ) (64 192 -64 ) (0 192 -64 ) 
4 45 46 (64 192 -256 ) (1024 192 -256 ) (1024 192 0 ) (64 192 0 ) 
4 46 102 (1024 0 -256 ) (1024 0 0 ) (64 0 0 ) (64 0 -256 ) 
4 46 47 (64 192 -64 ) (64 192 -256 ) (64 0 -256 ) (64 0 -64 ) 
4 47 103 (0 0 -64 ) (0 0 -256 ) (64 0 -256 ) (64 0 -64 ) 
4 47 62 (0 0 -256 ) (0 0 -64 ) (0 192 -64 ) (0 192 -256 ) 
4 48 55 (-256 192 256 ) (-256 256 256 ) (-104 256 256 ) (-104 192 256 ) 
4 48 51 (-104 256 256 ) (0 256 256 ) (0 192 256 ) (-104 192 256 ) 
4 48 49 (0 192 288 ) (0 192 1024 ) (-128 192 1024 ) (-128 192 288 ) 
4 48 50 (-256 192 1024 ) (-256 192 256 ) (-128 192 256 ) (-128 192 1024 ) 
4 49 105 (0 0 288 ) (0 0 1024 ) (-128 0 1024 ) (-128 0 288 ) 
4 49 50 (-128 192 1024 ) (-128 192 288 ) (-128 0 288 ) (-128 0 1024 ) 
4 50 106 (-128 0 1024 ) (-256 0 1024 ) (-256 0 256 ) (-128 0 256 ) 
4 50 60 (-256 0 256 ) (-256 168 256 ) (-128 168 256 ) (-128 0 256 ) 
4 50 56 (-256 168 256 ) (-256 192 256 ) (-128 192 256 ) (-128 168 256 ) 
4 51 61 (0 256 0 ) (0 192 0 ) (-104 192 0 ) (-104 256 0 ) 
4 51 55 (-104 256 0 ) (-104 192 0 ) (-104 192 256 ) (-104 256 256 ) 
4 51 53 (-104 188 160 ) (-104 188 128 ) (0 188 128 ) (0 188 160 ) 
4 51 54 (-104 188 64 ) (-104 188 32 ) (0 188 32 ) (0 188 64 ) 
4 51 52 (-104 188 256 ) (-104 188 224 ) (0 188 224 ) (0 188 256 ) 
4 55 61 (-128 256 0 ) (-104 256 0 ) (-104 192 0 ) (-128 192 0 ) 
4 55 63 (-256 192 0 ) (-256 256 0 ) (-128 256 0 ) (-128 192 0 ) 
4 55 56 (-128 192 256 ) (-256 192 256 ) (-256 192 0 ) (-128 192 0 ) 
4 56 63 (-256 168 0 ) (-256 192 0 ) (-128 192 0 ) (-128 168 0 ) 
4 56 60 (-128 168 256 ) (-256 168 256 ) (-256 168 0 ) (-128 168 0 ) 
4 57 108 (-120 0 256 ) (-124 0 256 ) (-124 0 224 ) (-120 0 224 ) 
4 57 60 (-124 168 256 ) (-124 168 224 ) (-124 0 224 ) (-124 0 256 ) 
4 58 109 (-124 0 160 ) (-124 0 128 ) (-120 0 128 ) (-120 0 160 ) 
4 58 60 (-124 168 160 ) (-124 168 128 ) (-124 0 128 ) (-124 0 160 ) 
4 59 110 (-124 0 64 ) (-124 0 32 ) (-120 0 32 ) (-120 0 64 ) 
4 59 60 (-124 168 64 ) (-124 168 32 ) (-124 0 32 ) (-124 0 64 ) 
4 60 111 (-124 0 256 ) (-256 0 256 ) (-256 0 0 ) (-124 0 0 ) 
4 60 63 (-128 0 0 ) (-256 0 0 ) (-256 168 0 ) (-128 168 0 ) 
4 61 62 (-128 192 -64 ) (-128 192 -256 ) (0 192 -256 ) (0 192 -64 ) 
4 61 63 (-128 256 0 ) (-128 256 -256 ) (-128 192 -256 ) (-128 192 0 ) 
4 62 118 (0 0 -256 ) (0 0 -64 ) (-128 0 -64 ) (-128 0 -256 ) 
4 62 63 (-128 192 -256 ) (-128 0 -256 ) (-128 0 -64 ) (-128 192 -64 ) 
4 63 120 (-128 0 0 ) (-256 0 0 ) (-256 0 -256 ) (-128 0 -256 ) 
4 64 81 (2048 -64 -256 ) (2048 -256 -256 ) (2048 -256 0 ) (2048 -64 0 ) 
4 64 79 (2048 -256 0 ) (2048 -256 256 ) (2048 -64 256 ) (2048 -64 0 ) 
4 64 77 (2048 0 0 ) (2048 0 -256 ) (2048 -64 -256 ) (2048 -64 0 ) 
4 64 76 (2048 0 32 ) (2048 0 0 ) (2048 -64 0 ) (2048 -64 32 ) 
4 64 74 (2048 0 64 ) (2048 0 32 ) (2048 -64 32 ) (2048 -64 64 ) 
4 64 73 (2048 0 80 ) (2048 0 64 ) (2048 -64 64 ) (2048 -64 80 ) 
4 64 71 (2048 0 128 ) (2048 0 80 ) (2048 -64 80 ) (2048 -64 128 ) 
4 64 69 (2048 0 256 ) (2048 0 128 ) (2048 -64 128 ) (2048 -64 256 ) 
4 64 68 (2048 -256 1024 ) (2048 -128 1024 ) (2048 -128 256 ) (2048 -256 256 ) 
4 64 65 (2048 -128 1024 ) (2048 0 1024 ) (2048 0 256 ) (2048 -128 256 ) 
4 65 79 (2048 -64 256 ) (2048 -128 256 ) (1376 -128 256 ) (1376 -64 256 ) 
4 65 69 (1376 0 256 ) (2048 0 256 ) (2048 -64 256 ) (1376 -64 256 ) 
4 65 68 (1376 -128 256 ) (2048 -128 256 ) (2048 -128 1024 ) (1376 -128 1024 ) 
4 65 66 (1376 -128 288 ) (1376 -128 1024 ) (1376 0 1024 ) (1376 0 288 ) 
4 66 68 (1376 -128 288 ) (1376 -128 1024 ) (1184 -128 1024 ) (1184 -128 288 ) 
4 66 67 (1184 -128 288 ) (1184 -128 1024 ) (1184 0 1024 ) (1184 0 288 ) 
4 67 89 (1024 -128 1024 ) (1024 0 1024 ) (1024 0 256 ) (1024 -128 256 ) 
4 67 85 (1024 -128 256 ) (1024 0 256 ) (1184 0 256 ) (1184 -128 256 ) 
4 67 68 (1024 -128 256 ) (1184 -128 256 ) (1184 -128 1024 ) (1024 -128 1024 ) 
4 68 89 (1024 -256 1024 ) (1024 -128 1024 ) (1024 -128 256 ) (1024 -256 256 ) 
4 68 85 (1024 -256 256 ) (1024 -128 256 ) (1312 -128 256 ) (1312 -256 256 ) 
4 68 84 (1312 -128 256 ) (1336 -128 256 ) (1336 -256 256 ) (1312 -256 256 ) 
4 68 80 (1336 -128 256 ) (1376 -128 256 ) (1376 -256 256 ) (1336 -256 256 ) 
4 68 79 (1376 -128 256 ) (2048 -128 256 ) (2048 -256 256 ) (1376 -256 256 ) 
4 69 79 (1376 -64 128 ) (2048 -64 128 ) (2048 -64 256 ) (1376 -64 256 ) 
4 69 71 (2048 -64 128 ) (1352 -64 128 ) (1352 0 128 ) (2048 0 128 ) 
4 69 70 (1352 -64 144 ) (1352 -64 256 ) (1352 0 256 ) (1352 0 144 ) 
4 71 79 (1376 -64 80 ) (2048 -64 80 ) (2048 -64 128 ) (1376 -64 128 ) 
4 71 73 (2048 -64 80 ) (1352 -64 80 ) (1352 0 80 ) (2048 0 80 ) 
4 71 72 (1352 0 80 ) (1352 -56 80 ) (1352 -56 128 ) (1352 0 128 ) 
4 73 79 (1376 -64 64 ) (2048 -64 64 ) (2048 -64 80 ) (1376 -64 80 ) 
4 73 75 (1368 -64 64 ) (1352 -64 64 ) (1352 0 64 ) (1368 0 64 ) 
4 73 74 (2048 -64 64 ) (1368 -64 64 ) (1368 0 64 ) (2048 0 64 ) 
4 74 79 (1376 -64 32 ) (2048 -64 32 ) (2048 -64 64 ) (1376 -64 64 ) 
4 74 76 (2048 -64 32 ) (1372 -64 32 ) (1372 0 32 ) (2048 0 32 ) 
4 74 75 (1368 -64 48 ) (1368 -64 64 ) (1368 0 64 ) (1368 0 48 ) 
4 76 79 (1376 -64 0 ) (2048 -64 0 ) (2048 -64 32 ) (1376 -64 32 ) 
4 76 77 (2048 -64 0 ) (1376 -64 0 ) (1376 0 0 ) (2048 0 0 ) 
4 77 81 (1376 -64 -256 ) (2048 -64 -256 ) (2048 -64 0 ) (1376 -64 0 ) 
4 77 78 (1376 0 -256 ) (1376 -64 -256 ) (1376 -64 -64 ) (1376 0 -64 ) 
4 78 86 (1336 -64 -256 ) (1336 -64 -64 ) (1336 0 -64 ) (1336 0 -256 ) 
4 78 82 (1336 -64 -64 ) (1336 -64 -256 ) (1376 -64 -256 ) (1376 -64 -64 ) 
4 79 81 (1376 -64 0 ) (2048 -64 0 ) (2048 -256 0 ) (1376 -256 0 ) 
4 79 80 (1376 -96 0 ) (1376 -256 0 ) (1376 -256 256 ) (1376 -96 256 ) 
4 80 84 (1336 -256 256 ) (1336 -128 256 ) (1336 -128 0 ) (1336 -256 0 ) 
4 80 83 (1336 -256 0 ) (1336 -128 0 ) (1376 -128 0 ) (1376 -256 0 ) 
4 81 82 (1376 -64 -256 ) (1376 -128 -256 ) (1376 -128 -64 ) (1376 -64 -64 ) 
4 81 83 (1376 -128 -256 ) (1376 -256 -256 ) (1376 -256 0 ) (1376 -128 0 ) 
4 82 86 (1336 -64 -64 ) (1336 -64 -256 ) (1336 -128 -256 ) (1336 -128 -64 ) 
4 82 83 (1336 -128 -256 ) (1376 -128 -256 ) (1376 -128 -64 ) (1336 -128 -64 ) 
4 83 88 (1336 -256 0 ) (1336 -128 0 ) (1336 -128 -256 ) (1336 -256 -256 ) 
4 84 88 (1336 -128 0 ) (1336 -256 0 ) (1312 -256 0 ) (1312 -128 0 ) 
4 84 85 (1312 -128 0 ) (1312 -256 0 ) (1312 -256 256 ) (1312 -128 256 ) 
4 85 97 (1024 -256 256 ) (1024 -128 256 ) (1024 -128 0 ) (1024 -256 0 ) 
4 85 96 (1024 -128 256 ) (1024 -104 256 ) (1024 -104 0 ) (1024 -128 0 ) 
4 85 92 (1024 -104 256 ) (1024 0 256 ) (1024 0 0 ) (1024 -104 0 ) 
4 85 88 (1312 -128 0 ) (1312 -256 0 ) (1024 -256 0 ) (1024 -128 0 ) 
4 85 87 (1024 0 0 ) (1184 0 0 ) (1184 -128 0 ) (1024 -128 0 ) 
4 86 88 (1184 -128 -256 ) (1336 -128 -256 ) (1336 -128 -64 ) (1184 -128 -64 ) 
4 86 87 (1184 0 -256 ) (1184 -128 -256 ) (1184 -128 -64 ) (1184 0 -64 ) 
4 87 102 (1024 -128 0 ) (1024 0 0 ) (1024 0 -256 ) (1024 -128 -256 ) 
4 87 88 (1024 -128 -256 ) (1184 -128 -256 ) (1184 -128 0 ) (1024 -128 0 ) 
4 88 104 (1024 -256 0 ) (1024 -128 0 ) (1024 -128 -256 ) (1024 -256 -256 ) 
4 89 97 (1024 -128 256 ) (1024 -256 256 ) (64 -256 256 ) (64 -128 256 ) 
4 89 96 (1024 -104 256 ) (1024 -128 256 ) (64 -128 256 ) (64 -104 256 ) 
4 89 92 (64 0 256 ) (1024 0 256 ) (1024 -104 256 ) (64 -104 256 ) 
4 89 90 (64 -128 288 ) (64 -128 1024 ) (64 0 1024 ) (64 0 288 ) 
4 89 91 (64 -128 256 ) (64 -256 256 ) (64 -256 1024 ) (64 -128 1024 ) 
4 90 105 (0 0 1024 ) (0 0 288 ) (0 -128 288 ) (0 -128 1024 ) 
4 90 91 (64 -128 288 ) (64 -128 1024 ) (0 -128 1024 ) (0 -128 288 ) 
4 91 107 (0 -128 256 ) (0 -256 256 ) (0 -256 1024 ) (0 -128 1024 ) 
4 91 101 (0 -256 256 ) (0 -128 256 ) (40 -128 256 ) (40 -256 256 ) 
4 91 97 (40 -128 256 ) (64 -128 256 ) (64 -256 256 ) (40 -256 256 ) 
4 92 102 (1024 0 0 ) (1024 -104 0 ) (64 -104 0 ) (64 0 0 ) 
4 92 96 (64 -104 0 ) (1024 -104 0 ) (1024 -104 256 ) (64 -104 256 ) 
4 92 94 (60 -104 128 ) (60 -104 160 ) (60 0 160 ) (60 0 128 ) 
4 92 95 (60 -104 32 ) (60 -104 64 ) (60 0 64 ) (60 0 32 ) 
4 92 93 (60 -104 224 ) (60 -104 256 ) (60 0 256 ) (60 0 224 ) 
4 96 102 (1024 -104 0 ) (1024 -128 0 ) (64 -128 0 ) (64 -104 0 ) 
4 96 97 (64 -128 0 ) (1024 -128 0 ) (1024 -128 256 ) (64 -128 256 ) 
4 97 104 (1024 -128 0 ) (1024 -256 0 ) (40 -256 0 ) (40 -128 0 ) 
4 97 101 (40 -128 0 ) (40 -256 0 ) (40 -256 256 ) (40 -128 256 ) 
4 98 112 (0 -124 224 ) (0 -124 256 ) (0 -120 256 ) (0 -120 224 ) 
4 98 101 (40 -124 224 ) (40 -124 256 ) (0 -124 256 ) (0 -124 224 ) 
4 99 113 (0 -124 128 ) (0 -124 160 ) (0 -120 160 ) (0 -120 128 ) 
4 99 101 (40 -124 128 ) (40 -124 160 ) (0 -124 160 ) (0 -124 128 ) 
4 100 114 (0 -124 32 ) (0 -124 64 ) (0 -120 64 ) (0 -120 32 ) 
4 100 101 (40 -124 32 ) (40 -124 64 ) (0 -124 64 ) (0 -124 32 ) 
4 101 115 (0 -124 0 ) (0 -256 0 ) (0 -256 256 ) (0 -124 256 ) 
4 101 104 (0 -256 0 ) (0 -128 0 ) (40 -128 0 ) (40 -256 0 ) 
4 102 104 (64 -128 -256 ) (1024 -128 -256 ) (1024 -128 0 ) (64 -128 0 ) 
4 102 103 (64 0 -256 ) (64 -128 -256 ) (64 -128 -64 ) (64 0 -64 ) 
4 103 118 (0 0 -64 ) (0 0 -256 ) (0 -128 -256 ) (0 -128 -64 ) 
4 103 104 (0 -128 -256 ) (64 -128 -256 ) (64 -128 -64 ) (0 -128 -64 ) 
4 104 119 (0 -128 -256 ) (0 -256 -256 ) (0 -256 0 ) (0 -128 0 ) 
4 105 107 (0 -128 288 ) (0 -128 1024 ) (-128 -128 1024 ) (-128 -128 288 ) 
4 105 106 (-128 -128 288 ) (-128 -128 1024 ) (-128 0 1024 ) (-128 0 288 ) 
4 106 116 (-256 -128 256 ) (-256 -104 256 ) (-128 -104 256 ) (-128 -128 256 ) 
4 106 111 (-256 -104 256 ) (-256 0 256 ) (-128 0 256 ) (-128 -104 256 ) 
4 106 107 (-256 -128 1024 ) (-256 -128 256 ) (-128 -128 256 ) (-128 -128 1024 ) 
4 107 117 (-256 -256 256 ) (-256 -128 256 ) (-104 -128 256 ) (-104 -256 256 ) 
4 107 115 (-104 -128 256 ) (0 -128 256 ) (0 -256 256 ) (-104 -256 256 ) 
4 108 111 (-124 -104 224 ) (-124 -104 256 ) (-124 0 256 ) (-124 0 224 ) 
4 109 111 (-124 -104 128 ) (-124 -104 160 ) (-124 0 160 ) (-124 0 128 ) 
4 110 111 (-124 -104 32 ) (-124 -104 64 ) (-124 0 64 ) (-124 0 32 ) 
4 111 120 (-256 -104 0 ) (-256 0 0 ) (-128 0 0 ) (-128 -104 0 ) 
4 111 116 (-128 -104 256 ) (-256 -104 256 ) (-256 -104 0 ) (-128 -104 0 ) 
4 112 115 (-104 -124 256 ) (-104 -124 224 ) (0 -124 224 ) (0 -124 256 ) 
4 113 115 (-104 -124 160 ) (-104 -124 128 ) (0 -124 128 ) (0 -124 160 ) 
4 114 115 (-104 -124 64 ) (-104 -124 32 ) (0 -124 32 ) (0 -124 64 ) 
4 115 119 (-104 -256 0 ) (-104 -128 0 ) (0 -128 0 ) (0 -256 0 ) 
4 115 117 (-104 -128 0 ) (-104 -256 0 ) (-104 -256 256 ) (-104 -128 256 ) 
4 116 120 (-256 -128 0 ) (-256 -104 0 ) (-128 -104 0 ) (-128 -128 0 ) 
4 116 117 (-128 -128 256 ) (-256 -128 256 ) (-256 -128 0 ) (-128 -128 0 ) 
4 117 119 (-128 -128 0 ) (-104 -128 0 ) (-104 -256 0 ) (-128 -256 0 ) 
4 117 120 (-256 -256 0 ) (-256 -128 0 ) (-128 -128 0 ) (-128 -256 0 ) 
4 118 119 (-128 -128 -64 ) (-128 -128 -256 ) (0 -128 -256 ) (0 -128 -64 ) 
4 118 120 (-128 0 -256 ) (-128 -128 -256 ) (-128 -128 -64 ) (-128 0 -64 ) 
4 119 120 (-128 -128 -256 ) (-128 -256 -256 ) (-128 -256 0 ) (-128 -128 0 ) 
