PRT1
253
779
4 0 17 (512 1024 512 ) (320 1024 512 ) (320 1024 -384 ) (512 1024 -384 ) 
4 0 8 (384 1280 -384 ) (384 1024 -384 ) (320 1024 -384 ) (320 1280 -384 ) 
4 0 6 (320 1536 -384 ) (384 1536 -384 ) (384 1472 -384 ) (320 1472 -384 ) 
4 0 5 (512 1248 -384 ) (512 1024 -384 ) (384 1024 -384 ) (384 1248 -384 ) 
4 0 2 (320 1024 64 ) (320 1024 512 ) (320 1088 512 ) (320 1088 64 ) 
4 0 3 (320 1088 -384 ) (320 1024 -384 ) (320 1024 -64 ) (320 1088 -64 ) 
4 0 1 (320 1536 512 ) (320 1536 -384 ) (320 1088 -384 ) (320 1088 512 ) 
4 1 13 (256 1344 -192 ) (256 1344 512 ) (256 1408 512 ) (256 1408 -192 ) 
4 1 10 (256 1408 -384 ) (256 1344 -384 ) (256 1344 -320 ) (256 1408 -320 ) 
4 1 14 (256 1344 -384 ) (256 1088 -384 ) (256 1088 512 ) (256 1344 512 ) 
4 1 9 (256 1536 -384 ) (256 1408 -384 ) (256 1408 512 ) (256 1536 512 ) 
4 1 8 (256 1088 -384 ) (256 1280 -384 ) (320 1280 -384 ) (320 1088 -384 ) 
4 1 6 (256 1472 -384 ) (256 1536 -384 ) (320 1536 -384 ) (320 1472 -384 ) 
4 1 2 (320 1088 64 ) (320 1088 512 ) (256 1088 512 ) (256 1088 64 ) 
4 1 3 (256 1088 -384 ) (320 1088 -384 ) (320 1088 -64 ) (256 1088 -64 ) 
4 2 18 (320 1024 512 ) (256 1024 512 ) (256 1024 64 ) (320 1024 64 ) 
4 2 15 (256 1024 64 ) (256 1024 512 ) (256 1088 512 ) (256 1088 64 ) 
4 3 22 (256 1024 -128 ) (256 1024 -384 ) (320 1024 -384 ) (320 1024 -128 ) 
4 3 21 (256 1024 -64 ) (256 1024 -128 ) (320 1024 -128 ) (320 1024 -64 ) 
4 3 16 (256 1088 -384 ) (256 1024 -384 ) (256 1024 -192 ) (256 1088 -192 ) 
4 3 8 (256 1024 -384 ) (256 1088 -384 ) (320 1088 -384 ) (320 1024 -384 ) 
4 4 7 (384 1472 -768 ) (384 1280 -768 ) (384 1280 -512 ) (384 1472 -512 ) 
4 4 8 (384 1280 -768 ) (384 1248 -768 ) (384 1248 -512 ) (384 1280 -512 ) 
4 4 6 (384 1536 -768 ) (384 1472 -768 ) (384 1472 -512 ) (384 1536 -512 ) 
4 4 5 (384 1248 -512 ) (384 1248 -768 ) (512 1248 -768 ) (512 1248 -512 ) 
4 5 17 (384 1024 -768 ) (512 1024 -768 ) (512 1024 -384 ) (384 1024 -384 ) 
4 5 8 (384 1248 -768 ) (384 1024 -768 ) (384 1024 -384 ) (384 1248 -384 ) 
4 6 9 (256 1536 -768 ) (256 1472 -768 ) (256 1472 -384 ) (256 1536 -384 ) 
4 6 7 (256 1472 -768 ) (384 1472 -768 ) (384 1472 -512 ) (256 1472 -512 ) 
4 7 11 (256 1408 -768 ) (256 1344 -768 ) (256 1344 -512 ) (256 1408 -512 ) 
4 7 14 (256 1344 -768 ) (256 1280 -768 ) (256 1280 -512 ) (256 1344 -512 ) 
4 7 9 (256 1472 -768 ) (256 1408 -768 ) (256 1408 -512 ) (256 1472 -512 ) 
4 7 8 (256 1280 -768 ) (384 1280 -768 ) (384 1280 -512 ) (256 1280 -512 ) 
4 8 22 (256 1024 -384 ) (256 1024 -768 ) (320 1024 -768 ) (320 1024 -384 ) 
4 8 17 (320 1024 -768 ) (384 1024 -768 ) (384 1024 -384 ) (320 1024 -384 ) 
4 8 16 (256 1088 -768 ) (256 1024 -768 ) (256 1024 -384 ) (256 1088 -384 ) 
4 8 14 (256 1280 -768 ) (256 1088 -768 ) (256 1088 -384 ) (256 1280 -384 ) 
4 9 96 (0 1536 -448 ) (0 1536 -768 ) (0 1408 -768 ) (0 1408 -448 ) 
4 9 81 (0 1408 512 ) (0 1472 512 ) (0 1472 -320 ) (0 1408 -320 ) 
4 9 79 (0 1472 512 ) (0 1536 512 ) (0 1536 -448 ) (0 1472 -448 ) 
4 9 13 (256 1408 -192 ) (256 1408 512 ) (0 1408 512 ) (0 1408 -128 ) 
3 9 12 (0 1408 -224 ) (0 1408 -256 ) (42.667557 1408 -266.667236 ) 
4 9 11 (0 1408 -768 ) (256 1408 -768 ) (256 1408 -512 ) (0 1408 -448 ) 
4 9 10 (256 1408 -384 ) (256 1408 -320 ) (0 1408 -256 ) (0 1408 -320 ) 
4 10 81 (0 1408 -256 ) (0 1408 -320 ) (0 1344 -320 ) (0 1344 -256 ) 
4 10 12 (42.668488 1408 -266.668182 ) (0 1408 -256.001129 ) (0 1344 -255.998474 ) (42.664978 1344 -266.664673 ) 
4 10 14 (256 1344 -384 ) (256 1344 -320 ) (0 1344 -256 ) (0 1344 -320 ) 
4 11 96 (0 1408 -448 ) (0 1408 -768 ) (0 1344 -768 ) (0 1344 -448 ) 
4 11 14 (0 1344 -768 ) (256 1344 -768 ) (256 1344 -512 ) (0 1344 -448 ) 
4 12 81 (0 1408 -224 ) (0 1408 -256 ) (0 1344 -256 ) (0 1344 -224 ) 
3 12 14 (0 1344 -224 ) (0 1344 -256 ) (42.667557 1344 -266.667236 ) 
4 13 81 (0 1344 512 ) (0 1408 512 ) (0 1408 -128 ) (0 1344 -128 ) 
4 13 14 (256 1344 -192 ) (256 1344 512 ) (0 1344 512 ) (0 1344 -128 ) 
4 14 96 (0 1344 -448 ) (0 1344 -768 ) (0 1088 -768 ) (0 1088 -448 ) 
4 14 93 (0 1280 -64 ) (0 1280 -448 ) (0 1088 -448 ) (0 1088 -64 ) 
4 14 90 (0 1088 512 ) (0 1280 512 ) (0 1280 -64 ) (0 1088 -64 ) 
4 14 81 (0 1280 512 ) (0 1344 512 ) (0 1344 -320 ) (0 1280 -320 ) 
4 14 16 (0 1088 -768 ) (256 1088 -768 ) (256 1088 -192 ) (0 1088 -192 ) 
4 14 15 (256 1088 64 ) (256 1088 512 ) (0 1088 512 ) (0 1088 64 ) 
4 15 91 (0 1024 64 ) (0 1024 512 ) (0 1088 512 ) (0 1088 64 ) 
4 15 33 (256 1024 224 ) (256 1024 512 ) (0 1024 512 ) (0 1024 224 ) 
4 16 96 (0 1024 -768 ) (0 1024 -448 ) (0 1088 -448 ) (0 1088 -768 ) 
4 16 93 (0 1024 -448 ) (0 1024 -192 ) (0 1088 -192 ) (0 1088 -448 ) 
4 16 68 (256 1024 -768 ) (256 1024 -192 ) (0 1024 -192 ) (0 1024 -768 ) 
4 17 26 (320 704 -192 ) (320 704 -768 ) (384 704 -768 ) (384 704 -192 ) 
4 17 25 (384 704 -768 ) (512 704 -768 ) (512 704 -64 ) (384 704 -64 ) 
4 17 23 (512 704 512 ) (320 704 512 ) (320 704 -64 ) (512 704 -64 ) 
4 17 22 (320 704 -768 ) (320 704 -128 ) (320 1024 -128 ) (320 1024 -768 ) 
4 17 21 (320 896 -64 ) (320 1024 -64 ) (320 1024 -128 ) (320 896 -128 ) 
4 17 18 (320 704 64 ) (320 704 512 ) (320 1024 512 ) (320 1024 64 ) 
4 18 60 (256 704 64 ) (256 704 96 ) (256 768 96 ) (256 768 64 ) 
4 18 59 (256 704 96 ) (256 704 512 ) (256 768 512 ) (256 768 96 ) 
3 18 54 (256 780 64 ) (256 768 64 ) (256 768 76 ) 
4 18 49 (256 800 160 ) (256 800 128 ) (256 772 128 ) (256 772 160 ) 
4 18 53 (256 772 128 ) (256 768 128 ) (256 768 160 ) (256 772 160 ) 
3 18 44 (256 768 212 ) (256 768 224 ) (256 780 224 ) 
4 18 43 (256 768 512 ) (256 800 512 ) (256 800 224 ) (256 768 224 ) 
4 18 37 (256 804 128 ) (256 800 128 ) (256 800 160 ) (256 804 160 ) 
4 18 34 (256 800 512 ) (256 912 512 ) (256 912 224 ) (256 800 224 ) 
4 18 33 (256 912 512 ) (256 1024 512 ) (256 1024 224 ) (256 912 224 ) 
4 18 27 (256 704 512 ) (256 704 96 ) (272 704 96 ) (272 704 512 ) 
4 18 24 (288 704 96 ) (288 704 512 ) (272 704 512 ) (272 704 96 ) 
4 18 23 (288 704 64 ) (320 704 64 ) (320 704 512 ) (288 704 512 ) 
4 19 64 (256 840 -16 ) (256 888 -16 ) (256 888 -64 ) (256 840 -64 ) 
4 20 64 (256 712 -16 ) (256 760 -16 ) (256 760 -64 ) (256 712 -64 ) 
4 21 22 (320 1024 -128 ) (320 896 -128 ) (256 896 -128 ) (256 1024 -128 ) 
4 22 68 (256 704 -768 ) (256 704 -192 ) (256 1024 -192 ) (256 1024 -768 ) 
4 22 29 (256 704 -192 ) (256 704 -768 ) (272 704 -768 ) (272 704 -192 ) 
4 22 26 (272 704 -768 ) (320 704 -768 ) (320 704 -192 ) (272 704 -192 ) 
4 23 31 (320 512 512 ) (288 512 512 ) (288 512 0 ) (320 512 0 ) 
4 23 30 (512 512 512 ) (320 512 512 ) (320 512 -64 ) (512 512 -64 ) 
4 23 25 (512 512 -64 ) (384 512 -64 ) (384 704 -64 ) (512 704 -64 ) 
4 23 24 (288 704 512 ) (288 704 96 ) (288 512 96 ) (288 512 512 ) 
4 24 31 (272 512 512 ) (272 512 96 ) (288 512 96 ) (288 512 512 ) 
4 24 27 (272 704 512 ) (272 704 96 ) (272 512 96 ) (272 512 512 ) 
4 25 30 (512 512 -64 ) (384 512 -64 ) (384 512 -768 ) (512 512 -768 ) 
4 25 26 (384 704 -768 ) (384 512 -768 ) (384 512 -192 ) (384 704 -192 ) 
4 26 32 (272 512 -192 ) (272 512 -768 ) (320 512 -768 ) (320 512 -192 ) 
4 26 30 (320 512 -768 ) (384 512 -768 ) (384 512 -192 ) (320 512 -192 ) 
4 26 29 (272 704 -192 ) (272 704 -768 ) (272 512 -768 ) (272 512 -192 ) 
4 27 59 (256 512 96 ) (256 512 512 ) (256 704 512 ) (256 704 96 ) 
4 27 31 (256 512 512 ) (256 512 96 ) (272 512 96 ) (272 512 512 ) 
4 28 69 (256 544 64 ) (256 672 64 ) (256 672 -64 ) (256 544 -64 ) 
4 29 71 (256 512 -768 ) (256 512 -256 ) (256 704 -256 ) (256 704 -768 ) 
4 29 32 (256 512 -192 ) (256 512 -768 ) (272 512 -768 ) (272 512 -192 ) 
4 30 247 (512 0 512 ) (320 0 512 ) (320 0 -768 ) (512 0 -768 ) 
4 30 31 (320 0 0 ) (320 0 512 ) (320 512 512 ) (320 512 0 ) 
4 30 32 (320 512 -768 ) (320 0 -768 ) (320 0 -128 ) (320 512 -128 ) 
4 31 247 (320 0 512 ) (256 0 512 ) (256 0 0 ) (320 0 0 ) 
4 31 76 (256 0 0 ) (256 0 64 ) (256 512 64 ) (256 512 0 ) 
4 31 60 (256 0 64 ) (256 0 96 ) (256 512 96 ) (256 512 64 ) 
4 31 59 (256 0 96 ) (256 0 512 ) (256 512 512 ) (256 512 96 ) 
4 32 247 (256 0 -128 ) (256 0 -768 ) (320 0 -768 ) (320 0 -128 ) 
4 32 78 (256 0 -768 ) (256 0 -256 ) (256 512 -256 ) (256 512 -768 ) 
4 33 117 (0 1016 224 ) (0 912 224 ) (0 912 320 ) (0 1016 320 ) 
4 33 116 (0 1024 320 ) (0 1024 224 ) (0 1016 224 ) (0 1016 320 ) 
4 33 113 (0 1024 352 ) (0 1024 320 ) (0 912 320 ) (0 912 352 ) 
4 33 112 (0 1024 512 ) (0 1024 352 ) (0 912 352 ) (0 912 512 ) 
4 33 34 (0 912 512 ) (0 912 224 ) (256 912 224 ) (256 912 512 ) 
4 34 125 (0 868 224 ) (0 800 224 ) (0 800 320 ) (0 868 320 ) 
4 34 119 (0 896 224 ) (0 868 224 ) (0 868 320 ) (0 896 320 ) 
4 34 117 (0 912 320 ) (0 912 224 ) (0 896 224 ) (0 896 320 ) 
4 34 113 (0 912 352 ) (0 912 320 ) (0 800 320 ) (0 800 352 ) 
4 34 112 (0 912 512 ) (0 912 352 ) (0 800 352 ) (0 800 512 ) 
4 34 43 (256 800 224 ) (256 800 512 ) (0 800 512 ) (0 800 224 ) 
4 35 38 (148 804 128 ) (220 804 128 ) (220 804 160 ) (148 804 160 ) 
4 36 39 (36 804 128 ) (108 804 128 ) (108 804 160 ) (36 804 160 ) 
4 37 49 (256 800 128 ) (256 800 160 ) (252 800 160 ) (252 800 128 ) 
4 38 50 (228 800 160 ) (140 800 160 ) (140 800 128 ) (228 800 128 ) 
4 39 51 (116 800 160 ) (28 800 160 ) (28 800 128 ) (116 800 128 ) 
4 40 125 (0 804 128 ) (0 800 128 ) (0 800 160 ) (0 804 160 ) 
4 40 52 (4 800 160 ) (0 800 160 ) (0 800 128 ) (4 800 128 ) 
4 41 64 (144 912 64 ) (224 912 64 ) (224 800 64 ) (144 800 64 ) 
4 41 55 (144 800 64 ) (224 800 64 ) (224 800 96 ) (144 800 96 ) 
4 42 67 (32 912 64 ) (112 912 64 ) (112 800 64 ) (32 800 64 ) 
4 42 57 (32 800 64 ) (112 800 64 ) (112 800 96 ) (32 800 96 ) 
4 43 165 (0 800 512 ) (0 800 224 ) (0 768 224 ) (0 768 512 ) 
4 43 59 (0 768 512 ) (0 768 224 ) (256 768 224 ) (256 768 512 ) 
4 43 48 (32 768 224 ) (0 768 224 ) (0 780 224 ) (32 780 224 ) 
4 43 46 (144 768 224 ) (112 768 224 ) (112 780 224 ) (144 780 224 ) 
4 43 45 (224 768 224 ) (144 768 224 ) (144 800 224 ) (224 800 224 ) 
4 43 47 (112 768 224 ) (32 768 224 ) (32 800 224 ) (112 800 224 ) 
4 43 44 (256 768 224 ) (224 768 224 ) (224 780 224 ) (256 780 224 ) 
4 44 59 (256 768 212 ) (256 768 224 ) (224 768 224 ) (224 768 212 ) 
3 44 45 (224 768 212 ) (224 768 224 ) (224 780 224 ) 
4 45 59 (144 768 160 ) (224 768 160 ) (224 768 224 ) (144 768 224 ) 
4 45 50 (144 772 160 ) (144 800 160 ) (224 800 160 ) (224 772 160 ) 
4 45 53 (224 768 160 ) (144 768 160 ) (144 772 160 ) (224 772 160 ) 
3 45 46 (144 768 212 ) (144 768 224 ) (144 780 224 ) 
4 46 59 (144 768 212 ) (144 768 224 ) (112 768 224 ) (112 768 212 ) 
3 46 47 (112 768 212 ) (112 768 224 ) (112 780 224 ) 
4 47 59 (32 768 160 ) (112 768 160 ) (112 768 224 ) (32 768 224 ) 
4 47 51 (32 772 160 ) (32 800 160 ) (112 800 160 ) (112 772 160 ) 
4 47 53 (112 768 160 ) (32 768 160 ) (32 772 160 ) (112 772 160 ) 
3 47 48 (32 768 212 ) (32 768 224 ) (32 780 224 ) 
3 48 165 (0 768 212 ) (0 768 224 ) (0 780 224 ) 
4 48 59 (0 768 224 ) (0 768 212 ) (32 768 212 ) (32 768 224 ) 
4 49 53 (252 772 128 ) (256 772 128 ) (256 772 160 ) (252 772 160 ) 
4 50 55 (144 800 128 ) (224 800 128 ) (224 772 128 ) (144 772 128 ) 
4 50 53 (140 772 128 ) (228 772 128 ) (228 772 160 ) (140 772 160 ) 
4 51 57 (32 800 128 ) (112 800 128 ) (112 772 128 ) (32 772 128 ) 
4 51 53 (28 772 128 ) (116 772 128 ) (116 772 160 ) (28 772 160 ) 
4 52 165 (0 800 160 ) (0 800 128 ) (0 772 128 ) (0 772 160 ) 
4 52 53 (0 772 128 ) (4 772 128 ) (4 772 160 ) (0 772 160 ) 
4 53 165 (0 772 128 ) (0 768 128 ) (0 768 160 ) (0 772 160 ) 
4 53 59 (0 768 160 ) (0 768 128 ) (256 768 128 ) (256 768 160 ) 
4 53 57 (112 768 128 ) (32 768 128 ) (32 772 128 ) (112 772 128 ) 
4 53 55 (224 768 128 ) (144 768 128 ) (144 772 128 ) (224 772 128 ) 
4 54 64 (256 780 64 ) (256 768 64 ) (224 768 64 ) (224 780 64 ) 
4 54 60 (224 768 64 ) (256 768 64 ) (256 768 76 ) (224 768 76 ) 
3 54 55 (224 768 64 ) (224 768 76 ) (224 780 64 ) 
4 55 64 (144 800 64 ) (224 800 64 ) (224 768 64 ) (144 768 64 ) 
4 55 60 (144 768 64 ) (224 768 64 ) (224 768 96 ) (144 768 96 ) 
4 55 59 (224 768 96 ) (224 768 128 ) (144 768 128 ) (144 768 96 ) 
3 55 56 (144 768 64 ) (144 768 76 ) (144 780 64 ) 
4 56 66 (144 780 64 ) (144 768 64 ) (112 768 64 ) (112 780 64 ) 
4 56 61 (112 768 64 ) (128 768 64 ) (128 768 76 ) (112 768 76 ) 
4 56 60 (128 768 64 ) (144 768 64 ) (144 768 76 ) (128 768 76 ) 
3 56 57 (112 768 64 ) (112 768 76 ) (112 780 64 ) 
4 57 67 (32 800 64 ) (112 800 64 ) (112 768 64 ) (32 768 64 ) 
4 57 61 (96 768 64 ) (112 768 64 ) (112 768 96 ) (96 768 96 ) 
4 57 63 (32 768 64 ) (96 768 64 ) (96 768 96 ) (32 768 96 ) 
4 57 59 (112 768 96 ) (112 768 128 ) (32 768 128 ) (32 768 96 ) 
3 57 58 (32 768 64 ) (32 768 76 ) (32 780 64 ) 
3 58 165 (0 780 64 ) (0 768 64 ) (0 768 76 ) 
4 58 67 (0 768 64 ) (0 780 64 ) (32 780 64 ) (32 768 64 ) 
4 58 63 (0 768 76 ) (0 768 64 ) (32 768 64 ) (32 768 76 ) 
4 59 248 (256 0 96 ) (256 0 512 ) (0 0 512 ) (0 0 96 ) 
4 59 222 (0 0 96 ) (0 0 208 ) (0 480 208 ) (0 480 96 ) 
4 59 219 (0 496 208 ) (0 608 208 ) (0 608 96 ) (0 496 96 ) 
4 59 217 (0 512 224 ) (0 608 224 ) (0 608 208 ) (0 512 208 ) 
4 59 218 (0 0 208 ) (0 0 224 ) (0 480 224 ) (0 480 208 ) 
4 59 216 (0 0 224 ) (0 0 512 ) (0 608 512 ) (0 608 224 ) 
4 59 199 (0 608 512 ) (0 640 512 ) (0 640 96 ) (0 608 96 ) 
4 59 173 (0 640 512 ) (0 768 512 ) (0 768 96 ) (0 640 96 ) 
4 59 61 (96 768 96 ) (128 768 96 ) (128 704 96 ) (96 704 96 ) 
4 59 62 (128 512 96 ) (128 0 96 ) (96 0 96 ) (96 512 96 ) 
4 59 60 (128 768 96 ) (256 768 96 ) (256 0 96 ) (128 0 96 ) 
4 59 63 (0 768 96 ) (96 768 96 ) (96 0 96 ) (0 0 96 ) 
4 60 248 (256 0 64 ) (256 0 96 ) (128 0 96 ) (128 0 64 ) 
4 60 76 (256 512 64 ) (256 0 64 ) (128 0 64 ) (128 512 64 ) 
4 60 69 (256 704 64 ) (256 512 64 ) (192 512 64 ) (192 704 64 ) 
4 60 70 (192 512 64 ) (128 512 64 ) (128 704 64 ) (192 704 64 ) 
4 60 66 (128 768 64 ) (144 768 64 ) (144 704 64 ) (128 704 64 ) 
4 60 64 (144 768 64 ) (256 768 64 ) (256 704 64 ) (144 704 64 ) 
4 60 61 (128 704 96 ) (128 768 96 ) (128 768 64 ) (128 704 64 ) 
4 60 62 (128 0 96 ) (128 512 96 ) (128 512 64 ) (128 0 64 ) 
4 61 66 (112 768 64 ) (128 768 64 ) (128 704 64 ) (112 704 64 ) 
4 61 67 (96 768 64 ) (112 768 64 ) (112 704 64 ) (96 704 64 ) 
4 61 63 (96 704 96 ) (96 768 96 ) (96 768 64 ) (96 704 64 ) 
4 62 248 (128 0 96 ) (96 0 96 ) (96 0 64 ) (128 0 64 ) 
4 62 76 (128 512 64 ) (128 0 64 ) (96 0 64 ) (96 512 64 ) 
4 62 63 (96 0 96 ) (96 512 96 ) (96 512 64 ) (96 0 64 ) 
4 63 248 (96 0 96 ) (0 0 96 ) (0 0 64 ) (96 0 64 ) 
3 63 224 (0 536 88 ) (0 544 88 ) (0 544 80 ) 
4 63 223 (0 544 88 ) (0 608 88 ) (0 608 64 ) (0 544 64 ) 
4 63 225 (0 0 64 ) (0 0 88 ) (0 480 88 ) (0 480 64 ) 
4 63 222 (0 0 88 ) (0 0 96 ) (0 480 96 ) (0 480 88 ) 
4 63 219 (0 496 96 ) (0 608 96 ) (0 608 88 ) (0 496 88 ) 
4 63 199 (0 608 96 ) (0 640 96 ) (0 640 64 ) (0 608 64 ) 
4 63 173 (0 640 96 ) (0 768 96 ) (0 768 64 ) (0 640 64 ) 
4 63 76 (0 0 64 ) (0 512 64 ) (96 512 64 ) (96 0 64 ) 
4 63 73 (0 512 64 ) (0 704 64 ) (96 704 64 ) (96 512 64 ) 
4 63 67 (0 704 64 ) (0 768 64 ) (96 768 64 ) (96 704 64 ) 
4 64 69 (256 704 -64 ) (256 704 64 ) (192 704 64 ) (192 704 -64 ) 
4 64 70 (192 704 64 ) (144 704 64 ) (144 704 -64 ) (192 704 -64 ) 
4 64 65 (144 1024 -64 ) (144 912 -64 ) (144 912 64 ) (144 1024 64 ) 
4 64 66 (144 880 -64 ) (144 704 -64 ) (144 704 64 ) (144 880 64 ) 
4 65 67 (112 1024 -64 ) (112 912 -64 ) (112 912 64 ) (112 1024 64 ) 
4 66 70 (144 704 64 ) (128 704 64 ) (128 704 -64 ) (144 704 -64 ) 
4 66 67 (112 880 -64 ) (112 704 -64 ) (112 704 64 ) (112 880 64 ) 
4 67 173 (0 704 -64 ) (0 704 64 ) (0 768 64 ) (0 768 -64 ) 
4 67 168 (0 800 48 ) (0 800 -64 ) (0 768 -64 ) (0 768 48 ) 
4 67 166 (0 768 64 ) (0 800 64 ) (0 800 48 ) (0 768 48 ) 
4 67 73 (96 704 64 ) (0 704 64 ) (0 704 -64 ) (96 704 -64 ) 
4 68 245 (0 704 -768 ) (0 704 -192 ) (0 800 -192 ) (0 800 -768 ) 
4 68 128 (0 800 -192 ) (0 1024 -192 ) (0 1024 -768 ) (0 800 -768 ) 
4 68 75 (128 704 -192 ) (0 704 -192 ) (0 704 -768 ) (128 704 -768 ) 
4 68 71 (256 704 -768 ) (256 704 -256 ) (128 704 -256 ) (128 704 -768 ) 
4 69 77 (256 512 -128 ) (256 512 0 ) (192 512 0 ) (192 512 -128 ) 
4 69 76 (256 512 0 ) (256 512 64 ) (192 512 64 ) (192 512 0 ) 
4 69 70 (192 704 64 ) (192 704 -64 ) (192 512 -128 ) (192 512 64 ) 
4 70 77 (128 512 0 ) (128 512 -128 ) (192 512 -128 ) (192 512 0 ) 
4 70 76 (192 512 64 ) (128 512 64 ) (128 512 0 ) (192 512 0 ) 
4 70 74 (128 576 -128 ) (128 512 -128 ) (128 512 -80 ) (128 576 -80 ) 
4 70 72 (128 672 -64 ) (128 544 -64 ) (128 544 64 ) (128 672 64 ) 
4 71 78 (256 512 -768 ) (256 512 -256 ) (128 512 -256 ) (128 512 -768 ) 
4 71 75 (128 704 -256 ) (128 704 -768 ) (128 512 -768 ) (128 512 -256 ) 
4 73 234 (0 512 -64 ) (0 512 0 ) (0 544 0 ) (0 544 -64 ) 
4 73 230 (0 544 64 ) (0 608 64 ) (0 608 -64 ) (0 544 -64 ) 
4 73 199 (0 608 64 ) (0 640 64 ) (0 640 -64 ) (0 608 -64 ) 
4 73 173 (0 640 64 ) (0 704 64 ) (0 704 -64 ) (0 640 -64 ) 
4 73 76 (96 512 64 ) (0 512 64 ) (0 512 0 ) (96 512 0 ) 
4 75 245 (0 512 -768 ) (0 512 -192 ) (0 704 -192 ) (0 704 -768 ) 
4 75 78 (0 512 -256 ) (0 512 -768 ) (128 512 -768 ) (128 512 -256 ) 
4 76 248 (256 0 0 ) (256 0 64 ) (0 0 64 ) (0 0 0 ) 
4 76 235 (0 0 0 ) (0 0 64 ) (0 480 64 ) (0 480 0 ) 
5 76 77 (0 0 0 ) (0 384 0 ) (128 512 0 ) (256 512 0 ) (256 0 0 ) 
4 78 249 (256 0 -768 ) (256 0 -256 ) (0 0 -256 ) (0 0 -768 ) 
4 78 245 (0 0 -768 ) (0 0 -256 ) (0 512 -256 ) (0 512 -768 ) 
4 79 97 (-960 1536 -448 ) (-128 1536 -448 ) (-128 1472 -448 ) (-960 1472 -448 ) 
4 79 96 (-128 1536 -448 ) (0 1536 -448 ) (0 1472 -448 ) (-128 1472 -448 ) 
4 79 89 (-960 1472 -448 ) (-192 1472 -448 ) (-192 1472 -368 ) (-960 1472 -368 ) 
4 79 86 (-896 1472 -336 ) (-960 1472 -336 ) (-960 1472 -368 ) (-896 1472 -368 ) 
4 79 83 (-192 1472 -336 ) (-320 1472 -336 ) (-320 1472 -368 ) (-192 1472 -368 ) 
4 79 84 (-448 1472 -336 ) (-704 1472 -336 ) (-704 1472 -368 ) (-448 1472 -368 ) 
4 79 82 (-192 1472 -320 ) (-960 1472 -320 ) (-960 1472 -336 ) (-192 1472 -336 ) 
4 79 81 (0 1472 -320 ) (0 1472 512 ) (-960 1472 512 ) (-960 1472 -320 ) 
4 79 80 (-960 1536 512 ) (-960 1536 -416 ) (-960 1472 -416 ) (-960 1472 512 ) 
4 80 105 (-1024 1472 -416 ) (-1024 1472 -368 ) (-1024 1536 -368 ) (-1024 1536 -416 ) 
4 80 103 (-1024 1472 -368 ) (-1024 1472 -336 ) (-1024 1536 -336 ) (-1024 1536 -368 ) 
4 80 102 (-1024 1472 -336 ) (-1024 1472 512 ) (-1024 1536 512 ) (-1024 1536 -336 ) 
4 80 89 (-1024 1472 -368 ) (-1024 1472 -416 ) (-960 1472 -416 ) (-960 1472 -368 ) 
4 80 86 (-1024 1472 -336 ) (-1024 1472 -368 ) (-960 1472 -368 ) (-960 1472 -336 ) 
4 80 82 (-1024 1472 -320 ) (-1024 1472 -336 ) (-960 1472 -336 ) (-960 1472 -320 ) 
4 80 81 (-1024 1472 512 ) (-1024 1472 -320 ) (-960 1472 -320 ) (-960 1472 512 ) 
4 81 102 (-1024 1280 -320 ) (-1024 1280 512 ) (-1024 1472 512 ) (-1024 1472 -320 ) 
4 81 94 (-960 1280 -64 ) (-1024 1280 -64 ) (-1024 1280 -320 ) (-960 1280 -320 ) 
4 81 93 (0 1280 -320 ) (0 1280 -64 ) (-960 1280 -64 ) (-960 1280 -320 ) 
4 81 90 (0 1280 -64 ) (0 1280 512 ) (-64 1280 512 ) (-64 1280 -64 ) 
4 81 92 (-64 1280 512 ) (-1024 1280 512 ) (-1024 1280 -64 ) (-64 1280 -64 ) 
4 81 82 (-192 1280 -320 ) (-1024 1280 -320 ) (-1024 1472 -320 ) (-192 1472 -320 ) 
4 82 102 (-1024 1280 -336 ) (-1024 1280 -320 ) (-1024 1472 -320 ) (-1024 1472 -336 ) 
4 82 93 (-192 1280 -320 ) (-960 1280 -320 ) (-960 1280 -336 ) (-192 1280 -336 ) 
4 82 87 (-192 1280 -336 ) (-576 1280 -336 ) (-576 1344 -336 ) (-192 1344 -336 ) 
4 82 88 (-768 1280 -336 ) (-960 1280 -336 ) (-960 1344 -336 ) (-768 1344 -336 ) 
4 82 85 (-704 1408 -336 ) (-704 1344 -336 ) (-896 1344 -336 ) (-896 1408 -336 ) 
4 82 86 (-1024 1344 -336 ) (-1024 1472 -336 ) (-896 1472 -336 ) (-896 1344 -336 ) 
4 82 83 (-320 1472 -336 ) (-192 1472 -336 ) (-192 1344 -336 ) (-320 1344 -336 ) 
4 82 84 (-704 1472 -336 ) (-448 1472 -336 ) (-448 1344 -336 ) (-704 1344 -336 ) 
4 83 89 (-320 1472 -368 ) (-192 1472 -368 ) (-192 1344 -368 ) (-320 1344 -368 ) 
4 83 87 (-320 1344 -368 ) (-192 1344 -368 ) (-192 1344 -336 ) (-320 1344 -336 ) 
4 84 89 (-704 1472 -368 ) (-448 1472 -368 ) (-448 1344 -368 ) (-704 1344 -368 ) 
4 84 87 (-576 1344 -368 ) (-448 1344 -368 ) (-448 1344 -336 ) (-576 1344 -336 ) 
4 84 85 (-704 1408 -368 ) (-704 1344 -368 ) (-704 1344 -336 ) (-704 1408 -336 ) 
4 85 89 (-704 1408 -368 ) (-704 1344 -368 ) (-896 1344 -368 ) (-896 1408 -368 ) 
4 85 88 (-896 1344 -368 ) (-768 1344 -368 ) (-768 1344 -336 ) (-896 1344 -336 ) 
4 85 86 (-896 1408 -368 ) (-896 1344 -368 ) (-896 1344 -336 ) (-896 1408 -336 ) 
4 86 104 (-1024 1344 -336 ) (-1024 1440 -336 ) (-1024 1440 -368 ) (-1024 1344 -368 ) 
4 86 103 (-1024 1440 -336 ) (-1024 1472 -336 ) (-1024 1472 -368 ) (-1024 1440 -368 ) 
4 86 89 (-1024 1344 -368 ) (-1024 1472 -368 ) (-896 1472 -368 ) (-896 1344 -368 ) 
4 86 88 (-960 1344 -368 ) (-896 1344 -368 ) (-896 1344 -336 ) (-960 1344 -336 ) 
4 87 93 (-192 1280 -336 ) (-576 1280 -336 ) (-576 1280 -368 ) (-192 1280 -368 ) 
4 87 89 (-192 1280 -368 ) (-576 1280 -368 ) (-576 1344 -368 ) (-192 1344 -368 ) 
4 88 93 (-768 1280 -336 ) (-960 1280 -336 ) (-960 1280 -368 ) (-768 1280 -368 ) 
4 88 89 (-768 1280 -368 ) (-960 1280 -368 ) (-960 1344 -368 ) (-768 1344 -368 ) 
4 89 105 (-1024 1472 -448 ) (-1024 1280 -448 ) (-1024 1280 -368 ) (-1024 1472 -368 ) 
4 89 93 (-960 1280 -448 ) (-192 1280 -448 ) (-192 1280 -368 ) (-960 1280 -368 ) 
4 90 93 (-64 1280 -64 ) (0 1280 -64 ) (0 1088 -64 ) (-64 1088 -64 ) 
4 90 91 (-64 1088 512 ) (-64 1088 64 ) (0 1088 64 ) (0 1088 512 ) 
4 90 92 (-64 1280 -64 ) (-64 1088 -64 ) (-64 1088 512 ) (-64 1280 512 ) 
4 91 116 (0 1024 64 ) (0 1024 320 ) (-64 1024 320 ) (-64 1024 64 ) 
4 91 113 (0 1024 320 ) (0 1024 352 ) (-64 1024 352 ) (-64 1024 320 ) 
4 91 112 (0 1024 352 ) (0 1024 512 ) (-64 1024 512 ) (-64 1024 352 ) 
4 91 92 (-64 1024 64 ) (-64 1024 512 ) (-64 1088 512 ) (-64 1088 64 ) 
4 92 153 (-1024 1024 64 ) (-1024 1024 -64 ) (-256 1024 -64 ) (-256 1024 64 ) 
4 92 140 (-1024 1024 320 ) (-1024 1024 64 ) (-256 1024 64 ) (-256 1024 320 ) 
4 92 138 (-256 1024 -64 ) (-224 1024 -64 ) (-224 1024 64 ) (-256 1024 64 ) 
4 92 136 (-224 1024 64 ) (-224 1024 320 ) (-256 1024 320 ) (-256 1024 64 ) 
4 92 129 (-64 1024 160 ) (-64 1024 320 ) (-224 1024 320 ) (-224 1024 160 ) 
4 92 114 (-544 1024 320 ) (-224 1024 320 ) (-224 1024 352 ) (-544 1024 352 ) 
4 92 113 (-224 1024 320 ) (-64 1024 320 ) (-64 1024 352 ) (-224 1024 352 ) 
4 92 115 (-1024 1024 352 ) (-1024 1024 320 ) (-544 1024 320 ) (-544 1024 352 ) 
4 92 112 (-64 1024 512 ) (-1024 1024 512 ) (-1024 1024 352 ) (-64 1024 352 ) 
4 92 108 (-1024 1056 512 ) (-1024 1280 512 ) (-1024 1280 -64 ) (-1024 1056 -64 ) 
4 92 110 (-1024 1024 -64 ) (-1024 1024 512 ) (-1024 1056 512 ) (-1024 1056 -64 ) 
4 92 94 (-1024 1056 -64 ) (-1024 1280 -64 ) (-960 1280 -64 ) (-960 1056 -64 ) 
4 92 95 (-1024 1024 -64 ) (-1024 1056 -64 ) (-960 1056 -64 ) (-960 1024 -64 ) 
4 92 93 (-960 1280 -64 ) (-64 1280 -64 ) (-64 1024 -64 ) (-960 1024 -64 ) 
4 93 162 (-576 1024 -448 ) (-416 1024 -448 ) (-416 1024 -128 ) (-576 1024 -128 ) 
4 93 161 (-416 1024 -448 ) (-256 1024 -448 ) (-256 1024 -128 ) (-416 1024 -128 ) 
4 93 164 (-960 1024 -128 ) (-960 1024 -448 ) (-576 1024 -448 ) (-576 1024 -128 ) 
4 93 153 (-256 1024 -64 ) (-960 1024 -64 ) (-960 1024 -128 ) (-256 1024 -128 ) 
4 93 139 (-256 1024 -128 ) (-256 1024 -448 ) (-224 1024 -448 ) (-224 1024 -128 ) 
4 93 138 (-224 1024 -64 ) (-256 1024 -64 ) (-256 1024 -128 ) (-224 1024 -128 ) 
4 93 130 (-224 1024 -128 ) (-224 1024 -448 ) (-64 1024 -448 ) (-64 1024 -128 ) 
4 93 128 (0 1024 -448 ) (0 1024 -64 ) (-64 1024 -64 ) (-64 1024 -448 ) 
4 93 99 (-128 1024 -448 ) (-960 1024 -448 ) (-960 1280 -448 ) (-128 1280 -448 ) 
4 93 96 (0 1024 -448 ) (-128 1024 -448 ) (-128 1280 -448 ) (0 1280 -448 ) 
4 93 94 (-960 1056 -64 ) (-960 1280 -64 ) (-960 1280 -320 ) (-960 1056 -320 ) 
4 93 95 (-960 1024 -64 ) (-960 1056 -64 ) (-960 1056 -448 ) (-960 1024 -448 ) 
4 94 108 (-1024 1056 -320 ) (-1024 1056 -64 ) (-1024 1280 -64 ) (-1024 1280 -320 ) 
4 94 95 (-960 1056 -320 ) (-960 1056 -64 ) (-1024 1056 -64 ) (-1024 1056 -320 ) 
4 95 164 (-1024 1024 -128 ) (-1024 1024 -448 ) (-960 1024 -448 ) (-960 1024 -128 ) 
4 95 153 (-960 1024 -64 ) (-1024 1024 -64 ) (-1024 1024 -128 ) (-960 1024 -128 ) 
4 95 110 (-1024 1056 -448 ) (-1024 1024 -448 ) (-1024 1024 -64 ) (-1024 1056 -64 ) 
4 95 101 (-960 1024 -448 ) (-1024 1024 -448 ) (-1024 1056 -448 ) (-960 1056 -448 ) 
4 96 130 (-64 1024 -448 ) (-128 1024 -448 ) (-128 1024 -768 ) (-64 1024 -768 ) 
4 96 128 (0 1024 -768 ) (0 1024 -448 ) (-64 1024 -448 ) (-64 1024 -768 ) 
4 96 98 (-128 1472 -768 ) (-128 1280 -768 ) (-128 1280 -512 ) (-128 1472 -512 ) 
4 96 97 (-128 1536 -448 ) (-128 1536 -768 ) (-128 1472 -768 ) (-128 1472 -448 ) 
4 96 99 (-128 1280 -768 ) (-128 1024 -768 ) (-128 1024 -448 ) (-128 1280 -448 ) 
4 97 100 (-960 1536 -512 ) (-960 1536 -768 ) (-960 1472 -768 ) (-960 1472 -512 ) 
4 97 98 (-960 1472 -512 ) (-960 1472 -768 ) (-128 1472 -768 ) (-128 1472 -512 ) 
4 98 100 (-960 1472 -768 ) (-960 1280 -768 ) (-960 1280 -512 ) (-960 1472 -512 ) 
4 98 99 (-960 1280 -512 ) (-960 1280 -768 ) (-128 1280 -768 ) (-128 1280 -512 ) 
4 99 162 (-416 1024 -448 ) (-576 1024 -448 ) (-576 1024 -768 ) (-416 1024 -768 ) 
4 99 161 (-256 1024 -448 ) (-416 1024 -448 ) (-416 1024 -768 ) (-256 1024 -768 ) 
4 99 164 (-576 1024 -448 ) (-960 1024 -448 ) (-960 1024 -768 ) (-576 1024 -768 ) 
4 99 139 (-224 1024 -448 ) (-256 1024 -448 ) (-256 1024 -768 ) (-224 1024 -768 ) 
4 99 130 (-128 1024 -448 ) (-224 1024 -448 ) (-224 1024 -768 ) (-128 1024 -768 ) 
4 99 101 (-960 1280 -768 ) (-960 1024 -768 ) (-960 1024 -448 ) (-960 1280 -448 ) 
4 100 106 (-1024 1536 -768 ) (-1024 1280 -768 ) (-1024 1280 -512 ) (-1024 1536 -512 ) 
4 100 101 (-1024 1280 -768 ) (-960 1280 -768 ) (-960 1280 -512 ) (-1024 1280 -512 ) 
4 101 164 (-960 1024 -448 ) (-1024 1024 -448 ) (-1024 1024 -768 ) (-960 1024 -768 ) 
4 101 109 (-1024 1280 -768 ) (-1024 1056 -768 ) (-1024 1056 -448 ) (-1024 1280 -448 ) 
4 101 110 (-1024 1056 -768 ) (-1024 1024 -768 ) (-1024 1024 -448 ) (-1024 1056 -448 ) 
4 102 108 (-1024 1280 -320 ) (-1024 1280 512 ) (-1152 1280 512 ) (-1152 1280 -320 ) 
4 102 107 (-1152 1536 512 ) (-1152 1536 -336 ) (-1152 1280 -336 ) (-1152 1280 512 ) 
4 102 104 (-1152 1344 -336 ) (-1152 1440 -336 ) (-1024 1440 -336 ) (-1024 1344 -336 ) 
4 102 103 (-1088 1536 -336 ) (-1024 1536 -336 ) (-1024 1440 -336 ) (-1088 1440 -336 ) 
4 103 105 (-1088 1536 -368 ) (-1024 1536 -368 ) (-1024 1440 -368 ) (-1088 1440 -368 ) 
4 103 104 (-1088 1440 -368 ) (-1024 1440 -368 ) (-1024 1440 -336 ) (-1088 1440 -336 ) 
4 104 107 (-1152 1440 -368 ) (-1152 1344 -368 ) (-1152 1344 -336 ) (-1152 1440 -336 ) 
4 104 105 (-1152 1344 -368 ) (-1152 1440 -368 ) (-1024 1440 -368 ) (-1024 1344 -368 ) 
4 105 107 (-1152 1536 -368 ) (-1152 1536 -448 ) (-1152 1280 -448 ) (-1152 1280 -368 ) 
4 106 109 (-1152 1280 -768 ) (-1024 1280 -768 ) (-1024 1280 -512 ) (-1152 1280 -512 ) 
4 106 107 (-1152 1536 -512 ) (-1152 1536 -768 ) (-1152 1280 -768 ) (-1152 1280 -512 ) 
4 107 108 (-1152 1280 -320 ) (-1152 1280 512 ) (-1344 1280 512 ) (-1344 1280 -320 ) 
4 107 109 (-1344 1280 -768 ) (-1152 1280 -768 ) (-1152 1280 -448 ) (-1344 1280 -448 ) 
4 107 111 (-1536 1280 -768 ) (-1344 1280 -768 ) (-1344 1280 512 ) (-1536 1280 512 ) 
4 108 111 (-1344 1280 512 ) (-1344 1280 -320 ) (-1344 1056 -320 ) (-1344 1056 512 ) 
4 108 110 (-1344 1056 512 ) (-1344 1056 -320 ) (-1024 1056 -320 ) (-1024 1056 512 ) 
4 109 110 (-1344 1056 -448 ) (-1344 1056 -768 ) (-1024 1056 -768 ) (-1024 1056 -448 ) 
4 109 111 (-1344 1280 -448 ) (-1344 1280 -768 ) (-1344 1056 -768 ) (-1344 1056 -448 ) 
4 110 246 (-1344 1024 -768 ) (-1024 1024 -768 ) (-1024 1024 512 ) (-1344 1024 512 ) 
4 110 111 (-1344 1056 -768 ) (-1344 1024 -768 ) (-1344 1024 512 ) (-1344 1056 512 ) 
4 111 246 (-1536 1024 -768 ) (-1344 1024 -768 ) (-1344 1024 512 ) (-1536 1024 512 ) 
4 112 246 (-1024 1024 512 ) (-1024 1024 352 ) (-1024 800 352 ) (-1024 800 512 ) 
4 112 188 (-768 800 512 ) (-1024 800 512 ) (-1024 800 352 ) (-768 800 352 ) 
4 112 182 (-416 800 512 ) (-768 800 512 ) (-768 800 352 ) (-416 800 352 ) 
4 112 165 (0 800 352 ) (0 800 512 ) (-416 800 512 ) (-416 800 352 ) 
4 112 114 (-544 992 352 ) (-544 1024 352 ) (-224 1024 352 ) (-224 992 352 ) 
4 112 113 (0 800 352 ) (-224 800 352 ) (-224 1024 352 ) (0 1024 352 ) 
4 112 115 (-544 800 352 ) (-1024 800 352 ) (-1024 1024 352 ) (-544 1024 352 ) 
4 113 165 (0 800 320 ) (0 800 352 ) (-224 800 352 ) (-224 800 320 ) 
4 113 134 (-160 800 320 ) (-224 800 320 ) (-224 992 320 ) (-160 992 320 ) 
4 113 133 (-128 800 320 ) (-160 800 320 ) (-160 992 320 ) (-128 992 320 ) 
4 113 131 (-64 800 320 ) (-128 800 320 ) (-128 992 320 ) (-64 992 320 ) 
4 113 129 (-224 992 320 ) (-224 1024 320 ) (-64 1024 320 ) (-64 992 320 ) 
4 113 125 (0 800 320 ) (-64 800 320 ) (-64 868 320 ) (0 868 320 ) 
4 113 124 (-64 868 320 ) (-64 896 320 ) (-56 896 320 ) (-56 868 320 ) 
4 113 121 (-8 880 320 ) (-8 868 320 ) (-56 868 320 ) (-56 880 320 ) 
4 113 120 (-56 896 320 ) (-8 896 320 ) (-8 880 320 ) (-56 880 320 ) 
4 113 119 (-8 896 320 ) (0 896 320 ) (0 868 320 ) (-8 868 320 ) 
4 113 117 (-64 896 320 ) (-64 1016 320 ) (0 1016 320 ) (0 896 320 ) 
4 113 116 (-64 1016 320 ) (-64 1024 320 ) (0 1024 320 ) (0 1016 320 ) 
4 113 114 (-224 1024 320 ) (-224 992 320 ) (-224 992 352 ) (-224 1024 352 ) 
4 114 140 (-544 992 320 ) (-544 1024 320 ) (-256 1024 320 ) (-256 992 320 ) 
4 114 136 (-256 1024 320 ) (-224 1024 320 ) (-224 992 320 ) (-256 992 320 ) 
4 114 115 (-544 1024 320 ) (-544 992 320 ) (-544 992 352 ) (-544 1024 352 ) 
4 115 246 (-1024 1024 352 ) (-1024 1024 320 ) (-1024 800 320 ) (-1024 800 352 ) 
4 115 188 (-768 800 352 ) (-1024 800 352 ) (-1024 800 320 ) (-768 800 320 ) 
4 115 182 (-544 800 352 ) (-768 800 352 ) (-768 800 320 ) (-544 800 320 ) 
4 115 152 (-544 800 320 ) (-1024 800 320 ) (-1024 840 320 ) (-544 840 320 ) 
4 115 141 (-1024 840 320 ) (-1024 864 320 ) (-544 864 320 ) (-544 840 320 ) 
4 115 140 (-1024 864 320 ) (-1024 1024 320 ) (-544 1024 320 ) (-544 864 320 ) 
4 116 129 (-64 1016 320 ) (-64 1024 320 ) (-64 1024 160 ) (-64 1016 160 ) 
3 116 118 (-64 1016 224 ) (-64 1016 192 ) (-32 1016 224 ) 
4 116 117 (-64 1016 320 ) (-64 1016 224 ) (0 1016 224 ) (0 1016 320 ) 
4 117 131 (-64 896 320 ) (-64 992 320 ) (-64 992 224 ) (-64 896 224 ) 
4 117 129 (-64 992 320 ) (-64 1016 320 ) (-64 1016 224 ) (-64 992 224 ) 
4 117 124 (-64 896 320 ) (-64 896 224 ) (-56 896 224 ) (-56 896 320 ) 
4 117 120 (-56 896 224 ) (-8 896 224 ) (-8 896 320 ) (-56 896 320 ) 
4 117 119 (-8 896 224 ) (0 896 224 ) (0 896 320 ) (-8 896 320 ) 
4 117 118 (-32 896 224 ) (-64 896 224 ) (-64 1016 224 ) (-32 1016 224 ) 
4 118 131 (-64 992 192 ) (-64 896 192 ) (-64 896 224 ) (-64 992 224 ) 
4 118 129 (-64 1016 224 ) (-64 1016 192 ) (-64 992 192 ) (-64 992 224 ) 
4 118 124 (-64 896 224 ) (-64 896 192 ) (-56 896 200 ) (-56 896 224 ) 
3 118 120 (-56 896 200 ) (-32 896 224 ) (-56 896 224 ) 
4 119 125 (0 868 176 ) (0 868 320 ) (-8 868 320 ) (-8 868 176 ) 
4 119 121 (-8 880 176 ) (-8 868 176 ) (-8 868 320 ) (-8 880 320 ) 
4 119 120 (-8 896 320 ) (-8 896 176 ) (-8 880 176 ) (-8 880 320 ) 
4 120 124 (-56 896 320 ) (-56 896 176 ) (-56 880 176 ) (-56 880 320 ) 
4 120 122 (-56 880 144 ) (-56 896 144 ) (-8 896 144 ) (-8 880 144 ) 
4 120 121 (-56 880 320 ) (-56 880 176 ) (-8 880 176 ) (-8 880 320 ) 
4 121 125 (-8 868 176 ) (-8 868 320 ) (-56 868 320 ) (-56 868 176 ) 
4 121 124 (-56 868 176 ) (-56 868 320 ) (-56 880 320 ) (-56 880 176 ) 
4 123 126 (-56 868 64 ) (-8 868 64 ) (-8 868 96 ) (-56 868 96 ) 
4 123 125 (-8 868 96 ) (-8 868 144 ) (-56 868 144 ) (-56 868 96 ) 
4 124 131 (-64 868 320 ) (-64 896 320 ) (-64 896 176 ) (-64 868 176 ) 
4 124 125 (-64 868 320 ) (-64 868 176 ) (-56 868 176 ) (-56 868 320 ) 
4 125 165 (0 800 96 ) (0 800 320 ) (-64 800 320 ) (-64 800 96 ) 
4 125 131 (-64 800 128 ) (-64 800 320 ) (-64 868 320 ) (-64 868 139.333344 ) 
4 125 127 (0 800 96 ) (-64 800 96 ) (-64 808 96 ) (0 808 96 ) 
4 125 126 (-64 808 96 ) (-64 868 96 ) (0 868 96 ) (0 808 96 ) 
4 126 127 (-64 808 64 ) (0 808 64 ) (0 808 96 ) (-64 808 96 ) 
4 127 165 (0 800 64 ) (0 800 96 ) (-64 800 96 ) (-64 800 64 ) 
4 128 245 (0 800 -768 ) (0 800 -192 ) (-64 800 -192 ) (-64 800 -768 ) 
4 128 135 (-64 800 -768 ) (-64 800 -128 ) (-64 992 -128 ) (-64 992 -768 ) 
4 128 132 (-64 800 -128 ) (-64 800 -64 ) (-64 992 -64 ) (-64 992 -128 ) 
4 128 130 (-64 1024 -128 ) (-64 1024 -768 ) (-64 992 -768 ) (-64 992 -128 ) 
4 129 136 (-224 992 160 ) (-224 992 320 ) (-224 1024 320 ) (-224 1024 160 ) 
4 129 134 (-224 992 320 ) (-224 992 160 ) (-160 992 160 ) (-160 992 320 ) 
4 129 133 (-160 992 160 ) (-128 992 160 ) (-128 992 320 ) (-160 992 320 ) 
4 129 131 (-128 992 160 ) (-64 992 160 ) (-64 992 320 ) (-128 992 320 ) 
4 130 139 (-224 992 -768 ) (-224 992 -128 ) (-224 1024 -128 ) (-224 1024 -768 ) 
4 130 135 (-224 992 -128 ) (-224 992 -768 ) (-64 992 -768 ) (-64 992 -128 ) 
4 131 165 (-64 800 128 ) (-64 800 320 ) (-128 800 320 ) (-128 800 128 ) 
4 131 133 (-128 992 320 ) (-128 992 160 ) (-128 800 128 ) (-128 800 320 ) 
4 132 135 (-128 992 -128 ) (-64 992 -128 ) (-64 800 -128 ) (-128 800 -128 ) 
4 133 165 (-128 800 320 ) (-160 800 320 ) (-160 800 128 ) (-128 800 128 ) 
4 133 134 (-160 992 320 ) (-160 992 128 ) (-160 800 128 ) (-160 800 320 ) 
4 134 165 (-160 800 320 ) (-224 800 320 ) (-224 800 64 ) (-160 800 64 ) 
4 134 137 (-224 864 320 ) (-224 960 320 ) (-224 960 90.666664 ) (-224 864 74.666656 ) 
4 135 245 (-64 800 -768 ) (-64 800 -192 ) (-224 800 -192 ) (-224 800 -768 ) 
4 135 139 (-224 800 -768 ) (-224 800 -128 ) (-224 992 -128 ) (-224 992 -768 ) 
4 136 140 (-256 992 320 ) (-256 1024 320 ) (-256 1024 64 ) (-256 992 64 ) 
4 136 138 (-256 992 64 ) (-256 1024 64 ) (-224 1024 64 ) (-224 992 64 ) 
4 138 153 (-256 992 64 ) (-256 1024 64 ) (-256 1024 -128 ) (-256 992 -128 ) 
4 138 139 (-256 992 -128 ) (-256 1024 -128 ) (-224 1024 -128 ) (-224 992 -128 ) 
4 139 245 (-224 800 -768 ) (-224 800 -192 ) (-256 800 -192 ) (-256 800 -768 ) 
4 139 161 (-256 800 -768 ) (-256 800 -128 ) (-256 1024 -128 ) (-256 1024 -768 ) 
4 140 246 (-1024 1024 320 ) (-1024 1024 64 ) (-1024 864 64 ) (-1024 864 320 ) 
4 140 154 (-544 864 64 ) (-1024 864 64 ) (-1024 992 64 ) (-544 992 64 ) 
4 140 153 (-256 1024 64 ) (-256 992 64 ) (-1024 992 64 ) (-1024 1024 64 ) 
4 140 141 (-1024 864 64 ) (-544 864 64 ) (-544 864 320 ) (-1024 864 320 ) 
4 141 246 (-1024 864 64 ) (-1024 840 64 ) (-1024 840 320 ) (-1024 864 320 ) 
4 141 154 (-544 840 64 ) (-1024 840 64 ) (-1024 864 64 ) (-544 864 64 ) 
4 141 152 (-1024 840 64 ) (-544 840 64 ) (-544 840 320 ) (-1024 840 320 ) 
4 142 146 (-320 824 208 ) (-256 824 208 ) (-256 824 320 ) (-320 824 320 ) 
4 143 149 (-480 824 320 ) (-480 824 208 ) (-352 824 208 ) (-352 824 320 ) 
4 144 147 (-352 824 144 ) (-320 824 144 ) (-320 824 192 ) (-352 824 192 ) 
4 144 146 (-320 824 144 ) (-264 824 144 ) (-264 824 192 ) (-320 824 192 ) 
4 144 149 (-472 824 144 ) (-352 824 144 ) (-352 824 192 ) (-472 824 192 ) 
4 145 147 (-352 824 120 ) (-320 824 120 ) (-320 824 128 ) (-352 824 128 ) 
4 145 146 (-320 824 120 ) (-256 824 120 ) (-256 824 128 ) (-320 824 128 ) 
4 145 149 (-480 824 128 ) (-480 824 120 ) (-352 824 120 ) (-352 824 128 ) 
4 146 147 (-320 824 208 ) (-320 824 120 ) (-320 816 116 ) (-320 816 216 ) 
4 146 148 (-320 816 116 ) (-320 808 112 ) (-320 808 320 ) (-320 816 320 ) 
4 146 150 (-320 808 112 ) (-256 808 112 ) (-256 808 320 ) (-320 808 320 ) 
4 147 148 (-352 816 216 ) (-352 816 116 ) (-320 816 116 ) (-320 816 216 ) 
4 147 149 (-352 824 208 ) (-352 824 120 ) (-352 816 116 ) (-352 816 216 ) 
4 148 150 (-352 808 112 ) (-320 808 112 ) (-320 808 320 ) (-352 808 320 ) 
4 148 149 (-352 816 116 ) (-352 808 112 ) (-352 808 320 ) (-352 816 320 ) 
4 149 150 (-480 808 320 ) (-480 808 112 ) (-352 808 112 ) (-352 808 320 ) 
4 150 182 (-416 800 320 ) (-480 800 320 ) (-480 800 96 ) (-416 800 96 ) 
4 150 165 (-256 800 96 ) (-256 800 320 ) (-416 800 320 ) (-416 800 96 ) 
4 150 151 (-480 800 96 ) (-480 804 96 ) (-256 804 96 ) (-256 800 96 ) 
4 151 182 (-416 800 96 ) (-480 800 96 ) (-480 800 64 ) (-416 800 64 ) 
4 151 165 (-256 800 64 ) (-256 800 96 ) (-416 800 96 ) (-416 800 64 ) 
4 152 246 (-1024 840 64 ) (-1024 800 64 ) (-1024 800 320 ) (-1024 840 320 ) 
4 152 188 (-768 800 320 ) (-1024 800 320 ) (-1024 800 64 ) (-768 800 64 ) 
4 152 182 (-512 800 320 ) (-768 800 320 ) (-768 800 64 ) (-512 800 64 ) 
4 152 154 (-544 800 64 ) (-1024 800 64 ) (-1024 840 64 ) (-544 840 64 ) 
4 153 246 (-1024 1024 64 ) (-1024 1024 -128 ) (-1024 992 -128 ) (-1024 992 64 ) 
4 153 162 (-576 1024 -128 ) (-416 1024 -128 ) (-416 992 -128 ) (-576 992 -128 ) 
4 153 161 (-416 1024 -128 ) (-256 1024 -128 ) (-256 992 -128 ) (-416 992 -128 ) 
4 153 164 (-1024 1024 -128 ) (-576 1024 -128 ) (-576 992 -128 ) (-1024 992 -128 ) 
4 153 159 (-576 992 -128 ) (-528 992 -128 ) (-528 992 -64 ) (-576 992 -64 ) 
4 153 160 (-1024 992 -128 ) (-576 992 -128 ) (-576 992 -64 ) (-1024 992 -64 ) 
4 153 157 (-528 992 -128 ) (-464 992 -128 ) (-464 992 -100 ) (-528 992 -100 ) 
4 153 156 (-464 992 -100 ) (-464 992 -64 ) (-528 992 -64 ) (-528 992 -100 ) 
4 153 155 (-464 992 -128 ) (-416 992 -128 ) (-416 992 -64 ) (-464 992 -64 ) 
4 153 154 (-544 992 64 ) (-1024 992 64 ) (-1024 992 -64 ) (-544 992 -64 ) 
4 154 246 (-1024 800 -64 ) (-1024 800 64 ) (-1024 992 64 ) (-1024 992 -64 ) 
4 154 188 (-768 800 64 ) (-1024 800 64 ) (-1024 800 -64 ) (-768 800 -64 ) 
4 154 182 (-544 800 64 ) (-768 800 64 ) (-768 800 -64 ) (-544 800 -64 ) 
4 154 159 (-576 992 -64 ) (-544 992 -64 ) (-544 816 -64 ) (-576 816 -64 ) 
4 154 160 (-1024 992 -64 ) (-576 992 -64 ) (-576 800 -64 ) (-1024 800 -64 ) 
4 155 162 (-464 816 -128 ) (-464 992 -128 ) (-416 992 -128 ) (-416 816 -128 ) 
4 155 157 (-464 992 -100 ) (-464 992 -128 ) (-464 816 -128 ) (-464 816 -100 ) 
4 155 156 (-464 816 -64 ) (-464 992 -64 ) (-464 992 -100 ) (-464 816 -100 ) 
4 156 159 (-528 816 -64 ) (-528 992 -64 ) (-528 992 -100 ) (-528 816 -100 ) 
4 156 157 (-528 816 -100 ) (-528 992 -100 ) (-464 992 -100 ) (-464 816 -100 ) 
4 157 162 (-528 816 -128 ) (-528 992 -128 ) (-464 992 -128 ) (-464 816 -128 ) 
4 157 159 (-528 992 -100 ) (-528 992 -128 ) (-528 816 -128 ) (-528 816 -100 ) 
4 158 190 (-528 800 -100 ) (-528 800 -128 ) (-464 800 -128 ) (-464 800 -100 ) 
4 159 162 (-576 816 -128 ) (-576 992 -128 ) (-528 992 -128 ) (-528 816 -128 ) 
4 159 160 (-576 816 -64 ) (-576 992 -64 ) (-576 992 -128 ) (-576 816 -128 ) 
4 160 246 (-1024 992 -128 ) (-1024 800 -128 ) (-1024 800 -64 ) (-1024 992 -64 ) 
4 160 198 (-1024 800 -80 ) (-1024 800 -128 ) (-896 800 -128 ) (-896 800 -80 ) 
4 160 194 (-752 800 -128 ) (-592 800 -128 ) (-592 800 -92 ) (-752 800 -92 ) 
4 160 189 (-896 800 -64 ) (-1024 800 -64 ) (-1024 800 -80 ) (-896 800 -80 ) 
4 160 184 (-608 800 -64 ) (-736 800 -64 ) (-736 800 -68 ) (-608 800 -68 ) 
4 160 164 (-576 800 -128 ) (-1024 800 -128 ) (-1024 992 -128 ) (-576 992 -128 ) 
4 161 245 (-256 800 -768 ) (-256 800 -192 ) (-416 800 -192 ) (-416 800 -768 ) 
4 161 163 (-416 816 -768 ) (-416 800 -768 ) (-416 800 -192 ) (-416 816 -192 ) 
4 161 162 (-416 1024 -768 ) (-416 816 -768 ) (-416 816 -128 ) (-416 1024 -128 ) 
4 162 163 (-576 816 -192 ) (-576 816 -768 ) (-416 816 -768 ) (-416 816 -192 ) 
4 162 164 (-576 1024 -768 ) (-576 816 -768 ) (-576 816 -128 ) (-576 1024 -128 ) 
4 163 245 (-576 800 -192 ) (-576 800 -768 ) (-416 800 -768 ) (-416 800 -192 ) 
4 163 164 (-576 816 -768 ) (-576 800 -768 ) (-576 800 -192 ) (-576 816 -192 ) 
4 164 246 (-1024 1024 -128 ) (-1024 1024 -768 ) (-1024 800 -768 ) (-1024 800 -128 ) 
4 164 245 (-1024 800 -192 ) (-1024 800 -768 ) (-576 800 -768 ) (-576 800 -192 ) 
4 164 242 (-896 800 -128 ) (-1024 800 -128 ) (-1024 800 -192 ) (-896 800 -192 ) 
4 165 182 (-416 800 512 ) (-416 800 64 ) (-416 768 64 ) (-416 768 512 ) 
4 165 173 (-416 768 512 ) (-416 768 64 ) (0 768 64 ) (0 768 512 ) 
4 165 166 (0 768 64 ) (-128 768 64 ) (-128 800 64 ) (0 800 64 ) 
4 166 173 (-128 768 48 ) (0 768 48 ) (0 768 64 ) (-128 768 64 ) 
4 166 168 (0 768 48 ) (-128 768 48 ) (-128 800 48 ) (0 800 48 ) 
4 167 173 (-224 768 48 ) (-160 768 48 ) (-160 768 56 ) (-224 768 56 ) 
4 167 169 (-160 768 48 ) (-224 768 48 ) (-224 800 48 ) (-160 800 48 ) 
4 168 173 (-128 768 -64 ) (0 768 -64 ) (0 768 48 ) (-128 768 48 ) 
4 169 173 (-224 768 -64 ) (-160 768 -64 ) (-160 768 48 ) (-224 768 48 ) 
4 169 171 (-160 768 -64 ) (-224 768 -64 ) (-224 800 -64 ) (-160 800 -64 ) 
4 170 173 (-384 768 -64 ) (-256 768 -64 ) (-256 768 48 ) (-384 768 48 ) 
4 170 172 (-256 768 -64 ) (-384 768 -64 ) (-384 784 -64 ) (-256 784 -64 ) 
4 171 176 (-224 768 -128 ) (-160 768 -128 ) (-160 768 -80 ) (-224 768 -80 ) 
4 171 174 (-160 768 -80 ) (-160 768 -64 ) (-224 768 -64 ) (-224 768 -80 ) 
4 172 175 (-256 768 -68 ) (-256 768 -64 ) (-384 768 -64 ) (-384 768 -68 ) 
4 173 209 (-384 640 -64 ) (-256 640 -64 ) (-256 640 48 ) (-384 640 48 ) 
4 173 206 (-240 640 64 ) (-224 640 64 ) (-224 640 96 ) (-240 640 96 ) 
4 173 203 (-240 640 512 ) (-416 640 512 ) (-416 640 96 ) (-240 640 96 ) 
4 173 202 (-224 640 512 ) (-240 640 512 ) (-240 640 96 ) (-224 640 96 ) 
4 173 201 (-224 640 64 ) (-224 640 -32 ) (-128 640 -32 ) (-128 640 64 ) 
4 173 200 (-128 640 512 ) (-224 640 512 ) (-224 640 64 ) (-128 640 64 ) 
4 173 199 (0 640 -64 ) (0 640 512 ) (-128 640 512 ) (-128 640 -64 ) 
4 173 185 (-416 640 -64 ) (-416 640 512 ) (-416 672 512 ) (-416 672 -64 ) 
4 173 182 (-416 672 512 ) (-416 768 512 ) (-416 768 -64 ) (-416 672 -64 ) 
4 173 175 (-256 640 -64 ) (-384 640 -64 ) (-384 768 -64 ) (-256 768 -64 ) 
4 173 174 (-128 640 -64 ) (-224 640 -64 ) (-224 768 -64 ) (-128 768 -64 ) 
4 174 176 (-128 640 -80 ) (-224 640 -80 ) (-224 768 -80 ) (-128 768 -80 ) 
4 175 213 (-256 640 -64 ) (-384 640 -64 ) (-384 640 -68 ) (-256 640 -68 ) 
4 176 177 (-224 656 -80 ) (-224 752 -80 ) (-224 752 -128 ) (-224 656 -128 ) 
4 177 179 (-240 656 -80 ) (-240 752 -80 ) (-240 752 -128 ) (-240 656 -128 ) 
4 178 179 (-400 756 -92 ) (-400 756 -128 ) (-240 756 -128 ) (-240 756 -92 ) 
4 179 181 (-400 656 -80 ) (-400 752 -80 ) (-400 752 -128 ) (-400 656 -128 ) 
4 179 180 (-400 652 -88 ) (-400 652 -128 ) (-240 652 -128 ) (-240 652 -88 ) 
4 181 192 (-416 672 -128 ) (-416 656 -128 ) (-416 656 -80 ) (-416 672 -80 ) 
4 181 190 (-416 752 -128 ) (-416 672 -128 ) (-416 672 -80 ) (-416 752 -80 ) 
4 182 188 (-768 800 512 ) (-768 800 -64 ) (-768 672 -64 ) (-768 672 512 ) 
4 182 187 (-576 672 -64 ) (-544 672 -64 ) (-544 672 0 ) (-576 672 0 ) 
4 182 186 (-768 672 512 ) (-768 672 0 ) (-544 672 0 ) (-544 672 512 ) 
4 182 185 (-544 672 -64 ) (-416 672 -64 ) (-416 672 512 ) (-544 672 512 ) 
4 182 184 (-608 672 -64 ) (-736 672 -64 ) (-736 800 -64 ) (-608 800 -64 ) 
4 182 183 (-416 672 -64 ) (-576 672 -64 ) (-576 800 -64 ) (-416 800 -64 ) 
4 183 190 (-576 800 -80 ) (-416 800 -80 ) (-416 672 -80 ) (-576 672 -80 ) 
4 183 187 (-576 672 -80 ) (-544 672 -80 ) (-544 672 -64 ) (-576 672 -64 ) 
4 183 185 (-544 672 -80 ) (-416 672 -80 ) (-416 672 -64 ) (-544 672 -64 ) 
4 185 210 (-416 640 -32 ) (-416 640 48 ) (-544 640 48 ) (-544 640 -32 ) 
4 185 207 (-448 640 96 ) (-544 640 96 ) (-544 640 64 ) (-448 640 64 ) 
4 185 203 (-416 640 96 ) (-416 640 512 ) (-448 640 512 ) (-448 640 96 ) 
4 185 205 (-448 640 512 ) (-544 640 512 ) (-544 640 96 ) (-448 640 96 ) 
4 185 192 (-416 672 -80 ) (-416 640 -80 ) (-544 640 -80 ) (-544 672 -80 ) 
4 185 187 (-544 672 0 ) (-544 672 -80 ) (-544 640 -80 ) (-544 640 0 ) 
4 185 186 (-544 640 512 ) (-544 672 512 ) (-544 672 0 ) (-544 640 0 ) 
4 186 211 (-768 640 48 ) (-768 640 0 ) (-544 640 0 ) (-544 640 48 ) 
4 186 208 (-768 640 64 ) (-768 640 48 ) (-544 640 48 ) (-544 640 64 ) 
4 186 207 (-768 640 96 ) (-768 640 64 ) (-544 640 64 ) (-544 640 96 ) 
4 186 205 (-544 640 512 ) (-768 640 512 ) (-768 640 96 ) (-544 640 96 ) 
4 186 188 (-768 640 0 ) (-768 640 512 ) (-768 672 512 ) (-768 672 0 ) 
3 186 187 (-576 672 0 ) (-544 672 0 ) (-544 640 0 ) 
3 187 193 (-544 640 -80 ) (-576 672 -80 ) (-544 672 -80 ) 
4 188 246 (-1024 800 512 ) (-1024 800 -64 ) (-1024 640 -64 ) (-1024 640 512 ) 
4 188 212 (-1024 640 48 ) (-1024 640 -64 ) (-768 640 -64 ) (-768 640 48 ) 
4 188 208 (-1024 640 64 ) (-1024 640 48 ) (-768 640 48 ) (-768 640 64 ) 
4 188 207 (-1024 640 96 ) (-1024 640 64 ) (-768 640 64 ) (-768 640 96 ) 
4 188 205 (-1024 640 512 ) (-1024 640 96 ) (-768 640 96 ) (-768 640 512 ) 
4 188 189 (-1024 800 -64 ) (-896 800 -64 ) (-896 640 -64 ) (-1024 640 -64 ) 
4 189 246 (-1024 800 -64 ) (-1024 800 -80 ) (-1024 640 -80 ) (-1024 640 -64 ) 
4 189 215 (-1024 640 -64 ) (-1024 640 -80 ) (-896 640 -80 ) (-896 640 -64 ) 
4 189 198 (-1024 800 -80 ) (-896 800 -80 ) (-896 640 -80 ) (-1024 640 -80 ) 
4 190 241 (-576 800 -128 ) (-416 800 -128 ) (-416 672 -128 ) (-576 672 -128 ) 
4 190 193 (-576 672 -128 ) (-544 672 -128 ) (-544 672 -80 ) (-576 672 -80 ) 
4 190 192 (-544 672 -128 ) (-416 672 -128 ) (-416 672 -80 ) (-544 672 -80 ) 
4 190 191 (-576 784 -128 ) (-576 688 -128 ) (-576 688 -80 ) (-576 784 -80 ) 
4 191 195 (-592 784 -128 ) (-592 688 -128 ) (-592 688 -80 ) (-592 784 -80 ) 
4 192 241 (-416 672 -128 ) (-416 640 -128 ) (-544 640 -128 ) (-544 672 -128 ) 
4 192 214 (-512 640 -128 ) (-448 640 -128 ) (-448 640 -100 ) (-512 640 -100 ) 
4 192 193 (-544 672 -80 ) (-544 672 -128 ) (-544 640 -128 ) (-544 640 -80 ) 
3 193 241 (-544 640 -128 ) (-576 672 -128 ) (-544 672 -128 ) 
4 194 195 (-752 788 -92 ) (-752 788 -128 ) (-592 788 -128 ) (-592 788 -92 ) 
4 195 197 (-752 784 -128 ) (-752 688 -128 ) (-752 688 -80 ) (-752 784 -80 ) 
4 195 196 (-752 684 -88 ) (-752 684 -128 ) (-592 684 -128 ) (-592 684 -88 ) 
4 198 246 (-1024 800 -80 ) (-1024 800 -128 ) (-1024 640 -128 ) (-1024 640 -80 ) 
4 198 242 (-1024 640 -128 ) (-1024 800 -128 ) (-896 800 -128 ) (-896 640 -128 ) 
4 198 215 (-1024 640 -128 ) (-896 640 -128 ) (-896 640 -80 ) (-1024 640 -80 ) 
4 199 231 (-72 608 -64 ) (-24 608 -64 ) (-24 608 64 ) (-72 608 64 ) 
4 199 230 (-24 608 -64 ) (0 608 -64 ) (0 608 64 ) (-24 608 64 ) 
4 199 233 (-128 608 -64 ) (-72 608 -64 ) (-72 608 64 ) (-128 608 64 ) 
4 199 223 (0 608 64 ) (0 608 88 ) (-128 608 88 ) (-128 608 64 ) 
4 199 220 (-16 608 208 ) (-128 608 208 ) (-128 608 88 ) (-16 608 88 ) 
4 199 219 (0 608 88 ) (0 608 208 ) (-16 608 208 ) (-16 608 88 ) 
4 199 217 (0 608 208 ) (0 608 224 ) (-128 608 224 ) (-128 608 208 ) 
4 199 216 (0 608 224 ) (0 608 512 ) (-128 608 512 ) (-128 608 224 ) 
4 199 201 (-128 640 64 ) (-128 640 -32 ) (-128 624 32 ) (-128 624 64 ) 
4 199 200 (-128 640 512 ) (-128 640 64 ) (-128 608 64 ) (-128 608 512 ) 
4 200 227 (-224 608 224 ) (-224 608 64 ) (-168 608 64 ) (-168 608 224 ) 
4 200 226 (-168 608 512 ) (-224 608 512 ) (-224 608 224 ) (-168 608 224 ) 
4 200 223 (-128 608 64 ) (-128 608 88 ) (-168 608 88 ) (-168 608 64 ) 
4 200 220 (-128 608 88 ) (-128 608 208 ) (-152 608 208 ) (-152 608 88 ) 
4 200 221 (-152 608 208 ) (-168 608 208 ) (-168 608 88 ) (-152 608 88 ) 
4 200 217 (-128 608 208 ) (-128 608 224 ) (-168 608 224 ) (-168 608 208 ) 
4 200 216 (-128 608 224 ) (-128 608 512 ) (-168 608 512 ) (-168 608 224 ) 
4 200 206 (-224 640 96 ) (-224 640 64 ) (-224 608 64 ) (-224 608 96 ) 
4 200 202 (-224 640 512 ) (-224 640 96 ) (-224 608 96 ) (-224 608 512 ) 
4 200 201 (-224 624 64 ) (-224 640 64 ) (-128 640 64 ) (-128 624 64 ) 
4 202 227 (-240 608 96 ) (-224 608 96 ) (-224 608 224 ) (-240 608 224 ) 
4 202 226 (-224 608 224 ) (-224 608 512 ) (-240 608 512 ) (-240 608 224 ) 
4 202 206 (-240 640 96 ) (-224 640 96 ) (-224 608 96 ) (-240 608 96 ) 
4 202 204 (-240 608 192 ) (-240 608 512 ) (-240 632 512 ) (-240 632 192 ) 
4 202 203 (-240 640 96 ) (-240 632 96 ) (-240 632 512 ) (-240 640 512 ) 
4 203 204 (-448 632 512 ) (-448 632 192 ) (-240 632 192 ) (-240 632 512 ) 
4 203 205 (-448 640 96 ) (-448 632 96 ) (-448 632 512 ) (-448 640 512 ) 
4 204 227 (-240 608 192 ) (-240 608 224 ) (-256 608 224 ) (-256 608 192 ) 
4 204 229 (-288 608 224 ) (-448 608 224 ) (-448 608 192 ) (-288 608 192 ) 
4 204 226 (-240 608 224 ) (-240 608 512 ) (-448 608 512 ) (-448 608 224 ) 
4 204 205 (-448 608 192 ) (-448 608 512 ) (-448 632 512 ) (-448 632 192 ) 
4 205 246 (-1024 640 512 ) (-1024 640 96 ) (-1024 608 96 ) (-1024 608 512 ) 
4 205 229 (-1024 608 224 ) (-1024 608 96 ) (-448 608 96 ) (-448 608 224 ) 
4 205 226 (-1024 608 512 ) (-1024 608 224 ) (-448 608 224 ) (-448 608 512 ) 
4 205 207 (-1024 640 96 ) (-448 640 96 ) (-448 608 96 ) (-1024 608 96 ) 
4 206 227 (-240 608 64 ) (-224 608 64 ) (-224 608 96 ) (-240 608 96 ) 
4 207 246 (-1024 640 96 ) (-1024 640 64 ) (-1024 608 64 ) (-1024 608 96 ) 
4 207 229 (-1024 608 96 ) (-1024 608 64 ) (-448 608 64 ) (-448 608 96 ) 
4 207 208 (-1024 640 64 ) (-544 640 64 ) (-544 608 64 ) (-1024 608 64 ) 
4 208 246 (-1024 640 64 ) (-1024 640 48 ) (-1024 608 48 ) (-1024 608 64 ) 
4 208 240 (-1024 608 64 ) (-1024 608 48 ) (-544 608 48 ) (-544 608 64 ) 
4 208 211 (-768 640 48 ) (-544 640 48 ) (-544 608 48 ) (-768 608 48 ) 
4 208 212 (-1024 640 48 ) (-768 640 48 ) (-768 608 48 ) (-1024 608 48 ) 
4 209 213 (-384 624 -64 ) (-384 640 -64 ) (-256 640 -64 ) (-256 624 -64 ) 
4 210 211 (-544 624 48 ) (-544 640 48 ) (-544 640 0 ) (-544 624 0 ) 
4 211 240 (-544 608 0 ) (-544 608 48 ) (-768 608 48 ) (-768 608 0 ) 
4 211 212 (-768 608 0 ) (-768 608 48 ) (-768 640 48 ) (-768 640 0 ) 
4 212 246 (-1024 640 48 ) (-1024 640 -64 ) (-1024 608 -64 ) (-1024 608 48 ) 
4 212 240 (-1024 608 48 ) (-1024 608 -64 ) (-768 608 -64 ) (-768 608 48 ) 
4 212 215 (-896 608 -64 ) (-1024 608 -64 ) (-1024 640 -64 ) (-896 640 -64 ) 
4 215 246 (-1024 640 -64 ) (-1024 640 -128 ) (-1024 608 -128 ) (-1024 608 -64 ) 
4 215 242 (-1024 608 -128 ) (-1024 640 -128 ) (-896 640 -128 ) (-896 608 -128 ) 
4 215 240 (-1024 608 -64 ) (-1024 608 -128 ) (-896 608 -128 ) (-896 608 -64 ) 
4 216 251 (0 0 224 ) (0 0 512 ) (-168 0 512 ) (-168 0 224 ) 
4 216 226 (-168 608 512 ) (-168 608 224 ) (-168 0 224 ) (-168 0 512 ) 
4 216 217 (-168 512 224 ) (-168 608 224 ) (0 608 224 ) (0 512 224 ) 
4 216 218 (0 0 224 ) (-168 0 224 ) (-168 480 224 ) (0 480 224 ) 
4 217 227 (-168 608 224 ) (-168 608 208 ) (-168 512 208 ) (-168 512 224 ) 
4 217 220 (-152 608 208 ) (-16 608 208 ) (-16 512 208 ) (-152 512 208 ) 
4 217 219 (-16 608 208 ) (0 608 208 ) (0 512 208 ) (-16 512 208 ) 
4 217 221 (-168 512 208 ) (-168 608 208 ) (-152 608 208 ) (-152 512 208 ) 
4 218 251 (0 0 208 ) (0 0 224 ) (-168 0 224 ) (-168 0 208 ) 
4 218 227 (-168 480 208 ) (-168 0 208 ) (-168 0 224 ) (-168 480 224 ) 
4 218 222 (-168 0 208 ) (-168 480 208 ) (0 480 208 ) (0 0 208 ) 
4 219 224 (0 544 88 ) (0 536 88 ) (-16 536 88 ) (-16 544 88 ) 
4 219 223 (-16 608 88 ) (0 608 88 ) (0 544 88 ) (-16 544 88 ) 
4 219 220 (-16 608 88 ) (-16 504 88 ) (-16 504 208 ) (-16 608 208 ) 
4 220 224 (-16 544 88 ) (-16 536 88 ) (-152 536 88 ) (-152 544 88 ) 
4 220 223 (-152 608 88 ) (-16 608 88 ) (-16 544 88 ) (-152 544 88 ) 
4 220 221 (-152 608 88 ) (-152 504 88 ) (-152 504 208 ) (-152 608 208 ) 
4 221 227 (-168 608 208 ) (-168 608 88 ) (-168 496 88 ) (-168 496 208 ) 
4 221 224 (-168 536 88 ) (-168 544 88 ) (-152 544 88 ) (-152 536 88 ) 
4 221 223 (-168 544 88 ) (-168 608 88 ) (-152 608 88 ) (-152 544 88 ) 
4 222 251 (0 0 88 ) (0 0 208 ) (-168 0 208 ) (-168 0 88 ) 
4 222 227 (-168 480 88 ) (-168 0 88 ) (-168 0 208 ) (-168 480 208 ) 
4 222 225 (0 0 88 ) (-168 0 88 ) (-168 480 88 ) (0 480 88 ) 
4 223 232 (-24 560 64 ) (-24 544 64 ) (-72 544 64 ) (-72 560 64 ) 
4 223 231 (-72 608 64 ) (-24 608 64 ) (-24 560 64 ) (-72 560 64 ) 
4 223 230 (-24 608 64 ) (0 608 64 ) (0 544 64 ) (-24 544 64 ) 
4 223 233 (-128 608 64 ) (-72 608 64 ) (-72 544 64 ) (-128 544 64 ) 
4 223 227 (-168 608 88 ) (-168 608 64 ) (-168 544 64 ) (-168 544 88 ) 
4 223 224 (0 544 88 ) (-168 544 88 ) (-168 544 80 ) (0 544 80 ) 
3 224 227 (-168 536 88 ) (-168 544 88 ) (-168 544 80 ) 
4 225 251 (0 0 64 ) (0 0 88 ) (-168 0 88 ) (-168 0 64 ) 
4 225 238 (-128 0 64 ) (-168 0 64 ) (-168 480 64 ) (-128 480 64 ) 
4 225 235 (0 0 64 ) (-128 0 64 ) (-128 480 64 ) (0 480 64 ) 
4 225 227 (-168 480 64 ) (-168 0 64 ) (-168 0 88 ) (-168 480 88 ) 
4 226 251 (-1024 0 512 ) (-1024 0 224 ) (-168 0 224 ) (-168 0 512 ) 
4 226 246 (-1024 0 224 ) (-1024 0 512 ) (-1024 608 512 ) (-1024 608 224 ) 
4 226 228 (-256 544 224 ) (-256 0 224 ) (-288 0 224 ) (-288 544 224 ) 
4 226 227 (-256 608 224 ) (-168 608 224 ) (-168 0 224 ) (-256 0 224 ) 
4 226 229 (-1024 608 224 ) (-288 608 224 ) (-288 0 224 ) (-1024 0 224 ) 
4 227 251 (-256 0 64 ) (-168 0 64 ) (-168 0 224 ) (-256 0 224 ) 
4 227 239 (-168 0 64 ) (-224 0 64 ) (-224 544 64 ) (-168 544 64 ) 
4 227 240 (-224 0 64 ) (-256 0 64 ) (-256 608 64 ) (-224 608 64 ) 
4 227 228 (-256 544 64 ) (-256 0 64 ) (-256 0 224 ) (-256 544 224 ) 
4 228 251 (-288 0 64 ) (-256 0 64 ) (-256 0 224 ) (-288 0 224 ) 
4 228 240 (-256 0 64 ) (-288 0 64 ) (-288 544 64 ) (-256 544 64 ) 
4 228 229 (-288 544 64 ) (-288 0 64 ) (-288 0 224 ) (-288 544 224 ) 
4 229 251 (-1024 0 224 ) (-1024 0 64 ) (-288 0 64 ) (-288 0 224 ) 
4 229 246 (-1024 0 64 ) (-1024 0 224 ) (-1024 608 224 ) (-1024 608 64 ) 
4 229 240 (-288 0 64 ) (-1024 0 64 ) (-1024 608 64 ) (-288 608 64 ) 
4 230 234 (-24 544 -64 ) (0 544 -64 ) (0 544 0 ) (-24 544 0 ) 
4 230 232 (-24 544 48 ) (-24 544 64 ) (-24 560 64 ) (-24 560 48 ) 
4 230 231 (-24 608 -64 ) (-24 560 -64 ) (-24 560 64 ) (-24 608 64 ) 
4 231 232 (-72 560 64 ) (-72 560 48 ) (-24 560 48 ) (-24 560 64 ) 
4 231 233 (-72 608 -64 ) (-72 560 -64 ) (-72 560 64 ) (-72 608 64 ) 
4 232 233 (-72 544 48 ) (-72 544 64 ) (-72 560 64 ) (-72 560 48 ) 
4 233 234 (-128 544 0 ) (-128 544 -64 ) (-72 544 -64 ) (-72 544 0 ) 
4 234 237 (-128 544 0 ) (-128 544 -64 ) (-128 512 -64 ) (-128 512 0 ) 
4 234 236 (-128 512 0 ) (-128 512 -64 ) (-64 512 -64 ) (-64 512 0 ) 
4 235 251 (0 0 0 ) (0 0 64 ) (-128 0 64 ) (-128 0 0 ) 
4 235 238 (-128 0 64 ) (-128 480 64 ) (-128 480 0 ) (-128 0 0 ) 
4 235 236 (-64 0 0 ) (-128 0 0 ) (-128 480 0 ) (-64 480 0 ) 
4 236 251 (-64 0 0 ) (-128 0 0 ) (-128 0 -128 ) (-64 0 -128 ) 
4 236 243 (-64 0 -128 ) (-128 0 -128 ) (-128 512 -128 ) (-64 512 -128 ) 
4 236 237 (-128 512 0 ) (-128 512 -128 ) (-128 480 -128 ) (-128 480 0 ) 
4 236 238 (-128 480 -128 ) (-128 0 -128 ) (-128 0 0 ) (-128 480 0 ) 
4 237 244 (-128 544 -128 ) (-128 480 -128 ) (-168 480 -128 ) (-168 544 -128 ) 
4 237 238 (-168 480 0 ) (-168 480 -128 ) (-128 480 -128 ) (-128 480 0 ) 
4 237 239 (-168 544 0 ) (-168 544 -128 ) (-168 480 -128 ) (-168 480 0 ) 
4 238 251 (-128 0 64 ) (-168 0 64 ) (-168 0 -128 ) (-128 0 -128 ) 
4 238 244 (-128 480 -128 ) (-128 0 -128 ) (-168 0 -128 ) (-168 480 -128 ) 
4 238 239 (-168 480 -128 ) (-168 0 -128 ) (-168 0 64 ) (-168 480 64 ) 
4 239 251 (-168 0 64 ) (-224 0 64 ) (-224 0 -128 ) (-168 0 -128 ) 
4 239 244 (-168 0 -128 ) (-224 0 -128 ) (-224 544 -128 ) (-168 544 -128 ) 
4 239 240 (-224 0 64 ) (-224 544 64 ) (-224 544 -128 ) (-224 0 -128 ) 
4 240 251 (-224 0 64 ) (-1024 0 64 ) (-1024 0 -128 ) (-224 0 -128 ) 
4 240 246 (-1024 0 -128 ) (-1024 0 64 ) (-1024 608 64 ) (-1024 608 -128 ) 
4 240 244 (-1024 0 -128 ) (-1024 608 -128 ) (-224 608 -128 ) (-224 0 -128 ) 
4 242 246 (-1024 608 -128 ) (-1024 800 -128 ) (-1024 800 -192 ) (-1024 608 -192 ) 
4 242 245 (-1024 608 -192 ) (-1024 800 -192 ) (-896 800 -192 ) (-896 608 -192 ) 
4 242 244 (-1024 608 -192 ) (-896 608 -192 ) (-896 608 -128 ) (-1024 608 -128 ) 
4 243 251 (0 0 -192 ) (0 0 -128 ) (-128 0 -128 ) (-128 0 -192 ) 
4 243 245 (0 0 -192 ) (-128 0 -192 ) (-128 512 -192 ) (0 512 -192 ) 
4 243 244 (-128 512 -192 ) (-128 0 -192 ) (-128 0 -128 ) (-128 512 -128 ) 
4 244 251 (-128 0 -128 ) (-1024 0 -128 ) (-1024 0 -192 ) (-128 0 -192 ) 
4 244 246 (-1024 0 -192 ) (-1024 0 -128 ) (-1024 608 -128 ) (-1024 608 -192 ) 
4 244 245 (-128 0 -192 ) (-1024 0 -192 ) (-1024 608 -192 ) (-128 608 -192 ) 
4 245 251 (0 0 -768 ) (0 0 -192 ) (-1024 0 -192 ) (-1024 0 -768 ) 
4 245 246 (-1024 0 -768 ) (-1024 0 -192 ) (-1024 800 -192 ) (-1024 800 -768 ) 
4 246 252 (-1024 0 -768 ) (-1024 0 512 ) (-1536 0 512 ) (-1536 0 -768 ) 
4 247 248 (256 -256 0 ) (256 -256 512 ) (256 0 512 ) (256 0 0 ) 
4 247 249 (256 0 -768 ) (256 -256 -768 ) (256 -256 -128 ) (256 0 -128 ) 
4 247 250 (256 -256 -768 ) (256 -512 -768 ) (256 -512 512 ) (256 -256 512 ) 
4 248 251 (0 0 512 ) (0 0 0 ) (0 -256 0 ) (0 -256 512 ) 
4 248 250 (256 -256 0 ) (256 -256 512 ) (0 -256 512 ) (0 -256 0 ) 
4 249 251 (0 0 -128 ) (0 0 -768 ) (0 -256 -768 ) (0 -256 -128 ) 
4 249 250 (0 -256 -768 ) (256 -256 -768 ) (256 -256 -128 ) (0 -256 -128 ) 
4 250 251 (0 -256 -768 ) (0 -512 -768 ) (0 -512 512 ) (0 -256 512 ) 
4 251 252 (-1024 0 512 ) (-1024 0 -768 ) (-1024 -512 -768 ) (-1024 -512 512 ) 
