PRT1
53
132
4 0 2 (0 800 64 ) (0 800 512 ) (-64 800 512 ) (-64 800 64 ) 
4 0 1 (-64 896 512 ) (-64 896 64 ) (-64 800 64 ) (-64 800 512 ) 
4 1 52 (-1024 800 512 ) (-1024 896 512 ) (-1024 896 48 ) (-1024 800 48 ) 
4 1 10 (-1024 800 48 ) (-1024 896 48 ) (-64 896 48 ) (-64 800 48 ) 
4 1 3 (-224 800 64 ) (-224 800 512 ) (-416 800 512 ) (-416 800 64 ) 
4 1 2 (-224 800 48 ) (-64 800 48 ) (-64 800 512 ) (-224 800 512 ) 
4 1 4 (-1024 800 48 ) (-416 800 48 ) (-416 800 512 ) (-1024 800 512 ) 
4 2 11 (-224 800 48 ) (0 800 48 ) (0 768 48 ) (-224 768 48 ) 
4 2 5 (-224 768 48 ) (0 768 48 ) (0 768 512 ) (-224 768 512 ) 
4 2 3 (-224 800 512 ) (-224 800 64 ) (-224 768 64 ) (-224 768 512 ) 
4 3 6 (-224 768 64 ) (-224 768 512 ) (-416 768 512 ) (-416 768 64 ) 
4 3 4 (-416 800 512 ) (-416 800 64 ) (-416 768 64 ) (-416 768 512 ) 
4 4 52 (-1024 768 512 ) (-1024 800 512 ) (-1024 800 48 ) (-1024 768 48 ) 
4 4 16 (-768 800 48 ) (-544 800 48 ) (-544 768 48 ) (-768 768 48 ) 
4 4 15 (-544 800 48 ) (-416 800 48 ) (-416 768 48 ) (-544 768 48 ) 
4 4 19 (-1024 768 48 ) (-1024 800 48 ) (-768 800 48 ) (-768 768 48 ) 
4 4 9 (-1024 768 48 ) (-416 768 48 ) (-416 768 512 ) (-1024 768 512 ) 
4 5 20 (0 608 48 ) (0 512 48 ) (-224 512 48 ) (-224 608 48 ) 
4 5 11 (-224 768 48 ) (0 768 48 ) (0 608 48 ) (-224 608 48 ) 
4 5 7 (-224 608 64 ) (-224 608 512 ) (-224 640 512 ) (-224 640 64 ) 
4 5 6 (-224 768 512 ) (-224 768 48 ) (-224 640 48 ) (-224 640 512 ) 
4 5 8 (-224 608 48 ) (-224 512 48 ) (-224 512 512 ) (-224 608 512 ) 
4 6 14 (-416 768 48 ) (-384 768 48 ) (-384 640 48 ) (-416 640 48 ) 
4 6 13 (-384 768 48 ) (-256 768 48 ) (-256 640 48 ) (-384 640 48 ) 
4 6 12 (-256 768 48 ) (-224 768 48 ) (-224 640 48 ) (-256 640 48 ) 
4 6 7 (-416 640 512 ) (-416 640 64 ) (-224 640 64 ) (-224 640 512 ) 
4 6 9 (-416 768 512 ) (-416 768 48 ) (-416 640 48 ) (-416 640 512 ) 
4 7 9 (-416 608 64 ) (-416 608 512 ) (-416 640 512 ) (-416 640 64 ) 
4 7 8 (-416 608 512 ) (-416 608 64 ) (-224 608 64 ) (-224 608 512 ) 
4 8 20 (-224 608 48 ) (-224 512 48 ) (-416 512 48 ) (-416 608 48 ) 
4 8 9 (-416 608 48 ) (-416 512 48 ) (-416 512 512 ) (-416 608 512 ) 
4 9 52 (-1024 512 512 ) (-1024 768 512 ) (-1024 768 48 ) (-1024 512 48 ) 
4 9 20 (-1024 512 48 ) (-1024 608 48 ) (-416 608 48 ) (-416 512 48 ) 
4 9 17 (-544 672 48 ) (-544 608 48 ) (-768 608 48 ) (-768 672 48 ) 
4 9 16 (-768 768 48 ) (-544 768 48 ) (-544 672 48 ) (-768 672 48 ) 
4 9 15 (-544 768 48 ) (-416 768 48 ) (-416 608 48 ) (-544 608 48 ) 
4 9 19 (-1024 608 48 ) (-1024 768 48 ) (-768 768 48 ) (-768 608 48 ) 
4 10 52 (-1024 800 48 ) (-1024 896 48 ) (-1024 896 -64 ) (-1024 800 -64 ) 
4 10 21 (-64 800 -64 ) (-1024 800 -64 ) (-1024 896 -64 ) (-64 896 -64 ) 
4 10 16 (-768 800 -64 ) (-544 800 -64 ) (-544 800 48 ) (-768 800 48 ) 
4 10 15 (-544 800 -64 ) (-416 800 -64 ) (-416 800 48 ) (-544 800 48 ) 
4 10 19 (-1024 800 -64 ) (-768 800 -64 ) (-768 800 48 ) (-1024 800 48 ) 
4 10 11 (-224 800 -64 ) (-64 800 -64 ) (-64 800 48 ) (-224 800 48 ) 
4 11 32 (-128 608 -64 ) (-224 608 -64 ) (-224 640 -64 ) (-128 640 -64 ) 
4 11 24 (-128 640 -64 ) (-224 640 -64 ) (-224 768 -64 ) (-128 768 -64 ) 
4 11 22 (-128 768 -64 ) (-224 768 -64 ) (-224 800 -64 ) (-128 800 -64 ) 
4 11 20 (-224 608 -64 ) (0 608 -64 ) (0 608 48 ) (-224 608 48 ) 
4 11 12 (-224 768 -64 ) (-224 640 -64 ) (-224 640 48 ) (-224 768 48 ) 
4 12 13 (-256 768 -64 ) (-256 640 -64 ) (-256 640 48 ) (-256 768 48 ) 
4 13 33 (-384 624 -64 ) (-384 640 -64 ) (-256 640 -64 ) (-256 624 -64 ) 
4 13 25 (-384 640 -64 ) (-384 768 -64 ) (-256 768 -64 ) (-256 640 -64 ) 
4 13 23 (-384 768 -64 ) (-384 784 -64 ) (-256 784 -64 ) (-256 768 -64 ) 
4 13 14 (-384 768 -64 ) (-384 640 -64 ) (-384 640 48 ) (-384 768 48 ) 
4 14 15 (-416 768 -64 ) (-416 640 -64 ) (-416 640 48 ) (-416 768 48 ) 
4 15 45 (-416 608 -64 ) (-544 608 -64 ) (-544 672 -64 ) (-416 672 -64 ) 
4 15 35 (-544 672 -64 ) (-544 800 -64 ) (-416 800 -64 ) (-416 672 -64 ) 
4 15 20 (-544 608 -64 ) (-416 608 -64 ) (-416 608 48 ) (-544 608 48 ) 
4 15 18 (-544 672 -64 ) (-544 640 -64 ) (-544 640 0 ) (-544 672 0 ) 
4 15 17 (-544 608 0 ) (-544 608 48 ) (-544 672 48 ) (-544 672 0 ) 
4 15 16 (-544 800 48 ) (-544 800 -64 ) (-544 672 -64 ) (-544 672 48 ) 
4 16 36 (-736 800 -64 ) (-608 800 -64 ) (-608 672 -64 ) (-736 672 -64 ) 
4 16 35 (-576 800 -64 ) (-544 800 -64 ) (-544 672 -64 ) (-576 672 -64 ) 
4 16 18 (-576 672 -64 ) (-544 672 -64 ) (-544 672 0 ) (-576 672 0 ) 
4 16 17 (-768 672 48 ) (-768 672 0 ) (-544 672 0 ) (-544 672 48 ) 
4 16 19 (-768 800 48 ) (-768 800 -64 ) (-768 672 -64 ) (-768 672 48 ) 
4 17 20 (-544 608 0 ) (-544 608 48 ) (-768 608 48 ) (-768 608 0 ) 
3 17 18 (-576 672 0 ) (-544 672 0 ) (-544 640 0 ) 
4 17 19 (-768 608 0 ) (-768 608 48 ) (-768 672 48 ) (-768 672 0 ) 
3 18 46 (-576 672 -64 ) (-544 672 -64 ) (-544 640 -64 ) 
4 19 52 (-1024 608 48 ) (-1024 800 48 ) (-1024 800 -64 ) (-1024 608 -64 ) 
4 19 47 (-896 608 -64 ) (-1024 608 -64 ) (-1024 672 -64 ) (-896 672 -64 ) 
4 19 37 (-1024 672 -64 ) (-1024 800 -64 ) (-896 800 -64 ) (-896 672 -64 ) 
4 19 20 (-1024 608 -64 ) (-768 608 -64 ) (-768 608 48 ) (-1024 608 48 ) 
4 20 52 (-1024 512 48 ) (-1024 608 48 ) (-1024 608 -64 ) (-1024 512 -64 ) 
4 20 48 (-416 512 -64 ) (-1024 512 -64 ) (-1024 608 -64 ) (-416 608 -64 ) 
4 20 34 (0 608 -64 ) (0 512 -64 ) (-416 512 -64 ) (-416 608 -64 ) 
4 21 52 (-1024 800 -768 ) (-1024 800 -64 ) (-1024 896 -64 ) (-1024 896 -768 ) 
4 21 50 (-1024 800 -192 ) (-1024 800 -768 ) (0 800 -768 ) (0 800 -192 ) 
4 21 49 (-1024 800 -128 ) (-1024 800 -192 ) (-896 800 -192 ) (-896 800 -128 ) 
4 21 44 (-1024 800 -80 ) (-1024 800 -128 ) (-896 800 -128 ) (-896 800 -80 ) 
4 21 40 (-752 800 -128 ) (-592 800 -128 ) (-592 800 -92 ) (-752 800 -92 ) 
4 21 38 (-576 800 -128 ) (-416 800 -128 ) (-416 800 -80 ) (-576 800 -80 ) 
4 21 37 (-896 800 -64 ) (-1024 800 -64 ) (-1024 800 -80 ) (-896 800 -80 ) 
4 21 36 (-608 800 -64 ) (-736 800 -64 ) (-736 800 -68 ) (-608 800 -68 ) 
4 21 35 (-416 800 -64 ) (-576 800 -64 ) (-576 800 -80 ) (-416 800 -80 ) 
4 21 22 (-128 800 -64 ) (-224 800 -64 ) (-224 800 -128 ) (-128 800 -128 ) 
4 22 26 (-224 768 -128 ) (-128 768 -128 ) (-128 768 -80 ) (-224 768 -80 ) 
4 22 24 (-128 768 -80 ) (-128 768 -64 ) (-224 768 -64 ) (-224 768 -80 ) 
4 23 25 (-256 768 -68 ) (-256 768 -64 ) (-384 768 -64 ) (-384 768 -68 ) 
4 24 32 (-224 640 -80 ) (-128 640 -80 ) (-128 640 -64 ) (-224 640 -64 ) 
4 24 26 (-128 640 -80 ) (-224 640 -80 ) (-224 768 -80 ) (-128 768 -80 ) 
4 25 33 (-256 640 -68 ) (-256 640 -64 ) (-384 640 -64 ) (-384 640 -68 ) 
4 26 32 (-224 640 -128 ) (-128 640 -128 ) (-128 640 -80 ) (-224 640 -80 ) 
4 26 27 (-224 656 -80 ) (-224 752 -80 ) (-224 752 -128 ) (-224 656 -128 ) 
4 27 29 (-240 656 -80 ) (-240 752 -80 ) (-240 752 -128 ) (-240 656 -128 ) 
4 28 29 (-400 756 -92 ) (-400 756 -128 ) (-240 756 -128 ) (-240 756 -92 ) 
4 29 31 (-400 656 -80 ) (-400 752 -80 ) (-400 752 -128 ) (-400 656 -128 ) 
4 29 30 (-400 652 -88 ) (-400 652 -128 ) (-240 652 -128 ) (-240 652 -88 ) 
4 31 45 (-416 672 -128 ) (-416 656 -128 ) (-416 656 -80 ) (-416 672 -80 ) 
4 31 38 (-416 752 -128 ) (-416 672 -128 ) (-416 672 -80 ) (-416 752 -80 ) 
4 32 34 (-224 608 -128 ) (-128 608 -128 ) (-128 608 -64 ) (-224 608 -64 ) 
4 34 51 (0 608 -128 ) (0 512 -128 ) (-416 512 -128 ) (-416 608 -128 ) 
4 34 48 (-416 608 -128 ) (-416 512 -128 ) (-416 512 -64 ) (-416 608 -64 ) 
4 35 46 (-544 672 -64 ) (-576 672 -64 ) (-576 672 -80 ) (-544 672 -80 ) 
4 35 45 (-416 672 -80 ) (-416 672 -64 ) (-544 672 -64 ) (-544 672 -80 ) 
4 35 38 (-416 672 -80 ) (-576 672 -80 ) (-576 800 -80 ) (-416 800 -80 ) 
4 37 52 (-1024 672 -64 ) (-1024 800 -64 ) (-1024 800 -80 ) (-1024 672 -80 ) 
4 37 47 (-896 672 -64 ) (-1024 672 -64 ) (-1024 672 -80 ) (-896 672 -80 ) 
4 37 44 (-896 672 -80 ) (-1024 672 -80 ) (-1024 800 -80 ) (-896 800 -80 ) 
4 38 46 (-576 672 -128 ) (-544 672 -128 ) (-544 672 -80 ) (-576 672 -80 ) 
4 38 45 (-544 672 -128 ) (-416 672 -128 ) (-416 672 -80 ) (-544 672 -80 ) 
4 38 39 (-576 784 -128 ) (-576 688 -128 ) (-576 688 -80 ) (-576 784 -80 ) 
4 39 41 (-592 784 -128 ) (-592 688 -128 ) (-592 688 -80 ) (-592 784 -80 ) 
4 40 41 (-752 788 -92 ) (-752 788 -128 ) (-592 788 -128 ) (-592 788 -92 ) 
4 41 43 (-752 784 -128 ) (-752 688 -128 ) (-752 688 -80 ) (-752 784 -80 ) 
4 41 42 (-752 684 -88 ) (-752 684 -128 ) (-592 684 -128 ) (-592 684 -88 ) 
4 44 52 (-1024 800 -80 ) (-1024 800 -128 ) (-1024 672 -128 ) (-1024 672 -80 ) 
4 44 49 (-1024 800 -128 ) (-896 800 -128 ) (-896 672 -128 ) (-1024 672 -128 ) 
4 44 47 (-1024 672 -128 ) (-896 672 -128 ) (-896 672 -80 ) (-1024 672 -80 ) 
4 45 48 (-544 608 -128 ) (-416 608 -128 ) (-416 608 -64 ) (-544 608 -64 ) 
4 45 46 (-544 672 -64 ) (-544 672 -128 ) (-544 640 -128 ) (-544 640 -64 ) 
4 47 52 (-1024 608 -64 ) (-1024 672 -64 ) (-1024 672 -128 ) (-1024 608 -128 ) 
4 47 49 (-896 608 -128 ) (-1024 608 -128 ) (-1024 672 -128 ) (-896 672 -128 ) 
4 47 48 (-1024 608 -128 ) (-896 608 -128 ) (-896 608 -64 ) (-1024 608 -64 ) 
4 48 52 (-1024 512 -64 ) (-1024 608 -64 ) (-1024 608 -128 ) (-1024 512 -128 ) 
4 48 51 (-416 608 -128 ) (-416 512 -128 ) (-1024 512 -128 ) (-1024 608 -128 ) 
4 49 52 (-1024 608 -192 ) (-1024 608 -128 ) (-1024 800 -128 ) (-1024 800 -192 ) 
4 49 51 (-896 608 -128 ) (-1024 608 -128 ) (-1024 608 -192 ) (-896 608 -192 ) 
4 49 50 (-896 608 -192 ) (-1024 608 -192 ) (-1024 800 -192 ) (-896 800 -192 ) 
4 50 52 (-1024 608 -768 ) (-1024 608 -192 ) (-1024 800 -192 ) (-1024 800 -768 ) 
4 50 51 (-1024 608 -192 ) (-1024 608 -768 ) (0 608 -768 ) (0 608 -192 ) 
4 51 52 (-1024 512 -128 ) (-1024 608 -128 ) (-1024 608 -768 ) (-1024 512 -768 ) 
