PRT1
344
1107
4 0 31 (512 1024 1280 ) (448 1024 1280 ) (448 1024 448 ) (512 1024 448 ) 
4 0 12 (512 1024 448 ) (448 1024 448 ) (448 1344 448 ) (512 1344 448 ) 
4 0 11 (448 1344 448 ) (448 1536 448 ) (512 1536 448 ) (512 1344 448 ) 
4 0 6 (448 1064 448 ) (448 1024 448 ) (448 1024 464 ) (448 1064 464 ) 
4 0 3 (448 1088 1280 ) (448 1120 1280 ) (448 1120 784 ) (448 1088 784 ) 
4 0 4 (448 1120 720 ) (448 1120 464 ) (448 1088 464 ) (448 1088 720 ) 
4 0 5 (448 1024 464 ) (448 1024 1280 ) (448 1088 1280 ) (448 1088 464 ) 
4 0 2 (448 1120 1280 ) (448 1344 1280 ) (448 1344 784 ) (448 1120 784 ) 
4 0 1 (448 1536 448 ) (448 1344 448 ) (448 1344 1280 ) (448 1536 1280 ) 
4 1 11 (192 1344 448 ) (192 1536 448 ) (448 1536 448 ) (448 1344 448 ) 
4 1 7 (192 1536 448 ) (192 1344 448 ) (192 1344 1280 ) (192 1536 1280 ) 
4 1 2 (448 1344 784 ) (448 1344 1280 ) (192 1344 1280 ) (192 1344 784 ) 
4 2 8 (192 1120 1280 ) (192 1344 1280 ) (192 1344 784 ) (192 1120 784 ) 
4 2 3 (448 1120 784 ) (448 1120 1280 ) (192 1120 1280 ) (192 1120 784 ) 
4 3 8 (192 1088 1280 ) (192 1120 1280 ) (192 1120 784 ) (192 1088 784 ) 
4 3 5 (448 1088 784 ) (448 1088 1280 ) (192 1088 1280 ) (192 1088 784 ) 
4 4 5 (192 1088 464 ) (448 1088 464 ) (448 1088 720 ) (192 1088 720 ) 
4 5 56 (256 1024 1280 ) (192 1024 1280 ) (192 1024 464 ) (256 1024 464 ) 
4 5 32 (320 1024 1280 ) (256 1024 1280 ) (256 1024 464 ) (320 1024 464 ) 
4 5 31 (448 1024 1280 ) (320 1024 1280 ) (320 1024 464 ) (448 1024 464 ) 
4 5 9 (192 1024 464 ) (192 1024 1280 ) (192 1088 1280 ) (192 1088 464 ) 
4 5 6 (192 1024 464 ) (192 1064 464 ) (448 1064 464 ) (448 1024 464 ) 
4 6 56 (192 1024 464 ) (192 1024 448 ) (256 1024 448 ) (256 1024 464 ) 
4 6 32 (256 1024 448 ) (320 1024 448 ) (320 1024 464 ) (256 1024 464 ) 
4 6 31 (320 1024 448 ) (448 1024 448 ) (448 1024 464 ) (320 1024 464 ) 
4 6 10 (192 1064 448 ) (192 1024 448 ) (192 1024 464 ) (192 1064 464 ) 
4 7 127 (0 1344 1280 ) (0 1536 1280 ) (0 1536 448 ) (0 1344 448 ) 
4 7 11 (0 1344 448 ) (0 1536 448 ) (192 1536 448 ) (192 1344 448 ) 
4 7 8 (192 1344 784 ) (192 1344 1280 ) (0 1344 1280 ) (0 1344 784 ) 
4 8 129 (0 1344 1104 ) (0 1344 784 ) (0 1088 784 ) (0 1088 1104 ) 
4 8 128 (0 1088 1280 ) (0 1344 1280 ) (0 1344 1104 ) (0 1088 1104 ) 
4 8 9 (192 1088 784 ) (192 1088 1280 ) (0 1088 1280 ) (0 1088 784 ) 
4 9 133 (0 1024 464 ) (0 1024 784 ) (0 1088 784 ) (0 1088 464 ) 
4 9 129 (0 1024 784 ) (0 1024 1104 ) (0 1088 1104 ) (0 1088 784 ) 
4 9 128 (0 1024 1104 ) (0 1024 1280 ) (0 1088 1280 ) (0 1088 1104 ) 
4 9 56 (0 1024 1280 ) (0 1024 464 ) (192 1024 464 ) (192 1024 1280 ) 
4 9 10 (192 1072 464 ) (192 1024 464 ) (0 1024 464 ) (0 1072 464 ) 
4 10 140 (0 1024 448 ) (0 1024 464 ) (0 1072 464 ) (0 1072 448 ) 
4 10 56 (0 1024 464 ) (0 1024 448 ) (192 1024 448 ) (192 1024 464 ) 
4 11 144 (0 1344 448 ) (0 1472 448 ) (0 1472 -64 ) (0 1344 -64 ) 
4 11 142 (0 1472 448 ) (0 1536 448 ) (0 1536 -64 ) (0 1472 -64 ) 
4 11 28 (0 1344 -64 ) (0 1408 -64 ) (256 1408 -64 ) (256 1344 -64 ) 
4 11 24 (0 1408 -64 ) (0 1536 -64 ) (256 1536 -64 ) (256 1408 -64 ) 
4 11 21 (384 1472 -64 ) (384 1344 -64 ) (256 1344 -64 ) (256 1472 -64 ) 
4 11 20 (256 1536 -64 ) (384 1536 -64 ) (384 1472 -64 ) (256 1472 -64 ) 
4 11 17 (384 1536 -64 ) (512 1536 -64 ) (512 1344 -64 ) (384 1344 -64 ) 
4 11 16 (0 1344 -64 ) (256 1344 -64 ) (256 1344 64 ) (0 1344 64 ) 
4 11 15 (256 1344 -64 ) (320 1344 -64 ) (320 1344 64 ) (256 1344 64 ) 
4 11 14 (320 1344 -64 ) (448 1344 -64 ) (448 1344 64 ) (320 1344 64 ) 
4 11 12 (448 1344 -64 ) (512 1344 -64 ) (512 1344 448 ) (448 1344 448 ) 
4 12 31 (512 1024 448 ) (448 1024 448 ) (448 1024 -64 ) (512 1024 -64 ) 
4 12 17 (448 1344 -64 ) (512 1344 -64 ) (512 1248 -64 ) (448 1248 -64 ) 
4 12 19 (512 1248 -64 ) (512 1024 -64 ) (448 1024 -64 ) (448 1248 -64 ) 
4 12 14 (448 1344 64 ) (448 1344 -64 ) (448 1024 -64 ) (448 1024 64 ) 
4 13 151 (0 1024 336 ) (0 1024 432 ) (0 1072 432 ) (0 1072 336 ) 
4 13 56 (0 1024 432 ) (0 1024 336 ) (192 1024 336 ) (192 1024 432 ) 
4 14 31 (320 1024 -64 ) (448 1024 -64 ) (448 1024 64 ) (320 1024 64 ) 
4 14 21 (320 1344 -64 ) (384 1344 -64 ) (384 1280 -64 ) (320 1280 -64 ) 
4 14 23 (384 1280 -64 ) (384 1024 -64 ) (320 1024 -64 ) (320 1280 -64 ) 
4 14 17 (384 1344 -64 ) (448 1344 -64 ) (448 1248 -64 ) (384 1248 -64 ) 
4 14 19 (448 1248 -64 ) (448 1024 -64 ) (384 1024 -64 ) (384 1248 -64 ) 
4 14 15 (320 1088 64 ) (320 1344 64 ) (320 1344 -64 ) (320 1088 -64 ) 
4 15 21 (256 1344 -64 ) (320 1344 -64 ) (320 1280 -64 ) (256 1280 -64 ) 
4 15 23 (320 1280 -64 ) (320 1088 -64 ) (256 1088 -64 ) (256 1280 -64 ) 
4 15 16 (256 1088 64 ) (256 1344 64 ) (256 1344 -64 ) (256 1088 -64 ) 
4 16 154 (0 1088 64 ) (0 1344 64 ) (0 1344 -64 ) (0 1088 -64 ) 
4 16 29 (0 1088 -64 ) (0 1344 -64 ) (256 1344 -64 ) (256 1088 -64 ) 
4 17 21 (384 1280 -64 ) (384 1472 -64 ) (384 1472 -384 ) (384 1280 -384 ) 
4 17 23 (384 1248 -384 ) (384 1248 -64 ) (384 1280 -64 ) (384 1280 -384 ) 
4 17 20 (384 1472 -64 ) (384 1536 -64 ) (384 1536 -384 ) (384 1472 -384 ) 
4 17 19 (384 1248 -64 ) (384 1248 -384 ) (512 1248 -384 ) (512 1248 -64 ) 
4 18 22 (384 1472 -768 ) (384 1280 -768 ) (384 1280 -512 ) (384 1472 -512 ) 
4 18 23 (384 1280 -768 ) (384 1248 -768 ) (384 1248 -512 ) (384 1280 -512 ) 
4 18 20 (384 1536 -768 ) (384 1472 -768 ) (384 1472 -512 ) (384 1536 -512 ) 
4 18 19 (384 1248 -512 ) (384 1248 -768 ) (512 1248 -768 ) (512 1248 -512 ) 
4 19 31 (512 1024 -64 ) (384 1024 -64 ) (384 1024 -768 ) (512 1024 -768 ) 
4 19 23 (384 1248 -768 ) (384 1024 -768 ) (384 1024 -64 ) (384 1248 -64 ) 
4 20 24 (256 1472 -64 ) (256 1536 -64 ) (256 1536 -768 ) (256 1472 -768 ) 
4 20 21 (256 1472 -64 ) (256 1472 -384 ) (384 1472 -384 ) (384 1472 -64 ) 
4 20 22 (256 1472 -512 ) (256 1472 -768 ) (384 1472 -768 ) (384 1472 -512 ) 
4 21 29 (256 1280 -64 ) (256 1344 -64 ) (256 1344 -384 ) (256 1280 -384 ) 
4 21 28 (256 1344 -64 ) (256 1408 -64 ) (256 1408 -192 ) (256 1344 -192 ) 
4 21 25 (256 1408 -320 ) (256 1408 -384 ) (256 1344 -384 ) (256 1344 -320 ) 
4 21 24 (256 1408 -64 ) (256 1472 -64 ) (256 1472 -384 ) (256 1408 -384 ) 
4 21 23 (256 1280 -64 ) (256 1280 -384 ) (384 1280 -384 ) (384 1280 -64 ) 
4 22 29 (256 1344 -768 ) (256 1280 -768 ) (256 1280 -512 ) (256 1344 -512 ) 
4 22 26 (256 1408 -768 ) (256 1344 -768 ) (256 1344 -512 ) (256 1408 -512 ) 
4 22 24 (256 1472 -512 ) (256 1472 -768 ) (256 1408 -768 ) (256 1408 -512 ) 
4 22 23 (256 1280 -512 ) (256 1280 -768 ) (384 1280 -768 ) (384 1280 -512 ) 
4 23 36 (256 1024 -128 ) (256 1024 -768 ) (320 1024 -768 ) (320 1024 -128 ) 
4 23 35 (320 1024 -64 ) (256 1024 -64 ) (256 1024 -128 ) (320 1024 -128 ) 
4 23 31 (384 1024 -64 ) (320 1024 -64 ) (320 1024 -768 ) (384 1024 -768 ) 
4 23 30 (256 1024 -768 ) (256 1024 -192 ) (256 1088 -192 ) (256 1088 -768 ) 
4 23 29 (256 1088 -64 ) (256 1280 -64 ) (256 1280 -768 ) (256 1088 -768 ) 
4 24 163 (0 1536 -448 ) (0 1536 -768 ) (0 1408 -768 ) (0 1408 -448 ) 
4 24 144 (0 1408 -64 ) (0 1472 -64 ) (0 1472 -320 ) (0 1408 -320 ) 
4 24 142 (0 1472 -64 ) (0 1536 -64 ) (0 1536 -448 ) (0 1472 -448 ) 
4 24 28 (256 1408 -192 ) (256 1408 -64 ) (0 1408 -64 ) (0 1408 -128 ) 
3 24 27 (0 1408 -224 ) (0 1408 -256 ) (42.667496 1408 -266.667175 ) 
4 24 26 (0 1408 -768 ) (256 1408 -768 ) (256 1408 -512 ) (0 1408 -448 ) 
4 24 25 (256 1408 -384 ) (256 1408 -320 ) (0 1408 -256 ) (0 1408 -320 ) 
4 25 144 (0 1408 -256 ) (0 1408 -320 ) (0 1344 -320 ) (0 1344 -256 ) 
4 25 29 (256 1344 -384 ) (256 1344 -320 ) (0 1344 -256 ) (0 1344 -320 ) 
4 25 27 (42.668411 1408 -266.668121 ) (0 1408 -256.001068 ) (0 1344 -255.998535 ) (42.665020 1344 -266.664703 ) 
4 26 163 (0 1408 -448 ) (0 1408 -768 ) (0 1344 -768 ) (0 1344 -448 ) 
4 26 29 (0 1344 -768 ) (256 1344 -768 ) (256 1344 -512 ) (0 1344 -448 ) 
4 27 144 (0 1408 -224 ) (0 1408 -256 ) (0 1344 -256 ) (0 1344 -224 ) 
3 27 29 (0 1344 -224 ) (0 1344 -256 ) (42.667496 1344 -266.667175 ) 
4 28 144 (0 1344 -64 ) (0 1408 -64 ) (0 1408 -128 ) (0 1344 -128 ) 
4 28 29 (256 1344 -192 ) (256 1344 -64 ) (0 1344 -64 ) (0 1344 -128 ) 
4 29 163 (0 1344 -448 ) (0 1344 -768 ) (0 1088 -768 ) (0 1088 -448 ) 
4 29 161 (0 1280 -448 ) (0 1088 -448 ) (0 1088 -320 ) (0 1280 -320 ) 
4 29 154 (0 1088 -64 ) (0 1344 -64 ) (0 1344 -320 ) (0 1088 -320 ) 
4 29 30 (0 1088 -768 ) (256 1088 -768 ) (256 1088 -192 ) (0 1088 -192 ) 
4 30 163 (0 1024 -768 ) (0 1024 -448 ) (0 1088 -448 ) (0 1088 -768 ) 
4 30 161 (0 1024 -448 ) (0 1024 -320 ) (0 1088 -320 ) (0 1088 -448 ) 
4 30 155 (0 1024 -320 ) (0 1024 -192 ) (0 1088 -192 ) (0 1088 -320 ) 
4 30 108 (256 1024 -768 ) (256 1024 -192 ) (0 1024 -192 ) (0 1024 -768 ) 
4 31 44 (320 704 -192 ) (320 704 -768 ) (384 704 -768 ) (384 704 -192 ) 
4 31 43 (384 704 -768 ) (512 704 -768 ) (512 704 -64 ) (384 704 -64 ) 
4 31 38 (416 704 1280 ) (320 704 1280 ) (320 704 -64 ) (416 704 -64 ) 
4 31 37 (512 704 1280 ) (416 704 1280 ) (416 704 -64 ) (512 704 -64 ) 
4 31 36 (320 704 -768 ) (320 704 -128 ) (320 1024 -128 ) (320 1024 -768 ) 
4 31 35 (320 896 -64 ) (320 1024 -64 ) (320 1024 -128 ) (320 896 -128 ) 
4 31 32 (320 704 64 ) (320 704 1280 ) (320 1024 1280 ) (320 1024 64 ) 
3 32 100 (256 780 64 ) (256 768 64 ) (256 768 76 ) 
4 32 103 (256 704 64 ) (256 704 96 ) (256 768 96 ) (256 768 64 ) 
4 32 79 (256 704 96 ) (256 704 192 ) (256 768 192 ) (256 768 96 ) 
4 32 72 (256 804 128 ) (256 772 128 ) (256 772 160 ) (256 804 160 ) 
4 32 76 (256 772 128 ) (256 768 128 ) (256 768 160 ) (256 772 160 ) 
4 32 60 (256 704 192 ) (256 704 224 ) (256 768 224 ) (256 768 192 ) 
3 32 57 (256 768 224 ) (256 780 224 ) (256 768 212 ) 
4 32 56 (256 704 224 ) (256 704 1280 ) (256 1024 1280 ) (256 1024 224 ) 
4 32 41 (256 704 1280 ) (256 704 192 ) (272 704 192 ) (272 704 1280 ) 
4 32 40 (288 704 192 ) (288 704 1280 ) (272 704 1280 ) (272 704 192 ) 
4 32 38 (288 704 64 ) (320 704 64 ) (320 704 1280 ) (288 704 1280 ) 
4 33 104 (256 840 -16 ) (256 888 -16 ) (256 888 -64 ) (256 840 -64 ) 
4 34 104 (256 712 -16 ) (256 760 -16 ) (256 760 -64 ) (256 712 -64 ) 
4 35 36 (320 1024 -128 ) (320 896 -128 ) (256 896 -128 ) (256 1024 -128 ) 
4 36 108 (256 704 -768 ) (256 704 -192 ) (256 1024 -192 ) (256 1024 -768 ) 
4 36 44 (256 704 -192 ) (256 704 -768 ) (320 704 -768 ) (320 704 -192 ) 
4 37 45 (416 512 -64 ) (512 512 -64 ) (512 512 1280 ) (416 512 1280 ) 
4 37 43 (512 512 -64 ) (416 512 -64 ) (416 704 -64 ) (512 704 -64 ) 
4 37 39 (416 512 192 ) (416 512 1280 ) (416 640 1280 ) (416 640 192 ) 
4 37 38 (416 704 -64 ) (416 640 -64 ) (416 640 1280 ) (416 704 1280 ) 
4 38 43 (384 704 -64 ) (416 704 -64 ) (416 640 -64 ) (384 640 -64 ) 
4 38 40 (288 704 1280 ) (288 704 192 ) (288 640 192 ) (288 640 1280 ) 
4 38 39 (416 640 192 ) (416 640 1280 ) (288 640 1280 ) (288 640 192 ) 
4 39 46 (392 512 1280 ) (296 512 1280 ) (296 512 192 ) (392 512 192 ) 
4 39 47 (296 512 1280 ) (288 512 1280 ) (288 512 192 ) (296 512 192 ) 
4 39 45 (416 512 192 ) (416 512 1280 ) (392 512 1280 ) (392 512 192 ) 
4 39 40 (288 512 192 ) (288 512 1280 ) (288 640 1280 ) (288 640 192 ) 
4 40 47 (288 512 192 ) (288 512 1280 ) (272 512 1280 ) (272 512 192 ) 
4 40 41 (272 704 1280 ) (272 704 192 ) (272 512 192 ) (272 512 1280 ) 
4 41 60 (256 512 192 ) (256 512 224 ) (256 704 224 ) (256 704 192 ) 
4 41 56 (256 512 224 ) (256 512 1280 ) (256 704 1280 ) (256 704 224 ) 
4 41 47 (256 512 1280 ) (256 512 192 ) (272 512 192 ) (272 512 1280 ) 
4 42 109 (256 544 64 ) (256 672 64 ) (256 672 -64 ) (256 544 -64 ) 
4 43 55 (384 512 -768 ) (392 512 -768 ) (392 512 -128 ) (384 512 -128 ) 
4 43 54 (392 512 -128 ) (392 512 -64 ) (384 512 -64 ) (384 512 -128 ) 
4 43 45 (392 512 -768 ) (512 512 -768 ) (512 512 -64 ) (392 512 -64 ) 
4 43 44 (384 704 -768 ) (384 512 -768 ) (384 512 -192 ) (384 704 -192 ) 
4 44 120 (256 512 -768 ) (256 512 -256 ) (256 704 -256 ) (256 704 -768 ) 
4 44 55 (256 512 -192 ) (256 512 -768 ) (384 512 -768 ) (384 512 -192 ) 
4 45 338 (512 0 1280 ) (392 0 1280 ) (392 0 -768 ) (512 0 -768 ) 
4 45 55 (392 512 -128 ) (392 512 -768 ) (392 0 -768 ) (392 0 -128 ) 
4 45 54 (392 512 0 ) (392 512 -128 ) (392 0 -128 ) (392 0 0 ) 
4 45 52 (392 0 192 ) (392 0 1280 ) (392 128 1280 ) (392 128 192 ) 
4 45 50 (392 128 192 ) (392 128 1280 ) (392 256 1280 ) (392 256 192 ) 
4 45 48 (392 256 192 ) (392 256 1280 ) (392 384 1280 ) (392 384 192 ) 
4 45 46 (392 512 1280 ) (392 512 192 ) (392 384 192 ) (392 384 1280 ) 
4 46 48 (392 384 192 ) (392 384 1280 ) (296 384 1280 ) (296 384 192 ) 
4 46 47 (296 384 192 ) (296 384 1280 ) (296 512 1280 ) (296 512 192 ) 
4 47 123 (256 512 96 ) (256 512 0 ) (256 384 0 ) (256 384 96 ) 
4 47 80 (256 512 192 ) (256 512 96 ) (256 384 96 ) (256 384 192 ) 
4 47 60 (256 512 224 ) (256 512 192 ) (256 384 192 ) (256 384 224 ) 
4 47 56 (256 512 1280 ) (256 512 224 ) (256 384 224 ) (256 384 1280 ) 
5 47 49 (256 384 1280 ) (256 384 0 ) (264 384 0 ) (296 384 128 ) (296 384 1280 ) 
4 48 50 (392 256 192 ) (392 256 1280 ) (296 256 1280 ) (296 256 192 ) 
4 48 49 (296 256 192 ) (296 256 1280 ) (296 384 1280 ) (296 384 192 ) 
4 49 123 (256 384 96 ) (256 384 0 ) (256 256 0 ) (256 256 96 ) 
4 49 80 (256 384 192 ) (256 384 96 ) (256 256 96 ) (256 256 192 ) 
4 49 60 (256 384 224 ) (256 384 192 ) (256 256 192 ) (256 256 224 ) 
4 49 56 (256 384 1280 ) (256 384 224 ) (256 256 224 ) (256 256 1280 ) 
5 49 51 (256 256 1280 ) (256 256 0 ) (264 256 0 ) (296 256 128 ) (296 256 1280 ) 
4 50 52 (392 128 192 ) (392 128 1280 ) (296 128 1280 ) (296 128 192 ) 
4 50 51 (296 128 192 ) (296 128 1280 ) (296 256 1280 ) (296 256 192 ) 
4 51 123 (256 256 96 ) (256 256 0 ) (256 128 0 ) (256 128 96 ) 
4 51 80 (256 256 192 ) (256 256 96 ) (256 128 96 ) (256 128 192 ) 
4 51 60 (256 256 224 ) (256 256 192 ) (256 128 192 ) (256 128 224 ) 
4 51 56 (256 256 1280 ) (256 256 224 ) (256 128 224 ) (256 128 1280 ) 
5 51 53 (256 128 1280 ) (256 128 0 ) (264 128 0 ) (296 128 128 ) (296 128 1280 ) 
4 52 338 (392 0 192 ) (392 0 1280 ) (296 0 1280 ) (296 0 192 ) 
4 52 53 (296 0 1280 ) (296 128 1280 ) (296 128 192 ) (296 0 192 ) 
5 53 338 (296 0 1280 ) (256 0 1280 ) (256 0 0 ) (264 0 0 ) (296 0 128 ) 
4 53 123 (256 0 0 ) (256 0 96 ) (256 128 96 ) (256 128 0 ) 
4 53 80 (256 0 96 ) (256 0 192 ) (256 128 192 ) (256 128 96 ) 
4 53 60 (256 0 192 ) (256 0 224 ) (256 128 224 ) (256 128 192 ) 
4 53 56 (256 0 224 ) (256 0 1280 ) (256 128 1280 ) (256 128 224 ) 
4 54 338 (392 0 -128 ) (392 0 0 ) (320 0 0 ) (320 0 -128 ) 
4 54 55 (320 512 -128 ) (392 512 -128 ) (392 0 -128 ) (320 0 -128 ) 
4 55 338 (392 0 -768 ) (392 0 -128 ) (256 0 -128 ) (256 0 -768 ) 
4 55 126 (256 0 -768 ) (256 0 -256 ) (256 512 -256 ) (256 512 -768 ) 
4 56 339 (256 0 224 ) (256 0 1280 ) (0 0 1280 ) (0 0 224 ) 
4 56 225 (0 0 224 ) (0 0 1280 ) (0 800 1280 ) (0 800 224 ) 
4 56 182 (0 800 1280 ) (0 896 1280 ) (0 896 224 ) (0 800 224 ) 
4 56 179 (0 896 1280 ) (0 1024 1280 ) (0 1024 224 ) (0 896 224 ) 
4 56 66 (0 660 224 ) (0 672 224 ) (32 672 224 ) (32 660 224 ) 
4 56 67 (0 0 224 ) (0 384 224 ) (32 384 224 ) (32 0 224 ) 
4 56 65 (0 672 224 ) (0 768 224 ) (32 768 224 ) (32 672 224 ) 
4 56 64 (128 384 224 ) (128 0 224 ) (32 0 224 ) (32 384 224 ) 
4 56 63 (128 592 224 ) (128 560 224 ) (104 560 224 ) (104 592 224 ) 
4 56 62 (32 768 224 ) (104 768 224 ) (104 640 224 ) (32 640 224 ) 
4 56 61 (104 768 224 ) (128 768 224 ) (128 608 224 ) (104 608 224 ) 
4 56 60 (128 768 224 ) (256 768 224 ) (256 0 224 ) (128 0 224 ) 
4 56 58 (144 800 224 ) (224 800 224 ) (224 780 224 ) (144 780 224 ) 
4 56 59 (32 800 224 ) (112 800 224 ) (112 780 224 ) (32 780 224 ) 
4 56 57 (0 768 224 ) (0 780 224 ) (256 780 224 ) (256 768 224 ) 
3 57 226 (0 768 224 ) (0 780 224 ) (0 768 212 ) 
4 57 65 (32 768 224 ) (0 768 224 ) (0 768 212 ) (32 768 212 ) 
4 57 62 (104 768 224 ) (32 768 224 ) (32 768 212 ) (104 768 212 ) 
4 57 61 (128 768 224 ) (104 768 224 ) (104 768 212 ) (128 768 212 ) 
4 57 60 (256 768 212 ) (256 768 224 ) (128 768 224 ) (128 768 212 ) 
4 57 58 (224 768 212 ) (144 768 212 ) (144 780 224 ) (224 780 224 ) 
4 57 59 (112 768 212 ) (32 768 212 ) (32 780 224 ) (112 780 224 ) 
4 58 68 (224 768 192 ) (144 768 192 ) (144 800 192 ) (224 800 192 ) 
4 58 60 (144 768 192 ) (224 768 192 ) (224 768 212 ) (144 768 212 ) 
4 59 69 (112 768 192 ) (32 768 192 ) (32 800 192 ) (112 800 192 ) 
4 59 62 (32 768 192 ) (104 768 192 ) (104 768 212 ) (32 768 212 ) 
4 59 61 (104 768 192 ) (112 768 192 ) (112 768 212 ) (104 768 212 ) 
4 60 339 (256 0 192 ) (256 0 224 ) (128 0 224 ) (128 0 192 ) 
4 60 79 (256 768 192 ) (256 704 192 ) (224 704 192 ) (224 768 192 ) 
4 60 80 (256 512 192 ) (256 0 192 ) (224 0 192 ) (224 512 192 ) 
4 60 81 (224 0 192 ) (128 0 192 ) (128 768 192 ) (224 768 192 ) 
4 60 64 (128 384 192 ) (128 0 192 ) (128 0 224 ) (128 384 224 ) 
4 60 63 (128 592 192 ) (128 560 192 ) (128 560 224 ) (128 592 224 ) 
4 60 61 (128 768 224 ) (128 768 192 ) (128 608 192 ) (128 608 224 ) 
4 61 82 (104 768 192 ) (128 768 192 ) (128 704 192 ) (104 704 192 ) 
4 61 83 (128 640 192 ) (128 608 192 ) (104 608 192 ) (104 640 192 ) 
4 61 62 (104 768 224 ) (104 768 192 ) (104 640 192 ) (104 640 224 ) 
4 62 87 (32 640 192 ) (32 768 192 ) (96 768 192 ) (96 640 192 ) 
4 62 82 (96 768 192 ) (104 768 192 ) (104 704 192 ) (96 704 192 ) 
3 62 66 (32 660 224 ) (32 672 224 ) (32 672 212 ) 
4 62 65 (32 768 224 ) (32 768 192 ) (32 672 192 ) (32 672 224 ) 
4 63 84 (104 592 192 ) (128 592 192 ) (128 560 192 ) (104 560 192 ) 
4 64 339 (128 0 224 ) (32 0 224 ) (32 0 192 ) (128 0 192 ) 
4 64 92 (96 0 192 ) (32 0 192 ) (32 384 192 ) (96 384 192 ) 
4 64 86 (128 0 192 ) (96 0 192 ) (96 384 192 ) (128 384 192 ) 
4 64 67 (32 384 192 ) (32 0 192 ) (32 0 224 ) (32 384 224 ) 
4 65 228 (0 768 208 ) (0 768 192 ) (0 672 192 ) (0 672 208 ) 
4 65 226 (0 672 224 ) (0 768 224 ) (0 768 208 ) (0 672 208 ) 
4 65 88 (0 672 192 ) (0 768 192 ) (32 768 192 ) (32 672 192 ) 
4 65 66 (32 672 212 ) (32 672 224 ) (0 672 224 ) (0 672 212 ) 
3 66 226 (0 660 224 ) (0 672 224 ) (0 672 212 ) 
4 67 339 (32 0 224 ) (0 0 224 ) (0 0 192 ) (32 0 192 ) 
4 67 235 (0 0 192 ) (0 0 208 ) (0 384 208 ) (0 384 192 ) 
4 67 227 (0 0 208 ) (0 0 224 ) (0 384 224 ) (0 384 208 ) 
4 67 93 (32 0 192 ) (0 0 192 ) (0 384 192 ) (32 384 192 ) 
4 68 81 (224 768 192 ) (144 768 192 ) (144 768 160 ) (224 768 160 ) 
4 68 73 (144 772 160 ) (144 800 160 ) (224 800 160 ) (224 772 160 ) 
4 68 76 (224 768 160 ) (144 768 160 ) (144 772 160 ) (224 772 160 ) 
4 69 87 (96 768 192 ) (32 768 192 ) (32 768 160 ) (96 768 160 ) 
4 69 82 (112 768 192 ) (96 768 192 ) (96 768 160 ) (112 768 160 ) 
4 69 74 (32 772 160 ) (32 800 160 ) (112 800 160 ) (112 772 160 ) 
4 69 76 (112 768 160 ) (32 768 160 ) (32 772 160 ) (112 772 160 ) 
4 70 73 (148 804 128 ) (220 804 128 ) (220 804 160 ) (148 804 160 ) 
4 71 74 (36 804 128 ) (108 804 128 ) (108 804 160 ) (36 804 160 ) 
4 72 76 (252 772 128 ) (256 772 128 ) (256 772 160 ) (252 772 160 ) 
4 73 77 (224 772 128 ) (144 772 128 ) (144 800 128 ) (224 800 128 ) 
4 73 76 (140 772 128 ) (228 772 128 ) (228 772 160 ) (140 772 160 ) 
4 74 78 (112 772 128 ) (32 772 128 ) (32 800 128 ) (112 800 128 ) 
4 74 76 (28 772 128 ) (116 772 128 ) (116 772 160 ) (28 772 160 ) 
4 75 228 (0 800 128 ) (0 772 128 ) (0 772 160 ) (0 800 160 ) 
4 75 186 (0 804 128 ) (0 800 128 ) (0 800 160 ) (0 804 160 ) 
4 75 76 (0 772 128 ) (4 772 128 ) (4 772 160 ) (0 772 160 ) 
4 76 228 (0 772 128 ) (0 768 128 ) (0 768 160 ) (0 772 160 ) 
4 76 89 (32 768 160 ) (4 768 160 ) (4 768 128 ) (32 768 128 ) 
4 76 90 (4 768 160 ) (0 768 160 ) (0 768 128 ) (4 768 128 ) 
4 76 87 (96 768 160 ) (32 768 160 ) (32 768 128 ) (96 768 128 ) 
4 76 82 (128 768 160 ) (96 768 160 ) (96 768 128 ) (128 768 128 ) 
4 76 79 (256 768 128 ) (256 768 160 ) (224 768 160 ) (224 768 128 ) 
4 76 81 (224 768 160 ) (128 768 160 ) (128 768 128 ) (224 768 128 ) 
4 76 77 (224 768 128 ) (144 768 128 ) (144 772 128 ) (224 772 128 ) 
4 76 78 (112 768 128 ) (32 768 128 ) (32 772 128 ) (112 772 128 ) 
4 77 101 (144 800 96 ) (224 800 96 ) (224 768 96 ) (144 768 96 ) 
4 77 81 (144 768 96 ) (224 768 96 ) (224 768 128 ) (144 768 128 ) 
4 78 102 (32 800 96 ) (112 800 96 ) (112 768 96 ) (32 768 96 ) 
4 78 87 (32 768 96 ) (96 768 96 ) (96 768 128 ) (32 768 128 ) 
4 78 82 (96 768 96 ) (112 768 96 ) (112 768 128 ) (96 768 128 ) 
4 79 103 (224 768 96 ) (256 768 96 ) (256 704 96 ) (224 704 96 ) 
4 79 81 (224 768 192 ) (224 768 96 ) (224 704 96 ) (224 704 192 ) 
4 80 339 (256 0 96 ) (256 0 192 ) (224 0 192 ) (224 0 96 ) 
4 80 123 (256 512 96 ) (256 0 96 ) (224 0 96 ) (224 512 96 ) 
4 80 81 (224 512 96 ) (224 0 96 ) (224 0 192 ) (224 512 192 ) 
4 81 339 (224 0 192 ) (128 0 192 ) (128 0 96 ) (224 0 96 ) 
4 81 123 (224 512 96 ) (224 0 96 ) (128 0 96 ) (128 512 96 ) 
4 81 109 (224 704 96 ) (224 512 96 ) (128 512 96 ) (128 704 96 ) 
4 81 103 (128 768 96 ) (224 768 96 ) (224 704 96 ) (128 704 96 ) 
4 81 86 (128 384 96 ) (128 0 96 ) (128 0 192 ) (128 384 192 ) 
4 81 85 (128 480 96 ) (128 416 96 ) (128 416 192 ) (128 480 192 ) 
4 81 84 (128 592 96 ) (128 560 96 ) (128 560 192 ) (128 592 192 ) 
4 81 82 (128 768 192 ) (128 768 96 ) (128 704 96 ) (128 704 192 ) 
4 81 83 (128 640 96 ) (128 608 96 ) (128 608 192 ) (128 640 192 ) 
4 82 103 (96 768 96 ) (128 768 96 ) (128 704 96 ) (96 704 96 ) 
4 82 87 (96 768 192 ) (96 768 96 ) (96 704 96 ) (96 704 192 ) 
4 86 339 (128 0 192 ) (96 0 192 ) (96 0 96 ) (128 0 96 ) 
4 86 124 (128 384 96 ) (128 0 96 ) (96 0 96 ) (96 384 96 ) 
4 86 92 (96 384 96 ) (96 0 96 ) (96 0 192 ) (96 384 192 ) 
4 87 111 (96 704 96 ) (96 640 96 ) (32 640 96 ) (32 704 96 ) 
4 87 103 (32 768 96 ) (96 768 96 ) (96 704 96 ) (32 704 96 ) 
4 87 91 (32 768 128 ) (32 768 96 ) (32 672 96 ) (32 672 128 ) 
4 87 89 (32 768 160 ) (32 768 128 ) (32 668 128 ) (32 668 160 ) 
4 87 88 (32 768 192 ) (32 768 160 ) (32 672 160 ) (32 672 192 ) 
4 88 228 (0 672 192 ) (0 768 192 ) (0 768 160 ) (0 672 160 ) 
4 88 89 (4 768 160 ) (32 768 160 ) (32 672 160 ) (4 672 160 ) 
4 88 90 (0 768 160 ) (4 768 160 ) (4 672 160 ) (0 672 160 ) 
4 89 91 (4 768 128 ) (32 768 128 ) (32 672 128 ) (4 672 128 ) 
4 89 90 (4 768 128 ) (4 668 128 ) (4 668 160 ) (4 768 160 ) 
4 90 228 (0 768 160 ) (0 768 128 ) (0 640 128 ) (0 640 160 ) 
4 90 91 (0 768 128 ) (4 768 128 ) (4 672 128 ) (0 672 128 ) 
4 91 228 (0 768 128 ) (0 768 96 ) (0 672 96 ) (0 672 128 ) 
4 91 112 (0 672 96 ) (0 704 96 ) (32 704 96 ) (32 672 96 ) 
4 91 103 (0 704 96 ) (0 768 96 ) (32 768 96 ) (32 704 96 ) 
4 92 339 (96 0 192 ) (32 0 192 ) (32 0 96 ) (96 0 96 ) 
4 92 124 (96 384 96 ) (96 0 96 ) (32 0 96 ) (32 384 96 ) 
4 92 93 (32 384 96 ) (32 0 96 ) (32 0 192 ) (32 384 192 ) 
4 93 339 (32 0 192 ) (0 0 192 ) (0 0 96 ) (32 0 96 ) 
4 93 235 (0 0 96 ) (0 0 192 ) (0 384 192 ) (0 384 96 ) 
4 93 124 (0 0 96 ) (0 384 96 ) (32 384 96 ) (32 0 96 ) 
4 94 96 (168 864 68 ) (200 864 68 ) (200 832 68 ) (168 832 68 ) 
4 95 101 (224 800 68 ) (224 800 80 ) (144 800 80 ) (144 800 68 ) 
4 95 96 (144 800 68 ) (144 816 68 ) (224 816 68 ) (224 800 68 ) 
4 96 104 (144 912 64 ) (224 912 64 ) (224 800 64 ) (144 800 64 ) 
4 96 101 (144 800 64 ) (224 800 64 ) (224 800 68 ) (144 800 68 ) 
4 97 99 (56 864 68 ) (88 864 68 ) (88 832 68 ) (56 832 68 ) 
4 98 102 (112 800 68 ) (112 800 80 ) (32 800 80 ) (32 800 68 ) 
4 98 99 (32 800 68 ) (32 816 68 ) (112 816 68 ) (112 800 68 ) 
4 99 107 (32 912 64 ) (112 912 64 ) (112 800 64 ) (32 800 64 ) 
4 99 102 (32 800 64 ) (112 800 64 ) (112 800 68 ) (32 800 68 ) 
3 100 236 (0 780 64 ) (0 768 64 ) (0 768 76 ) 
4 100 106 (112 780 64 ) (144 780 64 ) (144 768 64 ) (112 768 64 ) 
4 100 104 (144 780 64 ) (256 780 64 ) (256 768 64 ) (144 768 64 ) 
4 100 107 (0 768 64 ) (0 780 64 ) (112 780 64 ) (112 768 64 ) 
4 100 102 (112 780 64 ) (32 780 64 ) (32 768 76 ) (112 768 76 ) 
4 100 101 (224 780 64 ) (144 780 64 ) (144 768 76 ) (224 768 76 ) 
4 100 103 (0 768 64 ) (256 768 64 ) (256 768 76 ) (0 768 76 ) 
4 101 104 (144 800 64 ) (224 800 64 ) (224 780 64 ) (144 780 64 ) 
4 101 103 (224 768 96 ) (144 768 96 ) (144 768 76 ) (224 768 76 ) 
4 102 107 (32 800 64 ) (112 800 64 ) (112 780 64 ) (32 780 64 ) 
4 102 103 (112 768 96 ) (32 768 96 ) (32 768 76 ) (112 768 76 ) 
4 103 236 (0 704 64 ) (0 704 88 ) (0 768 88 ) (0 768 64 ) 
4 103 228 (0 704 88 ) (0 704 96 ) (0 768 96 ) (0 768 88 ) 
4 103 112 (32 704 96 ) (0 704 96 ) (0 704 64 ) (32 704 64 ) 
4 103 111 (96 704 96 ) (32 704 96 ) (32 704 64 ) (96 704 64 ) 
4 103 109 (256 704 64 ) (256 704 96 ) (128 704 96 ) (128 704 64 ) 
4 103 106 (144 704 64 ) (112 704 64 ) (112 768 64 ) (144 768 64 ) 
4 103 104 (256 704 64 ) (144 704 64 ) (144 768 64 ) (256 768 64 ) 
4 103 107 (112 704 64 ) (0 704 64 ) (0 768 64 ) (112 768 64 ) 
4 104 109 (256 704 -64 ) (256 704 64 ) (144 704 64 ) (144 704 -64 ) 
4 104 105 (144 1024 -64 ) (144 912 -64 ) (144 912 64 ) (144 1024 64 ) 
4 104 106 (144 880 -64 ) (144 704 -64 ) (144 704 64 ) (144 880 64 ) 
4 105 107 (112 1024 -64 ) (112 912 -64 ) (112 912 64 ) (112 1024 64 ) 
4 106 109 (144 704 64 ) (128 704 64 ) (128 704 -64 ) (144 704 -64 ) 
4 106 107 (112 880 -64 ) (112 704 -64 ) (112 704 64 ) (112 880 64 ) 
4 107 269 (0 704 -64 ) (0 704 48 ) (0 800 48 ) (0 800 -64 ) 
4 107 259 (0 704 48 ) (0 704 64 ) (0 768 64 ) (0 768 48 ) 
4 107 256 (0 768 64 ) (0 800 64 ) (0 800 48 ) (0 768 48 ) 
4 107 112 (32 704 64 ) (0 704 64 ) (0 704 -64 ) (32 704 -64 ) 
4 107 111 (96 704 64 ) (32 704 64 ) (32 704 -64 ) (96 704 -64 ) 
4 108 336 (0 704 -768 ) (0 704 -192 ) (0 800 -192 ) (0 800 -768 ) 
4 108 221 (0 800 -192 ) (0 1024 -192 ) (0 1024 -768 ) (0 800 -768 ) 
4 108 122 (128 704 -192 ) (0 704 -192 ) (0 704 -768 ) (128 704 -768 ) 
4 108 120 (256 704 -768 ) (256 704 -256 ) (128 704 -256 ) (128 704 -768 ) 
4 109 125 (256 512 -64 ) (256 512 0 ) (128 512 0 ) (128 512 -64 ) 
4 109 123 (256 512 0 ) (256 512 96 ) (128 512 96 ) (128 512 0 ) 
4 109 118 (256 512 -64 ) (192 512 -64 ) (192 704 -64 ) (256 704 -64 ) 
4 109 119 (192 512 -64 ) (128 512 -64 ) (128 704 -64 ) (192 704 -64 ) 
4 109 110 (128 672 -64 ) (128 544 -64 ) (128 544 64 ) (128 672 64 ) 
3 111 113 (32 672 76 ) (32 672 64 ) (32 660 64 ) 
4 111 114 (32 672 -64 ) (32 640 -64 ) (32 640 64 ) (32 672 64 ) 
4 111 112 (32 704 96 ) (32 704 -64 ) (32 672 -64 ) (32 672 96 ) 
4 112 269 (0 704 48 ) (0 704 -64 ) (0 672 -64 ) (0 672 48 ) 
4 112 259 (0 704 64 ) (0 704 48 ) (0 672 48 ) (0 672 64 ) 
4 112 236 (0 704 88 ) (0 704 64 ) (0 672 64 ) (0 672 88 ) 
4 112 228 (0 672 96 ) (0 704 96 ) (0 704 88 ) (0 672 88 ) 
4 112 113 (32 672 64 ) (32 672 76 ) (0 672 76 ) (0 672 64 ) 
4 112 114 (0 672 -64 ) (32 672 -64 ) (32 672 64 ) (0 672 64 ) 
3 113 236 (0 672 76 ) (0 672 64 ) (0 660 64 ) 
4 113 114 (0 672 64 ) (32 672 64 ) (32 660 64 ) (0 660 64 ) 
4 114 269 (0 672 48 ) (0 672 -64 ) (0 640 -64 ) (0 640 48 ) 
4 114 262 (0 672 64 ) (0 672 48 ) (0 640 48 ) (0 640 64 ) 
4 114 115 (4 640 -64 ) (28 640 -64 ) (28 640 64 ) (4 640 64 ) 
4 115 116 (4 636 32 ) (4 636 0 ) (28 636 0 ) (28 636 32 ) 
4 115 117 (4 636 -8 ) (4 636 -40 ) (28 636 -40 ) (28 636 -8 ) 
4 118 125 (256 512 -128 ) (256 512 -64 ) (192 512 -64 ) (192 512 -128 ) 
3 118 119 (192 512 -128 ) (192 512 -64 ) (192 704 -64 ) 
4 119 125 (192 512 -64 ) (128 512 -64 ) (128 512 -128 ) (192 512 -128 ) 
4 119 121 (128 512 -128 ) (128 512 -80 ) (128 576 -80 ) (128 576 -128 ) 
4 120 126 (256 512 -768 ) (256 512 -256 ) (128 512 -256 ) (128 512 -768 ) 
4 120 122 (128 512 -768 ) (128 512 -256 ) (128 704 -256 ) (128 704 -768 ) 
4 122 336 (0 512 -768 ) (0 512 -192 ) (0 704 -192 ) (0 704 -768 ) 
4 122 126 (0 512 -256 ) (0 512 -768 ) (128 512 -768 ) (128 512 -256 ) 
4 123 339 (256 0 0 ) (256 0 96 ) (128 0 96 ) (128 0 0 ) 
4 123 125 (128 512 0 ) (256 512 0 ) (256 0 0 ) (128 0 0 ) 
4 123 124 (128 384 0 ) (128 0 0 ) (128 0 96 ) (128 384 96 ) 
4 124 339 (128 0 96 ) (0 0 96 ) (0 0 0 ) (128 0 0 ) 
4 124 275 (0 0 0 ) (0 0 48 ) (0 384 48 ) (0 384 0 ) 
4 124 264 (0 0 48 ) (0 0 64 ) (0 384 64 ) (0 384 48 ) 
4 124 238 (0 0 64 ) (0 0 88 ) (0 384 88 ) (0 384 64 ) 
4 124 235 (0 0 88 ) (0 0 96 ) (0 384 96 ) (0 384 88 ) 
4 124 125 (0 0 0 ) (0 384 0 ) (128 384 0 ) (128 0 0 ) 
4 126 340 (256 0 -768 ) (256 0 -256 ) (0 0 -256 ) (0 0 -768 ) 
4 126 336 (0 0 -768 ) (0 0 -256 ) (0 512 -256 ) (0 512 -768 ) 
4 127 169 (-1024 1536 448 ) (-1024 1344 448 ) (-1024 1344 1280 ) (-1024 1536 1280 ) 
4 127 145 (-1024 1344 448 ) (-1024 1472 448 ) (-192 1472 448 ) (-192 1344 448 ) 
4 127 144 (-192 1472 448 ) (0 1472 448 ) (0 1344 448 ) (-192 1344 448 ) 
4 127 143 (-1024 1472 448 ) (-1024 1536 448 ) (-960 1536 448 ) (-960 1472 448 ) 
4 127 142 (-960 1536 448 ) (0 1536 448 ) (0 1472 448 ) (-960 1472 448 ) 
4 127 141 (-1024 1344 464 ) (-1024 1344 448 ) (-288 1344 448 ) (-288 1344 464 ) 
4 127 135 (-1024 1344 784 ) (-1024 1344 464 ) (-608 1344 464 ) (-608 1344 784 ) 
4 127 134 (-256 1344 784 ) (-288 1344 784 ) (-288 1344 560 ) (-256 1344 560 ) 
4 127 129 (-352 1344 784 ) (0 1344 784 ) (0 1344 1104 ) (-352 1344 1104 ) 
4 127 131 (-1024 1344 1104 ) (-1024 1344 784 ) (-544 1344 784 ) (-544 1344 1104 ) 
4 127 128 (-1024 1344 1280 ) (-1024 1344 1104 ) (0 1344 1104 ) (0 1344 1280 ) 
4 128 197 (-256 1024 1280 ) (-1024 1024 1280 ) (-1024 1024 1104 ) (-256 1024 1104 ) 
4 128 195 (-224 1024 1280 ) (-256 1024 1280 ) (-256 1024 1104 ) (-224 1024 1104 ) 
4 128 192 (-160 1024 1280 ) (-224 1024 1280 ) (-224 1024 1104 ) (-160 1024 1104 ) 
4 128 189 (-64 1024 1280 ) (-160 1024 1280 ) (-160 1024 1104 ) (-64 1024 1104 ) 
4 128 179 (0 1024 1104 ) (0 1024 1280 ) (-64 1024 1280 ) (-64 1024 1104 ) 
4 128 175 (-1024 1056 1280 ) (-1024 1280 1280 ) (-1024 1280 1104 ) (-1024 1056 1104 ) 
4 128 177 (-1024 1024 1104 ) (-1024 1024 1280 ) (-1024 1056 1280 ) (-1024 1056 1104 ) 
4 128 169 (-1024 1280 1280 ) (-1024 1344 1280 ) (-1024 1344 1104 ) (-1024 1280 1104 ) 
4 128 130 (-352 1024 1104 ) (-544 1024 1104 ) (-544 1248 1104 ) (-352 1248 1104 ) 
4 128 129 (0 1024 1104 ) (-352 1024 1104 ) (-352 1344 1104 ) (0 1344 1104 ) 
4 128 131 (-544 1024 1104 ) (-1024 1024 1104 ) (-1024 1344 1104 ) (-544 1344 1104 ) 
4 129 197 (-256 1024 1104 ) (-352 1024 1104 ) (-352 1024 784 ) (-256 1024 784 ) 
4 129 195 (-224 1024 1104 ) (-256 1024 1104 ) (-256 1024 784 ) (-224 1024 784 ) 
4 129 192 (-160 1024 1104 ) (-224 1024 1104 ) (-224 1024 784 ) (-160 1024 784 ) 
4 129 189 (-64 1024 1104 ) (-160 1024 1104 ) (-160 1024 784 ) (-64 1024 784 ) 
4 129 179 (0 1024 784 ) (0 1024 1104 ) (-64 1024 1104 ) (-64 1024 784 ) 
4 129 136 (-288 1184 784 ) (-288 1056 784 ) (-352 1056 784 ) (-352 1184 784 ) 
4 129 137 (-288 1056 784 ) (-288 1024 784 ) (-352 1024 784 ) (-352 1056 784 ) 
5 129 134 (-288 1344 784 ) (-256 1344 784 ) (-128 1173.333374 784 ) (-128 1024 784 ) (-288 1024 784 ) 
3 129 132 (-64 1088 784 ) (-128 1088 784 ) (-128 1173.333252 784 ) 
4 129 133 (0 1088 784 ) (0 1024 784 ) (-128 1024 784 ) (-128 1088 784 ) 
4 129 130 (-352 1248 784 ) (-352 1024 784 ) (-352 1024 1104 ) (-352 1248 1104 ) 
4 130 197 (-352 1024 1104 ) (-544 1024 1104 ) (-544 1024 784 ) (-352 1024 784 ) 
4 130 136 (-352 1184 784 ) (-352 1056 784 ) (-544 1056 784 ) (-544 1184 784 ) 
4 130 137 (-352 1056 784 ) (-352 1024 784 ) (-544 1024 784 ) (-544 1056 784 ) 
4 130 131 (-544 1248 784 ) (-544 1024 784 ) (-544 1024 1104 ) (-544 1248 1104 ) 
4 131 197 (-544 1024 1104 ) (-1024 1024 1104 ) (-1024 1024 784 ) (-544 1024 784 ) 
4 131 175 (-1024 1056 1104 ) (-1024 1280 1104 ) (-1024 1280 784 ) (-1024 1056 784 ) 
4 131 177 (-1024 1024 784 ) (-1024 1024 1104 ) (-1024 1056 1104 ) (-1024 1056 784 ) 
4 131 169 (-1024 1280 1104 ) (-1024 1344 1104 ) (-1024 1344 784 ) (-1024 1280 784 ) 
4 131 136 (-608 1184 784 ) (-544 1184 784 ) (-544 1056 784 ) (-608 1056 784 ) 
4 131 137 (-544 1056 784 ) (-544 1024 784 ) (-608 1024 784 ) (-608 1056 784 ) 
4 131 138 (-1024 1024 784 ) (-1024 1184 784 ) (-608 1184 784 ) (-608 1024 784 ) 
4 131 135 (-1024 1184 784 ) (-1024 1344 784 ) (-608 1344 784 ) (-608 1184 784 ) 
3 132 139 (-128 1088 464 ) (-128 1155.692139 464 ) (-76.235382 1088 464 ) 
4 132 134 (-128 1088 560 ) (-128 1088 784 ) (-128 1173.333252 784 ) (-128 1173.333252 560 ) 
4 132 133 (-128 1088 784 ) (-128 1088 464 ) (-64 1088 464 ) (-64 1088 784 ) 
4 133 189 (-64 1024 784 ) (-128 1024 784 ) (-128 1024 464 ) (-64 1024 464 ) 
4 133 179 (0 1024 464 ) (0 1024 784 ) (-64 1024 784 ) (-64 1024 464 ) 
4 133 139 (-128 1072 464 ) (-128 1088 464 ) (-76.235382 1088 464 ) (-64 1072 464 ) 
4 133 140 (0 1024 464 ) (-128 1024 464 ) (-128 1072 464 ) (0 1072 464 ) 
4 133 134 (-128 1024 560 ) (-128 1024 784 ) (-128 1088 784 ) (-128 1088 560 ) 
4 134 197 (-256 1024 784 ) (-288 1024 784 ) (-288 1024 560 ) (-256 1024 560 ) 
4 134 195 (-224 1024 784 ) (-256 1024 784 ) (-256 1024 560 ) (-224 1024 560 ) 
4 134 192 (-160 1024 784 ) (-224 1024 784 ) (-224 1024 560 ) (-160 1024 560 ) 
4 134 189 (-128 1024 784 ) (-160 1024 784 ) (-160 1024 560 ) (-128 1024 560 ) 
4 134 136 (-288 1056 784 ) (-288 1184 784 ) (-288 1184 624 ) (-288 1056 624 ) 
4 134 137 (-288 1024 560 ) (-288 1024 784 ) (-288 1056 784 ) (-288 1056 560 ) 
4 135 175 (-1024 1184 784 ) (-1024 1280 784 ) (-1024 1280 464 ) (-1024 1184 464 ) 
4 135 169 (-1024 1280 784 ) (-1024 1344 784 ) (-1024 1344 464 ) (-1024 1280 464 ) 
4 135 141 (-1024 1184 464 ) (-1024 1344 464 ) (-608 1344 464 ) (-608 1184 464 ) 
4 135 138 (-1024 1184 464 ) (-608 1184 464 ) (-608 1184 784 ) (-1024 1184 784 ) 
4 136 137 (-608 1056 784 ) (-608 1056 624 ) (-288 1056 624 ) (-288 1056 784 ) 
4 136 138 (-608 1184 784 ) (-608 1184 624 ) (-608 1056 624 ) (-608 1056 784 ) 
4 137 197 (-288 1024 784 ) (-608 1024 784 ) (-608 1024 464 ) (-288 1024 464 ) 
4 137 141 (-288 1024 464 ) (-608 1024 464 ) (-608 1056 464 ) (-288 1056 464 ) 
4 137 138 (-608 1056 464 ) (-608 1024 464 ) (-608 1024 784 ) (-608 1056 784 ) 
4 138 197 (-608 1024 784 ) (-1024 1024 784 ) (-1024 1024 464 ) (-608 1024 464 ) 
4 138 175 (-1024 1056 784 ) (-1024 1184 784 ) (-1024 1184 464 ) (-1024 1056 464 ) 
4 138 177 (-1024 1024 464 ) (-1024 1024 784 ) (-1024 1056 784 ) (-1024 1056 464 ) 
4 138 141 (-608 1024 464 ) (-1024 1024 464 ) (-1024 1184 464 ) (-608 1184 464 ) 
4 139 140 (-128 1072 464 ) (-128 1072 448 ) (-64 1072 448 ) (-64 1072 464 ) 
4 140 189 (-64 1024 464 ) (-128 1024 464 ) (-128 1024 448 ) (-64 1024 448 ) 
4 140 179 (0 1024 448 ) (0 1024 464 ) (-64 1024 464 ) (-64 1024 448 ) 
4 141 197 (-288 1024 464 ) (-1024 1024 464 ) (-1024 1024 448 ) (-288 1024 448 ) 
4 141 175 (-1024 1280 448 ) (-1024 1056 448 ) (-1024 1056 464 ) (-1024 1280 464 ) 
4 141 177 (-1024 1056 448 ) (-1024 1024 448 ) (-1024 1024 464 ) (-1024 1056 464 ) 
4 141 169 (-1024 1344 448 ) (-1024 1280 448 ) (-1024 1280 464 ) (-1024 1344 464 ) 
4 141 152 (-576 1024 448 ) (-1024 1024 448 ) (-1024 1344 448 ) (-576 1344 448 ) 
4 142 164 (-960 1536 -448 ) (-128 1536 -448 ) (-128 1472 -448 ) (-960 1472 -448 ) 
4 142 163 (-128 1536 -448 ) (0 1536 -448 ) (0 1472 -448 ) (-128 1472 -448 ) 
4 142 149 (-896 1472 -336 ) (-960 1472 -336 ) (-960 1472 -368 ) (-896 1472 -368 ) 
4 142 146 (-192 1472 -368 ) (-192 1472 -336 ) (-320 1472 -336 ) (-320 1472 -368 ) 
4 142 147 (-448 1472 -336 ) (-704 1472 -336 ) (-704 1472 -368 ) (-448 1472 -368 ) 
4 142 145 (-192 1472 -336 ) (-192 1472 448 ) (-960 1472 448 ) (-960 1472 -336 ) 
4 142 150 (-960 1472 -448 ) (-192 1472 -448 ) (-192 1472 -368 ) (-960 1472 -368 ) 
4 142 144 (0 1472 -320 ) (0 1472 448 ) (-192 1472 448 ) (-192 1472 -320 ) 
4 142 143 (-960 1536 448 ) (-960 1536 -416 ) (-960 1472 -416 ) (-960 1472 448 ) 
4 143 172 (-1024 1472 -416 ) (-1024 1472 -368 ) (-1024 1536 -368 ) (-1024 1536 -416 ) 
4 143 170 (-1024 1472 -368 ) (-1024 1472 -336 ) (-1024 1536 -336 ) (-1024 1536 -368 ) 
4 143 169 (-1024 1472 -336 ) (-1024 1472 448 ) (-1024 1536 448 ) (-1024 1536 -336 ) 
4 143 149 (-960 1472 -368 ) (-960 1472 -336 ) (-1024 1472 -336 ) (-1024 1472 -368 ) 
4 143 145 (-960 1472 -336 ) (-960 1472 448 ) (-1024 1472 448 ) (-1024 1472 -336 ) 
4 143 150 (-960 1472 -416 ) (-960 1472 -368 ) (-1024 1472 -368 ) (-1024 1472 -416 ) 
4 144 154 (0 1344 -320 ) (0 1344 64 ) (-64 1344 64 ) (-64 1344 -320 ) 
4 144 156 (-64 1344 64 ) (-192 1344 64 ) (-192 1344 -320 ) (-64 1344 -320 ) 
4 144 145 (-192 1472 448 ) (-192 1472 -320 ) (-192 1344 -320 ) (-192 1344 448 ) 
4 145 169 (-1024 1344 -336 ) (-1024 1344 448 ) (-1024 1472 448 ) (-1024 1472 -336 ) 
4 145 157 (-192 1344 -336 ) (-192 1344 -320 ) (-1024 1344 -320 ) (-1024 1344 -336 ) 
4 145 156 (-192 1344 -320 ) (-192 1344 64 ) (-1024 1344 64 ) (-1024 1344 -320 ) 
4 145 153 (-640 1344 336 ) (-1024 1344 336 ) (-1024 1344 64 ) (-640 1344 64 ) 
4 145 152 (-576 1344 448 ) (-1024 1344 448 ) (-1024 1344 336 ) (-576 1344 336 ) 
4 145 148 (-704 1408 -336 ) (-704 1344 -336 ) (-896 1344 -336 ) (-896 1408 -336 ) 
4 145 149 (-1024 1472 -336 ) (-896 1472 -336 ) (-896 1344 -336 ) (-1024 1344 -336 ) 
4 145 146 (-320 1472 -336 ) (-192 1472 -336 ) (-192 1344 -336 ) (-320 1344 -336 ) 
4 145 147 (-704 1472 -336 ) (-448 1472 -336 ) (-448 1344 -336 ) (-704 1344 -336 ) 
4 146 158 (-192 1344 -368 ) (-192 1344 -336 ) (-320 1344 -336 ) (-320 1344 -368 ) 
4 146 150 (-320 1472 -368 ) (-192 1472 -368 ) (-192 1344 -368 ) (-320 1344 -368 ) 
4 147 158 (-448 1344 -336 ) (-576 1344 -336 ) (-576 1344 -368 ) (-448 1344 -368 ) 
4 147 148 (-704 1408 -368 ) (-704 1344 -368 ) (-704 1344 -336 ) (-704 1408 -336 ) 
4 147 150 (-704 1472 -368 ) (-448 1472 -368 ) (-448 1344 -368 ) (-704 1344 -368 ) 
4 148 159 (-768 1344 -336 ) (-896 1344 -336 ) (-896 1344 -368 ) (-768 1344 -368 ) 
4 148 149 (-896 1408 -368 ) (-896 1344 -368 ) (-896 1344 -336 ) (-896 1408 -336 ) 
4 148 150 (-704 1408 -368 ) (-704 1344 -368 ) (-896 1344 -368 ) (-896 1408 -368 ) 
4 149 171 (-1024 1344 -368 ) (-1024 1344 -336 ) (-1024 1440 -336 ) (-1024 1440 -368 ) 
4 149 170 (-1024 1440 -336 ) (-1024 1472 -336 ) (-1024 1472 -368 ) (-1024 1440 -368 ) 
4 149 159 (-896 1344 -336 ) (-960 1344 -336 ) (-960 1344 -368 ) (-896 1344 -368 ) 
4 149 150 (-1024 1472 -368 ) (-896 1472 -368 ) (-896 1344 -368 ) (-1024 1344 -368 ) 
4 150 172 (-1024 1472 -448 ) (-1024 1344 -448 ) (-1024 1344 -368 ) (-1024 1472 -368 ) 
4 150 160 (-1024 1344 -448 ) (-192 1344 -448 ) (-192 1344 -368 ) (-1024 1344 -368 ) 
4 151 179 (0 1024 336 ) (0 1024 432 ) (-64 1024 432 ) (-64 1024 336 ) 
4 152 198 (-1024 1024 352 ) (-1024 1024 336 ) (-576 1024 336 ) (-576 1024 352 ) 
4 152 197 (-576 1024 448 ) (-1024 1024 448 ) (-1024 1024 352 ) (-576 1024 352 ) 
4 152 175 (-1024 1056 448 ) (-1024 1280 448 ) (-1024 1280 336 ) (-1024 1056 336 ) 
4 152 177 (-1024 1024 336 ) (-1024 1024 448 ) (-1024 1056 448 ) (-1024 1056 336 ) 
4 152 169 (-1024 1280 448 ) (-1024 1344 448 ) (-1024 1344 336 ) (-1024 1280 336 ) 
4 152 153 (-1024 1024 336 ) (-1024 1344 336 ) (-640 1344 336 ) (-640 1024 336 ) 
4 153 199 (-1024 1024 320 ) (-1024 1024 64 ) (-640 1024 64 ) (-640 1024 320 ) 
4 153 198 (-640 1024 336 ) (-1024 1024 336 ) (-1024 1024 320 ) (-640 1024 320 ) 
4 153 175 (-1024 1056 336 ) (-1024 1280 336 ) (-1024 1280 64 ) (-1024 1056 64 ) 
4 153 177 (-1024 1024 64 ) (-1024 1024 336 ) (-1024 1056 336 ) (-1024 1056 64 ) 
4 153 169 (-1024 1280 336 ) (-1024 1344 336 ) (-1024 1344 64 ) (-1024 1280 64 ) 
4 153 156 (-1024 1024 64 ) (-1024 1344 64 ) (-640 1344 64 ) (-640 1024 64 ) 
4 154 161 (-64 1088 -320 ) (-64 1280 -320 ) (0 1280 -320 ) (0 1088 -320 ) 
4 154 155 (-64 1088 -64 ) (-64 1088 -320 ) (0 1088 -320 ) (0 1088 -64 ) 
4 154 156 (-64 1344 -320 ) (-64 1088 -320 ) (-64 1088 64 ) (-64 1344 64 ) 
4 155 221 (0 1024 -320 ) (0 1024 -128 ) (-64 1024 -128 ) (-64 1024 -320 ) 
4 155 211 (0 1024 -128 ) (0 1024 -64 ) (-64 1024 -64 ) (-64 1024 -128 ) 
4 155 161 (0 1024 -320 ) (-64 1024 -320 ) (-64 1088 -320 ) (0 1088 -320 ) 
4 155 156 (-64 1088 -320 ) (-64 1024 -320 ) (-64 1024 -64 ) (-64 1088 -64 ) 
4 156 222 (-576 1024 -320 ) (-416 1024 -320 ) (-416 1024 -128 ) (-576 1024 -128 ) 
4 156 221 (-416 1024 -320 ) (-64 1024 -320 ) (-64 1024 -128 ) (-416 1024 -128 ) 
4 156 224 (-1024 1024 -128 ) (-1024 1024 -320 ) (-576 1024 -320 ) (-576 1024 -128 ) 
4 156 212 (-256 1024 64 ) (-1024 1024 64 ) (-1024 1024 -128 ) (-256 1024 -128 ) 
4 156 175 (-1024 1056 64 ) (-1024 1280 64 ) (-1024 1280 -320 ) (-1024 1056 -320 ) 
4 156 177 (-1024 1024 -320 ) (-1024 1024 64 ) (-1024 1056 64 ) (-1024 1056 -320 ) 
4 156 169 (-1024 1280 64 ) (-1024 1344 64 ) (-1024 1344 -320 ) (-1024 1280 -320 ) 
4 156 162 (-960 1024 -320 ) (-1024 1024 -320 ) (-1024 1056 -320 ) (-960 1056 -320 ) 
4 156 161 (-64 1024 -320 ) (-960 1024 -320 ) (-960 1280 -320 ) (-64 1280 -320 ) 
4 156 157 (-1024 1280 -320 ) (-1024 1344 -320 ) (-192 1344 -320 ) (-192 1280 -320 ) 
4 157 169 (-1024 1280 -336 ) (-1024 1280 -320 ) (-1024 1344 -320 ) (-1024 1344 -336 ) 
4 157 161 (-192 1280 -336 ) (-192 1280 -320 ) (-960 1280 -320 ) (-960 1280 -336 ) 
4 157 158 (-576 1344 -336 ) (-192 1344 -336 ) (-192 1280 -336 ) (-576 1280 -336 ) 
4 157 159 (-960 1344 -336 ) (-768 1344 -336 ) (-768 1280 -336 ) (-960 1280 -336 ) 
4 158 161 (-192 1280 -368 ) (-192 1280 -336 ) (-576 1280 -336 ) (-576 1280 -368 ) 
4 158 160 (-576 1344 -368 ) (-192 1344 -368 ) (-192 1280 -368 ) (-576 1280 -368 ) 
4 159 161 (-768 1280 -336 ) (-960 1280 -336 ) (-960 1280 -368 ) (-768 1280 -368 ) 
4 159 160 (-960 1344 -368 ) (-768 1344 -368 ) (-768 1280 -368 ) (-960 1280 -368 ) 
4 160 172 (-1024 1344 -448 ) (-1024 1280 -448 ) (-1024 1280 -368 ) (-1024 1344 -368 ) 
4 160 161 (-960 1280 -448 ) (-192 1280 -448 ) (-192 1280 -368 ) (-960 1280 -368 ) 
4 161 222 (-416 1024 -320 ) (-576 1024 -320 ) (-576 1024 -448 ) (-416 1024 -448 ) 
4 161 221 (0 1024 -448 ) (0 1024 -320 ) (-416 1024 -320 ) (-416 1024 -448 ) 
4 161 224 (-576 1024 -320 ) (-960 1024 -320 ) (-960 1024 -448 ) (-576 1024 -448 ) 
4 161 166 (-960 1280 -448 ) (-128 1280 -448 ) (-128 1024 -448 ) (-960 1024 -448 ) 
4 161 163 (-128 1280 -448 ) (0 1280 -448 ) (0 1024 -448 ) (-128 1024 -448 ) 
4 161 162 (-960 1056 -448 ) (-960 1024 -448 ) (-960 1024 -320 ) (-960 1056 -320 ) 
4 162 224 (-960 1024 -320 ) (-1024 1024 -320 ) (-1024 1024 -448 ) (-960 1024 -448 ) 
4 162 177 (-1024 1056 -448 ) (-1024 1024 -448 ) (-1024 1024 -320 ) (-1024 1056 -320 ) 
4 162 168 (-1024 1024 -448 ) (-1024 1056 -448 ) (-960 1056 -448 ) (-960 1024 -448 ) 
4 163 221 (0 1024 -768 ) (0 1024 -448 ) (-128 1024 -448 ) (-128 1024 -768 ) 
4 163 165 (-128 1472 -768 ) (-128 1280 -768 ) (-128 1280 -512 ) (-128 1472 -512 ) 
4 163 164 (-128 1536 -448 ) (-128 1536 -768 ) (-128 1472 -768 ) (-128 1472 -448 ) 
4 163 166 (-128 1280 -768 ) (-128 1024 -768 ) (-128 1024 -448 ) (-128 1280 -448 ) 
4 164 167 (-960 1536 -512 ) (-960 1536 -768 ) (-960 1472 -768 ) (-960 1472 -512 ) 
4 164 165 (-960 1472 -512 ) (-960 1472 -768 ) (-128 1472 -768 ) (-128 1472 -512 ) 
4 165 167 (-960 1472 -768 ) (-960 1280 -768 ) (-960 1280 -512 ) (-960 1472 -512 ) 
4 165 166 (-960 1280 -512 ) (-960 1280 -768 ) (-128 1280 -768 ) (-128 1280 -512 ) 
4 166 222 (-416 1024 -448 ) (-576 1024 -448 ) (-576 1024 -768 ) (-416 1024 -768 ) 
4 166 221 (-128 1024 -448 ) (-416 1024 -448 ) (-416 1024 -768 ) (-128 1024 -768 ) 
4 166 224 (-576 1024 -448 ) (-960 1024 -448 ) (-960 1024 -768 ) (-576 1024 -768 ) 
4 166 168 (-960 1280 -768 ) (-960 1024 -768 ) (-960 1024 -448 ) (-960 1280 -448 ) 
4 167 173 (-1024 1536 -768 ) (-1024 1280 -768 ) (-1024 1280 -512 ) (-1024 1536 -512 ) 
4 167 168 (-1024 1280 -768 ) (-960 1280 -768 ) (-960 1280 -512 ) (-1024 1280 -512 ) 
4 168 224 (-960 1024 -448 ) (-1024 1024 -448 ) (-1024 1024 -768 ) (-960 1024 -768 ) 
4 168 176 (-1024 1280 -768 ) (-1024 1056 -768 ) (-1024 1056 -448 ) (-1024 1280 -448 ) 
4 168 177 (-1024 1056 -768 ) (-1024 1024 -768 ) (-1024 1024 -448 ) (-1024 1056 -448 ) 
4 169 175 (-1024 1280 -320 ) (-1024 1280 1280 ) (-1152 1280 1280 ) (-1152 1280 -320 ) 
4 169 174 (-1152 1536 1280 ) (-1152 1536 -336 ) (-1152 1280 -336 ) (-1152 1280 1280 ) 
4 169 171 (-1152 1344 -336 ) (-1152 1440 -336 ) (-1024 1440 -336 ) (-1024 1344 -336 ) 
4 169 170 (-1088 1536 -336 ) (-1024 1536 -336 ) (-1024 1440 -336 ) (-1088 1440 -336 ) 
4 170 172 (-1088 1536 -368 ) (-1024 1536 -368 ) (-1024 1440 -368 ) (-1088 1440 -368 ) 
4 170 171 (-1088 1440 -368 ) (-1024 1440 -368 ) (-1024 1440 -336 ) (-1088 1440 -336 ) 
4 171 174 (-1152 1440 -368 ) (-1152 1344 -368 ) (-1152 1344 -336 ) (-1152 1440 -336 ) 
4 171 172 (-1152 1344 -368 ) (-1152 1440 -368 ) (-1024 1440 -368 ) (-1024 1344 -368 ) 
4 172 174 (-1152 1536 -368 ) (-1152 1536 -448 ) (-1152 1280 -448 ) (-1152 1280 -368 ) 
4 173 176 (-1152 1280 -768 ) (-1024 1280 -768 ) (-1024 1280 -512 ) (-1152 1280 -512 ) 
4 173 174 (-1152 1536 -512 ) (-1152 1536 -768 ) (-1152 1280 -768 ) (-1152 1280 -512 ) 
4 174 175 (-1152 1280 -320 ) (-1152 1280 1280 ) (-1344 1280 1280 ) (-1344 1280 -320 ) 
4 174 176 (-1344 1280 -768 ) (-1152 1280 -768 ) (-1152 1280 -448 ) (-1344 1280 -448 ) 
4 174 178 (-1536 1280 -768 ) (-1344 1280 -768 ) (-1344 1280 1280 ) (-1536 1280 1280 ) 
4 175 178 (-1344 1280 1280 ) (-1344 1280 -320 ) (-1344 1056 -320 ) (-1344 1056 1280 ) 
4 175 177 (-1344 1056 1280 ) (-1344 1056 -320 ) (-1024 1056 -320 ) (-1024 1056 1280 ) 
4 176 177 (-1344 1056 -448 ) (-1344 1056 -768 ) (-1024 1056 -768 ) (-1024 1056 -448 ) 
4 176 178 (-1344 1280 -448 ) (-1344 1280 -768 ) (-1344 1056 -768 ) (-1344 1056 -448 ) 
4 177 337 (-1344 1024 -768 ) (-1024 1024 -768 ) (-1024 1024 1280 ) (-1344 1024 1280 ) 
4 177 178 (-1344 1056 -768 ) (-1344 1024 -768 ) (-1344 1024 1280 ) (-1344 1056 1280 ) 
4 178 337 (-1536 1024 -768 ) (-1344 1024 -768 ) (-1344 1024 1280 ) (-1536 1024 1280 ) 
4 179 190 (-64 896 224 ) (-64 896 1280 ) (-64 992 1280 ) (-64 992 224 ) 
4 179 189 (-64 992 1280 ) (-64 1024 1280 ) (-64 1024 224 ) (-64 992 224 ) 
4 179 182 (-64 896 1280 ) (-64 896 224 ) (0 896 224 ) (0 896 1280 ) 
4 179 181 (-32 896 224 ) (-64 896 224 ) (-64 1016 224 ) (-32 1016 224 ) 
4 179 180 (-64 1016 224 ) (-64 1024 224 ) (0 1024 224 ) (0 1016 224 ) 
3 180 181 (-32 1016 224 ) (-64 1016 224 ) (-64 1016 192 ) 
4 181 190 (-64 896 192 ) (-64 896 224 ) (-64 992 224 ) (-64 992 192 ) 
3 181 182 (-64 896 224 ) (-64 896 192 ) (-32 896 224 ) 
4 182 228 (0 800 176 ) (0 800 208 ) (-64 800 208 ) (-64 800 176 ) 
4 182 226 (0 800 208 ) (0 800 224 ) (-64 800 224 ) (-64 800 208 ) 
4 182 225 (0 800 224 ) (0 800 1280 ) (-64 800 1280 ) (-64 800 224 ) 
4 182 190 (-64 800 176 ) (-64 800 1280 ) (-64 896 1280 ) (-64 896 176 ) 
4 182 186 (0 800 176 ) (-64 800 176 ) (-64 868 176 ) (0 868 176 ) 
4 182 183 (-56 896 176 ) (-8 896 176 ) (-8 880 176 ) (-56 880 176 ) 
4 183 184 (-56 880 144 ) (-56 896 144 ) (-8 896 144 ) (-8 880 144 ) 
4 185 187 (-56 868 96 ) (-56 868 64 ) (-8 868 64 ) (-8 868 96 ) 
4 185 186 (-56 868 144 ) (-56 868 96 ) (-8 868 96 ) (-8 868 144 ) 
4 186 228 (0 800 96 ) (0 800 176 ) (-64 800 176 ) (-64 800 96 ) 
4 186 190 (-64 800 128 ) (-64 800 176 ) (-64 868 176 ) (-64 868 139.333344 ) 
4 186 188 (0 800 96 ) (-64 800 96 ) (-64 808 96 ) (0 808 96 ) 
4 186 187 (-64 808 96 ) (-64 868 96 ) (0 868 96 ) (0 808 96 ) 
4 187 188 (0 808 96 ) (-64 808 96 ) (-64 808 64 ) (0 808 64 ) 
4 188 236 (0 800 64 ) (0 800 88 ) (-64 800 88 ) (-64 800 64 ) 
4 188 228 (0 800 88 ) (0 800 96 ) (-64 800 96 ) (-64 800 88 ) 
4 189 192 (-160 1024 1280 ) (-160 1024 224 ) (-160 992 224 ) (-160 992 1280 ) 
4 189 191 (-160 992 1280 ) (-160 992 224 ) (-128 992 224 ) (-128 992 1280 ) 
4 189 190 (-128 992 224 ) (-64 992 224 ) (-64 992 1280 ) (-128 992 1280 ) 
4 190 228 (-128 800 208 ) (-128 800 128 ) (-64 800 128 ) (-64 800 208 ) 
4 190 226 (-128 800 224 ) (-128 800 208 ) (-64 800 208 ) (-64 800 224 ) 
4 190 225 (-128 800 1280 ) (-128 800 224 ) (-64 800 224 ) (-64 800 1280 ) 
4 190 191 (-128 992 1280 ) (-128 992 224 ) (-128 800 192 ) (-128 800 1280 ) 
4 191 229 (-160 800 208 ) (-160 800 192 ) (-128 800 192 ) (-128 800 208 ) 
4 191 226 (-160 800 224 ) (-160 800 208 ) (-128 800 208 ) (-128 800 224 ) 
4 191 225 (-160 800 1280 ) (-160 800 224 ) (-128 800 224 ) (-128 800 1280 ) 
3 191 193 (-160 800 192 ) (-160 800 224 ) (-160 992 224 ) 
4 191 192 (-160 800 224 ) (-160 800 1280 ) (-160 992 1280 ) (-160 992 224 ) 
4 192 239 (-224 800 1280 ) (-224 800 224 ) (-168 800 224 ) (-168 800 1280 ) 
4 192 225 (-168 800 224 ) (-160 800 224 ) (-160 800 1280 ) (-168 800 1280 ) 
4 192 196 (-224 864 320 ) (-224 960 320 ) (-224 960 224 ) (-224 864 224 ) 
4 192 195 (-224 800 352 ) (-224 800 1280 ) (-224 1024 1280 ) (-224 1024 352 ) 
4 192 193 (-224 800 224 ) (-224 1020 224 ) (-160 1020 224 ) (-160 800 224 ) 
4 193 239 (-224 800 224 ) (-224 800 96 ) (-168 800 96 ) (-168 800 224 ) 
4 193 232 (-168 800 96 ) (-160 800 96 ) (-160 800 208 ) (-168 800 208 ) 
4 193 226 (-160 800 208 ) (-160 800 224 ) (-168 800 224 ) (-168 800 208 ) 
4 193 196 (-224 864 224 ) (-224 960 224 ) (-224 960 96 ) (-224 864 96 ) 
4 193 194 (-224 800 96 ) (-224 992 96 ) (-160 992 96 ) (-160 800 96 ) 
4 194 243 (-224 800 96 ) (-224 800 64 ) (-168 800 64 ) (-168 800 96 ) 
4 194 236 (-168 800 64 ) (-160 800 64 ) (-160 800 88 ) (-168 800 88 ) 
4 194 232 (-160 800 88 ) (-160 800 96 ) (-168 800 96 ) (-168 800 88 ) 
4 194 196 (-224 864 96 ) (-224 960 96 ) (-224 960 90.666664 ) (-224 864 74.666664 ) 
4 195 240 (-256 800 1280 ) (-256 800 352 ) (-240 800 352 ) (-240 800 1280 ) 
4 195 239 (-240 800 352 ) (-224 800 352 ) (-224 800 1280 ) (-240 800 1280 ) 
4 195 197 (-256 800 352 ) (-256 800 1280 ) (-256 1024 1280 ) (-256 1024 352 ) 
4 197 337 (-1024 1024 1280 ) (-1024 1024 352 ) (-1024 800 352 ) (-1024 800 1280 ) 
4 197 250 (-1024 800 1280 ) (-1024 800 352 ) (-672 800 352 ) (-672 800 1280 ) 
4 197 240 (-448 800 352 ) (-256 800 352 ) (-256 800 1280 ) (-448 800 1280 ) 
4 197 242 (-672 800 352 ) (-448 800 352 ) (-448 800 1280 ) (-672 800 1280 ) 
4 197 198 (-1024 1024 352 ) (-544 1024 352 ) (-544 800 352 ) (-1024 800 352 ) 
4 198 337 (-1024 1024 352 ) (-1024 1024 320 ) (-1024 800 320 ) (-1024 800 352 ) 
4 198 250 (-1024 800 352 ) (-1024 800 320 ) (-672 800 320 ) (-672 800 352 ) 
4 198 242 (-672 800 320 ) (-544 800 320 ) (-544 800 352 ) (-672 800 352 ) 
4 198 210 (-544 800 320 ) (-1024 800 320 ) (-1024 840 320 ) (-544 840 320 ) 
4 198 199 (-1024 840 320 ) (-1024 1024 320 ) (-544 1024 320 ) (-544 840 320 ) 
4 199 337 (-1024 1024 320 ) (-1024 1024 64 ) (-1024 840 64 ) (-1024 840 320 ) 
4 199 213 (-1024 840 64 ) (-1024 992 64 ) (-544 992 64 ) (-544 840 64 ) 
4 199 212 (-1024 992 64 ) (-1024 1024 64 ) (-544 1024 64 ) (-544 992 64 ) 
4 199 210 (-1024 840 64 ) (-544 840 64 ) (-544 840 320 ) (-1024 840 320 ) 
4 200 204 (-320 824 208 ) (-256 824 208 ) (-256 824 320 ) (-320 824 320 ) 
4 201 207 (-480 824 320 ) (-480 824 208 ) (-352 824 208 ) (-352 824 320 ) 
4 202 205 (-352 824 144 ) (-320 824 144 ) (-320 824 192 ) (-352 824 192 ) 
4 202 204 (-320 824 144 ) (-264 824 144 ) (-264 824 192 ) (-320 824 192 ) 
4 202 207 (-472 824 144 ) (-352 824 144 ) (-352 824 192 ) (-472 824 192 ) 
4 203 205 (-352 824 120 ) (-320 824 120 ) (-320 824 128 ) (-352 824 128 ) 
4 203 204 (-320 824 120 ) (-256 824 120 ) (-256 824 128 ) (-320 824 128 ) 
4 203 207 (-480 824 128 ) (-480 824 120 ) (-352 824 120 ) (-352 824 128 ) 
4 204 205 (-320 824 208 ) (-320 824 120 ) (-320 816 116 ) (-320 816 216 ) 
4 204 206 (-320 816 116 ) (-320 808 112 ) (-320 808 320 ) (-320 816 320 ) 
4 204 208 (-320 808 112 ) (-256 808 112 ) (-256 808 320 ) (-320 808 320 ) 
4 205 206 (-352 816 216 ) (-352 816 116 ) (-320 816 116 ) (-320 816 216 ) 
4 205 207 (-352 824 208 ) (-352 824 120 ) (-352 816 116 ) (-352 816 216 ) 
4 206 208 (-352 808 112 ) (-320 808 112 ) (-320 808 320 ) (-352 808 320 ) 
4 206 207 (-352 816 116 ) (-352 808 112 ) (-352 808 320 ) (-352 816 320 ) 
4 207 208 (-480 808 320 ) (-480 808 112 ) (-352 808 112 ) (-352 808 320 ) 
4 208 240 (-256 800 96 ) (-256 800 320 ) (-448 800 320 ) (-448 800 96 ) 
4 208 242 (-448 800 320 ) (-480 800 320 ) (-480 800 96 ) (-448 800 96 ) 
4 208 209 (-480 800 96 ) (-480 804 96 ) (-256 804 96 ) (-256 800 96 ) 
4 209 244 (-448 800 64 ) (-256 800 64 ) (-256 800 96 ) (-448 800 96 ) 
4 209 245 (-480 800 64 ) (-448 800 64 ) (-448 800 96 ) (-480 800 96 ) 
4 210 337 (-1024 840 64 ) (-1024 800 64 ) (-1024 800 320 ) (-1024 840 320 ) 
4 210 255 (-1024 800 128 ) (-1024 800 64 ) (-800 800 64 ) (-800 800 128 ) 
4 210 252 (-1024 800 160 ) (-1024 800 128 ) (-800 800 128 ) (-800 800 160 ) 
4 210 250 (-1024 800 320 ) (-1024 800 160 ) (-672 800 160 ) (-672 800 320 ) 
4 210 245 (-672 800 64 ) (-512 800 64 ) (-512 800 96 ) (-672 800 96 ) 
4 210 242 (-512 800 96 ) (-512 800 320 ) (-672 800 320 ) (-672 800 96 ) 
4 210 213 (-544 800 64 ) (-1024 800 64 ) (-1024 840 64 ) (-544 840 64 ) 
4 211 221 (-64 1024 -128 ) (0 1024 -128 ) (0 992 -128 ) (-64 992 -128 ) 
4 211 214 (-64 992 -128 ) (0 992 -128 ) (0 992 -64 ) (-64 992 -64 ) 
4 212 337 (-1024 1024 64 ) (-1024 1024 -128 ) (-1024 992 -128 ) (-1024 992 64 ) 
4 212 222 (-576 1024 -128 ) (-416 1024 -128 ) (-416 992 -128 ) (-576 992 -128 ) 
4 212 221 (-416 1024 -128 ) (-256 1024 -128 ) (-256 992 -128 ) (-416 992 -128 ) 
4 212 224 (-1024 992 -128 ) (-1024 1024 -128 ) (-576 1024 -128 ) (-576 992 -128 ) 
4 212 219 (-576 992 -128 ) (-528 992 -128 ) (-528 992 -64 ) (-576 992 -64 ) 
4 212 220 (-1024 992 -128 ) (-576 992 -128 ) (-576 992 -64 ) (-1024 992 -64 ) 
4 212 217 (-528 992 -128 ) (-464 992 -128 ) (-464 992 -100 ) (-528 992 -100 ) 
4 212 216 (-464 992 -100 ) (-464 992 -64 ) (-528 992 -64 ) (-528 992 -100 ) 
4 212 215 (-464 992 -128 ) (-416 992 -128 ) (-416 992 -64 ) (-464 992 -64 ) 
4 212 213 (-544 992 64 ) (-1024 992 64 ) (-1024 992 -64 ) (-544 992 -64 ) 
4 213 337 (-1024 800 -64 ) (-1024 800 64 ) (-1024 992 64 ) (-1024 992 -64 ) 
4 213 287 (-864 800 -64 ) (-608 800 -64 ) (-608 800 48 ) (-864 800 48 ) 
4 213 289 (-1024 800 48 ) (-1024 800 -64 ) (-896 800 -64 ) (-896 800 48 ) 
4 213 285 (-576 800 -64 ) (-544 800 -64 ) (-544 800 48 ) (-576 800 48 ) 
4 213 261 (-896 800 64 ) (-1024 800 64 ) (-1024 800 48 ) (-896 800 48 ) 
4 213 258 (-544 800 64 ) (-576 800 64 ) (-576 800 48 ) (-544 800 48 ) 
4 213 219 (-576 816 -64 ) (-576 992 -64 ) (-544 992 -64 ) (-544 816 -64 ) 
4 213 220 (-576 800 -64 ) (-1024 800 -64 ) (-1024 992 -64 ) (-576 992 -64 ) 
4 214 221 (0 800 -128 ) (-128 800 -128 ) (-128 992 -128 ) (0 992 -128 ) 
4 215 222 (-464 816 -128 ) (-464 992 -128 ) (-416 992 -128 ) (-416 816 -128 ) 
4 215 217 (-464 992 -100 ) (-464 992 -128 ) (-464 816 -128 ) (-464 816 -100 ) 
4 215 216 (-464 816 -64 ) (-464 992 -64 ) (-464 992 -100 ) (-464 816 -100 ) 
4 216 219 (-528 816 -64 ) (-528 992 -64 ) (-528 992 -100 ) (-528 816 -100 ) 
4 216 217 (-528 816 -100 ) (-528 992 -100 ) (-464 992 -100 ) (-464 816 -100 ) 
4 217 222 (-528 816 -128 ) (-528 992 -128 ) (-464 992 -128 ) (-464 816 -128 ) 
4 217 219 (-528 992 -100 ) (-528 992 -128 ) (-528 816 -128 ) (-528 816 -100 ) 
4 218 314 (-528 800 -100 ) (-528 800 -128 ) (-464 800 -128 ) (-464 800 -100 ) 
4 219 222 (-576 816 -128 ) (-576 992 -128 ) (-528 992 -128 ) (-528 816 -128 ) 
4 219 220 (-576 816 -64 ) (-576 992 -64 ) (-576 992 -128 ) (-576 816 -128 ) 
4 220 337 (-1024 992 -128 ) (-1024 800 -128 ) (-1024 800 -64 ) (-1024 992 -64 ) 
4 220 320 (-1024 800 -80 ) (-1024 800 -128 ) (-896 800 -128 ) (-896 800 -80 ) 
4 220 316 (-752 800 -128 ) (-592 800 -128 ) (-592 800 -92 ) (-752 800 -92 ) 
4 220 313 (-896 800 -64 ) (-1024 800 -64 ) (-1024 800 -80 ) (-896 800 -80 ) 
4 220 312 (-608 800 -64 ) (-736 800 -64 ) (-736 800 -68 ) (-608 800 -68 ) 
4 220 224 (-576 800 -128 ) (-1024 800 -128 ) (-1024 992 -128 ) (-576 992 -128 ) 
4 221 336 (0 800 -768 ) (0 800 -192 ) (-416 800 -192 ) (-416 800 -768 ) 
4 221 223 (-416 816 -768 ) (-416 800 -768 ) (-416 800 -192 ) (-416 816 -192 ) 
4 221 222 (-416 1024 -768 ) (-416 816 -768 ) (-416 816 -128 ) (-416 1024 -128 ) 
4 222 223 (-576 816 -192 ) (-576 816 -768 ) (-416 816 -768 ) (-416 816 -192 ) 
4 222 224 (-576 1024 -768 ) (-576 816 -768 ) (-576 816 -128 ) (-576 1024 -128 ) 
4 223 336 (-576 800 -192 ) (-576 800 -768 ) (-416 800 -768 ) (-416 800 -192 ) 
4 223 224 (-576 816 -768 ) (-576 800 -768 ) (-576 800 -192 ) (-576 816 -192 ) 
4 224 337 (-1024 1024 -128 ) (-1024 1024 -768 ) (-1024 800 -768 ) (-1024 800 -128 ) 
4 224 336 (-1024 800 -192 ) (-1024 800 -768 ) (-576 800 -768 ) (-576 800 -192 ) 
4 224 333 (-896 800 -128 ) (-1024 800 -128 ) (-1024 800 -192 ) (-896 800 -192 ) 
4 225 342 (0 0 224 ) (0 0 1280 ) (-168 0 1280 ) (-168 0 224 ) 
4 225 246 (-168 608 224 ) (-168 0 224 ) (-168 0 1280 ) (-168 608 1280 ) 
4 225 239 (-168 800 1280 ) (-168 800 224 ) (-168 608 224 ) (-168 608 1280 ) 
4 225 226 (-168 512 224 ) (-168 800 224 ) (0 800 224 ) (0 512 224 ) 
4 225 227 (0 0 224 ) (-168 0 224 ) (-168 480 224 ) (0 480 224 ) 
4 226 247 (-168 608 208 ) (-168 512 208 ) (-168 512 224 ) (-168 608 224 ) 
4 226 239 (-168 800 224 ) (-168 800 208 ) (-168 608 208 ) (-168 608 224 ) 
4 226 229 (-160 800 208 ) (-128 800 208 ) (-128 792 208 ) (-160 792 208 ) 
4 226 231 (-128 792 208 ) (-128 512 208 ) (-160 512 208 ) (-160 792 208 ) 
4 226 228 (-128 800 208 ) (0 800 208 ) (0 512 208 ) (-128 512 208 ) 
4 226 232 (-168 512 208 ) (-168 800 208 ) (-160 800 208 ) (-160 512 208 ) 
4 227 342 (0 0 208 ) (0 0 224 ) (-168 0 224 ) (-168 0 208 ) 
4 227 247 (-168 480 208 ) (-168 0 208 ) (-168 0 224 ) (-168 480 224 ) 
4 227 235 (-168 0 208 ) (-168 480 208 ) (0 480 208 ) (0 0 208 ) 
4 228 237 (0 544 88 ) (0 536 88 ) (-128 536 88 ) (-128 544 88 ) 
4 228 236 (-128 800 88 ) (0 800 88 ) (0 544 88 ) (-128 544 88 ) 
4 228 233 (-16 504 88 ) (0 504 88 ) (0 504 208 ) (-16 504 208 ) 
4 228 229 (-128 792 192 ) (-128 792 208 ) (-128 800 208 ) (-128 800 192 ) 
4 228 230 (-128 800 88 ) (-128 792 88 ) (-128 792 184 ) (-128 800 184 ) 
4 228 231 (-128 792 88 ) (-128 504 88 ) (-128 504 208 ) (-128 792 208 ) 
4 229 232 (-160 792 192 ) (-160 792 208 ) (-160 800 208 ) (-160 800 192 ) 
4 229 231 (-160 792 208 ) (-160 792 192 ) (-128 792 192 ) (-128 792 208 ) 
4 230 236 (-160 800 88 ) (-128 800 88 ) (-128 792 88 ) (-160 792 88 ) 
4 230 231 (-160 792 184 ) (-160 792 88 ) (-128 792 88 ) (-128 792 184 ) 
4 230 232 (-160 800 88 ) (-160 792 88 ) (-160 792 184 ) (-160 800 184 ) 
4 231 237 (-128 544 88 ) (-128 536 88 ) (-160 536 88 ) (-160 544 88 ) 
4 231 236 (-128 792 88 ) (-128 544 88 ) (-160 544 88 ) (-160 792 88 ) 
4 231 234 (-160 504 88 ) (-152 504 88 ) (-152 504 208 ) (-160 504 208 ) 
4 231 232 (-160 792 88 ) (-160 504 88 ) (-160 504 208 ) (-160 792 208 ) 
4 232 247 (-168 608 88 ) (-168 504 88 ) (-168 504 208 ) (-168 608 208 ) 
4 232 243 (-168 800 96 ) (-168 800 88 ) (-168 608 88 ) (-168 608 96 ) 
4 232 239 (-168 800 208 ) (-168 800 96 ) (-168 608 96 ) (-168 608 208 ) 
4 232 237 (-168 536 88 ) (-168 544 88 ) (-160 544 88 ) (-160 536 88 ) 
4 232 236 (-168 544 88 ) (-168 800 88 ) (-160 800 88 ) (-160 544 88 ) 
4 232 234 (-168 504 88 ) (-160 504 88 ) (-160 504 208 ) (-168 504 208 ) 
4 234 247 (-168 504 88 ) (-168 496 88 ) (-168 496 208 ) (-168 504 208 ) 
4 235 342 (0 0 88 ) (0 0 208 ) (-168 0 208 ) (-168 0 88 ) 
4 235 247 (-168 480 88 ) (-168 0 88 ) (-168 0 208 ) (-168 480 208 ) 
4 235 238 (0 0 88 ) (-168 0 88 ) (-168 480 88 ) (0 480 88 ) 
4 236 263 (-168 624 64 ) (-168 672 64 ) (-128 672 64 ) (-128 624 64 ) 
4 236 262 (-128 672 64 ) (0 672 64 ) (0 544 64 ) (-128 544 64 ) 
4 236 259 (-168 672 64 ) (-168 768 64 ) (0 768 64 ) (0 672 64 ) 
4 236 256 (-128 800 64 ) (0 800 64 ) (0 768 64 ) (-128 768 64 ) 
4 236 247 (-168 608 64 ) (-168 544 64 ) (-168 544 88 ) (-168 608 88 ) 
4 236 243 (-168 800 88 ) (-168 800 64 ) (-168 608 64 ) (-168 608 88 ) 
4 236 237 (0 544 88 ) (-168 544 88 ) (-168 544 80 ) (0 544 80 ) 
3 237 247 (-168 536 88 ) (-168 544 88 ) (-168 544 80 ) 
4 238 342 (0 0 64 ) (0 0 88 ) (-168 0 88 ) (-168 0 64 ) 
4 238 264 (0 0 64 ) (-168 0 64 ) (-168 480 64 ) (0 480 64 ) 
4 238 247 (-168 480 64 ) (-168 0 64 ) (-168 0 88 ) (-168 480 88 ) 
4 239 247 (-240 608 96 ) (-168 608 96 ) (-168 608 224 ) (-240 608 224 ) 
4 239 246 (-168 608 224 ) (-168 608 1280 ) (-240 608 1280 ) (-240 608 224 ) 
4 239 243 (-168 608 96 ) (-240 608 96 ) (-240 800 96 ) (-168 800 96 ) 
4 239 241 (-240 608 192 ) (-240 608 1280 ) (-240 632 1280 ) (-240 632 192 ) 
4 239 240 (-240 800 96 ) (-240 632 96 ) (-240 632 1280 ) (-240 800 1280 ) 
4 240 244 (-448 640 96 ) (-448 800 96 ) (-240 800 96 ) (-240 640 96 ) 
4 240 241 (-448 632 1280 ) (-448 632 192 ) (-240 632 192 ) (-240 632 1280 ) 
4 240 242 (-448 800 96 ) (-448 632 96 ) (-448 632 1280 ) (-448 800 1280 ) 
4 241 247 (-240 608 192 ) (-240 608 224 ) (-256 608 224 ) (-256 608 192 ) 
4 241 249 (-288 608 224 ) (-448 608 224 ) (-448 608 192 ) (-288 608 192 ) 
4 241 246 (-240 608 224 ) (-240 608 1280 ) (-448 608 1280 ) (-448 608 224 ) 
4 241 242 (-448 608 192 ) (-448 608 1280 ) (-448 632 1280 ) (-448 632 192 ) 
4 242 254 (-672 672 96 ) (-672 608 96 ) (-672 608 128 ) (-672 672 128 ) 
4 242 251 (-672 672 128 ) (-672 608 128 ) (-672 608 160 ) (-672 672 160 ) 
4 242 250 (-672 800 1280 ) (-672 800 160 ) (-672 608 160 ) (-672 608 1280 ) 
4 242 249 (-672 608 224 ) (-672 608 96 ) (-448 608 96 ) (-448 608 224 ) 
4 242 246 (-672 608 1280 ) (-672 608 224 ) (-448 608 224 ) (-448 608 1280 ) 
4 242 245 (-448 608 96 ) (-672 608 96 ) (-672 800 96 ) (-448 800 96 ) 
4 243 266 (-240 640 64 ) (-240 672 64 ) (-224 672 64 ) (-224 640 64 ) 
4 243 263 (-168 672 64 ) (-168 624 64 ) (-224 624 64 ) (-224 672 64 ) 
4 243 259 (-168 768 64 ) (-168 672 64 ) (-240 672 64 ) (-240 768 64 ) 
4 243 247 (-240 608 64 ) (-168 608 64 ) (-168 608 96 ) (-240 608 96 ) 
4 243 244 (-240 800 64 ) (-240 640 64 ) (-240 640 96 ) (-240 800 96 ) 
4 244 266 (-240 672 64 ) (-240 640 64 ) (-448 640 64 ) (-448 672 64 ) 
4 244 259 (-240 768 64 ) (-240 672 64 ) (-448 672 64 ) (-448 768 64 ) 
4 244 245 (-448 800 64 ) (-448 640 64 ) (-448 640 96 ) (-448 800 96 ) 
4 245 267 (-672 608 64 ) (-672 640 64 ) (-496 640 64 ) (-496 608 64 ) 
4 245 266 (-672 640 64 ) (-672 672 64 ) (-448 672 64 ) (-448 640 64 ) 
4 245 259 (-576 768 64 ) (-448 768 64 ) (-448 672 64 ) (-576 672 64 ) 
4 245 258 (-576 800 64 ) (-528 800 64 ) (-528 768 64 ) (-576 768 64 ) 
4 245 254 (-672 672 64 ) (-672 608 64 ) (-672 608 96 ) (-672 672 96 ) 
4 245 249 (-672 608 96 ) (-672 608 64 ) (-448 608 64 ) (-448 608 96 ) 
4 246 342 (-672 0 1280 ) (-672 0 224 ) (-168 0 224 ) (-168 0 1280 ) 
4 246 250 (-672 0 224 ) (-672 0 1280 ) (-672 608 1280 ) (-672 608 224 ) 
4 246 248 (-256 544 224 ) (-256 0 224 ) (-288 0 224 ) (-288 544 224 ) 
4 246 247 (-256 608 224 ) (-168 608 224 ) (-168 0 224 ) (-256 0 224 ) 
4 246 249 (-672 0 224 ) (-672 608 224 ) (-288 608 224 ) (-288 0 224 ) 
4 247 342 (-256 0 64 ) (-168 0 64 ) (-168 0 224 ) (-256 0 224 ) 
4 247 268 (-224 0 64 ) (-256 0 64 ) (-256 608 64 ) (-224 608 64 ) 
4 247 265 (-168 0 64 ) (-224 0 64 ) (-224 544 64 ) (-168 544 64 ) 
4 247 248 (-256 0 224 ) (-256 544 224 ) (-256 544 64 ) (-256 0 64 ) 
4 248 342 (-288 0 64 ) (-256 0 64 ) (-256 0 224 ) (-288 0 224 ) 
4 248 268 (-256 0 64 ) (-288 0 64 ) (-288 544 64 ) (-256 544 64 ) 
4 248 249 (-288 0 224 ) (-288 544 224 ) (-288 544 64 ) (-288 0 64 ) 
4 249 342 (-672 0 224 ) (-672 0 64 ) (-288 0 64 ) (-288 0 224 ) 
4 249 268 (-288 0 64 ) (-672 0 64 ) (-672 608 64 ) (-288 608 64 ) 
4 249 254 (-672 608 64 ) (-672 0 64 ) (-672 0 128 ) (-672 608 128 ) 
4 249 251 (-672 0 128 ) (-672 0 160 ) (-672 608 160 ) (-672 608 128 ) 
4 249 250 (-672 0 160 ) (-672 0 224 ) (-672 608 224 ) (-672 608 160 ) 
4 250 342 (-1024 0 1280 ) (-1024 0 160 ) (-672 0 160 ) (-672 0 1280 ) 
4 250 337 (-1024 0 160 ) (-1024 0 1280 ) (-1024 800 1280 ) (-1024 800 160 ) 
4 250 251 (-672 672 160 ) (-672 0 160 ) (-800 0 160 ) (-800 672 160 ) 
4 250 252 (-1024 800 160 ) (-800 800 160 ) (-800 0 160 ) (-1024 0 160 ) 
4 251 342 (-800 0 128 ) (-672 0 128 ) (-672 0 160 ) (-800 0 160 ) 
4 251 254 (-672 672 128 ) (-672 0 128 ) (-800 0 128 ) (-800 672 128 ) 
4 251 252 (-800 672 128 ) (-800 0 128 ) (-800 0 160 ) (-800 672 160 ) 
4 252 342 (-1024 0 160 ) (-1024 0 128 ) (-800 0 128 ) (-800 0 160 ) 
4 252 337 (-1024 0 128 ) (-1024 0 160 ) (-1024 800 160 ) (-1024 800 128 ) 
4 252 255 (-1024 0 128 ) (-1024 800 128 ) (-800 800 128 ) (-800 0 128 ) 
4 253 260 (-768 768 64 ) (-704 768 64 ) (-704 704 64 ) (-768 704 64 ) 
4 254 342 (-800 0 64 ) (-672 0 64 ) (-672 0 128 ) (-800 0 128 ) 
4 254 267 (-800 608 64 ) (-800 640 64 ) (-672 640 64 ) (-672 608 64 ) 
4 254 266 (-800 640 64 ) (-800 672 64 ) (-672 672 64 ) (-672 640 64 ) 
4 254 268 (-672 0 64 ) (-800 0 64 ) (-800 608 64 ) (-672 608 64 ) 
4 254 255 (-800 672 64 ) (-800 0 64 ) (-800 0 128 ) (-800 672 128 ) 
4 255 342 (-1024 0 128 ) (-1024 0 64 ) (-800 0 64 ) (-800 0 128 ) 
4 255 337 (-1024 0 64 ) (-1024 0 128 ) (-1024 800 128 ) (-1024 800 64 ) 
4 255 267 (-1024 608 64 ) (-1024 640 64 ) (-800 640 64 ) (-800 608 64 ) 
4 255 266 (-1024 640 64 ) (-1024 672 64 ) (-800 672 64 ) (-800 640 64 ) 
4 255 268 (-800 0 64 ) (-1024 0 64 ) (-1024 608 64 ) (-800 608 64 ) 
4 255 261 (-1024 672 64 ) (-1024 800 64 ) (-896 800 64 ) (-896 672 64 ) 
4 256 270 (-72 800 48 ) (-24 800 48 ) (-24 768 48 ) (-72 768 48 ) 
4 256 269 (-24 800 48 ) (0 800 48 ) (0 768 48 ) (-24 768 48 ) 
4 256 271 (-128 800 48 ) (-72 800 48 ) (-72 768 48 ) (-128 768 48 ) 
4 256 259 (-128 768 48 ) (0 768 48 ) (0 768 64 ) (-128 768 64 ) 
4 257 273 (-224 800 48 ) (-160 800 48 ) (-160 768 48 ) (-224 768 48 ) 
4 257 259 (-224 768 48 ) (-160 768 48 ) (-160 768 56 ) (-224 768 56 ) 
4 258 285 (-576 800 48 ) (-528 800 48 ) (-528 768 48 ) (-576 768 48 ) 
4 258 259 (-576 768 48 ) (-528 768 48 ) (-528 768 64 ) (-576 768 64 ) 
4 259 285 (-416 672 48 ) (-576 672 48 ) (-576 768 48 ) (-416 768 48 ) 
4 259 283 (-384 672 48 ) (-416 672 48 ) (-416 768 48 ) (-384 768 48 ) 
4 259 281 (-256 672 48 ) (-384 672 48 ) (-384 768 48 ) (-256 768 48 ) 
4 259 279 (-224 672 48 ) (-256 672 48 ) (-256 768 48 ) (-224 768 48 ) 
4 259 272 (-128 672 48 ) (-160 672 48 ) (-160 768 48 ) (-128 768 48 ) 
4 259 273 (-160 672 48 ) (-224 672 48 ) (-224 768 48 ) (-160 768 48 ) 
4 259 270 (-24 672 48 ) (-72 672 48 ) (-72 768 48 ) (-24 768 48 ) 
4 259 269 (0 768 48 ) (0 672 48 ) (-24 672 48 ) (-24 768 48 ) 
4 259 271 (-72 672 48 ) (-128 672 48 ) (-128 768 48 ) (-72 768 48 ) 
4 259 266 (-576 672 48 ) (-224 672 48 ) (-224 672 64 ) (-576 672 64 ) 
4 259 263 (-224 672 48 ) (-128 672 48 ) (-128 672 64 ) (-224 672 64 ) 
4 259 262 (-128 672 48 ) (0 672 48 ) (0 672 64 ) (-128 672 64 ) 
4 260 287 (-704 768 48 ) (-704 704 48 ) (-768 704 48 ) (-768 768 48 ) 
4 261 337 (-1024 672 64 ) (-1024 800 64 ) (-1024 800 48 ) (-1024 672 48 ) 
4 261 289 (-1024 672 48 ) (-1024 800 48 ) (-896 800 48 ) (-896 672 48 ) 
4 261 266 (-1024 672 48 ) (-896 672 48 ) (-896 672 64 ) (-1024 672 64 ) 
4 262 270 (-72 672 48 ) (-24 672 48 ) (-24 560 48 ) (-72 560 48 ) 
4 262 269 (-24 672 48 ) (0 672 48 ) (0 544 48 ) (-24 544 48 ) 
4 262 271 (-128 672 48 ) (-72 672 48 ) (-72 544 48 ) (-128 544 48 ) 
4 262 263 (-128 672 64 ) (-128 672 48 ) (-128 624 48 ) (-128 624 64 ) 
4 263 274 (-128 640 48 ) (-128 624 48 ) (-224 624 48 ) (-224 640 48 ) 
4 263 272 (-160 672 48 ) (-128 672 48 ) (-128 640 48 ) (-160 640 48 ) 
4 263 273 (-224 672 48 ) (-160 672 48 ) (-160 640 48 ) (-224 640 48 ) 
4 263 266 (-224 672 64 ) (-224 672 48 ) (-224 640 48 ) (-224 640 64 ) 
4 264 342 (0 0 48 ) (0 0 64 ) (-168 0 64 ) (-168 0 48 ) 
4 264 275 (0 480 48 ) (0 0 48 ) (-168 0 48 ) (-168 480 48 ) 
4 264 265 (-168 480 48 ) (-168 0 48 ) (-168 0 64 ) (-168 480 64 ) 
4 265 342 (-168 0 64 ) (-224 0 64 ) (-224 0 48 ) (-168 0 48 ) 
4 265 276 (-168 0 48 ) (-224 0 48 ) (-224 544 48 ) (-168 544 48 ) 
4 265 268 (-224 544 48 ) (-224 0 48 ) (-224 0 64 ) (-224 544 64 ) 
4 266 337 (-1024 640 64 ) (-1024 672 64 ) (-1024 672 48 ) (-1024 640 48 ) 
4 266 291 (-1024 640 48 ) (-1024 672 48 ) (-496 672 48 ) (-496 640 48 ) 
4 266 290 (-496 672 48 ) (-416 672 48 ) (-416 640 48 ) (-496 640 48 ) 
4 266 283 (-416 672 48 ) (-384 672 48 ) (-384 640 48 ) (-416 640 48 ) 
4 266 281 (-384 672 48 ) (-256 672 48 ) (-256 640 48 ) (-384 640 48 ) 
4 266 279 (-256 672 48 ) (-224 672 48 ) (-224 640 48 ) (-256 640 48 ) 
4 266 267 (-1024 640 48 ) (-496 640 48 ) (-496 640 64 ) (-1024 640 64 ) 
4 267 337 (-1024 608 64 ) (-1024 640 64 ) (-1024 640 48 ) (-1024 608 48 ) 
4 267 291 (-1024 608 48 ) (-1024 640 48 ) (-496 640 48 ) (-496 608 48 ) 
4 267 268 (-1024 608 48 ) (-496 608 48 ) (-496 608 64 ) (-1024 608 64 ) 
4 268 342 (-224 0 64 ) (-1024 0 64 ) (-1024 0 48 ) (-224 0 48 ) 
4 268 337 (-1024 0 48 ) (-1024 0 64 ) (-1024 608 64 ) (-1024 608 48 ) 
4 268 296 (-896 608 48 ) (-416 608 48 ) (-416 576 48 ) (-896 576 48 ) 
4 268 299 (-416 576 48 ) (-416 0 48 ) (-896 0 48 ) (-896 576 48 ) 
4 268 300 (-1024 0 48 ) (-1024 608 48 ) (-896 608 48 ) (-896 0 48 ) 
4 268 284 (-416 608 48 ) (-384 608 48 ) (-384 0 48 ) (-416 0 48 ) 
4 268 282 (-384 608 48 ) (-256 608 48 ) (-256 0 48 ) (-384 0 48 ) 
4 268 280 (-256 608 48 ) (-224 608 48 ) (-224 0 48 ) (-256 0 48 ) 
4 269 277 (-24 544 -64 ) (0 544 -64 ) (0 544 0 ) (-24 544 0 ) 
4 269 270 (-24 800 -64 ) (-24 560 -64 ) (-24 560 48 ) (-24 800 48 ) 
4 270 271 (-72 800 -64 ) (-72 560 -64 ) (-72 560 48 ) (-72 800 48 ) 
4 271 278 (-128 544 -64 ) (-72 544 -64 ) (-72 544 0 ) (-128 544 0 ) 
4 271 274 (-128 624 48 ) (-128 640 48 ) (-128 640 -32 ) (-128 624 32 ) 
4 271 272 (-128 768 -64 ) (-128 640 -64 ) (-128 640 48 ) (-128 768 48 ) 
4 272 303 (-128 768 -64 ) (-128 640 -64 ) (-160 640 -64 ) (-160 768 -64 ) 
4 272 274 (-128 640 -32 ) (-128 640 48 ) (-160 640 48 ) (-160 640 -32 ) 
4 272 273 (-160 768 -64 ) (-160 640 -64 ) (-160 640 48 ) (-160 768 48 ) 
4 273 303 (-160 768 -64 ) (-160 640 -64 ) (-224 640 -64 ) (-224 768 -64 ) 
4 273 301 (-224 800 -64 ) (-160 800 -64 ) (-160 768 -64 ) (-224 768 -64 ) 
4 273 279 (-224 768 -64 ) (-224 640 -64 ) (-224 640 48 ) (-224 768 48 ) 
4 273 274 (-224 640 48 ) (-224 640 -32 ) (-160 640 -32 ) (-160 640 48 ) 
4 275 342 (0 0 0 ) (0 0 48 ) (-168 0 48 ) (-168 0 0 ) 
4 275 278 (-64 0 0 ) (-168 0 0 ) (-168 480 0 ) (-64 480 0 ) 
4 275 276 (-168 480 0 ) (-168 0 0 ) (-168 0 48 ) (-168 480 48 ) 
4 276 342 (-168 0 48 ) (-224 0 48 ) (-224 0 0 ) (-168 0 0 ) 
4 276 280 (-224 0 0 ) (-224 0 48 ) (-224 544 48 ) (-224 544 0 ) 
4 276 278 (-168 0 0 ) (-224 0 0 ) (-224 544 0 ) (-168 544 0 ) 
4 277 278 (-64 512 0 ) (-64 544 0 ) (-64 544 -64 ) (-64 512 -64 ) 
4 278 342 (-64 0 0 ) (-224 0 0 ) (-224 0 -64 ) (-64 0 -64 ) 
4 278 327 (-128 0 -64 ) (-224 0 -64 ) (-224 544 -64 ) (-128 544 -64 ) 
4 278 326 (-64 0 -64 ) (-128 0 -64 ) (-128 512 -64 ) (-64 512 -64 ) 
4 278 280 (-224 544 -64 ) (-224 0 -64 ) (-224 0 0 ) (-224 544 0 ) 
4 279 281 (-256 768 -64 ) (-256 640 -64 ) (-256 640 48 ) (-256 768 48 ) 
4 280 342 (-224 0 48 ) (-256 0 48 ) (-256 0 -64 ) (-224 0 -64 ) 
4 280 329 (-224 608 -64 ) (-224 576 -64 ) (-256 576 -64 ) (-256 608 -64 ) 
4 280 330 (-224 576 -64 ) (-224 0 -64 ) (-256 0 -64 ) (-256 576 -64 ) 
4 280 282 (-256 608 -64 ) (-256 0 -64 ) (-256 0 48 ) (-256 608 48 ) 
4 281 323 (-256 640 -64 ) (-256 624 -64 ) (-384 624 -64 ) (-384 640 -64 ) 
4 281 304 (-256 768 -64 ) (-256 640 -64 ) (-384 640 -64 ) (-384 768 -64 ) 
4 281 302 (-256 784 -64 ) (-256 768 -64 ) (-384 768 -64 ) (-384 784 -64 ) 
4 281 283 (-384 768 -64 ) (-384 640 -64 ) (-384 640 48 ) (-384 768 48 ) 
4 282 342 (-256 0 48 ) (-384 0 48 ) (-384 0 -64 ) (-256 0 -64 ) 
4 282 329 (-256 608 -64 ) (-256 576 -64 ) (-384 576 -64 ) (-384 608 -64 ) 
4 282 330 (-256 576 -64 ) (-256 0 -64 ) (-384 0 -64 ) (-384 576 -64 ) 
4 282 284 (-384 608 -64 ) (-384 0 -64 ) (-384 0 48 ) (-384 608 48 ) 
4 283 294 (-416 672 -64 ) (-416 640 -64 ) (-416 640 -32 ) (-416 672 -32 ) 
4 283 290 (-416 640 -32 ) (-416 640 48 ) (-416 672 48 ) (-416 672 -32 ) 
4 283 285 (-416 768 -64 ) (-416 672 -64 ) (-416 672 48 ) (-416 768 48 ) 
4 284 342 (-384 0 48 ) (-416 0 48 ) (-416 0 -64 ) (-384 0 -64 ) 
4 284 329 (-384 608 -64 ) (-384 576 -64 ) (-416 576 -64 ) (-416 608 -64 ) 
4 284 330 (-384 576 -64 ) (-384 0 -64 ) (-416 0 -64 ) (-416 576 -64 ) 
4 284 298 (-416 608 -64 ) (-416 576 -64 ) (-416 576 0 ) (-416 608 0 ) 
4 284 296 (-416 576 0 ) (-416 576 48 ) (-416 608 48 ) (-416 608 0 ) 
4 284 299 (-416 576 -64 ) (-416 0 -64 ) (-416 0 48 ) (-416 576 48 ) 
4 285 311 (-576 800 -64 ) (-416 800 -64 ) (-416 672 -64 ) (-576 672 -64 ) 
4 285 294 (-576 672 -64 ) (-416 672 -64 ) (-416 672 -32 ) (-576 672 -32 ) 
4 285 292 (-576 672 0 ) (-576 672 -32 ) (-496 672 -32 ) (-496 672 0 ) 
4 285 291 (-496 672 48 ) (-576 672 48 ) (-576 672 0 ) (-496 672 0 ) 
4 285 290 (-416 672 -32 ) (-416 672 48 ) (-496 672 48 ) (-496 672 -32 ) 
4 285 286 (-576 784 -64 ) (-576 688 -64 ) (-576 688 48 ) (-576 784 48 ) 
4 286 287 (-608 784 -64 ) (-608 688 -64 ) (-608 688 48 ) (-608 784 48 ) 
4 287 312 (-736 800 -64 ) (-608 800 -64 ) (-608 672 -64 ) (-736 672 -64 ) 
4 287 291 (-608 672 0 ) (-608 672 48 ) (-864 672 48 ) (-864 672 0 ) 
4 287 288 (-864 784 -64 ) (-864 688 -64 ) (-864 688 48 ) (-864 784 48 ) 
4 288 289 (-896 784 -64 ) (-896 688 -64 ) (-896 688 48 ) (-896 784 48 ) 
4 289 337 (-1024 672 48 ) (-1024 800 48 ) (-1024 800 -64 ) (-1024 672 -64 ) 
4 289 313 (-1024 672 -64 ) (-1024 800 -64 ) (-896 800 -64 ) (-896 672 -64 ) 
4 289 295 (-1024 672 -64 ) (-896 672 -64 ) (-896 672 -32 ) (-1024 672 -32 ) 
4 289 293 (-896 672 -32 ) (-896 672 0 ) (-1024 672 0 ) (-1024 672 -32 ) 
4 289 291 (-896 672 0 ) (-896 672 48 ) (-1024 672 48 ) (-1024 672 0 ) 
4 290 294 (-496 640 -32 ) (-496 672 -32 ) (-416 672 -32 ) (-416 640 -32 ) 
4 290 292 (-496 672 0 ) (-496 672 -32 ) (-496 640 -32 ) (-496 640 0 ) 
4 290 291 (-496 672 48 ) (-496 672 0 ) (-496 624 0 ) (-496 624 48 ) 
4 291 337 (-1024 608 48 ) (-1024 672 48 ) (-1024 672 0 ) (-1024 608 0 ) 
4 291 296 (-496 608 48 ) (-896 608 48 ) (-896 608 0 ) (-496 608 0 ) 
4 291 300 (-896 608 48 ) (-1024 608 48 ) (-1024 608 0 ) (-896 608 0 ) 
4 291 292 (-576 672 0 ) (-496 672 0 ) (-496 640 0 ) (-544 640 0 ) 
4 291 293 (-1024 672 0 ) (-896 672 0 ) (-896 608 0 ) (-1024 608 0 ) 
4 292 294 (-576 672 -32 ) (-496 672 -32 ) (-496 640 -32 ) (-544 640 -32 ) 
4 293 337 (-1024 672 0 ) (-1024 672 -32 ) (-1024 608 -32 ) (-1024 608 0 ) 
4 293 300 (-1024 608 0 ) (-1024 608 -32 ) (-896 608 -32 ) (-896 608 0 ) 
4 293 295 (-896 608 -32 ) (-1024 608 -32 ) (-1024 672 -32 ) (-896 672 -32 ) 
4 294 321 (-576 672 -64 ) (-416 672 -64 ) (-416 640 -64 ) (-544 640 -64 ) 
4 295 337 (-1024 672 -32 ) (-1024 672 -64 ) (-1024 608 -64 ) (-1024 608 -32 ) 
4 295 325 (-1024 608 -64 ) (-1024 640 -64 ) (-896 640 -64 ) (-896 608 -64 ) 
4 295 322 (-1024 640 -64 ) (-1024 672 -64 ) (-896 672 -64 ) (-896 640 -64 ) 
4 295 300 (-1024 608 -64 ) (-896 608 -64 ) (-896 608 -32 ) (-1024 608 -32 ) 
4 296 298 (-416 576 0 ) (-576 576 0 ) (-544 608 0 ) (-416 608 0 ) 
3 296 297 (-864 576 0 ) (-896 576 0 ) (-896 608 0 ) 
4 296 299 (-896 576 48 ) (-896 576 0 ) (-416 576 0 ) (-416 576 48 ) 
4 296 300 (-896 608 48 ) (-896 608 0 ) (-896 576 0 ) (-896 576 48 ) 
3 297 328 (-896 608 -64 ) (-864 576 -64 ) (-896 576 -64 ) 
4 297 300 (-896 608 0 ) (-896 608 -64 ) (-896 576 -64 ) (-896 576 0 ) 
4 297 299 (-896 576 0 ) (-896 576 -64 ) (-864 576 -64 ) (-864 576 0 ) 
4 298 329 (-544 608 -64 ) (-416 608 -64 ) (-416 576 -64 ) (-576 576 -64 ) 
4 298 299 (-576 576 -64 ) (-416 576 -64 ) (-416 576 0 ) (-576 576 0 ) 
4 299 342 (-416 0 48 ) (-896 0 48 ) (-896 0 -64 ) (-416 0 -64 ) 
4 299 330 (-416 576 -64 ) (-416 0 -64 ) (-896 0 -64 ) (-896 576 -64 ) 
4 299 300 (-896 576 -64 ) (-896 0 -64 ) (-896 0 48 ) (-896 576 48 ) 
4 300 342 (-896 0 48 ) (-1024 0 48 ) (-1024 0 -64 ) (-896 0 -64 ) 
4 300 337 (-1024 0 -64 ) (-1024 0 48 ) (-1024 608 48 ) (-1024 608 -64 ) 
4 300 331 (-1024 0 -64 ) (-1024 608 -64 ) (-896 608 -64 ) (-896 0 -64 ) 
4 301 305 (-224 768 -128 ) (-160 768 -128 ) (-160 768 -80 ) (-224 768 -80 ) 
4 301 303 (-160 768 -80 ) (-160 768 -64 ) (-224 768 -64 ) (-224 768 -80 ) 
4 302 304 (-256 768 -68 ) (-256 768 -64 ) (-384 768 -64 ) (-384 768 -68 ) 
4 303 305 (-128 640 -80 ) (-224 640 -80 ) (-224 768 -80 ) (-128 768 -80 ) 
4 304 323 (-256 640 -64 ) (-384 640 -64 ) (-384 640 -68 ) (-256 640 -68 ) 
4 305 306 (-224 656 -80 ) (-224 752 -80 ) (-224 752 -128 ) (-224 656 -128 ) 
4 306 308 (-240 656 -80 ) (-240 752 -80 ) (-240 752 -128 ) (-240 656 -128 ) 
4 307 308 (-400 756 -92 ) (-400 756 -128 ) (-240 756 -128 ) (-240 756 -92 ) 
4 308 310 (-400 656 -80 ) (-400 752 -80 ) (-400 752 -128 ) (-400 656 -128 ) 
4 308 309 (-400 652 -88 ) (-400 652 -128 ) (-240 652 -128 ) (-240 652 -88 ) 
4 310 321 (-416 672 -128 ) (-416 656 -128 ) (-416 656 -80 ) (-416 672 -80 ) 
4 310 314 (-416 752 -128 ) (-416 672 -128 ) (-416 672 -80 ) (-416 752 -80 ) 
4 311 321 (-416 672 -80 ) (-416 672 -64 ) (-576 672 -64 ) (-576 672 -80 ) 
4 311 314 (-416 672 -80 ) (-576 672 -80 ) (-576 800 -80 ) (-416 800 -80 ) 
4 313 337 (-1024 672 -64 ) (-1024 800 -64 ) (-1024 800 -80 ) (-1024 672 -80 ) 
4 313 322 (-896 672 -64 ) (-1024 672 -64 ) (-1024 672 -80 ) (-896 672 -80 ) 
4 313 320 (-896 672 -80 ) (-1024 672 -80 ) (-1024 800 -80 ) (-896 800 -80 ) 
4 314 332 (-576 800 -128 ) (-416 800 -128 ) (-416 672 -128 ) (-576 672 -128 ) 
4 314 321 (-576 672 -128 ) (-416 672 -128 ) (-416 672 -80 ) (-576 672 -80 ) 
4 314 315 (-576 784 -128 ) (-576 688 -128 ) (-576 688 -80 ) (-576 784 -80 ) 
4 315 317 (-592 784 -128 ) (-592 688 -128 ) (-592 688 -80 ) (-592 784 -80 ) 
4 316 317 (-752 788 -92 ) (-752 788 -128 ) (-592 788 -128 ) (-592 788 -92 ) 
4 317 319 (-752 784 -128 ) (-752 688 -128 ) (-752 688 -80 ) (-752 784 -80 ) 
4 317 318 (-752 684 -88 ) (-752 684 -128 ) (-592 684 -128 ) (-592 684 -88 ) 
4 320 337 (-1024 800 -80 ) (-1024 800 -128 ) (-1024 672 -128 ) (-1024 672 -80 ) 
4 320 333 (-1024 672 -128 ) (-1024 800 -128 ) (-896 800 -128 ) (-896 672 -128 ) 
4 320 322 (-1024 672 -128 ) (-896 672 -128 ) (-896 672 -80 ) (-1024 672 -80 ) 
4 321 332 (-576 672 -128 ) (-416 672 -128 ) (-416 640 -128 ) (-544 640 -128 ) 
4 321 324 (-512 640 -128 ) (-448 640 -128 ) (-448 640 -100 ) (-512 640 -100 ) 
4 322 337 (-1024 640 -64 ) (-1024 672 -64 ) (-1024 672 -128 ) (-1024 640 -128 ) 
4 322 333 (-1024 640 -128 ) (-1024 672 -128 ) (-896 672 -128 ) (-896 640 -128 ) 
4 322 325 (-1024 640 -128 ) (-896 640 -128 ) (-896 640 -64 ) (-1024 640 -64 ) 
4 325 337 (-1024 608 -64 ) (-1024 640 -64 ) (-1024 640 -128 ) (-1024 608 -128 ) 
4 325 333 (-1024 608 -128 ) (-1024 640 -128 ) (-896 640 -128 ) (-896 608 -128 ) 
4 325 331 (-1024 608 -128 ) (-896 608 -128 ) (-896 608 -64 ) (-1024 608 -64 ) 
4 326 342 (-64 0 -64 ) (-128 0 -64 ) (-128 0 -128 ) (-64 0 -128 ) 
4 326 334 (-64 0 -128 ) (-128 0 -128 ) (-128 512 -128 ) (-64 512 -128 ) 
4 326 327 (-128 512 -128 ) (-128 0 -128 ) (-128 0 -64 ) (-128 512 -64 ) 
4 327 342 (-128 0 -64 ) (-224 0 -64 ) (-224 0 -128 ) (-128 0 -128 ) 
4 327 335 (-128 0 -128 ) (-224 0 -128 ) (-224 544 -128 ) (-128 544 -128 ) 
4 327 330 (-224 544 -128 ) (-224 0 -128 ) (-224 0 -64 ) (-224 544 -64 ) 
3 328 335 (-896 576 -128 ) (-896 608 -128 ) (-864 576 -128 ) 
4 328 330 (-896 576 -64 ) (-896 576 -128 ) (-864 576 -128 ) (-864 576 -64 ) 
4 328 331 (-896 608 -64 ) (-896 608 -128 ) (-896 576 -128 ) (-896 576 -64 ) 
4 329 335 (-544 608 -128 ) (-224 608 -128 ) (-224 576 -128 ) (-576 576 -128 ) 
4 329 330 (-576 576 -128 ) (-224 576 -128 ) (-224 576 -64 ) (-576 576 -64 ) 
4 330 342 (-224 0 -64 ) (-896 0 -64 ) (-896 0 -128 ) (-224 0 -128 ) 
4 330 335 (-224 0 -128 ) (-896 0 -128 ) (-896 576 -128 ) (-224 576 -128 ) 
4 330 331 (-896 576 -128 ) (-896 0 -128 ) (-896 0 -64 ) (-896 576 -64 ) 
4 331 342 (-896 0 -64 ) (-1024 0 -64 ) (-1024 0 -128 ) (-896 0 -128 ) 
4 331 337 (-1024 0 -128 ) (-1024 0 -64 ) (-1024 608 -64 ) (-1024 608 -128 ) 
4 331 335 (-896 0 -128 ) (-1024 0 -128 ) (-1024 608 -128 ) (-896 608 -128 ) 
4 333 337 (-1024 608 -128 ) (-1024 800 -128 ) (-1024 800 -192 ) (-1024 608 -192 ) 
4 333 336 (-1024 608 -192 ) (-1024 800 -192 ) (-896 800 -192 ) (-896 608 -192 ) 
4 333 335 (-1024 608 -192 ) (-896 608 -192 ) (-896 608 -128 ) (-1024 608 -128 ) 
4 334 342 (0 0 -192 ) (0 0 -128 ) (-128 0 -128 ) (-128 0 -192 ) 
4 334 336 (0 512 -192 ) (0 0 -192 ) (-128 0 -192 ) (-128 512 -192 ) 
4 334 335 (-128 512 -192 ) (-128 0 -192 ) (-128 0 -128 ) (-128 512 -128 ) 
4 335 342 (-128 0 -128 ) (-1024 0 -128 ) (-1024 0 -192 ) (-128 0 -192 ) 
4 335 337 (-1024 0 -192 ) (-1024 0 -128 ) (-1024 608 -128 ) (-1024 608 -192 ) 
4 335 336 (-1024 0 -192 ) (-1024 608 -192 ) (-128 608 -192 ) (-128 0 -192 ) 
4 336 342 (0 0 -768 ) (0 0 -192 ) (-1024 0 -192 ) (-1024 0 -768 ) 
4 336 337 (-1024 0 -768 ) (-1024 0 -192 ) (-1024 800 -192 ) (-1024 800 -768 ) 
4 337 343 (-1024 0 -768 ) (-1024 0 1280 ) (-1536 0 1280 ) (-1536 0 -768 ) 
4 338 339 (256 -256 0 ) (256 -256 1280 ) (256 0 1280 ) (256 0 0 ) 
4 338 340 (256 0 -768 ) (256 -256 -768 ) (256 -256 -128 ) (256 0 -128 ) 
4 338 341 (256 -256 -768 ) (256 -512 -768 ) (256 -512 1280 ) (256 -256 1280 ) 
4 339 342 (0 0 1280 ) (0 0 0 ) (0 -256 0 ) (0 -256 1280 ) 
4 339 341 (256 -256 0 ) (256 -256 1280 ) (0 -256 1280 ) (0 -256 0 ) 
4 340 342 (0 0 -128 ) (0 0 -768 ) (0 -256 -768 ) (0 -256 -128 ) 
4 340 341 (0 -256 -768 ) (256 -256 -768 ) (256 -256 -128 ) (0 -256 -128 ) 
4 341 342 (0 -256 -768 ) (0 -512 -768 ) (0 -512 1280 ) (0 -256 1280 ) 
4 342 343 (-1024 0 1280 ) (-1024 0 -768 ) (-1024 -512 -768 ) (-1024 -512 1280 ) 
