PRT1
171
515
4 0 31 (320 1024 -64 ) (320 1024 -768 ) (384 1024 -768 ) (384 1024 -64 ) 
4 0 5 (384 1024 512 ) (320 1024 512 ) (320 1024 -64 ) (384 1024 -64 ) 
4 0 1 (320 1088 512 ) (320 1088 64 ) (320 1024 64 ) (320 1024 512 ) 
4 0 2 (320 1088 -64 ) (320 1088 -768 ) (320 1024 -768 ) (320 1024 -64 ) 
4 1 6 (320 1024 512 ) (256 1024 512 ) (256 1024 64 ) (320 1024 64 ) 
4 1 3 (256 1088 512 ) (256 1088 64 ) (256 1024 64 ) (256 1024 512 ) 
4 2 33 (256 1024 -128 ) (256 1024 -768 ) (320 1024 -768 ) (320 1024 -128 ) 
4 2 32 (256 1024 -64 ) (256 1024 -128 ) (320 1024 -128 ) (320 1024 -64 ) 
4 2 4 (256 1088 -64 ) (256 1088 -768 ) (256 1024 -768 ) (256 1024 -64 ) 
4 3 57 (0 1024 64 ) (0 1024 512 ) (0 1088 512 ) (0 1088 64 ) 
4 3 27 (124 1024 512 ) (112 1024 512 ) (112 1024 64 ) (124 1024 64 ) 
4 3 30 (112 1024 512 ) (0 1024 512 ) (0 1024 64 ) (112 1024 64 ) 
4 3 10 (256 1024 512 ) (124 1024 512 ) (124 1024 64 ) (256 1024 64 ) 
4 4 58 (0 1024 -768 ) (0 1024 -64 ) (0 1088 -64 ) (0 1088 -768 ) 
4 4 35 (0 1024 -192 ) (0 1024 -768 ) (256 1024 -768 ) (256 1024 -192 ) 
4 4 34 (0 1024 -64 ) (0 1024 -192 ) (256 1024 -192 ) (256 1024 -64 ) 
4 5 38 (320 704 64 ) (320 704 -64 ) (384 704 -64 ) (384 704 64 ) 
4 5 37 (320 704 96 ) (320 704 64 ) (384 704 64 ) (384 704 96 ) 
4 5 36 (384 704 512 ) (320 704 512 ) (320 704 96 ) (384 704 96 ) 
4 5 31 (384 704 -64 ) (320 704 -64 ) (320 1024 -64 ) (384 1024 -64 ) 
4 5 9 (320 768 -64 ) (320 704 -64 ) (320 704 -16 ) (320 768 -16 ) 
4 5 8 (320 896 -64 ) (320 832 -64 ) (320 832 -16 ) (320 896 -16 ) 
4 5 7 (320 704 64 ) (320 704 512 ) (320 896 512 ) (320 896 64 ) 
4 5 6 (320 896 64 ) (320 896 512 ) (320 1024 512 ) (320 1024 64 ) 
4 6 10 (256 1024 512 ) (256 1024 64 ) (256 896 64 ) (256 896 512 ) 
4 6 7 (256 896 512 ) (256 896 64 ) (320 896 64 ) (320 896 512 ) 
4 7 40 (256 704 512 ) (256 704 96 ) (272 704 96 ) (272 704 512 ) 
4 7 37 (288 704 64 ) (320 704 64 ) (320 704 96 ) (288 704 96 ) 
4 7 36 (320 704 96 ) (320 704 512 ) (272 704 512 ) (272 704 96 ) 
4 7 10 (256 704 64 ) (256 704 512 ) (256 896 512 ) (256 896 64 ) 
4 8 18 (256 896 -64 ) (256 832 -64 ) (256 832 -24 ) (256 896 -24 ) 
4 8 16 (256 832 -24 ) (256 832 -16 ) (256 880 -16 ) (256 880 -24 ) 
4 8 14 (256 880 -16 ) (256 896 -16 ) (256 896 -24 ) (256 880 -24 ) 
4 9 38 (288 704 -64 ) (320 704 -64 ) (320 704 -16 ) (288 704 -16 ) 
4 9 21 (256 712 -64 ) (256 704 -64 ) (256 704 -24 ) (256 712 -24 ) 
4 9 18 (256 768 -64 ) (256 712 -64 ) (256 712 -24 ) (256 768 -24 ) 
4 9 17 (256 704 -24 ) (256 704 -16 ) (256 712 -16 ) (256 712 -24 ) 
4 9 16 (256 712 -16 ) (256 768 -16 ) (256 768 -24 ) (256 712 -24 ) 
4 10 46 (124 704 512 ) (124 704 96 ) (128 704 96 ) (128 704 512 ) 
4 10 43 (192 704 64 ) (256 704 64 ) (256 704 512 ) (192 704 512 ) 
4 10 44 (128 704 64 ) (192 704 64 ) (192 704 512 ) (128 704 512 ) 
4 10 28 (124 880 512 ) (124 912 512 ) (124 912 64 ) (124 880 64 ) 
4 10 27 (124 912 512 ) (124 1024 512 ) (124 1024 64 ) (124 912 64 ) 
4 10 29 (124 704 64 ) (124 704 512 ) (124 880 512 ) (124 880 64 ) 
4 10 12 (124 912 64 ) (124 1024 64 ) (144 1024 64 ) (144 912 64 ) 
4 10 13 (124 704 64 ) (124 880 64 ) (144 880 64 ) (144 704 64 ) 
4 10 11 (144 1024 64 ) (256 1024 64 ) (256 704 64 ) (144 704 64 ) 
4 11 43 (192 704 -16 ) (256 704 -16 ) (256 704 64 ) (192 704 64 ) 
4 11 44 (144 704 -16 ) (192 704 -16 ) (192 704 64 ) (144 704 64 ) 
4 11 17 (256 712 -16 ) (256 704 -16 ) (192 704 -16 ) (192 712 -16 ) 
4 11 16 (256 880 -16 ) (256 712 -16 ) (144 712 -16 ) (144 880 -16 ) 
4 11 14 (144 1024 -16 ) (256 1024 -16 ) (256 880 -16 ) (144 880 -16 ) 
4 11 12 (144 1024 -16 ) (144 912 -16 ) (144 912 64 ) (144 1024 64 ) 
4 11 13 (144 880 -16 ) (144 704 -16 ) (144 704 64 ) (144 880 64 ) 
4 12 27 (124 912 64 ) (124 1024 64 ) (124 1024 -16 ) (124 912 -16 ) 
4 12 15 (124 912 -16 ) (124 1024 -16 ) (144 1024 -16 ) (144 912 -16 ) 
4 13 44 (128 704 -16 ) (144 704 -16 ) (144 704 64 ) (128 704 64 ) 
4 13 29 (124 704 -16 ) (124 704 64 ) (124 880 64 ) (124 880 -16 ) 
4 13 16 (132 880 -16 ) (144 880 -16 ) (144 712 -16 ) (132 712 -16 ) 
4 14 18 (144 1024 -24 ) (256 1024 -24 ) (256 880 -24 ) (144 880 -24 ) 
4 14 16 (144 880 -24 ) (256 880 -24 ) (256 880 -16 ) (144 880 -16 ) 
4 14 15 (144 1024 -24 ) (144 912 -24 ) (144 912 -16 ) (144 1024 -16 ) 
4 15 27 (124 912 -16 ) (124 1024 -16 ) (124 1024 -24 ) (124 912 -24 ) 
4 15 23 (124 912 -24 ) (124 1024 -24 ) (132 1024 -24 ) (132 912 -24 ) 
4 15 19 (132 1024 -24 ) (144 1024 -24 ) (144 912 -24 ) (132 912 -24 ) 
4 16 20 (132 880 -24 ) (144 880 -24 ) (144 712 -24 ) (132 712 -24 ) 
4 16 18 (144 880 -24 ) (256 880 -24 ) (256 712 -24 ) (144 712 -24 ) 
4 16 17 (192 712 -24 ) (256 712 -24 ) (256 712 -16 ) (192 712 -16 ) 
4 17 43 (192 704 -24 ) (256 704 -24 ) (256 704 -16 ) (192 704 -16 ) 
4 17 21 (192 712 -24 ) (256 712 -24 ) (256 704 -24 ) (192 704 -24 ) 
4 18 34 (144 1024 -64 ) (256 1024 -64 ) (256 896 -64 ) (144 896 -64 ) 
4 18 22 (144 712 -64 ) (184 712 -64 ) (184 712 -24 ) (144 712 -24 ) 
4 18 21 (192 712 -64 ) (256 712 -64 ) (256 712 -24 ) (192 712 -24 ) 
4 18 19 (144 1024 -64 ) (144 912 -64 ) (144 912 -24 ) (144 1024 -24 ) 
4 18 20 (144 880 -64 ) (144 712 -64 ) (144 712 -24 ) (144 880 -24 ) 
4 19 34 (132 912 -64 ) (132 1024 -64 ) (144 1024 -64 ) (144 912 -64 ) 
4 19 23 (132 1024 -64 ) (132 912 -64 ) (132 912 -24 ) (132 1024 -24 ) 
4 20 26 (132 748 -64 ) (132 716 -64 ) (132 716 -24 ) (132 748 -24 ) 
4 20 25 (132 812 -64 ) (132 756 -64 ) (132 756 -24 ) (132 812 -24 ) 
4 20 24 (132 872 -64 ) (132 820 -64 ) (132 820 -24 ) (132 872 -24 ) 
4 20 22 (136 712 -64 ) (144 712 -64 ) (144 712 -24 ) (136 712 -24 ) 
4 21 43 (192 704 -64 ) (256 704 -64 ) (256 704 -24 ) (192 704 -24 ) 
4 22 44 (136 704 -64 ) (184 704 -64 ) (184 704 -24 ) (136 704 -24 ) 
4 23 34 (124 912 -64 ) (124 1024 -64 ) (132 1024 -64 ) (132 912 -64 ) 
4 23 27 (124 1024 -64 ) (124 912 -64 ) (124 912 -24 ) (124 1024 -24 ) 
4 24 29 (124 872 -64 ) (124 820 -64 ) (124 820 -24 ) (124 872 -24 ) 
4 25 29 (124 812 -64 ) (124 756 -64 ) (124 756 -24 ) (124 812 -24 ) 
4 26 29 (124 748 -64 ) (124 716 -64 ) (124 716 -24 ) (124 748 -24 ) 
4 27 34 (112 912 -64 ) (112 1024 -64 ) (124 1024 -64 ) (124 912 -64 ) 
4 27 28 (112 912 512 ) (112 912 64 ) (124 912 64 ) (124 912 512 ) 
4 27 30 (112 1024 -64 ) (112 912 -64 ) (112 912 512 ) (112 1024 512 ) 
4 28 30 (112 880 64 ) (112 880 512 ) (112 912 512 ) (112 912 64 ) 
4 28 29 (112 880 512 ) (112 880 64 ) (124 880 64 ) (124 880 512 ) 
4 29 46 (124 704 96 ) (124 704 512 ) (112 704 512 ) (112 704 96 ) 
4 29 30 (112 880 -64 ) (112 704 -64 ) (112 704 512 ) (112 880 512 ) 
4 30 128 (0 704 -64 ) (0 704 64 ) (0 768 64 ) (0 768 -64 ) 
4 30 123 (0 768 64 ) (0 800 64 ) (0 800 -64 ) (0 768 -64 ) 
4 30 115 (0 768 104 ) (0 776 104 ) (0 776 64 ) (0 768 64 ) 
4 30 122 (0 704 64 ) (0 704 104 ) (0 768 104 ) (0 768 64 ) 
4 30 112 (0 776 104 ) (0 800 104 ) (0 800 64 ) (0 776 64 ) 
4 30 109 (0 768 112 ) (0 776 112 ) (0 776 104 ) (0 768 104 ) 
4 30 111 (0 704 104 ) (0 704 112 ) (0 768 112 ) (0 768 104 ) 
4 30 107 (0 776 112 ) (0 800 112 ) (0 800 104 ) (0 776 104 ) 
4 30 103 (0 704 112 ) (0 704 128 ) (0 800 128 ) (0 800 112 ) 
4 30 102 (0 704 128 ) (0 704 512 ) (0 800 512 ) (0 800 128 ) 
4 30 70 (0 1024 320 ) (0 1024 64 ) (0 800 64 ) (0 800 320 ) 
4 30 67 (0 1024 352 ) (0 1024 320 ) (0 800 320 ) (0 800 352 ) 
4 30 66 (0 800 512 ) (0 1024 512 ) (0 1024 352 ) (0 800 352 ) 
4 30 49 (0 704 512 ) (0 704 -64 ) (96 704 -64 ) (96 704 512 ) 
4 30 48 (112 704 96 ) (112 704 512 ) (96 704 512 ) (96 704 96 ) 
4 30 34 (0 896 -64 ) (0 1024 -64 ) (112 1024 -64 ) (112 896 -64 ) 
4 31 39 (320 704 -192 ) (320 704 -768 ) (384 704 -768 ) (384 704 -192 ) 
4 31 33 (320 704 -768 ) (320 704 -128 ) (320 1024 -128 ) (320 1024 -768 ) 
4 31 32 (320 896 -64 ) (320 1024 -64 ) (320 1024 -128 ) (320 896 -128 ) 
4 32 34 (256 896 -64 ) (256 1024 -64 ) (256 1024 -128 ) (256 896 -128 ) 
4 32 33 (256 896 -128 ) (256 1024 -128 ) (320 1024 -128 ) (320 896 -128 ) 
4 33 42 (256 704 -192 ) (256 704 -768 ) (272 704 -768 ) (272 704 -192 ) 
4 33 39 (320 704 -768 ) (320 704 -192 ) (272 704 -192 ) (272 704 -768 ) 
4 33 35 (256 704 -768 ) (256 704 -192 ) (256 1024 -192 ) (256 1024 -768 ) 
4 33 34 (256 896 -128 ) (256 1024 -128 ) (256 1024 -192 ) (256 896 -192 ) 
4 34 71 (0 896 -64 ) (0 1024 -64 ) (0 1024 -192 ) (0 896 -192 ) 
4 34 35 (0 1024 -192 ) (256 1024 -192 ) (256 896 -192 ) (0 896 -192 ) 
4 35 164 (0 704 -768 ) (0 704 -192 ) (0 800 -192 ) (0 800 -768 ) 
4 35 71 (0 800 -192 ) (0 1024 -192 ) (0 1024 -768 ) (0 800 -768 ) 
4 35 51 (128 704 -192 ) (0 704 -192 ) (0 704 -768 ) (128 704 -768 ) 
4 35 45 (256 704 -768 ) (256 704 -256 ) (128 704 -256 ) (128 704 -768 ) 
4 36 52 (272 512 512 ) (272 512 96 ) (384 512 96 ) (384 512 512 ) 
4 36 40 (272 704 512 ) (272 704 96 ) (272 512 96 ) (272 512 512 ) 
4 36 37 (288 704 96 ) (384 704 96 ) (384 512 96 ) (288 512 96 ) 
4 37 52 (288 512 64 ) (384 512 64 ) (384 512 96 ) (288 512 96 ) 
4 37 38 (288 704 64 ) (384 704 64 ) (384 512 64 ) (288 512 64 ) 
4 38 53 (320 512 -64 ) (384 512 -64 ) (384 512 0 ) (320 512 0 ) 
4 38 52 (384 512 0 ) (384 512 64 ) (288 512 64 ) (288 512 0 ) 
4 39 55 (272 512 -192 ) (272 512 -768 ) (384 512 -768 ) (384 512 -192 ) 
4 39 42 (272 704 -192 ) (272 704 -768 ) (272 512 -768 ) (272 512 -192 ) 
4 40 52 (272 512 96 ) (272 512 512 ) (256 512 512 ) (256 512 96 ) 
4 40 43 (256 704 512 ) (256 704 96 ) (256 512 96 ) (256 512 512 ) 
4 41 43 (256 672 -64 ) (256 544 -64 ) (256 544 64 ) (256 672 64 ) 
4 42 55 (272 512 -768 ) (272 512 -192 ) (256 512 -192 ) (256 512 -768 ) 
4 42 45 (256 704 -256 ) (256 704 -768 ) (256 512 -768 ) (256 512 -256 ) 
4 43 54 (256 512 -128 ) (256 512 0 ) (192 512 0 ) (192 512 -128 ) 
4 43 52 (256 512 0 ) (256 512 512 ) (192 512 512 ) (192 512 0 ) 
4 43 44 (192 512 -128 ) (192 512 512 ) (192 704 512 ) (192 704 -64 ) 
4 44 54 (128 512 0 ) (128 512 -128 ) (192 512 -128 ) (192 512 0 ) 
4 44 52 (192 512 512 ) (128 512 512 ) (128 512 0 ) (192 512 0 ) 
4 44 50 (128 576 -128 ) (128 512 -128 ) (128 512 -80 ) (128 576 -80 ) 
4 44 47 (128 672 -64 ) (128 544 -64 ) (128 544 64 ) (128 672 64 ) 
4 44 46 (128 704 512 ) (128 704 96 ) (128 512 96 ) (128 512 512 ) 
4 45 56 (256 512 -768 ) (256 512 -256 ) (128 512 -256 ) (128 512 -768 ) 
4 45 51 (128 704 -256 ) (128 704 -768 ) (128 512 -768 ) (128 512 -256 ) 
4 46 52 (128 512 96 ) (128 512 512 ) (112 512 512 ) (112 512 96 ) 
4 46 48 (112 704 512 ) (112 704 96 ) (112 512 96 ) (112 512 512 ) 
4 48 52 (112 512 96 ) (112 512 512 ) (96 512 512 ) (96 512 96 ) 
4 48 49 (96 704 512 ) (96 704 96 ) (96 512 96 ) (96 512 512 ) 
4 49 143 (0 512 -64 ) (0 512 0 ) (0 608 0 ) (0 608 -64 ) 
4 49 142 (0 512 0 ) (0 512 64 ) (0 608 64 ) (0 608 0 ) 
4 49 138 (0 640 48 ) (0 640 -64 ) (0 608 -64 ) (0 608 48 ) 
4 49 137 (0 608 64 ) (0 640 64 ) (0 640 48 ) (0 608 48 ) 
4 49 128 (0 640 64 ) (0 704 64 ) (0 704 -64 ) (0 640 -64 ) 
4 49 122 (0 512 64 ) (0 512 104 ) (0 704 104 ) (0 704 64 ) 
4 49 111 (0 512 104 ) (0 512 112 ) (0 704 112 ) (0 704 104 ) 
4 49 103 (0 512 112 ) (0 512 128 ) (0 704 128 ) (0 704 112 ) 
4 49 102 (0 512 128 ) (0 512 512 ) (0 704 512 ) (0 704 128 ) 
4 49 52 (0 512 512 ) (0 512 0 ) (96 512 0 ) (96 512 512 ) 
4 51 164 (0 512 -768 ) (0 512 -192 ) (0 704 -192 ) (0 704 -768 ) 
4 51 56 (0 512 -256 ) (0 512 -768 ) (128 512 -768 ) (128 512 -256 ) 
4 52 167 (256 0 512 ) (0 0 512 ) (0 0 0 ) (256 0 0 ) 
4 52 166 (384 0 512 ) (256 0 512 ) (256 0 0 ) (384 0 0 ) 
4 52 142 (0 0 0 ) (0 0 64 ) (0 512 64 ) (0 512 0 ) 
4 52 122 (0 0 64 ) (0 0 104 ) (0 512 104 ) (0 512 64 ) 
4 52 111 (0 0 104 ) (0 0 112 ) (0 512 112 ) (0 512 104 ) 
4 52 103 (0 0 112 ) (0 0 128 ) (0 512 128 ) (0 512 112 ) 
4 52 102 (0 0 128 ) (0 0 512 ) (0 512 512 ) (0 512 128 ) 
5 52 54 (0 0 0 ) (0 384 0 ) (128 512 0 ) (256 512 0 ) (256 0 0 ) 
4 52 53 (320 512 0 ) (384 512 0 ) (384 0 0 ) (320 0 0 ) 
4 53 166 (384 0 0 ) (320 0 0 ) (320 0 -128 ) (384 0 -128 ) 
4 53 55 (384 0 -128 ) (320 0 -128 ) (320 512 -128 ) (384 512 -128 ) 
4 55 166 (384 0 -128 ) (256 0 -128 ) (256 0 -768 ) (384 0 -768 ) 
4 55 56 (256 512 -768 ) (256 0 -768 ) (256 0 -256 ) (256 512 -256 ) 
4 56 168 (0 0 -256 ) (0 0 -768 ) (256 0 -768 ) (256 0 -256 ) 
4 56 164 (0 0 -768 ) (0 0 -256 ) (0 512 -256 ) (0 512 -768 ) 
4 57 70 (0 1024 64 ) (0 1024 320 ) (-64 1024 320 ) (-64 1024 64 ) 
4 57 67 (0 1024 320 ) (0 1024 352 ) (-64 1024 352 ) (-64 1024 320 ) 
4 57 66 (0 1024 352 ) (0 1024 512 ) (-64 1024 512 ) (-64 1024 352 ) 
4 57 59 (-64 1024 512 ) (-64 1088 512 ) (-64 1088 64 ) (-64 1024 64 ) 
4 58 71 (0 1024 -768 ) (0 1024 -64 ) (-64 1024 -64 ) (-64 1024 -768 ) 
4 58 59 (-64 1088 -64 ) (-64 1088 -768 ) (-64 1024 -768 ) (-64 1024 -64 ) 
4 59 86 (-544 1024 -768 ) (-256 1024 -768 ) (-256 1024 64 ) (-544 1024 64 ) 
4 59 88 (-960 1024 64 ) (-960 1024 -768 ) (-544 1024 -768 ) (-544 1024 64 ) 
4 59 84 (-960 1024 320 ) (-960 1024 64 ) (-256 1024 64 ) (-256 1024 320 ) 
4 59 82 (-256 1024 -768 ) (-224 1024 -768 ) (-224 1024 64 ) (-256 1024 64 ) 
4 59 80 (-224 1024 64 ) (-224 1024 320 ) (-256 1024 320 ) (-256 1024 64 ) 
4 59 79 (-224 1024 -768 ) (-64 1024 -768 ) (-64 1024 -128 ) (-224 1024 -128 ) 
4 59 77 (-160 1024 320 ) (-224 1024 320 ) (-224 1024 -128 ) (-160 1024 -128 ) 
4 59 75 (-128 1024 320 ) (-160 1024 320 ) (-160 1024 -128 ) (-128 1024 -128 ) 
4 59 72 (-64 1024 -128 ) (-64 1024 320 ) (-128 1024 320 ) (-128 1024 -128 ) 
4 59 68 (-544 1024 320 ) (-224 1024 320 ) (-224 1024 352 ) (-544 1024 352 ) 
4 59 67 (-224 1024 320 ) (-64 1024 320 ) (-64 1024 352 ) (-224 1024 352 ) 
4 59 69 (-960 1024 352 ) (-960 1024 320 ) (-544 1024 320 ) (-544 1024 352 ) 
4 59 66 (-64 1024 512 ) (-960 1024 512 ) (-960 1024 352 ) (-64 1024 352 ) 
4 59 60 (-960 1056 512 ) (-960 1088 512 ) (-960 1088 -320 ) (-960 1056 -320 ) 
4 59 61 (-960 1088 -448 ) (-960 1088 -768 ) (-960 1056 -768 ) (-960 1056 -448 ) 
4 59 62 (-960 1024 512 ) (-960 1056 512 ) (-960 1056 -768 ) (-960 1024 -768 ) 
4 60 63 (-1024 1056 -320 ) (-1024 1056 512 ) (-1024 1088 512 ) (-1024 1088 -320 ) 
4 60 62 (-960 1056 -320 ) (-960 1056 512 ) (-1024 1056 512 ) (-1024 1056 -320 ) 
4 61 64 (-1024 1088 -768 ) (-1024 1056 -768 ) (-1024 1056 -448 ) (-1024 1088 -448 ) 
4 61 62 (-1024 1056 -768 ) (-960 1056 -768 ) (-960 1056 -448 ) (-1024 1056 -448 ) 
4 62 88 (-1024 1024 64 ) (-1024 1024 -768 ) (-960 1024 -768 ) (-960 1024 64 ) 
4 62 84 (-1024 1024 320 ) (-1024 1024 64 ) (-960 1024 64 ) (-960 1024 320 ) 
4 62 69 (-1024 1024 352 ) (-1024 1024 320 ) (-960 1024 320 ) (-960 1024 352 ) 
4 62 66 (-960 1024 512 ) (-1024 1024 512 ) (-1024 1024 352 ) (-960 1024 352 ) 
4 62 65 (-1024 1056 -768 ) (-1024 1024 -768 ) (-1024 1024 512 ) (-1024 1056 512 ) 
4 63 65 (-1344 1056 512 ) (-1344 1056 -320 ) (-1024 1056 -320 ) (-1024 1056 512 ) 
4 64 65 (-1344 1056 -448 ) (-1344 1056 -768 ) (-1024 1056 -768 ) (-1024 1056 -448 ) 
4 65 165 (-1344 1024 -768 ) (-1024 1024 -768 ) (-1024 1024 512 ) (-1344 1024 512 ) 
4 66 165 (-1024 1024 512 ) (-1024 1024 352 ) (-1024 800 352 ) (-1024 800 512 ) 
4 66 102 (0 800 352 ) (0 800 512 ) (-1024 800 512 ) (-1024 800 352 ) 
4 66 68 (-544 992 352 ) (-544 1024 352 ) (-224 1024 352 ) (-224 992 352 ) 
4 66 67 (0 800 352 ) (-224 800 352 ) (-224 1024 352 ) (0 1024 352 ) 
4 66 69 (-544 800 352 ) (-1024 800 352 ) (-1024 1024 352 ) (-544 1024 352 ) 
4 67 102 (0 800 320 ) (0 800 352 ) (-224 800 352 ) (-224 800 320 ) 
4 67 78 (-160 800 320 ) (-224 800 320 ) (-224 992 320 ) (-160 992 320 ) 
4 67 77 (-224 992 320 ) (-224 1024 320 ) (-160 1024 320 ) (-160 992 320 ) 
4 67 76 (-128 800 320 ) (-160 800 320 ) (-160 832 320 ) (-128 832 320 ) 
4 67 75 (-160 832 320 ) (-160 1024 320 ) (-128 1024 320 ) (-128 832 320 ) 
4 67 73 (-64 800 320 ) (-128 800 320 ) (-128 992 320 ) (-64 992 320 ) 
4 67 72 (-128 992 320 ) (-128 1024 320 ) (-64 1024 320 ) (-64 992 320 ) 
4 67 70 (0 800 320 ) (-64 800 320 ) (-64 1024 320 ) (0 1024 320 ) 
4 67 68 (-224 1024 320 ) (-224 992 320 ) (-224 992 352 ) (-224 1024 352 ) 
4 68 84 (-544 992 320 ) (-544 1024 320 ) (-256 1024 320 ) (-256 992 320 ) 
4 68 80 (-256 1024 320 ) (-224 1024 320 ) (-224 992 320 ) (-256 992 320 ) 
4 68 69 (-544 1024 320 ) (-544 992 320 ) (-544 992 352 ) (-544 1024 352 ) 
4 69 165 (-1024 1024 352 ) (-1024 1024 320 ) (-1024 800 320 ) (-1024 800 352 ) 
4 69 102 (-544 800 352 ) (-1024 800 352 ) (-1024 800 320 ) (-544 800 320 ) 
4 69 99 (-544 800 320 ) (-1024 800 320 ) (-1024 840 320 ) (-544 840 320 ) 
4 69 85 (-1024 840 320 ) (-1024 864 320 ) (-544 864 320 ) (-544 840 320 ) 
4 69 84 (-1024 864 320 ) (-1024 1024 320 ) (-544 1024 320 ) (-544 864 320 ) 
4 70 112 (0 800 64 ) (0 800 104 ) (-64 800 104 ) (-64 800 64 ) 
4 70 107 (0 800 104 ) (0 800 112 ) (-64 800 112 ) (-64 800 104 ) 
4 70 103 (0 800 112 ) (0 800 128 ) (-64 800 128 ) (-64 800 112 ) 
4 70 102 (0 800 128 ) (0 800 320 ) (-64 800 320 ) (-64 800 128 ) 
4 70 73 (-64 800 128 ) (-64 800 320 ) (-64 992 320 ) (-64 992 160 ) 
4 70 72 (-64 992 320 ) (-64 1024 320 ) (-64 1024 64 ) (-64 992 64 ) 
4 71 164 (0 800 -768 ) (0 800 -192 ) (-64 800 -192 ) (-64 800 -768 ) 
4 71 79 (-64 800 -768 ) (-64 800 -128 ) (-64 1024 -128 ) (-64 1024 -768 ) 
4 71 74 (-64 800 -128 ) (-64 800 -64 ) (-64 992 -64 ) (-64 992 -128 ) 
4 71 72 (-64 992 -64 ) (-64 1024 -64 ) (-64 1024 -128 ) (-64 992 -128 ) 
4 72 79 (-128 1024 -128 ) (-64 1024 -128 ) (-64 992 -128 ) (-128 992 -128 ) 
4 72 75 (-128 1024 -128 ) (-128 992 -128 ) (-128 992 320 ) (-128 1024 320 ) 
4 72 73 (-128 992 320 ) (-128 992 160 ) (-64 992 160 ) (-64 992 320 ) 
4 72 74 (-128 992 -64 ) (-128 992 -128 ) (-64 992 -128 ) (-64 992 -64 ) 
4 73 102 (-64 800 128 ) (-64 800 320 ) (-128 800 320 ) (-128 800 128 ) 
4 73 76 (-128 800 128 ) (-128 800 320 ) (-128 832 320 ) (-128 832 133.333328 ) 
4 73 75 (-128 832 320 ) (-128 992 320 ) (-128 992 160 ) (-128 832 133.333328 ) 
4 74 79 (-64 992 -128 ) (-64 800 -128 ) (-128 800 -128 ) (-128 992 -128 ) 
4 74 75 (-128 992 -128 ) (-128 832 -128 ) (-128 832 -64 ) (-128 992 -64 ) 
4 75 79 (-160 1024 -128 ) (-128 1024 -128 ) (-128 832 -128 ) (-160 832 -128 ) 
4 75 78 (-160 832 69.333359 ) (-160 832 320 ) (-160 992 320 ) (-160 992 96 ) 
4 75 77 (-160 1024 -128 ) (-160 992 -128 ) (-160 992 320 ) (-160 1024 320 ) 
4 75 76 (-160 832 320 ) (-160 832 128 ) (-128 832 128 ) (-128 832 320 ) 
4 76 102 (-128 800 320 ) (-160 800 320 ) (-160 800 128 ) (-128 800 128 ) 
4 76 78 (-160 800 128 ) (-160 800 320 ) (-160 832 320 ) (-160 832 128 ) 
4 77 82 (-224 1024 64 ) (-224 1024 -128 ) (-224 992 -128 ) (-224 992 64 ) 
4 77 80 (-224 992 320 ) (-224 1024 320 ) (-224 1024 64 ) (-224 992 64 ) 
4 77 79 (-224 992 -128 ) (-224 1024 -128 ) (-160 1024 -128 ) (-160 992 -128 ) 
4 77 78 (-224 992 320 ) (-224 992 96 ) (-160 992 96 ) (-160 992 320 ) 
4 78 114 (-224 800 104 ) (-224 800 64 ) (-160 800 64 ) (-160 800 104 ) 
4 78 108 (-224 800 112 ) (-224 800 104 ) (-160 800 104 ) (-160 800 112 ) 
4 78 106 (-224 800 128 ) (-224 800 112 ) (-160 800 112 ) (-160 800 128 ) 
4 78 102 (-160 800 320 ) (-224 800 320 ) (-224 800 128 ) (-160 800 128 ) 
4 78 81 (-224 864 320 ) (-224 960 320 ) (-224 960 90.666664 ) (-224 864 74.666656 ) 
4 79 164 (-64 800 -768 ) (-64 800 -192 ) (-224 800 -192 ) (-224 800 -768 ) 
4 79 83 (-224 800 -768 ) (-224 800 -128 ) (-224 992 -128 ) (-224 992 -768 ) 
4 79 82 (-224 992 -128 ) (-224 1024 -128 ) (-224 1024 -768 ) (-224 992 -768 ) 
4 80 84 (-256 992 320 ) (-256 1024 320 ) (-256 1024 64 ) (-256 992 64 ) 
4 80 82 (-256 992 64 ) (-256 1024 64 ) (-224 1024 64 ) (-224 992 64 ) 
4 82 86 (-256 992 64 ) (-256 1024 64 ) (-256 1024 -768 ) (-256 992 -768 ) 
4 82 83 (-256 992 -768 ) (-224 992 -768 ) (-224 992 -128 ) (-256 992 -128 ) 
4 83 164 (-224 800 -768 ) (-224 800 -192 ) (-256 800 -192 ) (-256 800 -768 ) 
4 83 100 (-256 800 -768 ) (-256 800 -128 ) (-256 840 -128 ) (-256 840 -768 ) 
4 83 87 (-256 840 -128 ) (-256 992 -128 ) (-256 992 -768 ) (-256 840 -768 ) 
4 84 165 (-1024 1024 320 ) (-1024 1024 64 ) (-1024 864 64 ) (-1024 864 320 ) 
4 84 86 (-544 1024 64 ) (-256 1024 64 ) (-256 992 64 ) (-544 992 64 ) 
4 84 88 (-1024 864 64 ) (-1024 1024 64 ) (-544 1024 64 ) (-544 864 64 ) 
4 84 85 (-1024 864 64 ) (-544 864 64 ) (-544 864 320 ) (-1024 864 320 ) 
4 85 165 (-1024 864 64 ) (-1024 840 64 ) (-1024 840 320 ) (-1024 864 320 ) 
4 85 99 (-544 840 320 ) (-1024 840 320 ) (-1024 840 64 ) (-544 840 64 ) 
4 85 88 (-544 840 64 ) (-1024 840 64 ) (-1024 864 64 ) (-544 864 64 ) 
4 86 87 (-544 992 -128 ) (-544 992 -768 ) (-256 992 -768 ) (-256 992 -128 ) 
4 86 88 (-544 1024 -768 ) (-544 992 -768 ) (-544 992 64 ) (-544 1024 64 ) 
4 87 100 (-256 840 -768 ) (-256 840 -128 ) (-544 840 -128 ) (-544 840 -768 ) 
4 87 88 (-544 992 -768 ) (-544 840 -768 ) (-544 840 -128 ) (-544 992 -128 ) 
4 88 165 (-1024 1024 64 ) (-1024 1024 -768 ) (-1024 840 -768 ) (-1024 840 64 ) 
4 88 101 (-544 840 64 ) (-1024 840 64 ) (-1024 840 -768 ) (-544 840 -768 ) 
4 89 93 (-320 824 208 ) (-256 824 208 ) (-256 824 320 ) (-320 824 320 ) 
4 90 96 (-480 824 320 ) (-480 824 208 ) (-352 824 208 ) (-352 824 320 ) 
4 91 94 (-352 824 144 ) (-320 824 144 ) (-320 824 192 ) (-352 824 192 ) 
4 91 93 (-320 824 144 ) (-264 824 144 ) (-264 824 192 ) (-320 824 192 ) 
4 91 96 (-472 824 144 ) (-352 824 144 ) (-352 824 192 ) (-472 824 192 ) 
4 92 94 (-352 824 120 ) (-320 824 120 ) (-320 824 128 ) (-352 824 128 ) 
4 92 93 (-320 824 120 ) (-256 824 120 ) (-256 824 128 ) (-320 824 128 ) 
4 92 96 (-480 824 128 ) (-480 824 120 ) (-352 824 120 ) (-352 824 128 ) 
4 93 94 (-320 824 208 ) (-320 824 120 ) (-320 816 116 ) (-320 816 216 ) 
4 93 95 (-320 816 116 ) (-320 808 112 ) (-320 808 320 ) (-320 816 320 ) 
4 93 97 (-320 808 112 ) (-256 808 112 ) (-256 808 320 ) (-320 808 320 ) 
4 94 95 (-352 816 216 ) (-352 816 116 ) (-320 816 116 ) (-320 816 216 ) 
4 94 96 (-352 824 208 ) (-352 824 120 ) (-352 816 116 ) (-352 816 216 ) 
4 95 97 (-352 808 112 ) (-320 808 112 ) (-320 808 320 ) (-352 808 320 ) 
4 95 96 (-352 816 116 ) (-352 808 112 ) (-352 808 320 ) (-352 816 320 ) 
4 96 97 (-480 808 320 ) (-480 808 112 ) (-352 808 112 ) (-352 808 320 ) 
4 97 114 (-256 800 96 ) (-256 800 104 ) (-480 800 104 ) (-480 800 96 ) 
4 97 108 (-256 800 104 ) (-256 800 112 ) (-480 800 112 ) (-480 800 104 ) 
4 97 106 (-256 800 112 ) (-256 800 128 ) (-480 800 128 ) (-480 800 112 ) 
4 97 102 (-256 800 128 ) (-256 800 320 ) (-480 800 320 ) (-480 800 128 ) 
4 97 98 (-480 800 96 ) (-480 804 96 ) (-256 804 96 ) (-256 800 96 ) 
4 98 114 (-256 800 64 ) (-256 800 96 ) (-480 800 96 ) (-480 800 64 ) 
4 99 165 (-1024 800 64 ) (-1024 800 320 ) (-1024 840 320 ) (-1024 840 64 ) 
4 99 114 (-1024 800 104 ) (-1024 800 64 ) (-512 800 64 ) (-512 800 104 ) 
4 99 108 (-1024 800 112 ) (-1024 800 104 ) (-512 800 104 ) (-512 800 112 ) 
4 99 106 (-1024 800 128 ) (-1024 800 112 ) (-512 800 112 ) (-512 800 128 ) 
4 99 102 (-512 800 320 ) (-1024 800 320 ) (-1024 800 128 ) (-512 800 128 ) 
4 99 101 (-1024 840 64 ) (-544 840 64 ) (-544 800 64 ) (-1024 800 64 ) 
4 100 164 (-256 800 -768 ) (-256 800 -192 ) (-544 800 -192 ) (-544 800 -768 ) 
4 100 101 (-544 840 -768 ) (-544 800 -768 ) (-544 800 -128 ) (-544 840 -128 ) 
4 101 165 (-1024 800 -768 ) (-1024 800 64 ) (-1024 840 64 ) (-1024 840 -768 ) 
4 101 164 (-1024 800 -192 ) (-1024 800 -768 ) (-544 800 -768 ) (-544 800 -192 ) 
4 101 162 (-1024 800 -128 ) (-1024 800 -192 ) (-896 800 -192 ) (-896 800 -128 ) 
4 101 159 (-768 800 64 ) (-896 800 64 ) (-896 800 -64 ) (-768 800 -64 ) 
4 101 161 (-896 800 64 ) (-1024 800 64 ) (-1024 800 -128 ) (-896 800 -128 ) 
4 101 151 (-752 800 -128 ) (-592 800 -128 ) (-592 800 -92 ) (-752 800 -92 ) 
4 101 149 (-576 800 -128 ) (-544 800 -128 ) (-544 800 -80 ) (-576 800 -80 ) 
4 101 148 (-736 800 64 ) (-768 800 64 ) (-768 800 -64 ) (-736 800 -64 ) 
4 101 147 (-608 800 64 ) (-736 800 64 ) (-736 800 -68 ) (-608 800 -68 ) 
4 101 146 (-576 800 64 ) (-608 800 64 ) (-608 800 -64 ) (-576 800 -64 ) 
4 101 145 (-544 800 64 ) (-576 800 64 ) (-576 800 -80 ) (-544 800 -80 ) 
4 102 169 (0 0 128 ) (0 0 512 ) (-1024 0 512 ) (-1024 0 128 ) 
4 102 165 (-1024 0 128 ) (-1024 0 512 ) (-1024 800 512 ) (-1024 800 128 ) 
4 102 105 (-64 0 128 ) (-128 0 128 ) (-128 792 128 ) (-64 792 128 ) 
4 102 103 (0 0 128 ) (-64 0 128 ) (-64 800 128 ) (0 800 128 ) 
4 102 106 (-128 0 128 ) (-1024 0 128 ) (-1024 800 128 ) (-128 800 128 ) 
4 103 169 (0 0 112 ) (0 0 128 ) (-64 0 128 ) (-64 0 112 ) 
4 103 109 (0 776 112 ) (0 768 112 ) (-64 768 112 ) (-64 776 112 ) 
4 103 111 (0 768 112 ) (0 0 112 ) (-64 0 112 ) (-64 768 112 ) 
4 103 107 (-64 800 112 ) (0 800 112 ) (0 776 112 ) (-64 776 112 ) 
4 103 104 (-64 800 112 ) (-64 792 112 ) (-64 792 120 ) (-64 800 120 ) 
4 103 105 (-64 792 112 ) (-64 0 112 ) (-64 0 128 ) (-64 792 128 ) 
4 104 107 (-128 800 112 ) (-64 800 112 ) (-64 792 112 ) (-128 792 112 ) 
4 104 105 (-128 792 120 ) (-128 792 112 ) (-64 792 112 ) (-64 792 120 ) 
4 104 106 (-128 800 112 ) (-128 792 112 ) (-128 792 120 ) (-128 800 120 ) 
4 105 169 (-64 0 128 ) (-128 0 128 ) (-128 0 112 ) (-64 0 112 ) 
4 105 109 (-64 776 112 ) (-64 768 112 ) (-128 768 112 ) (-128 776 112 ) 
4 105 111 (-64 768 112 ) (-64 0 112 ) (-128 0 112 ) (-128 768 112 ) 
4 105 107 (-64 792 112 ) (-64 776 112 ) (-128 776 112 ) (-128 792 112 ) 
4 105 106 (-128 792 112 ) (-128 0 112 ) (-128 0 128 ) (-128 792 128 ) 
4 106 169 (-128 0 128 ) (-1024 0 128 ) (-1024 0 112 ) (-128 0 112 ) 
4 106 165 (-1024 0 112 ) (-1024 0 128 ) (-1024 800 128 ) (-1024 800 112 ) 
4 106 110 (-1024 768 112 ) (-1024 776 112 ) (-416 776 112 ) (-416 768 112 ) 
4 106 111 (-1024 0 112 ) (-1024 768 112 ) (-128 768 112 ) (-128 0 112 ) 
4 106 108 (-1024 776 112 ) (-1024 800 112 ) (-136 800 112 ) (-136 776 112 ) 
4 107 112 (-128 800 104 ) (0 800 104 ) (0 776 104 ) (-128 776 104 ) 
4 107 109 (-128 776 104 ) (0 776 104 ) (0 776 112 ) (-128 776 112 ) 
4 108 165 (-1024 776 112 ) (-1024 800 112 ) (-1024 800 104 ) (-1024 776 104 ) 
4 108 114 (-1024 776 104 ) (-1024 800 104 ) (-136 800 104 ) (-136 776 104 ) 
4 108 110 (-1024 776 104 ) (-416 776 104 ) (-416 776 112 ) (-1024 776 112 ) 
4 109 115 (-128 776 104 ) (0 776 104 ) (0 768 104 ) (-128 768 104 ) 
4 109 111 (-128 768 104 ) (0 768 104 ) (0 768 112 ) (-128 768 112 ) 
4 110 165 (-1024 768 112 ) (-1024 776 112 ) (-1024 776 104 ) (-1024 768 104 ) 
4 110 121 (-1024 768 104 ) (-1024 776 104 ) (-416 776 104 ) (-416 768 104 ) 
4 110 111 (-1024 768 104 ) (-416 768 104 ) (-416 768 112 ) (-1024 768 112 ) 
4 111 169 (0 0 104 ) (0 0 112 ) (-1024 0 112 ) (-1024 0 104 ) 
4 111 165 (-1024 0 104 ) (-1024 0 112 ) (-1024 768 112 ) (-1024 768 104 ) 
4 111 122 (0 0 104 ) (-1024 0 104 ) (-1024 768 104 ) (0 768 104 ) 
4 112 123 (-128 800 64 ) (0 800 64 ) (0 776 64 ) (-128 776 64 ) 
4 112 115 (-128 776 64 ) (0 776 64 ) (0 776 104 ) (-128 776 104 ) 
4 112 113 (-128 796 64 ) (-128 780 64 ) (-128 780 104 ) (-128 796 104 ) 
4 113 114 (-136 796 64 ) (-136 780 64 ) (-136 780 104 ) (-136 796 104 ) 
4 114 165 (-1024 776 104 ) (-1024 800 104 ) (-1024 800 64 ) (-1024 776 64 ) 
4 114 159 (-896 800 64 ) (-768 800 64 ) (-768 776 64 ) (-896 776 64 ) 
4 114 161 (-1024 776 64 ) (-1024 800 64 ) (-896 800 64 ) (-896 776 64 ) 
4 114 148 (-768 800 64 ) (-736 800 64 ) (-736 776 64 ) (-768 776 64 ) 
4 114 147 (-736 800 64 ) (-608 800 64 ) (-608 776 64 ) (-736 776 64 ) 
4 114 146 (-608 800 64 ) (-576 800 64 ) (-576 776 64 ) (-608 776 64 ) 
4 114 145 (-576 800 64 ) (-416 800 64 ) (-416 776 64 ) (-576 776 64 ) 
4 114 120 (-412 776 64 ) (-356 776 64 ) (-356 776 104 ) (-412 776 104 ) 
4 114 121 (-1024 776 64 ) (-416 776 64 ) (-416 776 104 ) (-1024 776 104 ) 
4 114 119 (-348 776 64 ) (-292 776 64 ) (-292 776 104 ) (-348 776 104 ) 
4 114 118 (-284 776 64 ) (-228 776 64 ) (-228 776 104 ) (-284 776 104 ) 
4 114 116 (-156 776 64 ) (-140 776 64 ) (-140 776 104 ) (-156 776 104 ) 
4 114 117 (-220 776 64 ) (-164 776 64 ) (-164 776 104 ) (-220 776 104 ) 
4 115 123 (-128 776 64 ) (0 776 64 ) (0 768 64 ) (-128 768 64 ) 
4 115 122 (-128 768 64 ) (0 768 64 ) (0 768 104 ) (-128 768 104 ) 
4 116 122 (-156 768 64 ) (-140 768 64 ) (-140 768 104 ) (-156 768 104 ) 
4 117 122 (-220 768 64 ) (-164 768 64 ) (-164 768 104 ) (-220 768 104 ) 
4 118 122 (-284 768 64 ) (-228 768 64 ) (-228 768 104 ) (-284 768 104 ) 
4 119 122 (-348 768 64 ) (-292 768 64 ) (-292 768 104 ) (-348 768 104 ) 
4 120 122 (-412 768 64 ) (-356 768 64 ) (-356 768 104 ) (-412 768 104 ) 
4 121 165 (-1024 768 104 ) (-1024 776 104 ) (-1024 776 64 ) (-1024 768 64 ) 
4 121 159 (-896 776 64 ) (-768 776 64 ) (-768 768 64 ) (-896 768 64 ) 
4 121 161 (-1024 768 64 ) (-1024 776 64 ) (-896 776 64 ) (-896 768 64 ) 
4 121 148 (-768 776 64 ) (-736 776 64 ) (-736 768 64 ) (-768 768 64 ) 
4 121 147 (-736 776 64 ) (-608 776 64 ) (-608 768 64 ) (-736 768 64 ) 
4 121 146 (-608 776 64 ) (-576 776 64 ) (-576 768 64 ) (-608 768 64 ) 
4 121 145 (-576 776 64 ) (-416 776 64 ) (-416 768 64 ) (-576 768 64 ) 
4 121 122 (-1024 768 64 ) (-416 768 64 ) (-416 768 104 ) (-1024 768 104 ) 
4 122 169 (0 0 64 ) (0 0 104 ) (-1024 0 104 ) (-1024 0 64 ) 
4 122 165 (-1024 0 64 ) (-1024 0 104 ) (-1024 768 104 ) (-1024 768 64 ) 
4 122 159 (-896 768 64 ) (-768 768 64 ) (-768 608 64 ) (-896 608 64 ) 
4 122 160 (-768 608 64 ) (-768 0 64 ) (-896 0 64 ) (-896 608 64 ) 
4 122 161 (-1024 0 64 ) (-1024 768 64 ) (-896 768 64 ) (-896 0 64 ) 
4 122 156 (-768 608 64 ) (-768 672 64 ) (-544 672 64 ) (-544 608 64 ) 
4 122 158 (-544 0 64 ) (-768 0 64 ) (-768 608 64 ) (-544 608 64 ) 
4 122 155 (-416 672 64 ) (-416 0 64 ) (-544 0 64 ) (-544 672 64 ) 
4 122 148 (-768 768 64 ) (-736 768 64 ) (-736 672 64 ) (-768 672 64 ) 
4 122 147 (-736 768 64 ) (-608 768 64 ) (-608 672 64 ) (-736 672 64 ) 
4 122 146 (-608 768 64 ) (-576 768 64 ) (-576 672 64 ) (-608 672 64 ) 
4 122 145 (-576 768 64 ) (-416 768 64 ) (-416 672 64 ) (-576 672 64 ) 
4 122 142 (0 608 64 ) (0 0 64 ) (-64 0 64 ) (-64 608 64 ) 
4 122 144 (-64 0 64 ) (-416 0 64 ) (-416 608 64 ) (-64 608 64 ) 
4 122 137 (0 640 64 ) (0 608 64 ) (-224 608 64 ) (-224 640 64 ) 
4 122 128 (-416 768 64 ) (0 768 64 ) (0 640 64 ) (-416 640 64 ) 
4 123 128 (-128 768 -64 ) (0 768 -64 ) (0 768 64 ) (-128 768 64 ) 
4 124 128 (-224 768 -64 ) (-160 768 -64 ) (-160 768 56 ) (-224 768 56 ) 
4 124 126 (-160 768 -64 ) (-224 768 -64 ) (-224 800 -64 ) (-160 800 -64 ) 
4 125 128 (-384 768 -64 ) (-256 768 -64 ) (-256 768 48 ) (-384 768 48 ) 
4 125 127 (-256 768 -64 ) (-384 768 -64 ) (-384 784 -64 ) (-256 784 -64 ) 
4 126 131 (-224 768 -128 ) (-160 768 -128 ) (-160 768 -80 ) (-224 768 -80 ) 
4 126 129 (-160 768 -80 ) (-160 768 -64 ) (-224 768 -64 ) (-224 768 -80 ) 
4 127 130 (-256 768 -68 ) (-256 768 -64 ) (-384 768 -64 ) (-384 768 -68 ) 
4 128 155 (-416 640 -64 ) (-416 640 64 ) (-416 672 64 ) (-416 672 -64 ) 
4 128 145 (-416 672 64 ) (-416 768 64 ) (-416 768 -64 ) (-416 672 -64 ) 
4 128 139 (-384 640 -64 ) (-256 640 -64 ) (-256 640 48 ) (-384 640 48 ) 
4 128 138 (-224 640 -64 ) (0 640 -64 ) (0 640 48 ) (-224 640 48 ) 
4 128 137 (-224 640 48 ) (0 640 48 ) (0 640 64 ) (-224 640 64 ) 
4 128 130 (-256 640 -64 ) (-384 640 -64 ) (-384 768 -64 ) (-256 768 -64 ) 
4 128 129 (-128 640 -64 ) (-224 640 -64 ) (-224 768 -64 ) (-128 768 -64 ) 
4 129 140 (-224 640 -80 ) (-128 640 -80 ) (-128 640 -64 ) (-224 640 -64 ) 
4 129 131 (-128 640 -80 ) (-224 640 -80 ) (-224 768 -80 ) (-128 768 -80 ) 
4 130 141 (-256 640 -68 ) (-256 640 -64 ) (-384 640 -64 ) (-384 640 -68 ) 
4 131 140 (-224 640 -128 ) (-128 640 -128 ) (-128 640 -80 ) (-224 640 -80 ) 
4 131 132 (-224 656 -80 ) (-224 752 -80 ) (-224 752 -128 ) (-224 656 -128 ) 
4 132 134 (-240 656 -80 ) (-240 752 -80 ) (-240 752 -128 ) (-240 656 -128 ) 
4 133 134 (-400 756 -92 ) (-400 756 -128 ) (-240 756 -128 ) (-240 756 -92 ) 
4 134 136 (-400 656 -80 ) (-400 752 -80 ) (-400 752 -128 ) (-400 656 -128 ) 
4 134 135 (-400 652 -88 ) (-400 652 -128 ) (-240 652 -128 ) (-240 652 -88 ) 
4 136 155 (-416 672 -128 ) (-416 656 -128 ) (-416 656 -80 ) (-416 672 -80 ) 
4 136 149 (-416 752 -128 ) (-416 672 -128 ) (-416 672 -80 ) (-416 752 -80 ) 
4 137 142 (-64 608 48 ) (0 608 48 ) (0 608 64 ) (-64 608 64 ) 
4 137 144 (-224 608 48 ) (-64 608 48 ) (-64 608 64 ) (-224 608 64 ) 
4 137 138 (0 608 48 ) (-224 608 48 ) (-224 640 48 ) (0 640 48 ) 
4 138 143 (-64 608 -64 ) (0 608 -64 ) (0 608 0 ) (-64 608 0 ) 
4 138 142 (0 608 0 ) (0 608 48 ) (-64 608 48 ) (-64 608 0 ) 
4 138 144 (-224 608 -64 ) (-64 608 -64 ) (-64 608 48 ) (-224 608 48 ) 
4 138 140 (-128 608 -64 ) (-224 608 -64 ) (-224 640 -64 ) (-128 640 -64 ) 
4 139 141 (-384 624 -64 ) (-384 640 -64 ) (-256 640 -64 ) (-256 624 -64 ) 
4 140 144 (-224 608 -128 ) (-128 608 -128 ) (-128 608 -64 ) (-224 608 -64 ) 
4 142 169 (0 0 0 ) (0 0 64 ) (-64 0 64 ) (-64 0 0 ) 
4 142 143 (-64 512 0 ) (-64 608 0 ) (0 608 0 ) (0 512 0 ) 
4 142 144 (-64 608 64 ) (-64 608 0 ) (-64 0 0 ) (-64 0 64 ) 
4 143 163 (-64 512 -128 ) (-64 608 -128 ) (0 608 -128 ) (0 512 -128 ) 
4 143 144 (-64 608 0 ) (-64 608 -128 ) (-64 512 -128 ) (-64 512 0 ) 
4 144 169 (-64 0 64 ) (-416 0 64 ) (-416 0 -128 ) (-64 0 -128 ) 
4 144 163 (-64 0 -128 ) (-416 0 -128 ) (-416 608 -128 ) (-64 608 -128 ) 
4 144 155 (-416 608 -128 ) (-416 0 -128 ) (-416 0 64 ) (-416 608 64 ) 
4 145 157 (-576 672 -80 ) (-544 672 -80 ) (-544 672 0 ) (-576 672 0 ) 
4 145 156 (-544 672 0 ) (-544 672 64 ) (-576 672 64 ) (-576 672 0 ) 
4 145 155 (-544 672 -80 ) (-416 672 -80 ) (-416 672 64 ) (-544 672 64 ) 
4 145 149 (-416 672 -80 ) (-576 672 -80 ) (-576 800 -80 ) (-416 800 -80 ) 
4 145 146 (-576 672 -64 ) (-576 672 64 ) (-576 800 64 ) (-576 800 -64 ) 
4 146 156 (-576 672 0 ) (-576 672 64 ) (-608 672 64 ) (-608 672 0 ) 
4 146 147 (-608 672 -64 ) (-608 672 64 ) (-608 800 64 ) (-608 800 -64 ) 
4 147 156 (-608 672 0 ) (-608 672 64 ) (-736 672 64 ) (-736 672 0 ) 
4 147 148 (-736 672 -64 ) (-736 672 64 ) (-736 800 64 ) (-736 800 -64 ) 
4 148 159 (-768 672 -64 ) (-768 672 64 ) (-768 800 64 ) (-768 800 -64 ) 
4 148 156 (-768 672 64 ) (-768 672 0 ) (-736 672 0 ) (-736 672 64 ) 
4 149 157 (-576 672 -128 ) (-544 672 -128 ) (-544 672 -80 ) (-576 672 -80 ) 
4 149 155 (-544 672 -128 ) (-416 672 -128 ) (-416 672 -80 ) (-544 672 -80 ) 
4 149 150 (-576 784 -128 ) (-576 688 -128 ) (-576 688 -80 ) (-576 784 -80 ) 
4 150 152 (-592 784 -128 ) (-592 688 -128 ) (-592 688 -80 ) (-592 784 -80 ) 
4 151 152 (-752 788 -92 ) (-752 788 -128 ) (-592 788 -128 ) (-592 788 -92 ) 
4 152 154 (-752 784 -128 ) (-752 688 -128 ) (-752 688 -80 ) (-752 784 -80 ) 
4 152 153 (-752 684 -88 ) (-752 684 -128 ) (-592 684 -128 ) (-592 684 -88 ) 
4 155 169 (-416 0 64 ) (-544 0 64 ) (-544 0 -128 ) (-416 0 -128 ) 
4 155 163 (-416 0 -128 ) (-544 0 -128 ) (-544 608 -128 ) (-416 608 -128 ) 
4 155 157 (-544 672 0 ) (-544 672 -128 ) (-544 640 -128 ) (-544 640 0 ) 
4 155 156 (-544 672 64 ) (-544 672 0 ) (-544 608 0 ) (-544 608 64 ) 
4 155 158 (-544 608 -128 ) (-544 0 -128 ) (-544 0 64 ) (-544 608 64 ) 
4 156 159 (-768 608 0 ) (-768 608 64 ) (-768 672 64 ) (-768 672 0 ) 
3 156 157 (-576 672 0 ) (-544 672 0 ) (-544 640 0 ) 
4 156 158 (-768 608 64 ) (-768 608 0 ) (-544 608 0 ) (-544 608 64 ) 
4 158 169 (-544 0 64 ) (-768 0 64 ) (-768 0 -128 ) (-544 0 -128 ) 
4 158 163 (-544 0 -128 ) (-768 0 -128 ) (-768 608 -128 ) (-544 608 -128 ) 
4 158 160 (-768 608 -128 ) (-768 0 -128 ) (-768 0 64 ) (-768 608 64 ) 
4 159 160 (-896 608 64 ) (-896 608 -64 ) (-768 608 -64 ) (-768 608 64 ) 
4 159 161 (-896 608 -64 ) (-896 608 64 ) (-896 800 64 ) (-896 800 -64 ) 
4 160 169 (-768 0 64 ) (-896 0 64 ) (-896 0 -128 ) (-768 0 -128 ) 
4 160 163 (-768 0 -128 ) (-896 0 -128 ) (-896 608 -128 ) (-768 608 -128 ) 
4 160 161 (-896 608 -128 ) (-896 0 -128 ) (-896 0 64 ) (-896 608 64 ) 
4 161 169 (-896 0 64 ) (-1024 0 64 ) (-1024 0 -128 ) (-896 0 -128 ) 
4 161 165 (-1024 0 -128 ) (-1024 0 64 ) (-1024 800 64 ) (-1024 800 -128 ) 
4 161 162 (-1024 608 -128 ) (-1024 800 -128 ) (-896 800 -128 ) (-896 608 -128 ) 
4 161 163 (-896 0 -128 ) (-1024 0 -128 ) (-1024 608 -128 ) (-896 608 -128 ) 
4 162 165 (-1024 608 -128 ) (-1024 800 -128 ) (-1024 800 -192 ) (-1024 608 -192 ) 
4 162 164 (-1024 608 -192 ) (-1024 800 -192 ) (-896 800 -192 ) (-896 608 -192 ) 
4 162 163 (-1024 608 -192 ) (-896 608 -192 ) (-896 608 -128 ) (-1024 608 -128 ) 
4 163 169 (0 0 -192 ) (0 0 -128 ) (-1024 0 -128 ) (-1024 0 -192 ) 
4 163 165 (-1024 0 -192 ) (-1024 0 -128 ) (-1024 608 -128 ) (-1024 608 -192 ) 
4 163 164 (-1024 0 -192 ) (-1024 608 -192 ) (0 608 -192 ) (0 0 -192 ) 
4 164 169 (0 0 -768 ) (0 0 -192 ) (-1024 0 -192 ) (-1024 0 -768 ) 
4 164 165 (-1024 0 -768 ) (-1024 0 -192 ) (-1024 800 -192 ) (-1024 800 -768 ) 
4 165 170 (-1024 0 -768 ) (-1024 0 512 ) (-1344 0 512 ) (-1344 0 -768 ) 
4 166 167 (256 -256 0 ) (256 -256 512 ) (256 0 512 ) (256 0 0 ) 
4 166 168 (256 0 -768 ) (256 -256 -768 ) (256 -256 -128 ) (256 0 -128 ) 
4 167 169 (0 0 512 ) (0 0 0 ) (0 -256 0 ) (0 -256 512 ) 
4 168 169 (0 0 -128 ) (0 0 -768 ) (0 -256 -768 ) (0 -256 -128 ) 
4 169 170 (-1024 0 512 ) (-1024 0 -768 ) (-1024 -256 -768 ) (-1024 -256 512 ) 
