PRT1
342
1090
4 0 31 (512 1024 1280 ) (448 1024 1280 ) (448 1024 448 ) (512 1024 448 ) 
4 0 12 (512 1024 448 ) (448 1024 448 ) (448 1344 448 ) (512 1344 448 ) 
4 0 11 (448 1344 448 ) (448 1536 448 ) (512 1536 448 ) (512 1344 448 ) 
4 0 6 (448 1064 448 ) (448 1024 448 ) (448 1024 464 ) (448 1064 464 ) 
4 0 3 (448 1088 1280 ) (448 1120 1280 ) (448 1120 784 ) (448 1088 784 ) 
4 0 4 (448 1120 720 ) (448 1120 464 ) (448 1088 464 ) (448 1088 720 ) 
4 0 5 (448 1024 464 ) (448 1024 1280 ) (448 1088 1280 ) (448 1088 464 ) 
4 0 2 (448 1120 1280 ) (448 1344 1280 ) (448 1344 784 ) (448 1120 784 ) 
4 0 1 (448 1536 448 ) (448 1344 448 ) (448 1344 1280 ) (448 1536 1280 ) 
4 1 11 (192 1344 448 ) (192 1536 448 ) (448 1536 448 ) (448 1344 448 ) 
4 1 7 (192 1536 448 ) (192 1344 448 ) (192 1344 1280 ) (192 1536 1280 ) 
4 1 2 (448 1344 784 ) (448 1344 1280 ) (192 1344 1280 ) (192 1344 784 ) 
4 2 8 (192 1120 1280 ) (192 1344 1280 ) (192 1344 784 ) (192 1120 784 ) 
4 2 3 (448 1120 784 ) (448 1120 1280 ) (192 1120 1280 ) (192 1120 784 ) 
4 3 8 (192 1088 1280 ) (192 1120 1280 ) (192 1120 784 ) (192 1088 784 ) 
4 3 5 (448 1088 784 ) (448 1088 1280 ) (192 1088 1280 ) (192 1088 784 ) 
4 4 5 (192 1088 464 ) (448 1088 464 ) (448 1088 720 ) (192 1088 720 ) 
4 5 53 (256 1024 1280 ) (192 1024 1280 ) (192 1024 464 ) (256 1024 464 ) 
4 5 32 (320 1024 1280 ) (256 1024 1280 ) (256 1024 464 ) (320 1024 464 ) 
4 5 31 (448 1024 1280 ) (320 1024 1280 ) (320 1024 464 ) (448 1024 464 ) 
4 5 9 (192 1024 464 ) (192 1024 1280 ) (192 1088 1280 ) (192 1088 464 ) 
4 5 6 (192 1024 464 ) (192 1064 464 ) (448 1064 464 ) (448 1024 464 ) 
4 6 53 (192 1024 464 ) (192 1024 448 ) (256 1024 448 ) (256 1024 464 ) 
4 6 32 (256 1024 448 ) (320 1024 448 ) (320 1024 464 ) (256 1024 464 ) 
4 6 31 (320 1024 448 ) (448 1024 448 ) (448 1024 464 ) (320 1024 464 ) 
4 6 10 (192 1064 448 ) (192 1024 448 ) (192 1024 464 ) (192 1064 464 ) 
4 7 125 (0 1344 1280 ) (0 1536 1280 ) (0 1536 448 ) (0 1344 448 ) 
4 7 11 (0 1344 448 ) (0 1536 448 ) (192 1536 448 ) (192 1344 448 ) 
4 7 8 (192 1344 784 ) (192 1344 1280 ) (0 1344 1280 ) (0 1344 784 ) 
4 8 127 (0 1344 1104 ) (0 1344 784 ) (0 1088 784 ) (0 1088 1104 ) 
4 8 126 (0 1088 1280 ) (0 1344 1280 ) (0 1344 1104 ) (0 1088 1104 ) 
4 8 9 (192 1088 784 ) (192 1088 1280 ) (0 1088 1280 ) (0 1088 784 ) 
4 9 131 (0 1024 464 ) (0 1024 784 ) (0 1088 784 ) (0 1088 464 ) 
4 9 127 (0 1024 784 ) (0 1024 1104 ) (0 1088 1104 ) (0 1088 784 ) 
4 9 126 (0 1024 1104 ) (0 1024 1280 ) (0 1088 1280 ) (0 1088 1104 ) 
4 9 53 (0 1024 1280 ) (0 1024 464 ) (192 1024 464 ) (192 1024 1280 ) 
4 9 10 (192 1072 464 ) (192 1024 464 ) (0 1024 464 ) (0 1072 464 ) 
4 10 138 (0 1024 448 ) (0 1024 464 ) (0 1072 464 ) (0 1072 448 ) 
4 10 53 (0 1024 464 ) (0 1024 448 ) (192 1024 448 ) (192 1024 464 ) 
4 11 142 (0 1344 448 ) (0 1472 448 ) (0 1472 -64 ) (0 1344 -64 ) 
4 11 140 (0 1472 448 ) (0 1536 448 ) (0 1536 -64 ) (0 1472 -64 ) 
4 11 28 (0 1344 -64 ) (0 1408 -64 ) (256 1408 -64 ) (256 1344 -64 ) 
4 11 24 (0 1408 -64 ) (0 1536 -64 ) (256 1536 -64 ) (256 1408 -64 ) 
4 11 21 (384 1472 -64 ) (384 1344 -64 ) (256 1344 -64 ) (256 1472 -64 ) 
4 11 20 (256 1536 -64 ) (384 1536 -64 ) (384 1472 -64 ) (256 1472 -64 ) 
4 11 17 (384 1536 -64 ) (512 1536 -64 ) (512 1344 -64 ) (384 1344 -64 ) 
4 11 16 (0 1344 -64 ) (256 1344 -64 ) (256 1344 64 ) (0 1344 64 ) 
4 11 15 (256 1344 -64 ) (320 1344 -64 ) (320 1344 64 ) (256 1344 64 ) 
4 11 14 (320 1344 -64 ) (448 1344 -64 ) (448 1344 64 ) (320 1344 64 ) 
4 11 12 (448 1344 -64 ) (512 1344 -64 ) (512 1344 448 ) (448 1344 448 ) 
4 12 31 (512 1024 448 ) (448 1024 448 ) (448 1024 -64 ) (512 1024 -64 ) 
4 12 17 (448 1344 -64 ) (512 1344 -64 ) (512 1248 -64 ) (448 1248 -64 ) 
4 12 19 (512 1248 -64 ) (512 1024 -64 ) (448 1024 -64 ) (448 1248 -64 ) 
4 12 14 (448 1344 64 ) (448 1344 -64 ) (448 1024 -64 ) (448 1024 64 ) 
4 13 149 (0 1024 336 ) (0 1024 432 ) (0 1072 432 ) (0 1072 336 ) 
4 13 53 (0 1024 432 ) (0 1024 336 ) (192 1024 336 ) (192 1024 432 ) 
4 14 31 (320 1024 -64 ) (448 1024 -64 ) (448 1024 64 ) (320 1024 64 ) 
4 14 21 (320 1344 -64 ) (384 1344 -64 ) (384 1280 -64 ) (320 1280 -64 ) 
4 14 23 (384 1280 -64 ) (384 1024 -64 ) (320 1024 -64 ) (320 1280 -64 ) 
4 14 17 (384 1344 -64 ) (448 1344 -64 ) (448 1248 -64 ) (384 1248 -64 ) 
4 14 19 (448 1248 -64 ) (448 1024 -64 ) (384 1024 -64 ) (384 1248 -64 ) 
4 14 15 (320 1088 64 ) (320 1344 64 ) (320 1344 -64 ) (320 1088 -64 ) 
4 15 21 (256 1344 -64 ) (320 1344 -64 ) (320 1280 -64 ) (256 1280 -64 ) 
4 15 23 (320 1280 -64 ) (320 1088 -64 ) (256 1088 -64 ) (256 1280 -64 ) 
4 15 16 (256 1088 64 ) (256 1344 64 ) (256 1344 -64 ) (256 1088 -64 ) 
4 16 152 (0 1088 64 ) (0 1344 64 ) (0 1344 -64 ) (0 1088 -64 ) 
4 16 29 (0 1088 -64 ) (0 1344 -64 ) (256 1344 -64 ) (256 1088 -64 ) 
4 17 21 (384 1280 -64 ) (384 1472 -64 ) (384 1472 -384 ) (384 1280 -384 ) 
4 17 23 (384 1248 -384 ) (384 1248 -64 ) (384 1280 -64 ) (384 1280 -384 ) 
4 17 20 (384 1472 -64 ) (384 1536 -64 ) (384 1536 -384 ) (384 1472 -384 ) 
4 17 19 (384 1248 -64 ) (384 1248 -384 ) (512 1248 -384 ) (512 1248 -64 ) 
4 18 22 (384 1472 -768 ) (384 1280 -768 ) (384 1280 -512 ) (384 1472 -512 ) 
4 18 23 (384 1280 -768 ) (384 1248 -768 ) (384 1248 -512 ) (384 1280 -512 ) 
4 18 20 (384 1536 -768 ) (384 1472 -768 ) (384 1472 -512 ) (384 1536 -512 ) 
4 18 19 (384 1248 -512 ) (384 1248 -768 ) (512 1248 -768 ) (512 1248 -512 ) 
4 19 31 (512 1024 -64 ) (384 1024 -64 ) (384 1024 -768 ) (512 1024 -768 ) 
4 19 23 (384 1248 -768 ) (384 1024 -768 ) (384 1024 -64 ) (384 1248 -64 ) 
4 20 24 (256 1472 -64 ) (256 1536 -64 ) (256 1536 -768 ) (256 1472 -768 ) 
4 20 21 (256 1472 -64 ) (256 1472 -384 ) (384 1472 -384 ) (384 1472 -64 ) 
4 20 22 (256 1472 -512 ) (256 1472 -768 ) (384 1472 -768 ) (384 1472 -512 ) 
4 21 29 (256 1280 -64 ) (256 1344 -64 ) (256 1344 -384 ) (256 1280 -384 ) 
4 21 28 (256 1344 -64 ) (256 1408 -64 ) (256 1408 -192 ) (256 1344 -192 ) 
4 21 25 (256 1408 -320 ) (256 1408 -384 ) (256 1344 -384 ) (256 1344 -320 ) 
4 21 24 (256 1408 -64 ) (256 1472 -64 ) (256 1472 -384 ) (256 1408 -384 ) 
4 21 23 (256 1280 -64 ) (256 1280 -384 ) (384 1280 -384 ) (384 1280 -64 ) 
4 22 29 (256 1344 -768 ) (256 1280 -768 ) (256 1280 -512 ) (256 1344 -512 ) 
4 22 26 (256 1408 -768 ) (256 1344 -768 ) (256 1344 -512 ) (256 1408 -512 ) 
4 22 24 (256 1472 -512 ) (256 1472 -768 ) (256 1408 -768 ) (256 1408 -512 ) 
4 22 23 (256 1280 -512 ) (256 1280 -768 ) (384 1280 -768 ) (384 1280 -512 ) 
4 23 36 (256 1024 -128 ) (256 1024 -768 ) (320 1024 -768 ) (320 1024 -128 ) 
4 23 35 (320 1024 -64 ) (256 1024 -64 ) (256 1024 -128 ) (320 1024 -128 ) 
4 23 31 (384 1024 -64 ) (320 1024 -64 ) (320 1024 -768 ) (384 1024 -768 ) 
4 23 30 (256 1024 -768 ) (256 1024 -192 ) (256 1088 -192 ) (256 1088 -768 ) 
4 23 29 (256 1088 -64 ) (256 1280 -64 ) (256 1280 -768 ) (256 1088 -768 ) 
4 24 161 (0 1536 -448 ) (0 1536 -768 ) (0 1408 -768 ) (0 1408 -448 ) 
4 24 142 (0 1408 -64 ) (0 1472 -64 ) (0 1472 -320 ) (0 1408 -320 ) 
4 24 140 (0 1472 -64 ) (0 1536 -64 ) (0 1536 -448 ) (0 1472 -448 ) 
4 24 28 (256 1408 -192 ) (256 1408 -64 ) (0 1408 -64 ) (0 1408 -128 ) 
3 24 27 (0 1408 -224 ) (0 1408 -256 ) (42.667496 1408 -266.667175 ) 
4 24 26 (0 1408 -768 ) (256 1408 -768 ) (256 1408 -512 ) (0 1408 -448 ) 
4 24 25 (256 1408 -384 ) (256 1408 -320 ) (0 1408 -256 ) (0 1408 -320 ) 
4 25 142 (0 1408 -256 ) (0 1408 -320 ) (0 1344 -320 ) (0 1344 -256 ) 
4 25 29 (256 1344 -384 ) (256 1344 -320 ) (0 1344 -256 ) (0 1344 -320 ) 
4 25 27 (42.668411 1408 -266.668121 ) (0 1408 -256.001068 ) (0 1344 -255.998535 ) (42.665020 1344 -266.664703 ) 
4 26 161 (0 1408 -448 ) (0 1408 -768 ) (0 1344 -768 ) (0 1344 -448 ) 
4 26 29 (0 1344 -768 ) (256 1344 -768 ) (256 1344 -512 ) (0 1344 -448 ) 
4 27 142 (0 1408 -224 ) (0 1408 -256 ) (0 1344 -256 ) (0 1344 -224 ) 
3 27 29 (0 1344 -224 ) (0 1344 -256 ) (42.667496 1344 -266.667175 ) 
4 28 142 (0 1344 -64 ) (0 1408 -64 ) (0 1408 -128 ) (0 1344 -128 ) 
4 28 29 (256 1344 -192 ) (256 1344 -64 ) (0 1344 -64 ) (0 1344 -128 ) 
4 29 161 (0 1344 -448 ) (0 1344 -768 ) (0 1088 -768 ) (0 1088 -448 ) 
4 29 159 (0 1280 -448 ) (0 1088 -448 ) (0 1088 -320 ) (0 1280 -320 ) 
4 29 152 (0 1088 -64 ) (0 1344 -64 ) (0 1344 -320 ) (0 1088 -320 ) 
4 29 30 (0 1088 -768 ) (256 1088 -768 ) (256 1088 -192 ) (0 1088 -192 ) 
4 30 161 (0 1024 -768 ) (0 1024 -448 ) (0 1088 -448 ) (0 1088 -768 ) 
4 30 159 (0 1024 -448 ) (0 1024 -320 ) (0 1088 -320 ) (0 1088 -448 ) 
4 30 153 (0 1024 -320 ) (0 1024 -192 ) (0 1088 -192 ) (0 1088 -320 ) 
4 30 117 (256 1024 -768 ) (256 1024 -192 ) (0 1024 -192 ) (0 1024 -768 ) 
4 31 44 (320 704 -192 ) (320 704 -768 ) (384 704 -768 ) (384 704 -192 ) 
4 31 43 (384 704 -768 ) (512 704 -768 ) (512 704 -64 ) (384 704 -64 ) 
4 31 38 (416 704 1280 ) (320 704 1280 ) (320 704 -64 ) (416 704 -64 ) 
4 31 37 (512 704 1280 ) (416 704 1280 ) (416 704 -64 ) (512 704 -64 ) 
4 31 36 (320 704 -768 ) (320 704 -128 ) (320 1024 -128 ) (320 1024 -768 ) 
4 31 35 (320 896 -64 ) (320 1024 -64 ) (320 1024 -128 ) (320 896 -128 ) 
4 31 32 (320 704 64 ) (320 704 1280 ) (320 1024 1280 ) (320 1024 64 ) 
3 32 91 (256 780 64 ) (256 768 64 ) (256 768 76 ) 
4 32 92 (256 704 64 ) (256 704 96 ) (256 768 96 ) (256 768 64 ) 
4 32 76 (256 704 96 ) (256 704 192 ) (256 768 192 ) (256 768 96 ) 
4 32 69 (256 804 128 ) (256 772 128 ) (256 772 160 ) (256 804 160 ) 
4 32 73 (256 772 128 ) (256 768 128 ) (256 768 160 ) (256 772 160 ) 
4 32 57 (256 704 192 ) (256 704 224 ) (256 768 224 ) (256 768 192 ) 
3 32 54 (256 768 224 ) (256 780 224 ) (256 768 212 ) 
4 32 53 (256 704 224 ) (256 704 1280 ) (256 1024 1280 ) (256 1024 224 ) 
4 32 41 (256 704 1280 ) (256 704 192 ) (272 704 192 ) (272 704 1280 ) 
4 32 40 (288 704 192 ) (288 704 1280 ) (272 704 1280 ) (272 704 192 ) 
4 32 38 (288 704 64 ) (320 704 64 ) (320 704 1280 ) (288 704 1280 ) 
4 33 97 (256 840 -16 ) (256 888 -16 ) (256 888 -64 ) (256 840 -64 ) 
4 34 97 (256 712 -16 ) (256 760 -16 ) (256 760 -64 ) (256 712 -64 ) 
4 35 36 (320 1024 -128 ) (320 896 -128 ) (256 896 -128 ) (256 1024 -128 ) 
4 36 117 (256 704 -768 ) (256 704 -192 ) (256 1024 -192 ) (256 1024 -768 ) 
4 36 44 (256 704 -192 ) (256 704 -768 ) (320 704 -768 ) (320 704 -192 ) 
4 37 45 (416 512 -64 ) (512 512 -64 ) (512 512 1280 ) (416 512 1280 ) 
4 37 43 (512 512 -64 ) (416 512 -64 ) (416 704 -64 ) (512 704 -64 ) 
4 37 39 (416 512 192 ) (416 512 1280 ) (416 640 1280 ) (416 640 192 ) 
4 37 38 (416 704 -64 ) (416 640 -64 ) (416 640 1280 ) (416 704 1280 ) 
4 38 43 (384 704 -64 ) (416 704 -64 ) (416 640 -64 ) (384 640 -64 ) 
4 38 40 (288 704 1280 ) (288 704 192 ) (288 640 192 ) (288 640 1280 ) 
4 38 39 (416 640 192 ) (416 640 1280 ) (288 640 1280 ) (288 640 192 ) 
4 39 46 (392 512 1280 ) (288 512 1280 ) (288 512 192 ) (392 512 192 ) 
4 39 45 (416 512 192 ) (416 512 1280 ) (392 512 1280 ) (392 512 192 ) 
4 39 40 (288 512 192 ) (288 512 1280 ) (288 640 1280 ) (288 640 192 ) 
4 40 46 (288 512 192 ) (288 512 1280 ) (272 512 1280 ) (272 512 192 ) 
4 40 41 (272 704 1280 ) (272 704 192 ) (272 512 192 ) (272 512 1280 ) 
4 41 57 (256 512 192 ) (256 512 224 ) (256 704 224 ) (256 704 192 ) 
4 41 53 (256 512 224 ) (256 512 1280 ) (256 704 1280 ) (256 704 224 ) 
4 41 46 (256 512 1280 ) (256 512 192 ) (272 512 192 ) (272 512 1280 ) 
4 42 97 (256 544 64 ) (256 672 64 ) (256 672 -64 ) (256 544 -64 ) 
4 43 52 (384 512 -768 ) (392 512 -768 ) (392 512 -128 ) (384 512 -128 ) 
4 43 51 (392 512 -128 ) (392 512 -64 ) (384 512 -64 ) (384 512 -128 ) 
4 43 45 (392 512 -768 ) (512 512 -768 ) (512 512 -64 ) (392 512 -64 ) 
4 43 44 (384 704 -768 ) (384 512 -768 ) (384 512 -192 ) (384 704 -192 ) 
4 44 120 (256 512 -768 ) (256 512 -256 ) (256 704 -256 ) (256 704 -768 ) 
4 44 52 (256 512 -192 ) (256 512 -768 ) (384 512 -768 ) (384 512 -192 ) 
4 45 336 (512 0 1280 ) (392 0 1280 ) (392 0 -768 ) (512 0 -768 ) 
4 45 52 (392 512 -128 ) (392 512 -768 ) (392 0 -768 ) (392 0 -128 ) 
4 45 51 (392 512 0 ) (392 512 -128 ) (392 0 -128 ) (392 0 0 ) 
4 45 46 (392 512 1280 ) (392 512 192 ) (392 0 192 ) (392 0 1280 ) 
4 46 336 (392 0 192 ) (392 0 1280 ) (256 0 1280 ) (256 0 192 ) 
4 46 57 (256 0 192 ) (256 0 224 ) (256 512 224 ) (256 512 192 ) 
4 46 53 (256 0 224 ) (256 0 1280 ) (256 512 1280 ) (256 512 224 ) 
4 46 50 (256 0 192 ) (256 128.039001 192 ) (296 128.039001 192 ) (296 0 192 ) 
4 46 48 (256 255.988007 192 ) (256 383.988007 192 ) (296 383.988007 192 ) (296 255.988007 192 ) 
4 46 49 (256 128.039001 192 ) (256 255.988007 192 ) (296 255.988007 192 ) (296 128.039001 192 ) 
4 46 47 (256 383.988007 192 ) (256 512 192 ) (296 512 192 ) (296 383.988007 192 ) 
4 47 114 (256 512 96 ) (256 512 0 ) (256 383.988007 0 ) (256 383.988007 96 ) 
4 47 77 (256 383.988007 192 ) (256 512 192 ) (256 512 96 ) (256 383.988007 96 ) 
5 47 48 (256 383.988007 0 ) (264 383.988007 0 ) (296 383.988007 128 ) (296 383.988007 192 ) (256 383.988007 192 ) 
4 48 114 (256 383.988007 96 ) (256 383.988007 0 ) (256 255.988007 0 ) (256 255.988007 96 ) 
4 48 77 (256 255.988007 192 ) (256 383.988007 192 ) (256 383.988007 96 ) (256 255.988007 96 ) 
5 48 49 (256 255.988007 0 ) (264 255.988007 0 ) (296 255.988007 128 ) (296 255.988007 192 ) (256 255.988007 192 ) 
4 49 114 (256 255.988007 96 ) (256 255.988007 0 ) (256 128.039001 0 ) (256 128.039001 96 ) 
4 49 77 (256 128.039001 192 ) (256 255.988007 192 ) (256 255.988007 96 ) (256 128.039001 96 ) 
5 49 50 (256 128.039001 0 ) (264 128.039001 0 ) (296 128.039001 128 ) (296 128.039001 192 ) (256 128.039001 192 ) 
5 50 336 (296 0 192 ) (256 0 192 ) (256 0 0 ) (264 0 0 ) (296 0 128 ) 
4 50 114 (256 0 0 ) (256 0 96 ) (256 128.039001 96 ) (256 128.039001 0 ) 
4 50 77 (256 0 96 ) (256 0 192 ) (256 128.039001 192 ) (256 128.039001 96 ) 
4 51 336 (392 0 -128 ) (392 0 0 ) (320 0 0 ) (320 0 -128 ) 
4 51 52 (320 512 -128 ) (392 512 -128 ) (392 0 -128 ) (320 0 -128 ) 
4 52 336 (392 0 -768 ) (392 0 -128 ) (256 0 -128 ) (256 0 -768 ) 
4 52 124 (256 0 -768 ) (256 0 -256 ) (256 512 -256 ) (256 512 -768 ) 
4 53 337 (256 0 224 ) (256 0 1280 ) (0 0 1280 ) (0 0 224 ) 
4 53 223 (0 0 224 ) (0 0 1280 ) (0 800 1280 ) (0 800 224 ) 
4 53 180 (0 800 1280 ) (0 896 1280 ) (0 896 224 ) (0 800 224 ) 
4 53 177 (0 896 1280 ) (0 1024 1280 ) (0 1024 224 ) (0 896 224 ) 
4 53 63 (0 660 224 ) (0 672 224 ) (32 672 224 ) (32 660 224 ) 
4 53 64 (0 0 224 ) (0 384 224 ) (32 384 224 ) (32 0 224 ) 
4 53 62 (0 672 224 ) (0 768 224 ) (32 768 224 ) (32 672 224 ) 
4 53 61 (128 384 224 ) (128 0 224 ) (32 0 224 ) (32 384 224 ) 
4 53 60 (128 592 224 ) (128 560 224 ) (104 560 224 ) (104 592 224 ) 
4 53 59 (32 768 224 ) (104 768 224 ) (104 640 224 ) (32 640 224 ) 
4 53 58 (104 768 224 ) (128 768 224 ) (128 608 224 ) (104 608 224 ) 
4 53 57 (128 768 224 ) (256 768 224 ) (256 0 224 ) (128 0 224 ) 
4 53 55 (144 800 224 ) (224 800 224 ) (224 780 224 ) (144 780 224 ) 
4 53 56 (32 800 224 ) (112 800 224 ) (112 780 224 ) (32 780 224 ) 
4 53 54 (0 768 224 ) (0 780 224 ) (256 780 224 ) (256 768 224 ) 
3 54 224 (0 768 224 ) (0 780 224 ) (0 768 212 ) 
4 54 62 (32 768 224 ) (0 768 224 ) (0 768 212 ) (32 768 212 ) 
4 54 59 (104 768 224 ) (32 768 224 ) (32 768 212 ) (104 768 212 ) 
4 54 58 (128 768 224 ) (104 768 224 ) (104 768 212 ) (128 768 212 ) 
4 54 57 (256 768 212 ) (256 768 224 ) (128 768 224 ) (128 768 212 ) 
4 54 55 (224 768 212 ) (144 768 212 ) (144 780 224 ) (224 780 224 ) 
4 54 56 (112 768 212 ) (32 768 212 ) (32 780 224 ) (112 780 224 ) 
4 55 65 (224 768 192 ) (144 768 192 ) (144 800 192 ) (224 800 192 ) 
4 55 57 (144 768 192 ) (224 768 192 ) (224 768 212 ) (144 768 212 ) 
4 56 66 (112 768 192 ) (32 768 192 ) (32 800 192 ) (112 800 192 ) 
4 56 59 (32 768 192 ) (104 768 192 ) (104 768 212 ) (32 768 212 ) 
4 56 58 (104 768 192 ) (112 768 192 ) (112 768 212 ) (104 768 212 ) 
4 57 337 (256 0 192 ) (256 0 224 ) (128 0 224 ) (128 0 192 ) 
4 57 76 (256 768 192 ) (256 704 192 ) (224 704 192 ) (224 768 192 ) 
4 57 77 (256 512 192 ) (256 0 192 ) (224 0 192 ) (224 512 192 ) 
4 57 78 (224 0 192 ) (128 0 192 ) (128 768 192 ) (224 768 192 ) 
4 57 61 (128 384 192 ) (128 0 192 ) (128 0 224 ) (128 384 224 ) 
4 57 60 (128 592 192 ) (128 560 192 ) (128 560 224 ) (128 592 224 ) 
4 57 58 (128 768 224 ) (128 768 192 ) (128 608 192 ) (128 608 224 ) 
4 58 79 (104 768 192 ) (128 768 192 ) (128 704 192 ) (104 704 192 ) 
4 58 80 (128 640 192 ) (128 608 192 ) (104 608 192 ) (104 640 192 ) 
4 58 59 (104 768 224 ) (104 768 192 ) (104 640 192 ) (104 640 224 ) 
4 59 84 (32 640 192 ) (32 768 192 ) (96 768 192 ) (96 640 192 ) 
4 59 79 (96 768 192 ) (104 768 192 ) (104 704 192 ) (96 704 192 ) 
3 59 63 (32 660 224 ) (32 672 224 ) (32 672 212 ) 
4 59 62 (32 768 224 ) (32 768 192 ) (32 672 192 ) (32 672 224 ) 
4 60 81 (104 592 192 ) (128 592 192 ) (128 560 192 ) (104 560 192 ) 
4 61 337 (128 0 224 ) (32 0 224 ) (32 0 192 ) (128 0 192 ) 
4 61 89 (96 0 192 ) (32 0 192 ) (32 384 192 ) (96 384 192 ) 
4 61 83 (128 0 192 ) (96 0 192 ) (96 384 192 ) (128 384 192 ) 
4 61 64 (32 384 192 ) (32 0 192 ) (32 0 224 ) (32 384 224 ) 
4 62 226 (0 768 208 ) (0 768 192 ) (0 672 192 ) (0 672 208 ) 
4 62 224 (0 672 224 ) (0 768 224 ) (0 768 208 ) (0 672 208 ) 
4 62 85 (0 672 192 ) (0 768 192 ) (32 768 192 ) (32 672 192 ) 
4 62 63 (32 672 212 ) (32 672 224 ) (0 672 224 ) (0 672 212 ) 
3 63 224 (0 660 224 ) (0 672 224 ) (0 672 212 ) 
4 64 337 (32 0 224 ) (0 0 224 ) (0 0 192 ) (32 0 192 ) 
4 64 233 (0 0 192 ) (0 0 208 ) (0 384 208 ) (0 384 192 ) 
4 64 225 (0 0 208 ) (0 0 224 ) (0 384 224 ) (0 384 208 ) 
4 64 90 (32 0 192 ) (0 0 192 ) (0 384 192 ) (32 384 192 ) 
4 65 78 (224 768 192 ) (144 768 192 ) (144 768 160 ) (224 768 160 ) 
4 65 70 (144 772 160 ) (144 800 160 ) (224 800 160 ) (224 772 160 ) 
4 65 73 (224 768 160 ) (144 768 160 ) (144 772 160 ) (224 772 160 ) 
4 66 84 (96 768 192 ) (32 768 192 ) (32 768 160 ) (96 768 160 ) 
4 66 79 (112 768 192 ) (96 768 192 ) (96 768 160 ) (112 768 160 ) 
4 66 71 (32 772 160 ) (32 800 160 ) (112 800 160 ) (112 772 160 ) 
4 66 73 (112 768 160 ) (32 768 160 ) (32 772 160 ) (112 772 160 ) 
4 67 70 (148 804 128 ) (220 804 128 ) (220 804 160 ) (148 804 160 ) 
4 68 71 (36 804 128 ) (108 804 128 ) (108 804 160 ) (36 804 160 ) 
4 69 73 (252 772 128 ) (256 772 128 ) (256 772 160 ) (252 772 160 ) 
4 70 74 (224 772 128 ) (144 772 128 ) (144 800 128 ) (224 800 128 ) 
4 70 73 (140 772 128 ) (228 772 128 ) (228 772 160 ) (140 772 160 ) 
4 71 75 (112 772 128 ) (32 772 128 ) (32 800 128 ) (112 800 128 ) 
4 71 73 (28 772 128 ) (116 772 128 ) (116 772 160 ) (28 772 160 ) 
4 72 226 (0 800 128 ) (0 772 128 ) (0 772 160 ) (0 800 160 ) 
4 72 184 (0 804 128 ) (0 800 128 ) (0 800 160 ) (0 804 160 ) 
4 72 73 (0 772 128 ) (4 772 128 ) (4 772 160 ) (0 772 160 ) 
4 73 226 (0 772 128 ) (0 768 128 ) (0 768 160 ) (0 772 160 ) 
4 73 86 (32 768 160 ) (4 768 160 ) (4 768 128 ) (32 768 128 ) 
4 73 87 (4 768 160 ) (0 768 160 ) (0 768 128 ) (4 768 128 ) 
4 73 84 (96 768 160 ) (32 768 160 ) (32 768 128 ) (96 768 128 ) 
4 73 79 (128 768 160 ) (96 768 160 ) (96 768 128 ) (128 768 128 ) 
4 73 76 (256 768 128 ) (256 768 160 ) (224 768 160 ) (224 768 128 ) 
4 73 78 (224 768 160 ) (128 768 160 ) (128 768 128 ) (224 768 128 ) 
4 73 74 (224 768 128 ) (144 768 128 ) (144 772 128 ) (224 772 128 ) 
4 73 75 (112 768 128 ) (32 768 128 ) (32 772 128 ) (112 772 128 ) 
4 74 93 (144 800 96 ) (224 800 96 ) (224 768 96 ) (144 768 96 ) 
4 74 78 (144 768 96 ) (224 768 96 ) (224 768 128 ) (144 768 128 ) 
4 75 106 (32 800 96 ) (96 800 96 ) (96 768 96 ) (32 768 96 ) 
4 75 104 (96 800 96 ) (112 800 96 ) (112 768 96 ) (96 768 96 ) 
4 75 84 (32 768 96 ) (96 768 96 ) (96 768 128 ) (32 768 128 ) 
4 75 79 (96 768 96 ) (112 768 96 ) (112 768 128 ) (96 768 128 ) 
4 76 92 (224 768 96 ) (256 768 96 ) (256 704 96 ) (224 704 96 ) 
4 76 78 (224 768 192 ) (224 768 96 ) (224 704 96 ) (224 704 192 ) 
4 77 337 (256 0 96 ) (256 0 192 ) (224 0 192 ) (224 0 96 ) 
4 77 114 (256 512 96 ) (256 0 96 ) (224 0 96 ) (224 512 96 ) 
4 77 78 (224 512 96 ) (224 0 96 ) (224 0 192 ) (224 512 192 ) 
4 78 337 (224 0 192 ) (128 0 192 ) (128 0 96 ) (224 0 96 ) 
4 78 114 (224 512 96 ) (224 0 96 ) (128 0 96 ) (128 512 96 ) 
4 78 95 (128 768 96 ) (144 768 96 ) (144 512 96 ) (128 512 96 ) 
4 78 93 (144 768 96 ) (224 768 96 ) (224 512 96 ) (144 512 96 ) 
4 78 83 (128 384 96 ) (128 0 96 ) (128 0 192 ) (128 384 192 ) 
4 78 82 (128 480 96 ) (128 416 96 ) (128 416 192 ) (128 480 192 ) 
4 78 81 (128 592 96 ) (128 560 96 ) (128 560 192 ) (128 592 192 ) 
4 78 79 (128 768 192 ) (128 768 96 ) (128 704 96 ) (128 704 192 ) 
4 78 80 (128 640 96 ) (128 608 96 ) (128 608 192 ) (128 640 192 ) 
4 79 104 (96 768 96 ) (112 768 96 ) (112 704 96 ) (96 704 96 ) 
4 79 96 (112 768 96 ) (128 768 96 ) (128 704 96 ) (112 704 96 ) 
4 79 84 (96 768 192 ) (96 768 96 ) (96 704 96 ) (96 704 192 ) 
4 83 337 (128 0 192 ) (96 0 192 ) (96 0 96 ) (128 0 96 ) 
4 83 115 (128 384 96 ) (128 0 96 ) (96 0 96 ) (96 384 96 ) 
4 83 89 (96 384 96 ) (96 0 96 ) (96 0 192 ) (96 384 192 ) 
4 84 106 (32 768 96 ) (96 768 96 ) (96 640 96 ) (32 640 96 ) 
4 84 88 (32 768 128 ) (32 768 96 ) (32 672 96 ) (32 672 128 ) 
4 84 86 (32 768 160 ) (32 768 128 ) (32 668 128 ) (32 668 160 ) 
4 84 85 (32 768 192 ) (32 768 160 ) (32 672 160 ) (32 672 192 ) 
4 85 226 (0 672 192 ) (0 768 192 ) (0 768 160 ) (0 672 160 ) 
4 85 86 (4 768 160 ) (32 768 160 ) (32 672 160 ) (4 672 160 ) 
4 85 87 (0 768 160 ) (4 768 160 ) (4 672 160 ) (0 672 160 ) 
4 86 88 (4 768 128 ) (32 768 128 ) (32 672 128 ) (4 672 128 ) 
4 86 87 (4 768 128 ) (4 668 128 ) (4 668 160 ) (4 768 160 ) 
4 87 226 (0 768 160 ) (0 768 128 ) (0 640 128 ) (0 640 160 ) 
4 87 88 (0 768 128 ) (4 768 128 ) (4 672 128 ) (0 672 128 ) 
4 88 226 (0 768 128 ) (0 768 96 ) (0 672 96 ) (0 672 128 ) 
4 88 108 (0 672 96 ) (0 768 96 ) (32 768 96 ) (32 672 96 ) 
4 89 337 (96 0 192 ) (32 0 192 ) (32 0 96 ) (96 0 96 ) 
4 89 115 (96 384 96 ) (96 0 96 ) (32 0 96 ) (32 384 96 ) 
4 89 90 (32 384 96 ) (32 0 96 ) (32 0 192 ) (32 384 192 ) 
4 90 337 (32 0 192 ) (0 0 192 ) (0 0 96 ) (32 0 96 ) 
4 90 233 (0 0 96 ) (0 0 192 ) (0 384 192 ) (0 384 96 ) 
4 90 115 (0 0 96 ) (0 384 96 ) (32 384 96 ) (32 0 96 ) 
4 91 97 (224 768 64 ) (224 780 64 ) (256 780 64 ) (256 768 64 ) 
3 91 93 (224 780 64 ) (224 768 64 ) (224 768 76 ) 
4 91 92 (224 768 76 ) (224 768 64 ) (256 768 64 ) (256 768 76 ) 
4 92 114 (256 512 64 ) (256 512 96 ) (224 512 96 ) (224 512 64 ) 
4 92 97 (256 512 64 ) (224 512 64 ) (224 768 64 ) (256 768 64 ) 
4 92 93 (224 768 64 ) (224 512 64 ) (224 512 96 ) (224 768 96 ) 
4 93 114 (224 512 96 ) (144 512 96 ) (144 512 64 ) (224 512 64 ) 
4 93 97 (224 512 64 ) (144 512 64 ) (144 912 64 ) (224 912 64 ) 
4 93 95 (144 768 64 ) (144 512 64 ) (144 512 96 ) (144 768 96 ) 
3 93 94 (144 780 64 ) (144 768 64 ) (144 768 76 ) 
3 94 104 (112 780 64 ) (112 768 64 ) (112 768 76 ) 
4 94 101 (112 768 64 ) (112 780 64 ) (128 780 64 ) (128 768 64 ) 
4 94 99 (128 780 64 ) (144 780 64 ) (144 768 64 ) (128 768 64 ) 
4 94 96 (112 768 76 ) (112 768 64 ) (128 768 64 ) (128 768 76 ) 
4 94 95 (128 768 64 ) (144 768 64 ) (144 768 76 ) (128 768 76 ) 
4 95 114 (144 512 96 ) (128 512 96 ) (128 512 64 ) (144 512 64 ) 
4 95 99 (144 512 64 ) (128 512 64 ) (128 768 64 ) (144 768 64 ) 
4 95 96 (128 768 96 ) (128 768 64 ) (128 704 64 ) (128 704 96 ) 
4 96 104 (112 704 96 ) (112 768 96 ) (112 768 64 ) (112 704 64 ) 
4 96 101 (112 704 64 ) (112 768 64 ) (128 768 64 ) (128 704 64 ) 
4 97 118 (256 704 -64 ) (256 512 -64 ) (192 512 -64 ) (192 704 -64 ) 
4 97 119 (192 512 -64 ) (144 512 -64 ) (144 704 -64 ) (192 704 -64 ) 
4 97 116 (144 512 -64 ) (256 512 -64 ) (256 512 0 ) (144 512 0 ) 
4 97 114 (256 512 0 ) (256 512 64 ) (144 512 64 ) (144 512 0 ) 
4 97 98 (144 1024 -64 ) (144 912 -64 ) (144 912 64 ) (144 1024 64 ) 
4 97 99 (144 880 -64 ) (144 512 -64 ) (144 512 64 ) (144 880 64 ) 
4 98 100 (128 1024 -64 ) (128 912 -64 ) (128 912 64 ) (128 1024 64 ) 
4 99 119 (144 512 -64 ) (128 512 -64 ) (128 704 -64 ) (144 704 -64 ) 
4 99 116 (128 512 -64 ) (144 512 -64 ) (144 512 0 ) (128 512 0 ) 
4 99 114 (144 512 0 ) (144 512 64 ) (128 512 64 ) (128 512 0 ) 
4 99 102 (128 672 -64 ) (128 544 -64 ) (128 544 64 ) (128 672 64 ) 
4 99 101 (128 880 -64 ) (128 704 -64 ) (128 704 64 ) (128 880 64 ) 
4 100 103 (112 1024 -64 ) (112 912 -64 ) (112 912 64 ) (112 1024 64 ) 
4 101 104 (112 880 -64 ) (112 704 -64 ) (112 704 64 ) (112 880 64 ) 
4 103 105 (96 1024 -64 ) (96 912 -64 ) (96 912 64 ) (96 1024 64 ) 
4 103 104 (96 912 64 ) (96 912 -64 ) (112 912 -64 ) (112 912 64 ) 
4 104 106 (96 912 -64 ) (96 704 -64 ) (96 704 96 ) (96 912 96 ) 
4 105 110 (32 1024 -64 ) (32 912 -64 ) (32 912 64 ) (32 1024 64 ) 
4 105 106 (32 912 64 ) (32 912 -64 ) (96 912 -64 ) (96 912 64 ) 
3 106 109 (32 672 76 ) (32 672 64 ) (32 660 64 ) 
4 106 108 (32 672 96 ) (32 768 96 ) (32 768 64 ) (32 672 64 ) 
3 106 107 (32 780 64 ) (32 768 64 ) (32 768 76 ) 
4 106 110 (32 912 -64 ) (32 640 -64 ) (32 640 64 ) (32 912 64 ) 
3 107 234 (0 780 64 ) (0 768 64 ) (0 768 76 ) 
4 107 108 (0 768 64 ) (32 768 64 ) (32 768 76 ) (0 768 76 ) 
4 107 110 (0 768 64 ) (0 780 64 ) (32 780 64 ) (32 768 64 ) 
4 108 234 (0 768 88 ) (0 768 64 ) (0 672 64 ) (0 672 88 ) 
4 108 226 (0 672 96 ) (0 768 96 ) (0 768 88 ) (0 672 88 ) 
4 108 109 (0 672 64 ) (32 672 64 ) (32 672 76 ) (0 672 76 ) 
4 108 110 (0 672 64 ) (0 768 64 ) (32 768 64 ) (32 672 64 ) 
3 109 234 (0 672 76 ) (0 672 64 ) (0 660 64 ) 
4 109 110 (0 660 64 ) (0 672 64 ) (32 672 64 ) (32 660 64 ) 
4 110 267 (0 800 -64 ) (0 640 -64 ) (0 640 48 ) (0 800 48 ) 
4 110 260 (0 640 48 ) (0 640 64 ) (0 672 64 ) (0 672 48 ) 
4 110 257 (0 672 64 ) (0 768 64 ) (0 768 48 ) (0 672 48 ) 
4 110 254 (0 768 64 ) (0 800 64 ) (0 800 48 ) (0 768 48 ) 
4 110 111 (4 640 -64 ) (28 640 -64 ) (28 640 64 ) (4 640 64 ) 
4 111 112 (4 636 32 ) (4 636 0 ) (28 636 0 ) (28 636 32 ) 
4 111 113 (4 636 -8 ) (4 636 -40 ) (28 636 -40 ) (28 636 -8 ) 
4 114 337 (256 0 0 ) (256 0 96 ) (128 0 96 ) (128 0 0 ) 
4 114 116 (128 512 0 ) (256 512 0 ) (256 0 0 ) (128 0 0 ) 
4 114 115 (128 384 0 ) (128 0 0 ) (128 0 96 ) (128 384 96 ) 
4 115 337 (128 0 96 ) (0 0 96 ) (0 0 0 ) (128 0 0 ) 
4 115 273 (0 0 0 ) (0 0 48 ) (0 384 48 ) (0 384 0 ) 
4 115 262 (0 0 48 ) (0 0 64 ) (0 384 64 ) (0 384 48 ) 
4 115 236 (0 0 64 ) (0 0 88 ) (0 384 88 ) (0 384 64 ) 
4 115 233 (0 0 88 ) (0 0 96 ) (0 384 96 ) (0 384 88 ) 
4 115 116 (128 384 0 ) (128 0 0 ) (0 0 0 ) (0 384 0 ) 
5 116 123 (256 512 -64 ) (256 0 -64 ) (0 0 -64 ) (0 384 -64 ) (128 512 -64 ) 
4 117 334 (0 704 -768 ) (0 704 -192 ) (0 800 -192 ) (0 800 -768 ) 
4 117 219 (0 800 -192 ) (0 1024 -192 ) (0 1024 -768 ) (0 800 -768 ) 
4 117 122 (128 704 -192 ) (0 704 -192 ) (0 704 -768 ) (128 704 -768 ) 
4 117 120 (256 704 -768 ) (256 704 -256 ) (128 704 -256 ) (128 704 -768 ) 
4 118 123 (256 512 -128 ) (256 512 -64 ) (192 512 -64 ) (192 512 -128 ) 
3 118 119 (192 704 -64 ) (192 512 -128 ) (192 512 -64 ) 
4 119 123 (192 512 -64 ) (128 512 -64 ) (128 512 -128 ) (192 512 -128 ) 
4 119 121 (128 576 -128 ) (128 512 -128 ) (128 512 -80 ) (128 576 -80 ) 
4 120 124 (256 512 -768 ) (256 512 -256 ) (128 512 -256 ) (128 512 -768 ) 
4 120 122 (128 704 -256 ) (128 704 -768 ) (128 512 -768 ) (128 512 -256 ) 
4 122 334 (0 512 -768 ) (0 512 -192 ) (0 704 -192 ) (0 704 -768 ) 
4 122 124 (128 512 -768 ) (128 512 -256 ) (0 512 -256 ) (0 512 -768 ) 
4 124 338 (256 0 -768 ) (256 0 -256 ) (0 0 -256 ) (0 0 -768 ) 
4 124 334 (0 0 -768 ) (0 0 -256 ) (0 512 -256 ) (0 512 -768 ) 
4 125 167 (-1024 1536 448 ) (-1024 1344 448 ) (-1024 1344 1280 ) (-1024 1536 1280 ) 
4 125 143 (-1024 1344 448 ) (-1024 1472 448 ) (-192 1472 448 ) (-192 1344 448 ) 
4 125 142 (-192 1472 448 ) (0 1472 448 ) (0 1344 448 ) (-192 1344 448 ) 
4 125 141 (-1024 1472 448 ) (-1024 1536 448 ) (-960 1536 448 ) (-960 1472 448 ) 
4 125 140 (-960 1536 448 ) (0 1536 448 ) (0 1472 448 ) (-960 1472 448 ) 
4 125 139 (-1024 1344 464 ) (-1024 1344 448 ) (-288 1344 448 ) (-288 1344 464 ) 
4 125 133 (-1024 1344 784 ) (-1024 1344 464 ) (-608 1344 464 ) (-608 1344 784 ) 
4 125 132 (-256 1344 784 ) (-288 1344 784 ) (-288 1344 560 ) (-256 1344 560 ) 
4 125 127 (-352 1344 784 ) (0 1344 784 ) (0 1344 1104 ) (-352 1344 1104 ) 
4 125 129 (-1024 1344 1104 ) (-1024 1344 784 ) (-544 1344 784 ) (-544 1344 1104 ) 
4 125 126 (-1024 1344 1280 ) (-1024 1344 1104 ) (0 1344 1104 ) (0 1344 1280 ) 
4 126 195 (-256 1024 1280 ) (-1024 1024 1280 ) (-1024 1024 1104 ) (-256 1024 1104 ) 
4 126 193 (-224 1024 1280 ) (-256 1024 1280 ) (-256 1024 1104 ) (-224 1024 1104 ) 
4 126 190 (-160 1024 1280 ) (-224 1024 1280 ) (-224 1024 1104 ) (-160 1024 1104 ) 
4 126 187 (-64 1024 1280 ) (-160 1024 1280 ) (-160 1024 1104 ) (-64 1024 1104 ) 
4 126 177 (0 1024 1104 ) (0 1024 1280 ) (-64 1024 1280 ) (-64 1024 1104 ) 
4 126 173 (-1024 1056 1280 ) (-1024 1280 1280 ) (-1024 1280 1104 ) (-1024 1056 1104 ) 
4 126 175 (-1024 1024 1104 ) (-1024 1024 1280 ) (-1024 1056 1280 ) (-1024 1056 1104 ) 
4 126 167 (-1024 1280 1280 ) (-1024 1344 1280 ) (-1024 1344 1104 ) (-1024 1280 1104 ) 
4 126 128 (-352 1024 1104 ) (-544 1024 1104 ) (-544 1248 1104 ) (-352 1248 1104 ) 
4 126 127 (0 1024 1104 ) (-352 1024 1104 ) (-352 1344 1104 ) (0 1344 1104 ) 
4 126 129 (-544 1024 1104 ) (-1024 1024 1104 ) (-1024 1344 1104 ) (-544 1344 1104 ) 
4 127 195 (-256 1024 1104 ) (-352 1024 1104 ) (-352 1024 784 ) (-256 1024 784 ) 
4 127 193 (-224 1024 1104 ) (-256 1024 1104 ) (-256 1024 784 ) (-224 1024 784 ) 
4 127 190 (-160 1024 1104 ) (-224 1024 1104 ) (-224 1024 784 ) (-160 1024 784 ) 
4 127 187 (-64 1024 1104 ) (-160 1024 1104 ) (-160 1024 784 ) (-64 1024 784 ) 
4 127 177 (0 1024 784 ) (0 1024 1104 ) (-64 1024 1104 ) (-64 1024 784 ) 
4 127 134 (-288 1184 784 ) (-288 1056 784 ) (-352 1056 784 ) (-352 1184 784 ) 
4 127 135 (-288 1056 784 ) (-288 1024 784 ) (-352 1024 784 ) (-352 1056 784 ) 
5 127 132 (-288 1344 784 ) (-256 1344 784 ) (-128 1173.333374 784 ) (-128 1024 784 ) (-288 1024 784 ) 
3 127 130 (-64 1088 784 ) (-128 1088 784 ) (-128 1173.333252 784 ) 
4 127 131 (0 1088 784 ) (0 1024 784 ) (-128 1024 784 ) (-128 1088 784 ) 
4 127 128 (-352 1248 784 ) (-352 1024 784 ) (-352 1024 1104 ) (-352 1248 1104 ) 
4 128 195 (-352 1024 1104 ) (-544 1024 1104 ) (-544 1024 784 ) (-352 1024 784 ) 
4 128 134 (-352 1184 784 ) (-352 1056 784 ) (-544 1056 784 ) (-544 1184 784 ) 
4 128 135 (-352 1056 784 ) (-352 1024 784 ) (-544 1024 784 ) (-544 1056 784 ) 
4 128 129 (-544 1248 784 ) (-544 1024 784 ) (-544 1024 1104 ) (-544 1248 1104 ) 
4 129 195 (-544 1024 1104 ) (-1024 1024 1104 ) (-1024 1024 784 ) (-544 1024 784 ) 
4 129 173 (-1024 1056 1104 ) (-1024 1280 1104 ) (-1024 1280 784 ) (-1024 1056 784 ) 
4 129 175 (-1024 1024 784 ) (-1024 1024 1104 ) (-1024 1056 1104 ) (-1024 1056 784 ) 
4 129 167 (-1024 1280 1104 ) (-1024 1344 1104 ) (-1024 1344 784 ) (-1024 1280 784 ) 
4 129 134 (-608 1184 784 ) (-544 1184 784 ) (-544 1056 784 ) (-608 1056 784 ) 
4 129 135 (-544 1056 784 ) (-544 1024 784 ) (-608 1024 784 ) (-608 1056 784 ) 
4 129 136 (-1024 1024 784 ) (-1024 1184 784 ) (-608 1184 784 ) (-608 1024 784 ) 
4 129 133 (-1024 1184 784 ) (-1024 1344 784 ) (-608 1344 784 ) (-608 1184 784 ) 
3 130 137 (-128 1088 464 ) (-128 1155.692139 464 ) (-76.235382 1088 464 ) 
4 130 132 (-128 1088 560 ) (-128 1088 784 ) (-128 1173.333252 784 ) (-128 1173.333252 560 ) 
4 130 131 (-128 1088 784 ) (-128 1088 464 ) (-64 1088 464 ) (-64 1088 784 ) 
4 131 187 (-64 1024 784 ) (-128 1024 784 ) (-128 1024 464 ) (-64 1024 464 ) 
4 131 177 (0 1024 464 ) (0 1024 784 ) (-64 1024 784 ) (-64 1024 464 ) 
4 131 137 (-128 1072 464 ) (-128 1088 464 ) (-76.235382 1088 464 ) (-64 1072 464 ) 
4 131 138 (0 1024 464 ) (-128 1024 464 ) (-128 1072 464 ) (0 1072 464 ) 
4 131 132 (-128 1024 560 ) (-128 1024 784 ) (-128 1088 784 ) (-128 1088 560 ) 
4 132 195 (-256 1024 784 ) (-288 1024 784 ) (-288 1024 560 ) (-256 1024 560 ) 
4 132 193 (-224 1024 784 ) (-256 1024 784 ) (-256 1024 560 ) (-224 1024 560 ) 
4 132 190 (-160 1024 784 ) (-224 1024 784 ) (-224 1024 560 ) (-160 1024 560 ) 
4 132 187 (-128 1024 784 ) (-160 1024 784 ) (-160 1024 560 ) (-128 1024 560 ) 
4 132 134 (-288 1056 784 ) (-288 1184 784 ) (-288 1184 624 ) (-288 1056 624 ) 
4 132 135 (-288 1024 560 ) (-288 1024 784 ) (-288 1056 784 ) (-288 1056 560 ) 
4 133 173 (-1024 1184 784 ) (-1024 1280 784 ) (-1024 1280 464 ) (-1024 1184 464 ) 
4 133 167 (-1024 1280 784 ) (-1024 1344 784 ) (-1024 1344 464 ) (-1024 1280 464 ) 
4 133 139 (-1024 1184 464 ) (-1024 1344 464 ) (-608 1344 464 ) (-608 1184 464 ) 
4 133 136 (-1024 1184 464 ) (-608 1184 464 ) (-608 1184 784 ) (-1024 1184 784 ) 
4 134 135 (-608 1056 784 ) (-608 1056 624 ) (-288 1056 624 ) (-288 1056 784 ) 
4 134 136 (-608 1184 784 ) (-608 1184 624 ) (-608 1056 624 ) (-608 1056 784 ) 
4 135 195 (-288 1024 784 ) (-608 1024 784 ) (-608 1024 464 ) (-288 1024 464 ) 
4 135 139 (-288 1024 464 ) (-608 1024 464 ) (-608 1056 464 ) (-288 1056 464 ) 
4 135 136 (-608 1056 464 ) (-608 1024 464 ) (-608 1024 784 ) (-608 1056 784 ) 
4 136 195 (-608 1024 784 ) (-1024 1024 784 ) (-1024 1024 464 ) (-608 1024 464 ) 
4 136 173 (-1024 1056 784 ) (-1024 1184 784 ) (-1024 1184 464 ) (-1024 1056 464 ) 
4 136 175 (-1024 1024 464 ) (-1024 1024 784 ) (-1024 1056 784 ) (-1024 1056 464 ) 
4 136 139 (-608 1024 464 ) (-1024 1024 464 ) (-1024 1184 464 ) (-608 1184 464 ) 
4 137 138 (-128 1072 464 ) (-128 1072 448 ) (-64 1072 448 ) (-64 1072 464 ) 
4 138 187 (-64 1024 464 ) (-128 1024 464 ) (-128 1024 448 ) (-64 1024 448 ) 
4 138 177 (0 1024 448 ) (0 1024 464 ) (-64 1024 464 ) (-64 1024 448 ) 
4 139 195 (-288 1024 464 ) (-1024 1024 464 ) (-1024 1024 448 ) (-288 1024 448 ) 
4 139 173 (-1024 1280 448 ) (-1024 1056 448 ) (-1024 1056 464 ) (-1024 1280 464 ) 
4 139 175 (-1024 1056 448 ) (-1024 1024 448 ) (-1024 1024 464 ) (-1024 1056 464 ) 
4 139 167 (-1024 1344 448 ) (-1024 1280 448 ) (-1024 1280 464 ) (-1024 1344 464 ) 
4 139 150 (-576 1024 448 ) (-1024 1024 448 ) (-1024 1344 448 ) (-576 1344 448 ) 
4 140 162 (-960 1536 -448 ) (-128 1536 -448 ) (-128 1472 -448 ) (-960 1472 -448 ) 
4 140 161 (-128 1536 -448 ) (0 1536 -448 ) (0 1472 -448 ) (-128 1472 -448 ) 
4 140 147 (-896 1472 -336 ) (-960 1472 -336 ) (-960 1472 -368 ) (-896 1472 -368 ) 
4 140 144 (-192 1472 -368 ) (-192 1472 -336 ) (-320 1472 -336 ) (-320 1472 -368 ) 
4 140 145 (-448 1472 -336 ) (-704 1472 -336 ) (-704 1472 -368 ) (-448 1472 -368 ) 
4 140 143 (-192 1472 -336 ) (-192 1472 448 ) (-960 1472 448 ) (-960 1472 -336 ) 
4 140 148 (-960 1472 -448 ) (-192 1472 -448 ) (-192 1472 -368 ) (-960 1472 -368 ) 
4 140 142 (0 1472 -320 ) (0 1472 448 ) (-192 1472 448 ) (-192 1472 -320 ) 
4 140 141 (-960 1536 448 ) (-960 1536 -416 ) (-960 1472 -416 ) (-960 1472 448 ) 
4 141 170 (-1024 1472 -416 ) (-1024 1472 -368 ) (-1024 1536 -368 ) (-1024 1536 -416 ) 
4 141 168 (-1024 1472 -368 ) (-1024 1472 -336 ) (-1024 1536 -336 ) (-1024 1536 -368 ) 
4 141 167 (-1024 1472 -336 ) (-1024 1472 448 ) (-1024 1536 448 ) (-1024 1536 -336 ) 
4 141 147 (-960 1472 -368 ) (-960 1472 -336 ) (-1024 1472 -336 ) (-1024 1472 -368 ) 
4 141 143 (-960 1472 -336 ) (-960 1472 448 ) (-1024 1472 448 ) (-1024 1472 -336 ) 
4 141 148 (-960 1472 -416 ) (-960 1472 -368 ) (-1024 1472 -368 ) (-1024 1472 -416 ) 
4 142 152 (0 1344 -320 ) (0 1344 64 ) (-64 1344 64 ) (-64 1344 -320 ) 
4 142 154 (-64 1344 64 ) (-192 1344 64 ) (-192 1344 -320 ) (-64 1344 -320 ) 
4 142 143 (-192 1472 448 ) (-192 1472 -320 ) (-192 1344 -320 ) (-192 1344 448 ) 
4 143 167 (-1024 1344 -336 ) (-1024 1344 448 ) (-1024 1472 448 ) (-1024 1472 -336 ) 
4 143 155 (-192 1344 -336 ) (-192 1344 -320 ) (-1024 1344 -320 ) (-1024 1344 -336 ) 
4 143 154 (-192 1344 -320 ) (-192 1344 64 ) (-1024 1344 64 ) (-1024 1344 -320 ) 
4 143 151 (-640 1344 336 ) (-1024 1344 336 ) (-1024 1344 64 ) (-640 1344 64 ) 
4 143 150 (-576 1344 448 ) (-1024 1344 448 ) (-1024 1344 336 ) (-576 1344 336 ) 
4 143 146 (-704 1408 -336 ) (-704 1344 -336 ) (-896 1344 -336 ) (-896 1408 -336 ) 
4 143 147 (-1024 1472 -336 ) (-896 1472 -336 ) (-896 1344 -336 ) (-1024 1344 -336 ) 
4 143 144 (-320 1472 -336 ) (-192 1472 -336 ) (-192 1344 -336 ) (-320 1344 -336 ) 
4 143 145 (-704 1472 -336 ) (-448 1472 -336 ) (-448 1344 -336 ) (-704 1344 -336 ) 
4 144 156 (-192 1344 -368 ) (-192 1344 -336 ) (-320 1344 -336 ) (-320 1344 -368 ) 
4 144 148 (-320 1472 -368 ) (-192 1472 -368 ) (-192 1344 -368 ) (-320 1344 -368 ) 
4 145 156 (-448 1344 -336 ) (-576 1344 -336 ) (-576 1344 -368 ) (-448 1344 -368 ) 
4 145 146 (-704 1408 -368 ) (-704 1344 -368 ) (-704 1344 -336 ) (-704 1408 -336 ) 
4 145 148 (-704 1472 -368 ) (-448 1472 -368 ) (-448 1344 -368 ) (-704 1344 -368 ) 
4 146 157 (-768 1344 -336 ) (-896 1344 -336 ) (-896 1344 -368 ) (-768 1344 -368 ) 
4 146 147 (-896 1408 -368 ) (-896 1344 -368 ) (-896 1344 -336 ) (-896 1408 -336 ) 
4 146 148 (-704 1408 -368 ) (-704 1344 -368 ) (-896 1344 -368 ) (-896 1408 -368 ) 
4 147 169 (-1024 1344 -368 ) (-1024 1344 -336 ) (-1024 1440 -336 ) (-1024 1440 -368 ) 
4 147 168 (-1024 1440 -336 ) (-1024 1472 -336 ) (-1024 1472 -368 ) (-1024 1440 -368 ) 
4 147 157 (-896 1344 -336 ) (-960 1344 -336 ) (-960 1344 -368 ) (-896 1344 -368 ) 
4 147 148 (-1024 1472 -368 ) (-896 1472 -368 ) (-896 1344 -368 ) (-1024 1344 -368 ) 
4 148 170 (-1024 1472 -448 ) (-1024 1344 -448 ) (-1024 1344 -368 ) (-1024 1472 -368 ) 
4 148 158 (-1024 1344 -448 ) (-192 1344 -448 ) (-192 1344 -368 ) (-1024 1344 -368 ) 
4 149 177 (0 1024 336 ) (0 1024 432 ) (-64 1024 432 ) (-64 1024 336 ) 
4 150 196 (-1024 1024 352 ) (-1024 1024 336 ) (-576 1024 336 ) (-576 1024 352 ) 
4 150 195 (-576 1024 448 ) (-1024 1024 448 ) (-1024 1024 352 ) (-576 1024 352 ) 
4 150 173 (-1024 1056 448 ) (-1024 1280 448 ) (-1024 1280 336 ) (-1024 1056 336 ) 
4 150 175 (-1024 1024 336 ) (-1024 1024 448 ) (-1024 1056 448 ) (-1024 1056 336 ) 
4 150 167 (-1024 1280 448 ) (-1024 1344 448 ) (-1024 1344 336 ) (-1024 1280 336 ) 
4 150 151 (-1024 1024 336 ) (-1024 1344 336 ) (-640 1344 336 ) (-640 1024 336 ) 
4 151 197 (-1024 1024 320 ) (-1024 1024 64 ) (-640 1024 64 ) (-640 1024 320 ) 
4 151 196 (-640 1024 336 ) (-1024 1024 336 ) (-1024 1024 320 ) (-640 1024 320 ) 
4 151 173 (-1024 1056 336 ) (-1024 1280 336 ) (-1024 1280 64 ) (-1024 1056 64 ) 
4 151 175 (-1024 1024 64 ) (-1024 1024 336 ) (-1024 1056 336 ) (-1024 1056 64 ) 
4 151 167 (-1024 1280 336 ) (-1024 1344 336 ) (-1024 1344 64 ) (-1024 1280 64 ) 
4 151 154 (-1024 1024 64 ) (-1024 1344 64 ) (-640 1344 64 ) (-640 1024 64 ) 
4 152 159 (-64 1088 -320 ) (-64 1280 -320 ) (0 1280 -320 ) (0 1088 -320 ) 
4 152 153 (-64 1088 -64 ) (-64 1088 -320 ) (0 1088 -320 ) (0 1088 -64 ) 
4 152 154 (-64 1344 -320 ) (-64 1088 -320 ) (-64 1088 64 ) (-64 1344 64 ) 
4 153 219 (0 1024 -320 ) (0 1024 -128 ) (-64 1024 -128 ) (-64 1024 -320 ) 
4 153 209 (0 1024 -128 ) (0 1024 -64 ) (-64 1024 -64 ) (-64 1024 -128 ) 
4 153 159 (0 1024 -320 ) (-64 1024 -320 ) (-64 1088 -320 ) (0 1088 -320 ) 
4 153 154 (-64 1088 -320 ) (-64 1024 -320 ) (-64 1024 -64 ) (-64 1088 -64 ) 
4 154 220 (-576 1024 -320 ) (-416 1024 -320 ) (-416 1024 -128 ) (-576 1024 -128 ) 
4 154 219 (-416 1024 -320 ) (-64 1024 -320 ) (-64 1024 -128 ) (-416 1024 -128 ) 
4 154 222 (-1024 1024 -128 ) (-1024 1024 -320 ) (-576 1024 -320 ) (-576 1024 -128 ) 
4 154 210 (-256 1024 64 ) (-1024 1024 64 ) (-1024 1024 -128 ) (-256 1024 -128 ) 
4 154 173 (-1024 1056 64 ) (-1024 1280 64 ) (-1024 1280 -320 ) (-1024 1056 -320 ) 
4 154 175 (-1024 1024 -320 ) (-1024 1024 64 ) (-1024 1056 64 ) (-1024 1056 -320 ) 
4 154 167 (-1024 1280 64 ) (-1024 1344 64 ) (-1024 1344 -320 ) (-1024 1280 -320 ) 
4 154 160 (-960 1024 -320 ) (-1024 1024 -320 ) (-1024 1056 -320 ) (-960 1056 -320 ) 
4 154 159 (-64 1024 -320 ) (-960 1024 -320 ) (-960 1280 -320 ) (-64 1280 -320 ) 
4 154 155 (-1024 1280 -320 ) (-1024 1344 -320 ) (-192 1344 -320 ) (-192 1280 -320 ) 
4 155 167 (-1024 1280 -336 ) (-1024 1280 -320 ) (-1024 1344 -320 ) (-1024 1344 -336 ) 
4 155 159 (-192 1280 -336 ) (-192 1280 -320 ) (-960 1280 -320 ) (-960 1280 -336 ) 
4 155 156 (-576 1344 -336 ) (-192 1344 -336 ) (-192 1280 -336 ) (-576 1280 -336 ) 
4 155 157 (-960 1344 -336 ) (-768 1344 -336 ) (-768 1280 -336 ) (-960 1280 -336 ) 
4 156 159 (-192 1280 -368 ) (-192 1280 -336 ) (-576 1280 -336 ) (-576 1280 -368 ) 
4 156 158 (-576 1344 -368 ) (-192 1344 -368 ) (-192 1280 -368 ) (-576 1280 -368 ) 
4 157 159 (-768 1280 -336 ) (-960 1280 -336 ) (-960 1280 -368 ) (-768 1280 -368 ) 
4 157 158 (-960 1344 -368 ) (-768 1344 -368 ) (-768 1280 -368 ) (-960 1280 -368 ) 
4 158 170 (-1024 1344 -448 ) (-1024 1280 -448 ) (-1024 1280 -368 ) (-1024 1344 -368 ) 
4 158 159 (-960 1280 -448 ) (-192 1280 -448 ) (-192 1280 -368 ) (-960 1280 -368 ) 
4 159 220 (-416 1024 -320 ) (-576 1024 -320 ) (-576 1024 -448 ) (-416 1024 -448 ) 
4 159 219 (0 1024 -448 ) (0 1024 -320 ) (-416 1024 -320 ) (-416 1024 -448 ) 
4 159 222 (-576 1024 -320 ) (-960 1024 -320 ) (-960 1024 -448 ) (-576 1024 -448 ) 
4 159 164 (-960 1280 -448 ) (-128 1280 -448 ) (-128 1024 -448 ) (-960 1024 -448 ) 
4 159 161 (-128 1280 -448 ) (0 1280 -448 ) (0 1024 -448 ) (-128 1024 -448 ) 
4 159 160 (-960 1056 -448 ) (-960 1024 -448 ) (-960 1024 -320 ) (-960 1056 -320 ) 
4 160 222 (-960 1024 -320 ) (-1024 1024 -320 ) (-1024 1024 -448 ) (-960 1024 -448 ) 
4 160 175 (-1024 1056 -448 ) (-1024 1024 -448 ) (-1024 1024 -320 ) (-1024 1056 -320 ) 
4 160 166 (-1024 1024 -448 ) (-1024 1056 -448 ) (-960 1056 -448 ) (-960 1024 -448 ) 
4 161 219 (0 1024 -768 ) (0 1024 -448 ) (-128 1024 -448 ) (-128 1024 -768 ) 
4 161 163 (-128 1472 -768 ) (-128 1280 -768 ) (-128 1280 -512 ) (-128 1472 -512 ) 
4 161 162 (-128 1536 -448 ) (-128 1536 -768 ) (-128 1472 -768 ) (-128 1472 -448 ) 
4 161 164 (-128 1280 -768 ) (-128 1024 -768 ) (-128 1024 -448 ) (-128 1280 -448 ) 
4 162 165 (-960 1536 -512 ) (-960 1536 -768 ) (-960 1472 -768 ) (-960 1472 -512 ) 
4 162 163 (-960 1472 -512 ) (-960 1472 -768 ) (-128 1472 -768 ) (-128 1472 -512 ) 
4 163 165 (-960 1472 -768 ) (-960 1280 -768 ) (-960 1280 -512 ) (-960 1472 -512 ) 
4 163 164 (-960 1280 -512 ) (-960 1280 -768 ) (-128 1280 -768 ) (-128 1280 -512 ) 
4 164 220 (-416 1024 -448 ) (-576 1024 -448 ) (-576 1024 -768 ) (-416 1024 -768 ) 
4 164 219 (-128 1024 -448 ) (-416 1024 -448 ) (-416 1024 -768 ) (-128 1024 -768 ) 
4 164 222 (-576 1024 -448 ) (-960 1024 -448 ) (-960 1024 -768 ) (-576 1024 -768 ) 
4 164 166 (-960 1280 -768 ) (-960 1024 -768 ) (-960 1024 -448 ) (-960 1280 -448 ) 
4 165 171 (-1024 1536 -768 ) (-1024 1280 -768 ) (-1024 1280 -512 ) (-1024 1536 -512 ) 
4 165 166 (-1024 1280 -768 ) (-960 1280 -768 ) (-960 1280 -512 ) (-1024 1280 -512 ) 
4 166 222 (-960 1024 -448 ) (-1024 1024 -448 ) (-1024 1024 -768 ) (-960 1024 -768 ) 
4 166 174 (-1024 1280 -768 ) (-1024 1056 -768 ) (-1024 1056 -448 ) (-1024 1280 -448 ) 
4 166 175 (-1024 1056 -768 ) (-1024 1024 -768 ) (-1024 1024 -448 ) (-1024 1056 -448 ) 
4 167 173 (-1024 1280 -320 ) (-1024 1280 1280 ) (-1152 1280 1280 ) (-1152 1280 -320 ) 
4 167 172 (-1152 1536 1280 ) (-1152 1536 -336 ) (-1152 1280 -336 ) (-1152 1280 1280 ) 
4 167 169 (-1152 1344 -336 ) (-1152 1440 -336 ) (-1024 1440 -336 ) (-1024 1344 -336 ) 
4 167 168 (-1088 1536 -336 ) (-1024 1536 -336 ) (-1024 1440 -336 ) (-1088 1440 -336 ) 
4 168 170 (-1088 1536 -368 ) (-1024 1536 -368 ) (-1024 1440 -368 ) (-1088 1440 -368 ) 
4 168 169 (-1088 1440 -368 ) (-1024 1440 -368 ) (-1024 1440 -336 ) (-1088 1440 -336 ) 
4 169 172 (-1152 1440 -368 ) (-1152 1344 -368 ) (-1152 1344 -336 ) (-1152 1440 -336 ) 
4 169 170 (-1152 1344 -368 ) (-1152 1440 -368 ) (-1024 1440 -368 ) (-1024 1344 -368 ) 
4 170 172 (-1152 1536 -368 ) (-1152 1536 -448 ) (-1152 1280 -448 ) (-1152 1280 -368 ) 
4 171 174 (-1152 1280 -768 ) (-1024 1280 -768 ) (-1024 1280 -512 ) (-1152 1280 -512 ) 
4 171 172 (-1152 1536 -512 ) (-1152 1536 -768 ) (-1152 1280 -768 ) (-1152 1280 -512 ) 
4 172 173 (-1152 1280 -320 ) (-1152 1280 1280 ) (-1344 1280 1280 ) (-1344 1280 -320 ) 
4 172 174 (-1344 1280 -768 ) (-1152 1280 -768 ) (-1152 1280 -448 ) (-1344 1280 -448 ) 
4 172 176 (-1536 1280 -768 ) (-1344 1280 -768 ) (-1344 1280 1280 ) (-1536 1280 1280 ) 
4 173 176 (-1344 1280 1280 ) (-1344 1280 -320 ) (-1344 1056 -320 ) (-1344 1056 1280 ) 
4 173 175 (-1344 1056 1280 ) (-1344 1056 -320 ) (-1024 1056 -320 ) (-1024 1056 1280 ) 
4 174 175 (-1344 1056 -448 ) (-1344 1056 -768 ) (-1024 1056 -768 ) (-1024 1056 -448 ) 
4 174 176 (-1344 1280 -448 ) (-1344 1280 -768 ) (-1344 1056 -768 ) (-1344 1056 -448 ) 
4 175 335 (-1344 1024 -768 ) (-1024 1024 -768 ) (-1024 1024 1280 ) (-1344 1024 1280 ) 
4 175 176 (-1344 1056 -768 ) (-1344 1024 -768 ) (-1344 1024 1280 ) (-1344 1056 1280 ) 
4 176 335 (-1536 1024 -768 ) (-1344 1024 -768 ) (-1344 1024 1280 ) (-1536 1024 1280 ) 
4 177 188 (-64 896 224 ) (-64 896 1280 ) (-64 992 1280 ) (-64 992 224 ) 
4 177 187 (-64 992 1280 ) (-64 1024 1280 ) (-64 1024 224 ) (-64 992 224 ) 
4 177 180 (-64 896 1280 ) (-64 896 224 ) (0 896 224 ) (0 896 1280 ) 
4 177 179 (-32 896 224 ) (-64 896 224 ) (-64 1016 224 ) (-32 1016 224 ) 
4 177 178 (-64 1016 224 ) (-64 1024 224 ) (0 1024 224 ) (0 1016 224 ) 
3 178 179 (-32 1016 224 ) (-64 1016 224 ) (-64 1016 192 ) 
4 179 188 (-64 896 192 ) (-64 896 224 ) (-64 992 224 ) (-64 992 192 ) 
3 179 180 (-64 896 224 ) (-64 896 192 ) (-32 896 224 ) 
4 180 226 (0 800 176 ) (0 800 208 ) (-64 800 208 ) (-64 800 176 ) 
4 180 224 (0 800 208 ) (0 800 224 ) (-64 800 224 ) (-64 800 208 ) 
4 180 223 (0 800 224 ) (0 800 1280 ) (-64 800 1280 ) (-64 800 224 ) 
4 180 188 (-64 800 176 ) (-64 800 1280 ) (-64 896 1280 ) (-64 896 176 ) 
4 180 184 (0 800 176 ) (-64 800 176 ) (-64 868 176 ) (0 868 176 ) 
4 180 181 (-56 896 176 ) (-8 896 176 ) (-8 880 176 ) (-56 880 176 ) 
4 181 182 (-56 880 144 ) (-56 896 144 ) (-8 896 144 ) (-8 880 144 ) 
4 183 185 (-56 868 96 ) (-56 868 64 ) (-8 868 64 ) (-8 868 96 ) 
4 183 184 (-56 868 144 ) (-56 868 96 ) (-8 868 96 ) (-8 868 144 ) 
4 184 226 (0 800 96 ) (0 800 176 ) (-64 800 176 ) (-64 800 96 ) 
4 184 188 (-64 800 128 ) (-64 800 176 ) (-64 868 176 ) (-64 868 139.333344 ) 
4 184 186 (0 800 96 ) (-64 800 96 ) (-64 808 96 ) (0 808 96 ) 
4 184 185 (-64 808 96 ) (-64 868 96 ) (0 868 96 ) (0 808 96 ) 
4 185 186 (0 808 96 ) (-64 808 96 ) (-64 808 64 ) (0 808 64 ) 
4 186 234 (0 800 64 ) (0 800 88 ) (-64 800 88 ) (-64 800 64 ) 
4 186 226 (0 800 88 ) (0 800 96 ) (-64 800 96 ) (-64 800 88 ) 
4 187 190 (-160 1024 1280 ) (-160 1024 224 ) (-160 992 224 ) (-160 992 1280 ) 
4 187 189 (-160 992 1280 ) (-160 992 224 ) (-128 992 224 ) (-128 992 1280 ) 
4 187 188 (-128 992 224 ) (-64 992 224 ) (-64 992 1280 ) (-128 992 1280 ) 
4 188 226 (-128 800 208 ) (-128 800 128 ) (-64 800 128 ) (-64 800 208 ) 
4 188 224 (-128 800 224 ) (-128 800 208 ) (-64 800 208 ) (-64 800 224 ) 
4 188 223 (-128 800 1280 ) (-128 800 224 ) (-64 800 224 ) (-64 800 1280 ) 
4 188 189 (-128 992 1280 ) (-128 992 224 ) (-128 800 192 ) (-128 800 1280 ) 
4 189 227 (-160 800 208 ) (-160 800 192 ) (-128 800 192 ) (-128 800 208 ) 
4 189 224 (-160 800 224 ) (-160 800 208 ) (-128 800 208 ) (-128 800 224 ) 
4 189 223 (-160 800 1280 ) (-160 800 224 ) (-128 800 224 ) (-128 800 1280 ) 
3 189 191 (-160 800 192 ) (-160 800 224 ) (-160 992 224 ) 
4 189 190 (-160 800 224 ) (-160 800 1280 ) (-160 992 1280 ) (-160 992 224 ) 
4 190 237 (-224 800 1280 ) (-224 800 224 ) (-168 800 224 ) (-168 800 1280 ) 
4 190 223 (-168 800 224 ) (-160 800 224 ) (-160 800 1280 ) (-168 800 1280 ) 
4 190 194 (-224 864 320 ) (-224 960 320 ) (-224 960 224 ) (-224 864 224 ) 
4 190 193 (-224 800 352 ) (-224 800 1280 ) (-224 1024 1280 ) (-224 1024 352 ) 
4 190 191 (-224 800 224 ) (-224 1020 224 ) (-160 1020 224 ) (-160 800 224 ) 
4 191 237 (-224 800 224 ) (-224 800 96 ) (-168 800 96 ) (-168 800 224 ) 
4 191 230 (-168 800 96 ) (-160 800 96 ) (-160 800 208 ) (-168 800 208 ) 
4 191 224 (-160 800 208 ) (-160 800 224 ) (-168 800 224 ) (-168 800 208 ) 
4 191 194 (-224 864 224 ) (-224 960 224 ) (-224 960 96 ) (-224 864 96 ) 
4 191 192 (-224 800 96 ) (-224 992 96 ) (-160 992 96 ) (-160 800 96 ) 
4 192 241 (-224 800 96 ) (-224 800 64 ) (-168 800 64 ) (-168 800 96 ) 
4 192 234 (-168 800 64 ) (-160 800 64 ) (-160 800 88 ) (-168 800 88 ) 
4 192 230 (-160 800 88 ) (-160 800 96 ) (-168 800 96 ) (-168 800 88 ) 
4 192 194 (-224 864 96 ) (-224 960 96 ) (-224 960 90.666664 ) (-224 864 74.666664 ) 
4 193 238 (-256 800 1280 ) (-256 800 352 ) (-240 800 352 ) (-240 800 1280 ) 
4 193 237 (-240 800 352 ) (-224 800 352 ) (-224 800 1280 ) (-240 800 1280 ) 
4 193 195 (-256 800 352 ) (-256 800 1280 ) (-256 1024 1280 ) (-256 1024 352 ) 
4 195 335 (-1024 1024 1280 ) (-1024 1024 352 ) (-1024 800 352 ) (-1024 800 1280 ) 
4 195 248 (-1024 800 1280 ) (-1024 800 352 ) (-672 800 352 ) (-672 800 1280 ) 
4 195 238 (-448 800 352 ) (-256 800 352 ) (-256 800 1280 ) (-448 800 1280 ) 
4 195 240 (-672 800 352 ) (-448 800 352 ) (-448 800 1280 ) (-672 800 1280 ) 
4 195 196 (-1024 1024 352 ) (-544 1024 352 ) (-544 800 352 ) (-1024 800 352 ) 
4 196 335 (-1024 1024 352 ) (-1024 1024 320 ) (-1024 800 320 ) (-1024 800 352 ) 
4 196 248 (-1024 800 352 ) (-1024 800 320 ) (-672 800 320 ) (-672 800 352 ) 
4 196 240 (-672 800 320 ) (-544 800 320 ) (-544 800 352 ) (-672 800 352 ) 
4 196 208 (-544 800 320 ) (-1024 800 320 ) (-1024 840 320 ) (-544 840 320 ) 
4 196 197 (-1024 840 320 ) (-1024 1024 320 ) (-544 1024 320 ) (-544 840 320 ) 
4 197 335 (-1024 1024 320 ) (-1024 1024 64 ) (-1024 840 64 ) (-1024 840 320 ) 
4 197 211 (-1024 840 64 ) (-1024 992 64 ) (-544 992 64 ) (-544 840 64 ) 
4 197 210 (-1024 992 64 ) (-1024 1024 64 ) (-544 1024 64 ) (-544 992 64 ) 
4 197 208 (-1024 840 64 ) (-544 840 64 ) (-544 840 320 ) (-1024 840 320 ) 
4 198 203 (-320 824 208 ) (-256 824 208 ) (-256 824 320 ) (-320 824 320 ) 
4 199 205 (-480 824 320 ) (-480 824 208 ) (-352 824 208 ) (-352 824 320 ) 
4 200 202 (-472 824 144 ) (-264 824 144 ) (-264 824 192 ) (-472 824 192 ) 
4 201 202 (-480 824 128 ) (-480 824 120 ) (-256 824 120 ) (-256 824 128 ) 
4 202 204 (-352 816 216 ) (-352 808 224 ) (-320 808 224 ) (-320 816 216 ) 
4 202 203 (-256 824 208 ) (-320 824 208 ) (-320 808 224 ) (-256 808 224 ) 
4 202 205 (-352 824 208 ) (-480 824 208 ) (-480 808 224 ) (-352 808 224 ) 
4 202 206 (-480 808 224 ) (-480 808 112 ) (-256 808 112 ) (-256 808 224 ) 
4 203 204 (-320 816 216 ) (-320 808 224 ) (-320 808 320 ) (-320 816 320 ) 
4 203 206 (-320 808 224 ) (-256 808 224 ) (-256 808 320 ) (-320 808 320 ) 
4 204 206 (-352 808 224 ) (-320 808 224 ) (-320 808 320 ) (-352 808 320 ) 
4 204 205 (-352 816 216 ) (-352 808 224 ) (-352 808 320 ) (-352 816 320 ) 
4 205 206 (-480 808 320 ) (-480 808 224 ) (-352 808 224 ) (-352 808 320 ) 
4 206 238 (-256 800 96 ) (-256 800 320 ) (-448 800 320 ) (-448 800 96 ) 
4 206 240 (-448 800 320 ) (-480 800 320 ) (-480 800 96 ) (-448 800 96 ) 
4 206 207 (-480 800 96 ) (-480 804 96 ) (-256 804 96 ) (-256 800 96 ) 
4 207 242 (-448 800 64 ) (-256 800 64 ) (-256 800 96 ) (-448 800 96 ) 
4 207 243 (-480 800 64 ) (-448 800 64 ) (-448 800 96 ) (-480 800 96 ) 
4 208 335 (-1024 840 64 ) (-1024 800 64 ) (-1024 800 320 ) (-1024 840 320 ) 
4 208 253 (-1024 800 128 ) (-1024 800 64 ) (-800 800 64 ) (-800 800 128 ) 
4 208 250 (-1024 800 160 ) (-1024 800 128 ) (-800 800 128 ) (-800 800 160 ) 
4 208 248 (-1024 800 320 ) (-1024 800 160 ) (-672 800 160 ) (-672 800 320 ) 
4 208 243 (-672 800 64 ) (-512 800 64 ) (-512 800 96 ) (-672 800 96 ) 
4 208 240 (-512 800 96 ) (-512 800 320 ) (-672 800 320 ) (-672 800 96 ) 
4 208 211 (-544 800 64 ) (-1024 800 64 ) (-1024 840 64 ) (-544 840 64 ) 
4 209 219 (-64 1024 -128 ) (0 1024 -128 ) (0 992 -128 ) (-64 992 -128 ) 
4 209 212 (-64 992 -128 ) (0 992 -128 ) (0 992 -64 ) (-64 992 -64 ) 
4 210 335 (-1024 1024 64 ) (-1024 1024 -128 ) (-1024 992 -128 ) (-1024 992 64 ) 
4 210 220 (-576 1024 -128 ) (-416 1024 -128 ) (-416 992 -128 ) (-576 992 -128 ) 
4 210 219 (-416 1024 -128 ) (-256 1024 -128 ) (-256 992 -128 ) (-416 992 -128 ) 
4 210 222 (-1024 992 -128 ) (-1024 1024 -128 ) (-576 1024 -128 ) (-576 992 -128 ) 
4 210 217 (-576 992 -128 ) (-528 992 -128 ) (-528 992 -64 ) (-576 992 -64 ) 
4 210 218 (-1024 992 -128 ) (-576 992 -128 ) (-576 992 -64 ) (-1024 992 -64 ) 
4 210 215 (-528 992 -128 ) (-464 992 -128 ) (-464 992 -100 ) (-528 992 -100 ) 
4 210 214 (-464 992 -100 ) (-464 992 -64 ) (-528 992 -64 ) (-528 992 -100 ) 
4 210 213 (-464 992 -128 ) (-416 992 -128 ) (-416 992 -64 ) (-464 992 -64 ) 
4 210 211 (-544 992 64 ) (-1024 992 64 ) (-1024 992 -64 ) (-544 992 -64 ) 
4 211 335 (-1024 800 -64 ) (-1024 800 64 ) (-1024 992 64 ) (-1024 992 -64 ) 
4 211 285 (-864 800 -64 ) (-608 800 -64 ) (-608 800 48 ) (-864 800 48 ) 
4 211 287 (-1024 800 48 ) (-1024 800 -64 ) (-896 800 -64 ) (-896 800 48 ) 
4 211 283 (-576 800 -64 ) (-544 800 -64 ) (-544 800 48 ) (-576 800 48 ) 
4 211 259 (-896 800 64 ) (-1024 800 64 ) (-1024 800 48 ) (-896 800 48 ) 
4 211 256 (-544 800 64 ) (-576 800 64 ) (-576 800 48 ) (-544 800 48 ) 
4 211 217 (-576 816 -64 ) (-576 992 -64 ) (-544 992 -64 ) (-544 816 -64 ) 
4 211 218 (-576 800 -64 ) (-1024 800 -64 ) (-1024 992 -64 ) (-576 992 -64 ) 
4 212 219 (0 800 -128 ) (-128 800 -128 ) (-128 992 -128 ) (0 992 -128 ) 
4 213 220 (-464 816 -128 ) (-464 992 -128 ) (-416 992 -128 ) (-416 816 -128 ) 
4 213 215 (-464 992 -100 ) (-464 992 -128 ) (-464 816 -128 ) (-464 816 -100 ) 
4 213 214 (-464 816 -64 ) (-464 992 -64 ) (-464 992 -100 ) (-464 816 -100 ) 
4 214 217 (-528 816 -64 ) (-528 992 -64 ) (-528 992 -100 ) (-528 816 -100 ) 
4 214 215 (-528 816 -100 ) (-528 992 -100 ) (-464 992 -100 ) (-464 816 -100 ) 
4 215 220 (-528 816 -128 ) (-528 992 -128 ) (-464 992 -128 ) (-464 816 -128 ) 
4 215 217 (-528 992 -100 ) (-528 992 -128 ) (-528 816 -128 ) (-528 816 -100 ) 
4 216 312 (-528 800 -100 ) (-528 800 -128 ) (-464 800 -128 ) (-464 800 -100 ) 
4 217 220 (-576 816 -128 ) (-576 992 -128 ) (-528 992 -128 ) (-528 816 -128 ) 
4 217 218 (-576 816 -64 ) (-576 992 -64 ) (-576 992 -128 ) (-576 816 -128 ) 
4 218 335 (-1024 992 -128 ) (-1024 800 -128 ) (-1024 800 -64 ) (-1024 992 -64 ) 
4 218 318 (-1024 800 -80 ) (-1024 800 -128 ) (-896 800 -128 ) (-896 800 -80 ) 
4 218 314 (-752 800 -128 ) (-592 800 -128 ) (-592 800 -92 ) (-752 800 -92 ) 
4 218 311 (-896 800 -64 ) (-1024 800 -64 ) (-1024 800 -80 ) (-896 800 -80 ) 
4 218 310 (-608 800 -64 ) (-736 800 -64 ) (-736 800 -68 ) (-608 800 -68 ) 
4 218 222 (-576 800 -128 ) (-1024 800 -128 ) (-1024 992 -128 ) (-576 992 -128 ) 
4 219 334 (0 800 -768 ) (0 800 -192 ) (-416 800 -192 ) (-416 800 -768 ) 
4 219 221 (-416 816 -768 ) (-416 800 -768 ) (-416 800 -192 ) (-416 816 -192 ) 
4 219 220 (-416 1024 -768 ) (-416 816 -768 ) (-416 816 -128 ) (-416 1024 -128 ) 
4 220 221 (-576 816 -192 ) (-576 816 -768 ) (-416 816 -768 ) (-416 816 -192 ) 
4 220 222 (-576 1024 -768 ) (-576 816 -768 ) (-576 816 -128 ) (-576 1024 -128 ) 
4 221 334 (-576 800 -192 ) (-576 800 -768 ) (-416 800 -768 ) (-416 800 -192 ) 
4 221 222 (-576 816 -768 ) (-576 800 -768 ) (-576 800 -192 ) (-576 816 -192 ) 
4 222 335 (-1024 1024 -128 ) (-1024 1024 -768 ) (-1024 800 -768 ) (-1024 800 -128 ) 
4 222 334 (-1024 800 -192 ) (-1024 800 -768 ) (-576 800 -768 ) (-576 800 -192 ) 
4 222 331 (-896 800 -128 ) (-1024 800 -128 ) (-1024 800 -192 ) (-896 800 -192 ) 
4 223 340 (0 0 224 ) (0 0 1280 ) (-168 0 1280 ) (-168 0 224 ) 
4 223 244 (-168 608 224 ) (-168 0 224 ) (-168 0 1280 ) (-168 608 1280 ) 
4 223 237 (-168 800 1280 ) (-168 800 224 ) (-168 608 224 ) (-168 608 1280 ) 
4 223 224 (-168 512 224 ) (-168 800 224 ) (0 800 224 ) (0 512 224 ) 
4 223 225 (0 0 224 ) (-168 0 224 ) (-168 480 224 ) (0 480 224 ) 
4 224 245 (-168 608 208 ) (-168 512 208 ) (-168 512 224 ) (-168 608 224 ) 
4 224 237 (-168 800 224 ) (-168 800 208 ) (-168 608 208 ) (-168 608 224 ) 
4 224 227 (-160 800 208 ) (-128 800 208 ) (-128 792 208 ) (-160 792 208 ) 
4 224 229 (-128 792 208 ) (-128 512 208 ) (-160 512 208 ) (-160 792 208 ) 
4 224 226 (-128 800 208 ) (0 800 208 ) (0 512 208 ) (-128 512 208 ) 
4 224 230 (-168 512 208 ) (-168 800 208 ) (-160 800 208 ) (-160 512 208 ) 
4 225 340 (0 0 208 ) (0 0 224 ) (-168 0 224 ) (-168 0 208 ) 
4 225 245 (-168 480 208 ) (-168 0 208 ) (-168 0 224 ) (-168 480 224 ) 
4 225 233 (-168 0 208 ) (-168 480 208 ) (0 480 208 ) (0 0 208 ) 
4 226 235 (0 544 88 ) (0 536 88 ) (-128 536 88 ) (-128 544 88 ) 
4 226 234 (-128 800 88 ) (0 800 88 ) (0 544 88 ) (-128 544 88 ) 
4 226 231 (-16 504 88 ) (0 504 88 ) (0 504 208 ) (-16 504 208 ) 
4 226 227 (-128 792 192 ) (-128 792 208 ) (-128 800 208 ) (-128 800 192 ) 
4 226 228 (-128 800 88 ) (-128 792 88 ) (-128 792 184 ) (-128 800 184 ) 
4 226 229 (-128 792 88 ) (-128 504 88 ) (-128 504 208 ) (-128 792 208 ) 
4 227 230 (-160 792 192 ) (-160 792 208 ) (-160 800 208 ) (-160 800 192 ) 
4 227 229 (-160 792 208 ) (-160 792 192 ) (-128 792 192 ) (-128 792 208 ) 
4 228 234 (-160 800 88 ) (-128 800 88 ) (-128 792 88 ) (-160 792 88 ) 
4 228 229 (-160 792 184 ) (-160 792 88 ) (-128 792 88 ) (-128 792 184 ) 
4 228 230 (-160 800 88 ) (-160 792 88 ) (-160 792 184 ) (-160 800 184 ) 
4 229 235 (-128 544 88 ) (-128 536 88 ) (-160 536 88 ) (-160 544 88 ) 
4 229 234 (-128 792 88 ) (-128 544 88 ) (-160 544 88 ) (-160 792 88 ) 
4 229 232 (-160 504 88 ) (-152 504 88 ) (-152 504 208 ) (-160 504 208 ) 
4 229 230 (-160 792 88 ) (-160 504 88 ) (-160 504 208 ) (-160 792 208 ) 
4 230 245 (-168 608 88 ) (-168 504 88 ) (-168 504 208 ) (-168 608 208 ) 
4 230 241 (-168 800 96 ) (-168 800 88 ) (-168 608 88 ) (-168 608 96 ) 
4 230 237 (-168 800 208 ) (-168 800 96 ) (-168 608 96 ) (-168 608 208 ) 
4 230 235 (-168 536 88 ) (-168 544 88 ) (-160 544 88 ) (-160 536 88 ) 
4 230 234 (-168 544 88 ) (-168 800 88 ) (-160 800 88 ) (-160 544 88 ) 
4 230 232 (-168 504 88 ) (-160 504 88 ) (-160 504 208 ) (-168 504 208 ) 
4 232 245 (-168 504 88 ) (-168 496 88 ) (-168 496 208 ) (-168 504 208 ) 
4 233 340 (0 0 88 ) (0 0 208 ) (-168 0 208 ) (-168 0 88 ) 
4 233 245 (-168 480 88 ) (-168 0 88 ) (-168 0 208 ) (-168 480 208 ) 
4 233 236 (0 0 88 ) (-168 0 88 ) (-168 480 88 ) (0 480 88 ) 
4 234 261 (-168 624 64 ) (-168 672 64 ) (-128 672 64 ) (-128 624 64 ) 
4 234 260 (-128 672 64 ) (0 672 64 ) (0 544 64 ) (-128 544 64 ) 
4 234 257 (-168 672 64 ) (-168 768 64 ) (0 768 64 ) (0 672 64 ) 
4 234 254 (-128 800 64 ) (0 800 64 ) (0 768 64 ) (-128 768 64 ) 
4 234 245 (-168 608 64 ) (-168 544 64 ) (-168 544 88 ) (-168 608 88 ) 
4 234 241 (-168 800 88 ) (-168 800 64 ) (-168 608 64 ) (-168 608 88 ) 
4 234 235 (0 544 88 ) (-168 544 88 ) (-168 544 80 ) (0 544 80 ) 
3 235 245 (-168 536 88 ) (-168 544 88 ) (-168 544 80 ) 
4 236 340 (0 0 64 ) (0 0 88 ) (-168 0 88 ) (-168 0 64 ) 
4 236 262 (0 0 64 ) (-168 0 64 ) (-168 480 64 ) (0 480 64 ) 
4 236 245 (-168 480 64 ) (-168 0 64 ) (-168 0 88 ) (-168 480 88 ) 
4 237 245 (-240 608 96 ) (-168 608 96 ) (-168 608 224 ) (-240 608 224 ) 
4 237 244 (-168 608 224 ) (-168 608 1280 ) (-240 608 1280 ) (-240 608 224 ) 
4 237 241 (-168 608 96 ) (-240 608 96 ) (-240 800 96 ) (-168 800 96 ) 
4 237 239 (-240 608 192 ) (-240 608 1280 ) (-240 632 1280 ) (-240 632 192 ) 
4 237 238 (-240 800 96 ) (-240 632 96 ) (-240 632 1280 ) (-240 800 1280 ) 
4 238 242 (-448 640 96 ) (-448 800 96 ) (-240 800 96 ) (-240 640 96 ) 
4 238 239 (-448 632 1280 ) (-448 632 192 ) (-240 632 192 ) (-240 632 1280 ) 
4 238 240 (-448 800 96 ) (-448 632 96 ) (-448 632 1280 ) (-448 800 1280 ) 
4 239 245 (-240 608 192 ) (-240 608 224 ) (-256 608 224 ) (-256 608 192 ) 
4 239 247 (-288 608 224 ) (-448 608 224 ) (-448 608 192 ) (-288 608 192 ) 
4 239 244 (-240 608 224 ) (-240 608 1280 ) (-448 608 1280 ) (-448 608 224 ) 
4 239 240 (-448 608 192 ) (-448 608 1280 ) (-448 632 1280 ) (-448 632 192 ) 
4 240 252 (-672 672 96 ) (-672 608 96 ) (-672 608 128 ) (-672 672 128 ) 
4 240 249 (-672 672 128 ) (-672 608 128 ) (-672 608 160 ) (-672 672 160 ) 
4 240 248 (-672 800 1280 ) (-672 800 160 ) (-672 608 160 ) (-672 608 1280 ) 
4 240 247 (-672 608 224 ) (-672 608 96 ) (-448 608 96 ) (-448 608 224 ) 
4 240 244 (-672 608 1280 ) (-672 608 224 ) (-448 608 224 ) (-448 608 1280 ) 
4 240 243 (-448 608 96 ) (-672 608 96 ) (-672 800 96 ) (-448 800 96 ) 
4 241 264 (-240 640 64 ) (-240 672 64 ) (-224 672 64 ) (-224 640 64 ) 
4 241 261 (-168 672 64 ) (-168 624 64 ) (-224 624 64 ) (-224 672 64 ) 
4 241 257 (-168 768 64 ) (-168 672 64 ) (-240 672 64 ) (-240 768 64 ) 
4 241 245 (-240 608 64 ) (-168 608 64 ) (-168 608 96 ) (-240 608 96 ) 
4 241 242 (-240 800 64 ) (-240 640 64 ) (-240 640 96 ) (-240 800 96 ) 
4 242 264 (-240 672 64 ) (-240 640 64 ) (-448 640 64 ) (-448 672 64 ) 
4 242 257 (-240 768 64 ) (-240 672 64 ) (-448 672 64 ) (-448 768 64 ) 
4 242 243 (-448 800 64 ) (-448 640 64 ) (-448 640 96 ) (-448 800 96 ) 
4 243 265 (-672 608 64 ) (-672 640 64 ) (-496 640 64 ) (-496 608 64 ) 
4 243 264 (-672 640 64 ) (-672 672 64 ) (-448 672 64 ) (-448 640 64 ) 
4 243 257 (-576 768 64 ) (-448 768 64 ) (-448 672 64 ) (-576 672 64 ) 
4 243 256 (-576 800 64 ) (-528 800 64 ) (-528 768 64 ) (-576 768 64 ) 
4 243 252 (-672 672 64 ) (-672 608 64 ) (-672 608 96 ) (-672 672 96 ) 
4 243 247 (-672 608 96 ) (-672 608 64 ) (-448 608 64 ) (-448 608 96 ) 
4 244 340 (-672 0 1280 ) (-672 0 224 ) (-168 0 224 ) (-168 0 1280 ) 
4 244 248 (-672 0 224 ) (-672 0 1280 ) (-672 608 1280 ) (-672 608 224 ) 
4 244 246 (-256 544 224 ) (-256 0 224 ) (-288 0 224 ) (-288 544 224 ) 
4 244 245 (-256 608 224 ) (-168 608 224 ) (-168 0 224 ) (-256 0 224 ) 
4 244 247 (-672 0 224 ) (-672 608 224 ) (-288 608 224 ) (-288 0 224 ) 
4 245 340 (-256 0 64 ) (-168 0 64 ) (-168 0 224 ) (-256 0 224 ) 
4 245 266 (-224 0 64 ) (-256 0 64 ) (-256 608 64 ) (-224 608 64 ) 
4 245 263 (-168 0 64 ) (-224 0 64 ) (-224 544 64 ) (-168 544 64 ) 
4 245 246 (-256 0 224 ) (-256 544 224 ) (-256 544 64 ) (-256 0 64 ) 
4 246 340 (-288 0 64 ) (-256 0 64 ) (-256 0 224 ) (-288 0 224 ) 
4 246 266 (-256 0 64 ) (-288 0 64 ) (-288 544 64 ) (-256 544 64 ) 
4 246 247 (-288 0 224 ) (-288 544 224 ) (-288 544 64 ) (-288 0 64 ) 
4 247 340 (-672 0 224 ) (-672 0 64 ) (-288 0 64 ) (-288 0 224 ) 
4 247 266 (-288 0 64 ) (-672 0 64 ) (-672 608 64 ) (-288 608 64 ) 
4 247 252 (-672 608 64 ) (-672 0 64 ) (-672 0 128 ) (-672 608 128 ) 
4 247 249 (-672 0 128 ) (-672 0 160 ) (-672 608 160 ) (-672 608 128 ) 
4 247 248 (-672 0 160 ) (-672 0 224 ) (-672 608 224 ) (-672 608 160 ) 
4 248 340 (-1024 0 1280 ) (-1024 0 160 ) (-672 0 160 ) (-672 0 1280 ) 
4 248 335 (-1024 0 160 ) (-1024 0 1280 ) (-1024 800 1280 ) (-1024 800 160 ) 
4 248 249 (-672 672 160 ) (-672 0 160 ) (-800 0 160 ) (-800 672 160 ) 
4 248 250 (-1024 800 160 ) (-800 800 160 ) (-800 0 160 ) (-1024 0 160 ) 
4 249 340 (-800 0 128 ) (-672 0 128 ) (-672 0 160 ) (-800 0 160 ) 
4 249 252 (-672 672 128 ) (-672 0 128 ) (-800 0 128 ) (-800 672 128 ) 
4 249 250 (-800 672 128 ) (-800 0 128 ) (-800 0 160 ) (-800 672 160 ) 
4 250 340 (-1024 0 160 ) (-1024 0 128 ) (-800 0 128 ) (-800 0 160 ) 
4 250 335 (-1024 0 128 ) (-1024 0 160 ) (-1024 800 160 ) (-1024 800 128 ) 
4 250 253 (-1024 0 128 ) (-1024 800 128 ) (-800 800 128 ) (-800 0 128 ) 
4 251 258 (-768 768 64 ) (-704 768 64 ) (-704 704 64 ) (-768 704 64 ) 
4 252 340 (-800 0 64 ) (-672 0 64 ) (-672 0 128 ) (-800 0 128 ) 
4 252 265 (-800 608 64 ) (-800 640 64 ) (-672 640 64 ) (-672 608 64 ) 
4 252 264 (-800 640 64 ) (-800 672 64 ) (-672 672 64 ) (-672 640 64 ) 
4 252 266 (-672 0 64 ) (-800 0 64 ) (-800 608 64 ) (-672 608 64 ) 
4 252 253 (-800 672 64 ) (-800 0 64 ) (-800 0 128 ) (-800 672 128 ) 
4 253 340 (-1024 0 128 ) (-1024 0 64 ) (-800 0 64 ) (-800 0 128 ) 
4 253 335 (-1024 0 64 ) (-1024 0 128 ) (-1024 800 128 ) (-1024 800 64 ) 
4 253 265 (-1024 608 64 ) (-1024 640 64 ) (-800 640 64 ) (-800 608 64 ) 
4 253 264 (-1024 640 64 ) (-1024 672 64 ) (-800 672 64 ) (-800 640 64 ) 
4 253 266 (-800 0 64 ) (-1024 0 64 ) (-1024 608 64 ) (-800 608 64 ) 
4 253 259 (-1024 672 64 ) (-1024 800 64 ) (-896 800 64 ) (-896 672 64 ) 
4 254 268 (-72 800 48 ) (-24 800 48 ) (-24 768 48 ) (-72 768 48 ) 
4 254 267 (-24 800 48 ) (0 800 48 ) (0 768 48 ) (-24 768 48 ) 
4 254 269 (-128 800 48 ) (-72 800 48 ) (-72 768 48 ) (-128 768 48 ) 
4 254 257 (-128 768 48 ) (0 768 48 ) (0 768 64 ) (-128 768 64 ) 
4 255 271 (-224 800 48 ) (-160 800 48 ) (-160 768 48 ) (-224 768 48 ) 
4 255 257 (-224 768 48 ) (-160 768 48 ) (-160 768 56 ) (-224 768 56 ) 
4 256 283 (-576 800 48 ) (-528 800 48 ) (-528 768 48 ) (-576 768 48 ) 
4 256 257 (-576 768 48 ) (-528 768 48 ) (-528 768 64 ) (-576 768 64 ) 
4 257 283 (-416 672 48 ) (-576 672 48 ) (-576 768 48 ) (-416 768 48 ) 
4 257 281 (-384 672 48 ) (-416 672 48 ) (-416 768 48 ) (-384 768 48 ) 
4 257 279 (-256 672 48 ) (-384 672 48 ) (-384 768 48 ) (-256 768 48 ) 
4 257 277 (-224 672 48 ) (-256 672 48 ) (-256 768 48 ) (-224 768 48 ) 
4 257 270 (-128 672 48 ) (-160 672 48 ) (-160 768 48 ) (-128 768 48 ) 
4 257 271 (-160 672 48 ) (-224 672 48 ) (-224 768 48 ) (-160 768 48 ) 
4 257 268 (-24 672 48 ) (-72 672 48 ) (-72 768 48 ) (-24 768 48 ) 
4 257 267 (0 768 48 ) (0 672 48 ) (-24 672 48 ) (-24 768 48 ) 
4 257 269 (-72 672 48 ) (-128 672 48 ) (-128 768 48 ) (-72 768 48 ) 
4 257 264 (-576 672 48 ) (-224 672 48 ) (-224 672 64 ) (-576 672 64 ) 
4 257 261 (-224 672 48 ) (-128 672 48 ) (-128 672 64 ) (-224 672 64 ) 
4 257 260 (-128 672 48 ) (0 672 48 ) (0 672 64 ) (-128 672 64 ) 
4 258 285 (-704 768 48 ) (-704 704 48 ) (-768 704 48 ) (-768 768 48 ) 
4 259 335 (-1024 672 64 ) (-1024 800 64 ) (-1024 800 48 ) (-1024 672 48 ) 
4 259 287 (-1024 672 48 ) (-1024 800 48 ) (-896 800 48 ) (-896 672 48 ) 
4 259 264 (-1024 672 48 ) (-896 672 48 ) (-896 672 64 ) (-1024 672 64 ) 
4 260 268 (-72 672 48 ) (-24 672 48 ) (-24 560 48 ) (-72 560 48 ) 
4 260 267 (-24 672 48 ) (0 672 48 ) (0 544 48 ) (-24 544 48 ) 
4 260 269 (-128 672 48 ) (-72 672 48 ) (-72 544 48 ) (-128 544 48 ) 
4 260 261 (-128 672 64 ) (-128 672 48 ) (-128 624 48 ) (-128 624 64 ) 
4 261 272 (-128 640 48 ) (-128 624 48 ) (-224 624 48 ) (-224 640 48 ) 
4 261 270 (-160 672 48 ) (-128 672 48 ) (-128 640 48 ) (-160 640 48 ) 
4 261 271 (-224 672 48 ) (-160 672 48 ) (-160 640 48 ) (-224 640 48 ) 
4 261 264 (-224 672 64 ) (-224 672 48 ) (-224 640 48 ) (-224 640 64 ) 
4 262 340 (0 0 48 ) (0 0 64 ) (-168 0 64 ) (-168 0 48 ) 
4 262 273 (0 480 48 ) (0 0 48 ) (-168 0 48 ) (-168 480 48 ) 
4 262 263 (-168 480 48 ) (-168 0 48 ) (-168 0 64 ) (-168 480 64 ) 
4 263 340 (-168 0 64 ) (-224 0 64 ) (-224 0 48 ) (-168 0 48 ) 
4 263 274 (-168 0 48 ) (-224 0 48 ) (-224 544 48 ) (-168 544 48 ) 
4 263 266 (-224 544 48 ) (-224 0 48 ) (-224 0 64 ) (-224 544 64 ) 
4 264 335 (-1024 640 64 ) (-1024 672 64 ) (-1024 672 48 ) (-1024 640 48 ) 
4 264 289 (-1024 640 48 ) (-1024 672 48 ) (-496 672 48 ) (-496 640 48 ) 
4 264 288 (-496 672 48 ) (-416 672 48 ) (-416 640 48 ) (-496 640 48 ) 
4 264 281 (-416 672 48 ) (-384 672 48 ) (-384 640 48 ) (-416 640 48 ) 
4 264 279 (-384 672 48 ) (-256 672 48 ) (-256 640 48 ) (-384 640 48 ) 
4 264 277 (-256 672 48 ) (-224 672 48 ) (-224 640 48 ) (-256 640 48 ) 
4 264 265 (-1024 640 48 ) (-496 640 48 ) (-496 640 64 ) (-1024 640 64 ) 
4 265 335 (-1024 608 64 ) (-1024 640 64 ) (-1024 640 48 ) (-1024 608 48 ) 
4 265 289 (-1024 608 48 ) (-1024 640 48 ) (-496 640 48 ) (-496 608 48 ) 
4 265 266 (-1024 608 48 ) (-496 608 48 ) (-496 608 64 ) (-1024 608 64 ) 
4 266 340 (-224 0 64 ) (-1024 0 64 ) (-1024 0 48 ) (-224 0 48 ) 
4 266 335 (-1024 0 48 ) (-1024 0 64 ) (-1024 608 64 ) (-1024 608 48 ) 
4 266 294 (-896 608 48 ) (-416 608 48 ) (-416 576 48 ) (-896 576 48 ) 
4 266 297 (-416 576 48 ) (-416 0 48 ) (-896 0 48 ) (-896 576 48 ) 
4 266 298 (-1024 0 48 ) (-1024 608 48 ) (-896 608 48 ) (-896 0 48 ) 
4 266 282 (-416 608 48 ) (-384 608 48 ) (-384 0 48 ) (-416 0 48 ) 
4 266 280 (-384 608 48 ) (-256 608 48 ) (-256 0 48 ) (-384 0 48 ) 
4 266 278 (-256 608 48 ) (-224 608 48 ) (-224 0 48 ) (-256 0 48 ) 
4 267 275 (-24 544 -64 ) (0 544 -64 ) (0 544 0 ) (-24 544 0 ) 
4 267 268 (-24 800 -64 ) (-24 560 -64 ) (-24 560 48 ) (-24 800 48 ) 
4 268 269 (-72 800 -64 ) (-72 560 -64 ) (-72 560 48 ) (-72 800 48 ) 
4 269 276 (-128 544 -64 ) (-72 544 -64 ) (-72 544 0 ) (-128 544 0 ) 
4 269 272 (-128 624 48 ) (-128 640 48 ) (-128 640 -32 ) (-128 624 32 ) 
4 269 270 (-128 768 -64 ) (-128 640 -64 ) (-128 640 48 ) (-128 768 48 ) 
4 270 301 (-128 768 -64 ) (-128 640 -64 ) (-160 640 -64 ) (-160 768 -64 ) 
4 270 272 (-128 640 -32 ) (-128 640 48 ) (-160 640 48 ) (-160 640 -32 ) 
4 270 271 (-160 768 -64 ) (-160 640 -64 ) (-160 640 48 ) (-160 768 48 ) 
4 271 301 (-160 768 -64 ) (-160 640 -64 ) (-224 640 -64 ) (-224 768 -64 ) 
4 271 299 (-224 800 -64 ) (-160 800 -64 ) (-160 768 -64 ) (-224 768 -64 ) 
4 271 277 (-224 768 -64 ) (-224 640 -64 ) (-224 640 48 ) (-224 768 48 ) 
4 271 272 (-224 640 48 ) (-224 640 -32 ) (-160 640 -32 ) (-160 640 48 ) 
4 273 340 (0 0 0 ) (0 0 48 ) (-168 0 48 ) (-168 0 0 ) 
4 273 276 (-64 0 0 ) (-168 0 0 ) (-168 480 0 ) (-64 480 0 ) 
4 273 274 (-168 480 0 ) (-168 0 0 ) (-168 0 48 ) (-168 480 48 ) 
4 274 340 (-168 0 48 ) (-224 0 48 ) (-224 0 0 ) (-168 0 0 ) 
4 274 278 (-224 0 0 ) (-224 0 48 ) (-224 544 48 ) (-224 544 0 ) 
4 274 276 (-168 0 0 ) (-224 0 0 ) (-224 544 0 ) (-168 544 0 ) 
4 275 276 (-64 512 0 ) (-64 544 0 ) (-64 544 -64 ) (-64 512 -64 ) 
4 276 340 (-64 0 0 ) (-224 0 0 ) (-224 0 -64 ) (-64 0 -64 ) 
4 276 325 (-128 0 -64 ) (-224 0 -64 ) (-224 544 -64 ) (-128 544 -64 ) 
4 276 324 (-64 0 -64 ) (-128 0 -64 ) (-128 512 -64 ) (-64 512 -64 ) 
4 276 278 (-224 544 -64 ) (-224 0 -64 ) (-224 0 0 ) (-224 544 0 ) 
4 277 279 (-256 768 -64 ) (-256 640 -64 ) (-256 640 48 ) (-256 768 48 ) 
4 278 340 (-224 0 48 ) (-256 0 48 ) (-256 0 -64 ) (-224 0 -64 ) 
4 278 327 (-224 608 -64 ) (-224 576 -64 ) (-256 576 -64 ) (-256 608 -64 ) 
4 278 328 (-224 576 -64 ) (-224 0 -64 ) (-256 0 -64 ) (-256 576 -64 ) 
4 278 280 (-256 608 -64 ) (-256 0 -64 ) (-256 0 48 ) (-256 608 48 ) 
4 279 321 (-256 640 -64 ) (-256 624 -64 ) (-384 624 -64 ) (-384 640 -64 ) 
4 279 302 (-256 768 -64 ) (-256 640 -64 ) (-384 640 -64 ) (-384 768 -64 ) 
4 279 300 (-256 784 -64 ) (-256 768 -64 ) (-384 768 -64 ) (-384 784 -64 ) 
4 279 281 (-384 768 -64 ) (-384 640 -64 ) (-384 640 48 ) (-384 768 48 ) 
4 280 340 (-256 0 48 ) (-384 0 48 ) (-384 0 -64 ) (-256 0 -64 ) 
4 280 327 (-256 608 -64 ) (-256 576 -64 ) (-384 576 -64 ) (-384 608 -64 ) 
4 280 328 (-256 576 -64 ) (-256 0 -64 ) (-384 0 -64 ) (-384 576 -64 ) 
4 280 282 (-384 608 -64 ) (-384 0 -64 ) (-384 0 48 ) (-384 608 48 ) 
4 281 292 (-416 672 -64 ) (-416 640 -64 ) (-416 640 -32 ) (-416 672 -32 ) 
4 281 288 (-416 640 -32 ) (-416 640 48 ) (-416 672 48 ) (-416 672 -32 ) 
4 281 283 (-416 768 -64 ) (-416 672 -64 ) (-416 672 48 ) (-416 768 48 ) 
4 282 340 (-384 0 48 ) (-416 0 48 ) (-416 0 -64 ) (-384 0 -64 ) 
4 282 327 (-384 608 -64 ) (-384 576 -64 ) (-416 576 -64 ) (-416 608 -64 ) 
4 282 328 (-384 576 -64 ) (-384 0 -64 ) (-416 0 -64 ) (-416 576 -64 ) 
4 282 296 (-416 608 -64 ) (-416 576 -64 ) (-416 576 0 ) (-416 608 0 ) 
4 282 294 (-416 576 0 ) (-416 576 48 ) (-416 608 48 ) (-416 608 0 ) 
4 282 297 (-416 576 -64 ) (-416 0 -64 ) (-416 0 48 ) (-416 576 48 ) 
4 283 309 (-576 800 -64 ) (-416 800 -64 ) (-416 672 -64 ) (-576 672 -64 ) 
4 283 292 (-576 672 -64 ) (-416 672 -64 ) (-416 672 -32 ) (-576 672 -32 ) 
4 283 290 (-576 672 0 ) (-576 672 -32 ) (-496 672 -32 ) (-496 672 0 ) 
4 283 289 (-496 672 48 ) (-576 672 48 ) (-576 672 0 ) (-496 672 0 ) 
4 283 288 (-416 672 -32 ) (-416 672 48 ) (-496 672 48 ) (-496 672 -32 ) 
4 283 284 (-576 784 -64 ) (-576 688 -64 ) (-576 688 48 ) (-576 784 48 ) 
4 284 285 (-608 784 -64 ) (-608 688 -64 ) (-608 688 48 ) (-608 784 48 ) 
4 285 310 (-736 800 -64 ) (-608 800 -64 ) (-608 672 -64 ) (-736 672 -64 ) 
4 285 289 (-608 672 0 ) (-608 672 48 ) (-864 672 48 ) (-864 672 0 ) 
4 285 286 (-864 784 -64 ) (-864 688 -64 ) (-864 688 48 ) (-864 784 48 ) 
4 286 287 (-896 784 -64 ) (-896 688 -64 ) (-896 688 48 ) (-896 784 48 ) 
4 287 335 (-1024 672 48 ) (-1024 800 48 ) (-1024 800 -64 ) (-1024 672 -64 ) 
4 287 311 (-1024 672 -64 ) (-1024 800 -64 ) (-896 800 -64 ) (-896 672 -64 ) 
4 287 293 (-1024 672 -64 ) (-896 672 -64 ) (-896 672 -32 ) (-1024 672 -32 ) 
4 287 291 (-896 672 -32 ) (-896 672 0 ) (-1024 672 0 ) (-1024 672 -32 ) 
4 287 289 (-896 672 0 ) (-896 672 48 ) (-1024 672 48 ) (-1024 672 0 ) 
4 288 292 (-496 640 -32 ) (-496 672 -32 ) (-416 672 -32 ) (-416 640 -32 ) 
4 288 290 (-496 672 0 ) (-496 672 -32 ) (-496 640 -32 ) (-496 640 0 ) 
4 288 289 (-496 672 48 ) (-496 672 0 ) (-496 624 0 ) (-496 624 48 ) 
4 289 335 (-1024 608 48 ) (-1024 672 48 ) (-1024 672 0 ) (-1024 608 0 ) 
4 289 294 (-496 608 48 ) (-896 608 48 ) (-896 608 0 ) (-496 608 0 ) 
4 289 298 (-896 608 48 ) (-1024 608 48 ) (-1024 608 0 ) (-896 608 0 ) 
4 289 290 (-576 672 0 ) (-496 672 0 ) (-496 640 0 ) (-544 640 0 ) 
4 289 291 (-1024 672 0 ) (-896 672 0 ) (-896 608 0 ) (-1024 608 0 ) 
4 290 292 (-576 672 -32 ) (-496 672 -32 ) (-496 640 -32 ) (-544 640 -32 ) 
4 291 335 (-1024 672 0 ) (-1024 672 -32 ) (-1024 608 -32 ) (-1024 608 0 ) 
4 291 298 (-1024 608 0 ) (-1024 608 -32 ) (-896 608 -32 ) (-896 608 0 ) 
4 291 293 (-896 608 -32 ) (-1024 608 -32 ) (-1024 672 -32 ) (-896 672 -32 ) 
4 292 319 (-576 672 -64 ) (-416 672 -64 ) (-416 640 -64 ) (-544 640 -64 ) 
4 293 335 (-1024 672 -32 ) (-1024 672 -64 ) (-1024 608 -64 ) (-1024 608 -32 ) 
4 293 323 (-1024 608 -64 ) (-1024 640 -64 ) (-896 640 -64 ) (-896 608 -64 ) 
4 293 320 (-1024 640 -64 ) (-1024 672 -64 ) (-896 672 -64 ) (-896 640 -64 ) 
4 293 298 (-1024 608 -64 ) (-896 608 -64 ) (-896 608 -32 ) (-1024 608 -32 ) 
4 294 296 (-416 576 0 ) (-576 576 0 ) (-544 608 0 ) (-416 608 0 ) 
3 294 295 (-864 576 0 ) (-896 576 0 ) (-896 608 0 ) 
4 294 297 (-896 576 48 ) (-896 576 0 ) (-416 576 0 ) (-416 576 48 ) 
4 294 298 (-896 608 48 ) (-896 608 0 ) (-896 576 0 ) (-896 576 48 ) 
3 295 326 (-896 608 -64 ) (-864 576 -64 ) (-896 576 -64 ) 
4 295 298 (-896 608 0 ) (-896 608 -64 ) (-896 576 -64 ) (-896 576 0 ) 
4 295 297 (-896 576 0 ) (-896 576 -64 ) (-864 576 -64 ) (-864 576 0 ) 
4 296 327 (-544 608 -64 ) (-416 608 -64 ) (-416 576 -64 ) (-576 576 -64 ) 
4 296 297 (-576 576 -64 ) (-416 576 -64 ) (-416 576 0 ) (-576 576 0 ) 
4 297 340 (-416 0 48 ) (-896 0 48 ) (-896 0 -64 ) (-416 0 -64 ) 
4 297 328 (-416 576 -64 ) (-416 0 -64 ) (-896 0 -64 ) (-896 576 -64 ) 
4 297 298 (-896 576 -64 ) (-896 0 -64 ) (-896 0 48 ) (-896 576 48 ) 
4 298 340 (-896 0 48 ) (-1024 0 48 ) (-1024 0 -64 ) (-896 0 -64 ) 
4 298 335 (-1024 0 -64 ) (-1024 0 48 ) (-1024 608 48 ) (-1024 608 -64 ) 
4 298 329 (-1024 0 -64 ) (-1024 608 -64 ) (-896 608 -64 ) (-896 0 -64 ) 
4 299 303 (-224 768 -128 ) (-160 768 -128 ) (-160 768 -80 ) (-224 768 -80 ) 
4 299 301 (-160 768 -80 ) (-160 768 -64 ) (-224 768 -64 ) (-224 768 -80 ) 
4 300 302 (-256 768 -68 ) (-256 768 -64 ) (-384 768 -64 ) (-384 768 -68 ) 
4 301 303 (-128 640 -80 ) (-224 640 -80 ) (-224 768 -80 ) (-128 768 -80 ) 
4 302 321 (-256 640 -64 ) (-384 640 -64 ) (-384 640 -68 ) (-256 640 -68 ) 
4 303 304 (-224 656 -80 ) (-224 752 -80 ) (-224 752 -128 ) (-224 656 -128 ) 
4 304 306 (-240 656 -80 ) (-240 752 -80 ) (-240 752 -128 ) (-240 656 -128 ) 
4 305 306 (-400 756 -92 ) (-400 756 -128 ) (-240 756 -128 ) (-240 756 -92 ) 
4 306 308 (-400 656 -80 ) (-400 752 -80 ) (-400 752 -128 ) (-400 656 -128 ) 
4 306 307 (-400 652 -88 ) (-400 652 -128 ) (-240 652 -128 ) (-240 652 -88 ) 
4 308 319 (-416 672 -128 ) (-416 656 -128 ) (-416 656 -80 ) (-416 672 -80 ) 
4 308 312 (-416 752 -128 ) (-416 672 -128 ) (-416 672 -80 ) (-416 752 -80 ) 
4 309 319 (-416 672 -80 ) (-416 672 -64 ) (-576 672 -64 ) (-576 672 -80 ) 
4 309 312 (-416 672 -80 ) (-576 672 -80 ) (-576 800 -80 ) (-416 800 -80 ) 
4 311 335 (-1024 672 -64 ) (-1024 800 -64 ) (-1024 800 -80 ) (-1024 672 -80 ) 
4 311 320 (-896 672 -64 ) (-1024 672 -64 ) (-1024 672 -80 ) (-896 672 -80 ) 
4 311 318 (-896 672 -80 ) (-1024 672 -80 ) (-1024 800 -80 ) (-896 800 -80 ) 
4 312 330 (-576 800 -128 ) (-416 800 -128 ) (-416 672 -128 ) (-576 672 -128 ) 
4 312 319 (-576 672 -128 ) (-416 672 -128 ) (-416 672 -80 ) (-576 672 -80 ) 
4 312 313 (-576 784 -128 ) (-576 688 -128 ) (-576 688 -80 ) (-576 784 -80 ) 
4 313 315 (-592 784 -128 ) (-592 688 -128 ) (-592 688 -80 ) (-592 784 -80 ) 
4 314 315 (-752 788 -92 ) (-752 788 -128 ) (-592 788 -128 ) (-592 788 -92 ) 
4 315 317 (-752 784 -128 ) (-752 688 -128 ) (-752 688 -80 ) (-752 784 -80 ) 
4 315 316 (-752 684 -88 ) (-752 684 -128 ) (-592 684 -128 ) (-592 684 -88 ) 
4 318 335 (-1024 800 -80 ) (-1024 800 -128 ) (-1024 672 -128 ) (-1024 672 -80 ) 
4 318 331 (-1024 672 -128 ) (-1024 800 -128 ) (-896 800 -128 ) (-896 672 -128 ) 
4 318 320 (-1024 672 -128 ) (-896 672 -128 ) (-896 672 -80 ) (-1024 672 -80 ) 
4 319 330 (-576 672 -128 ) (-416 672 -128 ) (-416 640 -128 ) (-544 640 -128 ) 
4 319 322 (-512 640 -128 ) (-448 640 -128 ) (-448 640 -100 ) (-512 640 -100 ) 
4 320 335 (-1024 640 -64 ) (-1024 672 -64 ) (-1024 672 -128 ) (-1024 640 -128 ) 
4 320 331 (-1024 640 -128 ) (-1024 672 -128 ) (-896 672 -128 ) (-896 640 -128 ) 
4 320 323 (-1024 640 -128 ) (-896 640 -128 ) (-896 640 -64 ) (-1024 640 -64 ) 
4 323 335 (-1024 608 -64 ) (-1024 640 -64 ) (-1024 640 -128 ) (-1024 608 -128 ) 
4 323 331 (-1024 608 -128 ) (-1024 640 -128 ) (-896 640 -128 ) (-896 608 -128 ) 
4 323 329 (-1024 608 -128 ) (-896 608 -128 ) (-896 608 -64 ) (-1024 608 -64 ) 
4 324 340 (-64 0 -64 ) (-128 0 -64 ) (-128 0 -128 ) (-64 0 -128 ) 
4 324 332 (-64 0 -128 ) (-128 0 -128 ) (-128 512 -128 ) (-64 512 -128 ) 
4 324 325 (-128 512 -128 ) (-128 0 -128 ) (-128 0 -64 ) (-128 512 -64 ) 
4 325 340 (-128 0 -64 ) (-224 0 -64 ) (-224 0 -128 ) (-128 0 -128 ) 
4 325 333 (-128 0 -128 ) (-224 0 -128 ) (-224 544 -128 ) (-128 544 -128 ) 
4 325 328 (-224 544 -128 ) (-224 0 -128 ) (-224 0 -64 ) (-224 544 -64 ) 
3 326 333 (-896 576 -128 ) (-896 608 -128 ) (-864 576 -128 ) 
4 326 328 (-896 576 -64 ) (-896 576 -128 ) (-864 576 -128 ) (-864 576 -64 ) 
4 326 329 (-896 608 -64 ) (-896 608 -128 ) (-896 576 -128 ) (-896 576 -64 ) 
4 327 333 (-544 608 -128 ) (-224 608 -128 ) (-224 576 -128 ) (-576 576 -128 ) 
4 327 328 (-576 576 -128 ) (-224 576 -128 ) (-224 576 -64 ) (-576 576 -64 ) 
4 328 340 (-224 0 -64 ) (-896 0 -64 ) (-896 0 -128 ) (-224 0 -128 ) 
4 328 333 (-224 0 -128 ) (-896 0 -128 ) (-896 576 -128 ) (-224 576 -128 ) 
4 328 329 (-896 576 -128 ) (-896 0 -128 ) (-896 0 -64 ) (-896 576 -64 ) 
4 329 340 (-896 0 -64 ) (-1024 0 -64 ) (-1024 0 -128 ) (-896 0 -128 ) 
4 329 335 (-1024 0 -128 ) (-1024 0 -64 ) (-1024 608 -64 ) (-1024 608 -128 ) 
4 329 333 (-896 0 -128 ) (-1024 0 -128 ) (-1024 608 -128 ) (-896 608 -128 ) 
4 331 335 (-1024 608 -128 ) (-1024 800 -128 ) (-1024 800 -192 ) (-1024 608 -192 ) 
4 331 334 (-1024 608 -192 ) (-1024 800 -192 ) (-896 800 -192 ) (-896 608 -192 ) 
4 331 333 (-1024 608 -192 ) (-896 608 -192 ) (-896 608 -128 ) (-1024 608 -128 ) 
4 332 340 (0 0 -192 ) (0 0 -128 ) (-128 0 -128 ) (-128 0 -192 ) 
4 332 334 (0 512 -192 ) (0 0 -192 ) (-128 0 -192 ) (-128 512 -192 ) 
4 332 333 (-128 512 -192 ) (-128 0 -192 ) (-128 0 -128 ) (-128 512 -128 ) 
4 333 340 (-128 0 -128 ) (-1024 0 -128 ) (-1024 0 -192 ) (-128 0 -192 ) 
4 333 335 (-1024 0 -192 ) (-1024 0 -128 ) (-1024 608 -128 ) (-1024 608 -192 ) 
4 333 334 (-1024 0 -192 ) (-1024 608 -192 ) (-128 608 -192 ) (-128 0 -192 ) 
4 334 340 (0 0 -768 ) (0 0 -192 ) (-1024 0 -192 ) (-1024 0 -768 ) 
4 334 335 (-1024 0 -768 ) (-1024 0 -192 ) (-1024 800 -192 ) (-1024 800 -768 ) 
4 335 341 (-1024 0 -768 ) (-1024 0 1280 ) (-1536 0 1280 ) (-1536 0 -768 ) 
4 336 337 (256 -256 0 ) (256 -256 1280 ) (256 0 1280 ) (256 0 0 ) 
4 336 338 (256 0 -768 ) (256 -256 -768 ) (256 -256 -128 ) (256 0 -128 ) 
4 336 339 (256 -256 -768 ) (256 -512 -768 ) (256 -512 1280 ) (256 -256 1280 ) 
4 337 340 (0 0 1280 ) (0 0 0 ) (0 -256 0 ) (0 -256 1280 ) 
4 337 339 (256 -256 0 ) (256 -256 1280 ) (0 -256 1280 ) (0 -256 0 ) 
4 338 340 (0 0 -128 ) (0 0 -768 ) (0 -256 -768 ) (0 -256 -128 ) 
4 338 339 (0 -256 -768 ) (256 -256 -768 ) (256 -256 -128 ) (0 -256 -128 ) 
4 339 340 (0 -256 -768 ) (0 -512 -768 ) (0 -512 1280 ) (0 -256 1280 ) 
4 340 341 (-1024 0 1280 ) (-1024 0 -768 ) (-1024 -512 -768 ) (-1024 -512 1280 ) 
