PRT1
105
363
4 0 14 (1024 320 384 ) (1024 320 1024 ) (1024 512 1024 ) (1024 512 384 ) 
4 0 1 (1024 320 1024 ) (1024 320 384 ) (1408 320 384 ) (1408 320 1024 ) 
4 1 102 (1024 0 1024 ) (1024 0 384 ) (1408 0 384 ) (1408 0 1024 ) 
4 1 65 (1024 0 384 ) (1024 0 1024 ) (1024 128 1024 ) (1024 128 384 ) 
4 1 53 (1024 128 1024 ) (1024 208 1024 ) (1024 208 384 ) (1024 128 384 ) 
4 1 14 (1024 208 1024 ) (1024 320 1024 ) (1024 320 384 ) (1024 208 384 ) 
4 1 5 (1024 320 384 ) (1056 320 384 ) (1056 256 384 ) (1024 256 384 ) 
4 1 4 (1120 320 384 ) (1184 320 384 ) (1184 256 384 ) (1120 256 384 ) 
4 1 2 (1376 320 384 ) (1408 320 384 ) (1408 256 384 ) (1376 256 384 ) 
4 1 3 (1248 320 384 ) (1312 320 384 ) (1312 256 384 ) (1248 256 384 ) 
4 1 6 (1408 256 384 ) (1408 0 384 ) (1024 0 384 ) (1024 256 384 ) 
4 2 6 (1376 256 264 ) (1408 256 264 ) (1408 256 384 ) (1376 256 384 ) 
4 3 6 (1248 256 264 ) (1312 256 264 ) (1312 256 384 ) (1248 256 384 ) 
4 4 6 (1120 256 264 ) (1184 256 264 ) (1184 256 384 ) (1120 256 384 ) 
4 5 15 (1024 320 360 ) (1024 320 264 ) (1024 256 264 ) (1024 256 360 ) 
4 5 14 (1024 256 384 ) (1024 320 384 ) (1024 320 360 ) (1024 256 360 ) 
4 5 6 (1024 256 264 ) (1056 256 264 ) (1056 256 384 ) (1024 256 384 ) 
4 6 102 (1024 0 384 ) (1024 0 264 ) (1408 0 264 ) (1408 0 384 ) 
4 6 66 (1024 0 264 ) (1024 0 272 ) (1024 128 272 ) (1024 128 264 ) 
4 6 65 (1024 0 272 ) (1024 0 384 ) (1024 128 384 ) (1024 128 272 ) 
4 6 53 (1024 128 384 ) (1024 208 384 ) (1024 208 264 ) (1024 128 264 ) 
4 6 15 (1024 256 360 ) (1024 256 264 ) (1024 208 264 ) (1024 208 360 ) 
4 6 14 (1024 208 384 ) (1024 256 384 ) (1024 256 360 ) (1024 208 360 ) 
4 6 7 (1408 256 264 ) (1408 184 264 ) (1024 184 264 ) (1024 256 264 ) 
4 6 8 (1408 184 264 ) (1408 0 264 ) (1024 0 264 ) (1024 184 264 ) 
4 7 53 (1024 184 264 ) (1024 208 264 ) (1024 208 200 ) (1024 184 200 ) 
4 7 43 (1024 256 216 ) (1024 256 200 ) (1024 208 200 ) (1024 208 216 ) 
4 7 35 (1024 256 248 ) (1024 256 216 ) (1024 208 216 ) (1024 208 248 ) 
4 7 15 (1024 208 264 ) (1024 256 264 ) (1024 256 248 ) (1024 208 248 ) 
4 7 8 (1408 184 200 ) (1408 184 264 ) (1024 184 264 ) (1024 184 200 ) 
4 8 102 (1024 0 264 ) (1024 0 192 ) (1408 0 192 ) (1408 0 264 ) 
4 8 66 (1024 0 192 ) (1024 0 264 ) (1024 128 264 ) (1024 128 192 ) 
4 8 53 (1024 128 264 ) (1024 184 264 ) (1024 184 192 ) (1024 128 192 ) 
4 8 11 (1400 0 192 ) (1296 0 192 ) (1296 144 192 ) (1400 144 192 ) 
4 8 10 (1408 0 192 ) (1400 0 192 ) (1400 184 192 ) (1408 184 192 ) 
4 8 12 (1296 0 192 ) (1024 0 192 ) (1024 184 192 ) (1296 184 192 ) 
4 9 12 (1224 192 64 ) (1272 192 64 ) (1272 192 144 ) (1224 192 144 ) 
4 10 102 (1408 0 192 ) (1400 0 192 ) (1400 0 64 ) (1408 0 64 ) 
4 10 13 (1408 128 64 ) (1408 0 64 ) (1400 0 64 ) (1400 128 64 ) 
4 10 11 (1400 144 64 ) (1400 0 64 ) (1400 0 192 ) (1400 144 192 ) 
4 11 102 (1400 0 192 ) (1296 0 192 ) (1296 0 64 ) (1400 0 64 ) 
4 11 13 (1400 128 64 ) (1400 0 64 ) (1296 0 64 ) (1296 128 64 ) 
4 11 12 (1296 144 64 ) (1296 0 64 ) (1296 0 192 ) (1296 144 192 ) 
4 12 102 (1296 0 192 ) (1024 0 192 ) (1024 0 64 ) (1296 0 64 ) 
4 12 80 (1024 0 64 ) (1024 0 80 ) (1024 192 80 ) (1024 192 64 ) 
4 12 70 (1024 0 80 ) (1024 0 192 ) (1024 192 192 ) (1024 192 80 ) 
4 12 13 (1024 0 64 ) (1024 128 64 ) (1296 128 64 ) (1296 0 64 ) 
4 13 102 (1408 0 64 ) (1024 0 64 ) (1024 0 60 ) (1408 0 60 ) 
4 13 97 (1024 0 60 ) (1024 0 64 ) (1024 128 64 ) (1024 128 60 ) 
4 14 98 (0 208 360 ) (0 208 1024 ) (0 512 1024 ) (0 512 360 ) 
4 14 64 (0 208 1024 ) (0 208 360 ) (512 208 360 ) (512 208 1024 ) 
4 14 63 (512 208 360 ) (552 208 360 ) (552 208 1024 ) (512 208 1024 ) 
4 14 61 (552 208 360 ) (600 208 360 ) (600 208 1024 ) (552 208 1024 ) 
4 14 60 (600 208 360 ) (680 208 360 ) (680 208 1024 ) (600 208 1024 ) 
4 14 58 (680 208 360 ) (728 208 360 ) (728 208 1024 ) (680 208 1024 ) 
4 14 57 (728 208 360 ) (808 208 360 ) (808 208 1024 ) (728 208 1024 ) 
4 14 55 (808 208 360 ) (856 208 360 ) (856 208 1024 ) (808 208 1024 ) 
4 14 54 (856 208 360 ) (896 208 360 ) (896 208 1024 ) (856 208 1024 ) 
4 14 53 (896 208 360 ) (1024 208 360 ) (1024 208 1024 ) (896 208 1024 ) 
4 14 34 (40 208 360 ) (0 208 360 ) (0 448 360 ) (40 448 360 ) 
4 14 31 (88 208 360 ) (40 208 360 ) (40 448 360 ) (88 448 360 ) 
4 14 28 (88 440 360 ) (88 448 360 ) (128 448 360 ) (128 440 360 ) 
4 14 30 (128 208 360 ) (88 208 360 ) (88 440 360 ) (128 440 360 ) 
4 14 27 (168 208 360 ) (128 208 360 ) (128 440 360 ) (168 440 360 ) 
4 14 24 (216 208 360 ) (168 208 360 ) (168 440 360 ) (216 440 360 ) 
4 14 23 (256 208 360 ) (216 208 360 ) (216 440 360 ) (256 440 360 ) 
4 14 20 (256 440 360 ) (256 448 360 ) (296 448 360 ) (296 440 360 ) 
4 14 22 (296 208 360 ) (256 208 360 ) (256 440 360 ) (296 440 360 ) 
4 14 17 (344 208 360 ) (296 208 360 ) (296 448 360 ) (344 448 360 ) 
4 14 16 (384 208 360 ) (344 208 360 ) (344 448 360 ) (384 448 360 ) 
4 14 15 (1024 208 360 ) (384 208 360 ) (384 512 360 ) (1024 512 360 ) 
4 15 64 (384 208 248 ) (512 208 248 ) (512 208 360 ) (384 208 360 ) 
4 15 63 (552 208 320 ) (552 208 360 ) (512 208 360 ) (512 208 320 ) 
4 15 61 (600 208 320 ) (600 208 360 ) (552 208 360 ) (552 208 320 ) 
4 15 60 (680 208 320 ) (680 208 360 ) (600 208 360 ) (600 208 320 ) 
4 15 58 (728 208 320 ) (728 208 360 ) (680 208 360 ) (680 208 320 ) 
4 15 57 (808 208 320 ) (808 208 360 ) (728 208 360 ) (728 208 320 ) 
4 15 55 (856 208 320 ) (856 208 360 ) (808 208 360 ) (808 208 320 ) 
4 15 54 (896 208 320 ) (896 208 360 ) (856 208 360 ) (856 208 320 ) 
4 15 53 (896 208 248 ) (1024 208 248 ) (1024 208 360 ) (896 208 360 ) 
4 15 35 (1024 208 248 ) (384 208 248 ) (384 512 248 ) (1024 512 248 ) 
4 15 16 (384 448 248 ) (384 208 248 ) (384 208 360 ) (384 448 360 ) 
4 16 64 (344 208 248 ) (384 208 248 ) (384 208 360 ) (344 208 360 ) 
4 16 35 (384 208 248 ) (344 208 248 ) (344 448 248 ) (384 448 248 ) 
4 16 19 (344 448 248 ) (344 208 248 ) (344 208 272 ) (344 448 272 ) 
4 16 18 (344 208 272 ) (344 208 336 ) (344 448 336 ) (344 448 272 ) 
4 16 17 (344 208 336 ) (344 208 360 ) (344 448 360 ) (344 448 336 ) 
4 17 64 (344 208 336 ) (344 208 360 ) (296 208 360 ) (296 208 336 ) 
4 17 20 (296 440 360 ) (296 448 360 ) (296 448 336 ) (296 440 336 ) 
4 17 22 (296 208 336 ) (296 208 360 ) (296 440 360 ) (296 440 336 ) 
4 17 18 (296 208 336 ) (296 448 336 ) (344 448 336 ) (344 208 336 ) 
4 18 64 (344 208 272 ) (344 208 336 ) (296 208 336 ) (296 208 272 ) 
4 18 21 (296 448 304 ) (296 448 272 ) (296 440 272 ) (296 440 304 ) 
4 18 20 (296 440 336 ) (296 448 336 ) (296 448 304 ) (296 440 304 ) 
4 18 22 (296 208 272 ) (296 208 336 ) (296 440 336 ) (296 440 272 ) 
4 18 19 (296 208 272 ) (296 448 272 ) (344 448 272 ) (344 208 272 ) 
4 19 64 (296 208 248 ) (344 208 248 ) (344 208 272 ) (296 208 272 ) 
4 19 35 (344 208 248 ) (296 208 248 ) (296 448 248 ) (344 448 248 ) 
4 19 21 (296 448 248 ) (296 440 248 ) (296 440 272 ) (296 448 272 ) 
4 19 22 (296 440 248 ) (296 208 248 ) (296 208 272 ) (296 440 272 ) 
4 20 21 (296 440 304 ) (272 440 304 ) (272 448 304 ) (296 448 304 ) 
4 20 22 (256 440 360 ) (256 440 304 ) (296 440 304 ) (296 440 360 ) 
4 21 35 (288 448 248 ) (296 448 248 ) (296 440 248 ) (288 440 248 ) 
4 21 22 (288 440 248 ) (296 440 248 ) (296 440 304 ) (272 440 304 ) 
4 22 64 (256 208 248 ) (296 208 248 ) (296 208 360 ) (256 208 360 ) 
4 22 35 (296 208 248 ) (256 208 248 ) (256 440 248 ) (296 440 248 ) 
4 22 23 (256 440 248 ) (256 208 248 ) (256 208 360 ) (256 440 360 ) 
4 23 64 (216 208 248 ) (256 208 248 ) (256 208 360 ) (216 208 360 ) 
4 23 35 (256 208 248 ) (216 208 248 ) (216 440 248 ) (256 440 248 ) 
4 23 26 (216 440 248 ) (216 208 248 ) (216 208 272 ) (216 440 272 ) 
4 23 25 (216 208 272 ) (216 208 336 ) (216 440 336 ) (216 440 272 ) 
4 23 24 (216 208 336 ) (216 208 360 ) (216 440 360 ) (216 440 336 ) 
4 24 64 (216 208 336 ) (216 208 360 ) (168 208 360 ) (168 208 336 ) 
4 24 27 (168 208 336 ) (168 208 360 ) (168 440 360 ) (168 440 336 ) 
4 24 25 (168 208 336 ) (168 440 336 ) (216 440 336 ) (216 208 336 ) 
4 25 64 (216 208 272 ) (216 208 336 ) (168 208 336 ) (168 208 272 ) 
4 25 27 (168 208 272 ) (168 208 336 ) (168 440 336 ) (168 440 272 ) 
4 25 26 (168 208 272 ) (168 440 272 ) (216 440 272 ) (216 208 272 ) 
4 26 64 (168 208 248 ) (216 208 248 ) (216 208 272 ) (168 208 272 ) 
4 26 35 (216 208 248 ) (168 208 248 ) (168 440 248 ) (216 440 248 ) 
4 26 27 (168 440 248 ) (168 208 248 ) (168 208 272 ) (168 440 272 ) 
4 27 64 (128 208 248 ) (168 208 248 ) (168 208 360 ) (128 208 360 ) 
4 27 35 (168 208 248 ) (128 208 248 ) (128 440 248 ) (168 440 248 ) 
4 27 30 (128 440 248 ) (128 208 248 ) (128 208 360 ) (128 440 360 ) 
4 28 32 (88 440 304 ) (88 440 336 ) (88 448 336 ) (88 448 304 ) 
4 28 31 (88 440 336 ) (88 440 360 ) (88 448 360 ) (88 448 336 ) 
4 28 29 (112 440 304 ) (88 440 304 ) (88 448 304 ) (112 448 304 ) 
4 28 30 (88 440 360 ) (88 440 304 ) (128 440 304 ) (128 440 360 ) 
4 29 35 (88 440 248 ) (88 448 248 ) (96 448 248 ) (96 440 248 ) 
4 29 33 (88 448 248 ) (88 440 248 ) (88 440 272 ) (88 448 272 ) 
4 29 32 (88 440 272 ) (88 440 304 ) (88 448 304 ) (88 448 272 ) 
4 29 30 (88 440 304 ) (88 440 248 ) (96 440 248 ) (112 440 304 ) 
4 30 64 (88 208 248 ) (128 208 248 ) (128 208 360 ) (88 208 360 ) 
4 30 35 (128 208 248 ) (88 208 248 ) (88 440 248 ) (128 440 248 ) 
4 30 33 (88 440 248 ) (88 208 248 ) (88 208 272 ) (88 440 272 ) 
4 30 32 (88 208 272 ) (88 208 336 ) (88 440 336 ) (88 440 272 ) 
4 30 31 (88 208 336 ) (88 208 360 ) (88 440 360 ) (88 440 336 ) 
4 31 64 (88 208 336 ) (88 208 360 ) (40 208 360 ) (40 208 336 ) 
4 31 34 (40 208 336 ) (40 208 360 ) (40 448 360 ) (40 448 336 ) 
4 31 32 (40 208 336 ) (40 448 336 ) (88 448 336 ) (88 208 336 ) 
4 32 64 (88 208 272 ) (88 208 336 ) (40 208 336 ) (40 208 272 ) 
4 32 34 (40 208 272 ) (40 208 336 ) (40 448 336 ) (40 448 272 ) 
4 32 33 (40 208 272 ) (40 448 272 ) (88 448 272 ) (88 208 272 ) 
4 33 64 (40 208 248 ) (88 208 248 ) (88 208 272 ) (40 208 272 ) 
4 33 35 (88 208 248 ) (40 208 248 ) (40 448 248 ) (88 448 248 ) 
4 33 34 (40 448 248 ) (40 208 248 ) (40 208 272 ) (40 448 272 ) 
4 34 98 (0 208 248 ) (0 208 360 ) (0 448 360 ) (0 448 248 ) 
4 34 64 (0 208 360 ) (0 208 248 ) (40 208 248 ) (40 208 360 ) 
4 34 35 (40 208 248 ) (0 208 248 ) (0 448 248 ) (40 448 248 ) 
4 35 98 (0 208 216 ) (0 208 248 ) (0 512 248 ) (0 512 216 ) 
4 35 64 (0 208 248 ) (0 208 216 ) (512 208 216 ) (512 208 248 ) 
4 35 53 (896 208 216 ) (1024 208 216 ) (1024 208 248 ) (896 208 248 ) 
4 35 45 (352 224 216 ) (352 256 216 ) (384 256 216 ) (384 224 216 ) 
4 35 44 (352 256 216 ) (352 456 216 ) (384 456 216 ) (384 256 216 ) 
4 35 46 (384 208 216 ) (352 208 216 ) (352 224 216 ) (384 224 216 ) 
4 35 43 (1024 208 216 ) (384 208 216 ) (384 456 216 ) (1024 456 216 ) 
4 35 47 (352 208 216 ) (0 208 216 ) (0 456 216 ) (352 456 216 ) 
4 35 41 (144 472 216 ) (160 472 216 ) (160 464 216 ) (128 464 216 ) 
4 35 42 (0 456 216 ) (0 464 216 ) (160 464 216 ) (160 456 216 ) 
4 35 38 (224 472 216 ) (240 472 216 ) (256 464 216 ) (224 464 216 ) 
4 35 37 (384 472 216 ) (1024 472 216 ) (1024 464 216 ) (384 464 216 ) 
4 35 39 (1024 464 216 ) (1024 456 216 ) (224 456 216 ) (224 464 216 ) 
4 35 36 (384 512 216 ) (1024 512 216 ) (1024 472 216 ) (384 472 216 ) 
4 36 48 (384 512 128 ) (1024 512 128 ) (1024 472 128 ) (384 472 128 ) 
4 36 37 (384 472 128 ) (1024 472 128 ) (1024 472 216 ) (384 472 216 ) 
4 37 48 (384 472 128 ) (1024 472 128 ) (1024 464 128 ) (384 464 128 ) 
4 37 39 (384 464 128 ) (1024 464 128 ) (1024 464 216 ) (384 464 216 ) 
4 38 39 (224 464 216 ) (224 464 128 ) (256 464 128 ) (256 464 216 ) 
4 39 48 (1024 464 128 ) (1024 456 128 ) (384 456 128 ) (384 464 128 ) 
4 39 44 (352 456 128 ) (384 456 128 ) (384 456 216 ) (352 456 216 ) 
4 39 43 (384 456 128 ) (1024 456 128 ) (1024 456 216 ) (384 456 216 ) 
4 39 47 (224 456 128 ) (352 456 128 ) (352 456 216 ) (224 456 216 ) 
4 40 47 (168 456 128 ) (216 456 128 ) (216 456 208 ) (168 456 208 ) 
4 41 42 (128 464 128 ) (160 464 128 ) (160 464 216 ) (128 464 216 ) 
4 42 98 (0 456 216 ) (0 464 216 ) (0 464 128 ) (0 456 128 ) 
4 42 47 (0 456 128 ) (160 456 128 ) (160 456 216 ) (0 456 216 ) 
4 43 86 (384 208 128 ) (512 208 128 ) (512 208 192 ) (384 208 192 ) 
4 43 70 (896 208 128 ) (1024 208 128 ) (1024 208 192 ) (896 208 192 ) 
4 43 64 (512 208 216 ) (384 208 216 ) (384 208 192 ) (512 208 192 ) 
4 43 53 (1024 208 192 ) (1024 208 216 ) (896 208 216 ) (896 208 192 ) 
4 43 49 (1024 208 128 ) (384 208 128 ) (384 320 128 ) (1024 320 128 ) 
4 43 48 (384 320 128 ) (384 456 128 ) (1024 456 128 ) (1024 320 128 ) 
4 43 45 (384 224 192 ) (384 224 216 ) (384 256 216 ) (384 256 192 ) 
4 43 44 (384 456 216 ) (384 456 128 ) (384 256 128 ) (384 256 216 ) 
4 43 46 (384 224 128 ) (384 208 128 ) (384 208 216 ) (384 224 216 ) 
4 44 45 (352 256 216 ) (352 256 192 ) (384 256 192 ) (384 256 216 ) 
4 44 47 (352 456 216 ) (352 456 128 ) (352 256 128 ) (352 256 216 ) 
4 45 47 (352 224 192 ) (352 224 216 ) (352 256 216 ) (352 256 192 ) 
4 45 46 (352 224 216 ) (352 224 192 ) (384 224 192 ) (384 224 216 ) 
4 46 87 (352 208 128 ) (384 208 128 ) (384 208 192 ) (352 208 192 ) 
4 46 64 (384 208 192 ) (384 208 216 ) (352 208 216 ) (352 208 192 ) 
4 46 47 (352 224 128 ) (352 208 128 ) (352 208 216 ) (352 224 216 ) 
4 47 98 (0 208 128 ) (0 208 216 ) (0 456 216 ) (0 456 128 ) 
4 47 91 (0 208 192 ) (0 208 128 ) (128 208 128 ) (128 208 192 ) 
4 47 89 (128 208 128 ) (256 208 128 ) (256 208 192 ) (128 208 192 ) 
4 47 87 (256 208 128 ) (352 208 128 ) (352 208 192 ) (256 208 192 ) 
4 47 64 (0 208 216 ) (0 208 192 ) (352 208 192 ) (352 208 216 ) 
4 47 50 (256 208 128 ) (64 208 128 ) (64 320 128 ) (256 320 128 ) 
4 48 51 (896 512 64 ) (1024 512 64 ) (1024 320 64 ) (896 320 64 ) 
4 48 52 (384 512 64 ) (512 512 64 ) (512 320 64 ) (384 320 64 ) 
4 48 49 (384 320 64 ) (1024 320 64 ) (1024 320 128 ) (384 320 128 ) 
4 49 86 (384 208 64 ) (512 208 64 ) (512 208 128 ) (384 208 128 ) 
4 49 80 (896 208 64 ) (1024 208 64 ) (1024 208 80 ) (896 208 80 ) 
4 49 70 (1024 208 80 ) (1024 208 128 ) (896 208 128 ) (896 208 80 ) 
4 49 51 (1024 208 64 ) (896 208 64 ) (896 320 64 ) (1024 320 64 ) 
4 49 52 (512 208 64 ) (384 208 64 ) (384 320 64 ) (512 320 64 ) 
3 50 92 (128 208 96 ) (128 208 128 ) (64 208 128 ) 
4 50 89 (128 208 96 ) (256 208 96 ) (256 208 128 ) (128 208 128 ) 
4 51 95 (896 208 0 ) (1024 208 0 ) (1024 208 64 ) (896 208 64 ) 
4 52 96 (384 208 0 ) (512 208 0 ) (512 208 64 ) (384 208 64 ) 
4 53 70 (896 208 192 ) (1024 208 192 ) (1024 128 192 ) (896 128 192 ) 
4 53 66 (896 128 192 ) (1024 128 192 ) (1024 128 272 ) (896 128 272 ) 
4 53 65 (1024 128 272 ) (1024 128 1024 ) (896 128 1024 ) (896 128 272 ) 
4 53 54 (896 208 1024 ) (896 208 320 ) (896 128 320 ) (896 128 1024 ) 
4 54 65 (896 128 320 ) (896 128 1024 ) (856 128 1024 ) (856 128 320 ) 
4 54 55 (856 208 1024 ) (856 208 320 ) (856 128 320 ) (856 128 1024 ) 
4 55 65 (856 128 320 ) (856 128 1024 ) (808 128 1024 ) (808 128 320 ) 
4 55 57 (808 208 1024 ) (808 208 320 ) (808 128 320 ) (808 128 1024 ) 
4 56 66 (856 128 216 ) (856 128 272 ) (808 128 272 ) (808 128 216 ) 
4 56 65 (856 128 272 ) (856 128 280 ) (808 128 280 ) (808 128 272 ) 
4 57 65 (808 128 320 ) (808 128 1024 ) (728 128 1024 ) (728 128 320 ) 
4 57 58 (728 208 1024 ) (728 208 320 ) (728 128 320 ) (728 128 1024 ) 
4 58 65 (728 128 320 ) (728 128 1024 ) (680 128 1024 ) (680 128 320 ) 
4 58 60 (680 208 1024 ) (680 208 320 ) (680 128 320 ) (680 128 1024 ) 
4 59 69 (728 128 216 ) (728 128 272 ) (680 128 272 ) (680 128 216 ) 
4 59 65 (728 128 272 ) (728 128 280 ) (680 128 280 ) (680 128 272 ) 
4 60 65 (680 128 320 ) (680 128 1024 ) (600 128 1024 ) (600 128 320 ) 
4 60 61 (600 208 1024 ) (600 208 320 ) (600 128 320 ) (600 128 1024 ) 
4 61 65 (600 128 320 ) (600 128 1024 ) (552 128 1024 ) (552 128 320 ) 
4 61 63 (552 208 1024 ) (552 208 320 ) (552 128 320 ) (552 128 1024 ) 
4 62 69 (600 128 216 ) (600 128 272 ) (552 128 272 ) (552 128 216 ) 
4 62 65 (600 128 272 ) (600 128 280 ) (552 128 280 ) (552 128 272 ) 
4 63 65 (552 128 320 ) (552 128 1024 ) (512 128 1024 ) (512 128 320 ) 
4 63 64 (512 208 1024 ) (512 208 320 ) (512 128 320 ) (512 128 1024 ) 
4 64 98 (0 208 1024 ) (0 208 192 ) (0 128 192 ) (0 128 1024 ) 
4 64 93 (128 192 192 ) (128 128 192 ) (0 128 192 ) (0 192 192 ) 
4 64 91 (0 208 192 ) (128 208 192 ) (128 192 192 ) (0 192 192 ) 
4 64 89 (128 208 192 ) (256 208 192 ) (256 128 192 ) (128 128 192 ) 
4 64 87 (256 208 192 ) (384 208 192 ) (384 128 192 ) (256 128 192 ) 
4 64 86 (384 208 192 ) (512 208 192 ) (512 128 192 ) (384 128 192 ) 
4 64 69 (0 128 272 ) (0 128 192 ) (512 128 192 ) (512 128 272 ) 
4 64 65 (0 128 1024 ) (0 128 272 ) (512 128 272 ) (512 128 1024 ) 
4 65 103 (1024 0 272 ) (1024 0 1024 ) (0 0 1024 ) (0 0 272 ) 
4 65 101 (0 0 272 ) (0 0 1024 ) (0 128 1024 ) (0 128 272 ) 
4 65 68 (800 96 272 ) (800 0 272 ) (736 0 272 ) (736 96 272 ) 
4 65 66 (800 128 272 ) (1024 128 272 ) (1024 0 272 ) (800 0 272 ) 
4 65 69 (0 128 272 ) (736 128 272 ) (736 0 272 ) (0 0 272 ) 
4 66 103 (1024 0 192 ) (1024 0 272 ) (800 0 272 ) (800 0 192 ) 
4 66 75 (808 0 192 ) (800 0 192 ) (800 128 192 ) (808 128 192 ) 
4 66 72 (856 0 192 ) (808 0 192 ) (808 128 192 ) (856 128 192 ) 
4 66 71 (896 0 192 ) (856 0 192 ) (856 128 192 ) (896 128 192 ) 
4 66 70 (1024 128 192 ) (1024 0 192 ) (896 0 192 ) (896 128 192 ) 
4 66 67 (800 128 240 ) (800 128 192 ) (800 96 192 ) (800 96 240 ) 
4 66 68 (800 0 272 ) (800 96 272 ) (800 96 192 ) (800 0 192 ) 
4 67 76 (736 96 192 ) (736 128 192 ) (768 128 192 ) (768 96 192 ) 
4 67 75 (768 128 192 ) (800 128 192 ) (800 96 192 ) (768 96 192 ) 
4 67 68 (736 96 240 ) (736 96 192 ) (800 96 192 ) (800 96 240 ) 
4 67 69 (736 128 240 ) (736 128 192 ) (736 96 192 ) (736 96 240 ) 
4 68 103 (800 0 272 ) (736 0 272 ) (736 0 192 ) (800 0 192 ) 
4 68 76 (768 0 192 ) (736 0 192 ) (736 96 192 ) (768 96 192 ) 
4 68 75 (800 0 192 ) (768 0 192 ) (768 96 192 ) (800 96 192 ) 
4 68 69 (736 0 272 ) (736 96 272 ) (736 96 192 ) (736 0 192 ) 
4 69 103 (736 0 272 ) (0 0 272 ) (0 0 192 ) (736 0 192 ) 
4 69 101 (0 0 192 ) (0 0 272 ) (0 128 272 ) (0 128 192 ) 
4 69 94 (128 0 192 ) (0 0 192 ) (0 128 192 ) (128 128 192 ) 
4 69 89 (256 0 192 ) (128 0 192 ) (128 128 192 ) (256 128 192 ) 
4 69 88 (384 0 192 ) (256 0 192 ) (256 128 192 ) (384 128 192 ) 
4 69 86 (512 0 192 ) (384 0 192 ) (384 128 192 ) (512 128 192 ) 
4 69 85 (552 0 192 ) (512 0 192 ) (512 128 192 ) (552 128 192 ) 
4 69 84 (640 0 192 ) (552 0 192 ) (552 128 192 ) (640 128 192 ) 
4 69 79 (680 0 192 ) (640 0 192 ) (640 128 192 ) (680 128 192 ) 
4 69 77 (728 0 192 ) (680 0 192 ) (680 128 192 ) (728 128 192 ) 
4 69 76 (736 0 192 ) (728 0 192 ) (728 128 192 ) (736 128 192 ) 
4 70 103 (1024 0 80 ) (1024 0 192 ) (896 0 192 ) (896 0 80 ) 
4 70 80 (1024 0 80 ) (896 0 80 ) (896 208 80 ) (1024 208 80 ) 
4 70 71 (896 144 80 ) (896 0 80 ) (896 0 192 ) (896 144 192 ) 
4 71 103 (896 0 192 ) (856 0 192 ) (856 0 80 ) (896 0 80 ) 
4 71 81 (896 0 80 ) (856 0 80 ) (856 144 80 ) (896 144 80 ) 
4 71 74 (856 144 80 ) (856 0 80 ) (856 0 104 ) (856 144 104 ) 
4 71 73 (856 0 104 ) (856 0 168 ) (856 144 168 ) (856 144 104 ) 
4 71 72 (856 0 168 ) (856 0 192 ) (856 144 192 ) (856 144 168 ) 
4 72 103 (856 0 192 ) (808 0 192 ) (808 0 168 ) (856 0 168 ) 
4 72 75 (808 0 168 ) (808 0 192 ) (808 144 192 ) (808 144 168 ) 
4 72 73 (808 0 168 ) (808 144 168 ) (856 144 168 ) (856 0 168 ) 
4 73 103 (808 0 168 ) (808 0 104 ) (856 0 104 ) (856 0 168 ) 
4 73 75 (808 0 104 ) (808 0 168 ) (808 144 168 ) (808 144 104 ) 
4 73 74 (808 0 104 ) (808 144 104 ) (856 144 104 ) (856 0 104 ) 
4 74 103 (808 0 104 ) (808 0 80 ) (856 0 80 ) (856 0 104 ) 
4 74 81 (856 0 80 ) (808 0 80 ) (808 144 80 ) (856 144 80 ) 
4 74 75 (808 144 80 ) (808 0 80 ) (808 0 104 ) (808 144 104 ) 
4 75 103 (808 0 192 ) (768 0 192 ) (768 0 80 ) (808 0 80 ) 
4 75 81 (808 0 80 ) (768 0 80 ) (768 144 80 ) (808 144 80 ) 
4 75 76 (768 144 80 ) (768 0 80 ) (768 0 192 ) (768 144 192 ) 
4 76 103 (768 0 192 ) (728 0 192 ) (728 0 80 ) (768 0 80 ) 
4 76 82 (768 0 80 ) (728 0 80 ) (728 160 80 ) (768 160 80 ) 
4 76 78 (728 184 80 ) (728 0 80 ) (728 0 160 ) (728 184 160 ) 
4 76 77 (728 0 160 ) (728 0 192 ) (728 184 192 ) (728 184 160 ) 
4 77 103 (728 0 192 ) (680 0 192 ) (680 0 160 ) (728 0 160 ) 
4 77 79 (680 0 160 ) (680 0 192 ) (680 184 192 ) (680 184 160 ) 
4 77 78 (680 0 160 ) (680 184 160 ) (728 184 160 ) (728 0 160 ) 
4 78 103 (680 0 160 ) (680 0 80 ) (728 0 80 ) (728 0 160 ) 
4 78 82 (728 0 80 ) (680 0 80 ) (680 160 80 ) (728 160 80 ) 
4 78 79 (680 184 80 ) (680 0 80 ) (680 0 160 ) (680 184 160 ) 
4 79 103 (680 0 192 ) (640 0 192 ) (640 0 80 ) (680 0 80 ) 
4 79 84 (640 0 80 ) (640 0 192 ) (640 144 192 ) (640 144 80 ) 
4 79 82 (680 0 80 ) (640 0 80 ) (640 160 80 ) (680 160 80 ) 
4 80 103 (1024 0 64 ) (1024 0 80 ) (896 0 80 ) (896 0 64 ) 
4 80 97 (1024 0 64 ) (896 0 64 ) (896 128 64 ) (1024 128 64 ) 
4 80 95 (896 128 64 ) (896 208 64 ) (1024 208 64 ) (1024 128 64 ) 
4 80 81 (896 144 64 ) (896 0 64 ) (896 0 80 ) (896 144 80 ) 
4 81 103 (896 0 80 ) (768 0 80 ) (768 0 64 ) (896 0 64 ) 
4 81 97 (896 0 64 ) (768 0 64 ) (768 128 64 ) (896 128 64 ) 
4 81 82 (768 144 64 ) (768 0 64 ) (768 0 80 ) (768 144 80 ) 
4 82 103 (768 0 80 ) (640 0 80 ) (640 0 64 ) (768 0 64 ) 
4 82 97 (768 0 64 ) (640 0 64 ) (640 128 64 ) (768 128 64 ) 
4 82 84 (640 144 64 ) (640 0 64 ) (640 0 80 ) (640 144 80 ) 
4 83 84 (552 144 168 ) (552 144 104 ) (600 144 104 ) (600 144 168 ) 
4 84 103 (640 0 192 ) (552 0 192 ) (552 0 64 ) (640 0 64 ) 
4 84 97 (640 0 64 ) (552 0 64 ) (552 128 64 ) (640 128 64 ) 
4 84 85 (552 144 64 ) (552 0 64 ) (552 0 192 ) (552 144 192 ) 
4 85 103 (552 0 192 ) (512 0 192 ) (512 0 64 ) (552 0 64 ) 
4 85 97 (552 0 64 ) (512 0 64 ) (512 128 64 ) (552 128 64 ) 
4 85 86 (512 144 64 ) (512 0 64 ) (512 0 192 ) (512 144 192 ) 
4 86 103 (512 0 192 ) (384 0 192 ) (384 0 64 ) (512 0 64 ) 
4 86 97 (512 0 64 ) (384 0 64 ) (384 128 64 ) (512 128 64 ) 
4 86 96 (384 128 64 ) (384 208 64 ) (512 208 64 ) (512 128 64 ) 
4 86 87 (384 128 128 ) (384 128 192 ) (384 208 192 ) (384 208 128 ) 
4 86 88 (384 128 64 ) (384 0 64 ) (384 0 192 ) (384 128 192 ) 
4 87 89 (256 128 128 ) (256 128 192 ) (256 208 192 ) (256 208 128 ) 
4 87 88 (256 128 192 ) (256 128 128 ) (384 128 128 ) (384 128 192 ) 
4 88 103 (384 0 192 ) (256 0 192 ) (256 0 64 ) (384 0 64 ) 
4 88 97 (384 0 64 ) (256 0 64 ) (256 128 64 ) (384 128 64 ) 
4 88 90 (256 128 64 ) (256 0 64 ) (256 0 96 ) (256 128 96 ) 
4 88 89 (256 0 96 ) (256 0 192 ) (256 128 192 ) (256 128 96 ) 
4 89 103 (256 0 192 ) (128 0 192 ) (128 0 96 ) (256 0 96 ) 
4 89 93 (128 128 192 ) (128 192 192 ) (128 192 128 ) (128 128 128 ) 
4 89 94 (128 0 96 ) (128 0 192 ) (128 128 192 ) (128 128 96 ) 
4 89 92 (128 208 128 ) (128 208 96 ) (128 192 96 ) (128 192 128 ) 
4 89 91 (128 192 192 ) (128 208 192 ) (128 208 128 ) (128 192 128 ) 
4 89 90 (128 0 96 ) (128 192 96 ) (256 192 96 ) (256 0 96 ) 
4 90 103 (128 0 96 ) (128 0 64 ) (256 0 64 ) (256 0 96 ) 
4 90 97 (256 0 64 ) (128 0 64 ) (128 128 64 ) (256 128 64 ) 
4 90 94 (128 128 64 ) (128 0 64 ) (128 0 96 ) (128 128 96 ) 
4 91 98 (0 192 192 ) (0 208 192 ) (0 208 128 ) (0 192 128 ) 
4 91 93 (128 192 128 ) (128 192 192 ) (0 192 192 ) (0 192 128 ) 
4 91 92 (128 192 128 ) (64 192 128 ) (64 208 128 ) (128 208 128 ) 
4 93 98 (0 128 192 ) (0 192 192 ) (0 192 128 ) (0 128 128 ) 
4 93 94 (128 128 128 ) (128 128 192 ) (0 128 192 ) (0 128 128 ) 
4 94 103 (128 0 192 ) (0 0 192 ) (0 0 64 ) (128 0 64 ) 
4 94 101 (0 0 64 ) (0 0 192 ) (0 128 192 ) (0 128 64 ) 
4 94 97 (128 0 64 ) (0 0 64 ) (0 128 64 ) (128 128 64 ) 
4 95 97 (1024 128 60 ) (1024 128 64 ) (896 128 64 ) (896 128 60 ) 
4 96 97 (512 128 60 ) (512 128 64 ) (384 128 64 ) (384 128 60 ) 
4 97 103 (1024 0 60 ) (1024 0 64 ) (0 0 64 ) (0 0 60 ) 
4 97 101 (0 0 60 ) (0 0 64 ) (0 128 64 ) (0 128 60 ) 
4 98 101 (0 128 64 ) (0 128 1024 ) (-1024 128 1024 ) (-1024 128 64 ) 
4 98 99 (0 128 64 ) (-128 128 64 ) (-128 512 64 ) (0 512 64 ) 
4 98 100 (-512 128 64 ) (-640 128 64 ) (-640 512 64 ) (-512 512 64 ) 
4 99 101 (0 128 60 ) (0 128 64 ) (-128 128 64 ) (-128 128 60 ) 
4 100 101 (-512 128 60 ) (-512 128 64 ) (-640 128 64 ) (-640 128 60 ) 
4 101 104 (0 0 60 ) (0 0 1024 ) (-1024 0 1024 ) (-1024 0 60 ) 
4 102 103 (1024 -256 1024 ) (1024 0 1024 ) (1024 0 0 ) (1024 -256 0 ) 
4 103 104 (0 0 1024 ) (0 0 0 ) (0 -256 0 ) (0 -256 1024 ) 
